#
# A fatal error has been detected by the Java Runtime Environment:
#
#  SIGSEGV (0xb) at pc=0x00007febb91f6139, pid=981562, tid=981587
#
# JRE version: OpenJDK Runtime Environment Temurin-17.0.1+12 (17.0.1+12) (build 17.0.1+12)
# Java VM: OpenJDK 64-Bit Server VM Temurin-17.0.1+12 (17.0.1+12, mixed mode, tiered, compressed oops, compressed class ptrs, g1 gc, linux-amd64)
# Problematic frame:
# V  [libjvm.so+0xe9c139]  Symbol::as_C_string() const+0x9
#
# Core dump will be written. Default location: Core dumps may be processed with "/lib/systemd/systemd-coredump %P %u %g %s %t 9223372036854775808 %h" (or dumping to /home/juanb/eclipse-workspace/ProjetoIA/core.981562)
#
# If you would like to submit a bug report, please visit:
#   https://github.com/adoptium/adoptium-support/issues
#

---------------  S U M M A R Y ------------

Command Line: -XX:+ShowCodeDetailsInExceptionMessages -agentlib:jdwp=transport=dt_socket,suspend=y,address=localhost:41393 -javaagent:/home/juanb/eclipse/configuration/org.eclipse.osgi/413/0/.cp/lib/javaagent-shaded.jar -Dfile.encoding=UTF-8 br.ufs.dcomp.AIproject.ScheduleCSPDemo

Host: Intel(R) Core(TM) i5-8250U CPU @ 1.60GHz, 8 cores, 15G, Linux Mint 20.3 Una
Time: Fri May 20 17:57:53 2022 -03 elapsed time: 82.676943 seconds (0d 0h 1m 22s)

---------------  T H R E A D  ---------------

Current thread (0x00007febb42fd350):  JavaThread "JDWP Transport Listener: dt_socket" daemon [_thread_in_vm, id=981587, stack(0x00007feb7e881000,0x00007feb7e982000)]

Stack: [0x00007feb7e881000,0x00007feb7e982000],  sp=0x00007feb7e980940,  free space=1022k
Native frames: (J=compiled Java code, j=interpreted, Vv=VM code, C=native code)
V  [libjvm.so+0xe9c139]  Symbol::as_C_string() const+0x9
V  [libjvm.so+0xa1c9a4]  JvmtiEnv::GetClassSignature(oopDesc*, char**, char**)+0x114
V  [libjvm.so+0x9d2189]  jvmti_GetClassSignature+0x1d9
C  [libjdwp.so+0x2c2df]  classSignature+0x3f
C  [libjdwp.so+0xc896]  allClasses1.isra.3.part.4+0x166
C  [libjdwp.so+0xd883]  allClassesWithGeneric+0x23
C  [libjdwp.so+0x12ec5]  debugLoop_run+0x1f5
C  [libjdwp.so+0x26123]  attachThread+0x33
V  [libjvm.so+0xa38ec5]  JvmtiAgentThread::start_function_wrapper(JavaThread*, JavaThread*)+0x85
V  [libjvm.so+0xefe6f0]  JavaThread::thread_main_inner()+0x180
V  [libjvm.so+0xf01b62]  Thread::call_run()+0xe2
V  [libjvm.so+0xc3ccd1]  thread_native_entry(Thread*)+0xe1


siginfo: si_signo: 11 (SIGSEGV), si_code: 1 (SEGV_MAPERR), si_addr: 0x00000000002b0007

Register to memory mapping:

RAX=0x000000000000002a is an unknown value
RBX=0x00007feb64065410 points into unknown readable memory: 0x0000000000000000 | 00 00 00 00 00 00 00 00
RCX=0x00007feb7d85cfa0 is pointing into metadata
RDX=0x000000000000003f is an unknown value
RSP=0x00007feb7e980940 is pointing into the stack for thread: 0x00007febb42fd350
RBP=0x00007feb7e980950 is pointing into the stack for thread: 0x00007febb42fd350
RSI=0x0 is NULL
RDI=0x00000000002b0003 is an unknown value
R8 =0x00007feb4c003670 points into unknown readable memory: 0x2f7366752f72624c | 4c 62 72 2f 75 66 73 2f
R9 =0x000000000000003f is an unknown value
R10=0x000000000000003d is an unknown value
R11=0x00007feb64065420 points into unknown readable memory: 0x642f7366752f7262 | 62 72 2f 75 66 73 2f 64
R12=0x0000000800107568 is a pointer to class: 
br.ufs.dcomp.AIproject.constraints.DependentMembersConstraint {0x0000000800107568}
 - instance size:     3
 - klass size:        72
 - access:            public synchronized 
 - state:             fully_initialized
 - name:              'br/ufs/dcomp/AIproject/constraints/DependentMembersConstraint'
 - super:             'java/lang/Object'
 - sub:               
 - arrays:            NULL
 - methods:           Array<T>(0x00007feb7d85c798)
 - method ordering:   Array<T>(0x00007feb7d85c9b0)
 - default_methods:   Array<T>(0x0000000000000000)
 - local interfaces:  Array<T>(0x00007feb7d84a8a8)
 - trans. interfaces: Array<T>(0x00007feb7d84a8a8)
 - constants:         constant pool [110] {0x00007feb7d85cfa0} for 'br/ufs/dcomp/AIproject/constraints/DependentMembersConstraint' cache=0x00007feb7d85d3b0
 - class loader data:  loader data: 0x00007febb42ae520 for instance a 'jdk/internal/loader/ClassLoaders$AppClassLoader'{0x0000000716e55af0}
 - source file:       'DependentMembersConstraint.java'
 - source debug extension:       SMAP
DependentMembersConstraint.java
Java
*S jdt
*F
1 DependentMembersConstraint.java
2 file:/home/juanb/eclipse-workspace/ProjetoIA/target/classes/
*L
*E

 - class annotations:       Array<T>(0x0000000000000000)
 - class type annotations:  Array<T>(0x0000000000000000)
 - field annotations:       Array<T>(0x0000000000000000)
 - field type annotations:  Array<T>(0x0000000000000000)
 - previous version:  constant pool [101] {0x00007feb7d84a4e8} for 'br/ufs/dcomp/AIproject/constraints/DependentMembersConstraint' (extra) cache=0x00007feb7d84ac58
 - generic signature: '
[error occurred during error reporting (printing register info), id 0xb, SIGSEGV (0xb) at pc=0x00007febb91f7888]

Registers:
RAX=0x000000000000002a, RBX=0x00007feb64065410, RCX=0x00007feb7d85cfa0, RDX=0x000000000000003f
RSP=0x00007feb7e980940, RBP=0x00007feb7e980950, RSI=0x0000000000000000, RDI=0x00000000002b0003
R8 =0x00007feb4c003670, R9 =0x000000000000003f, R10=0x000000000000003d, R11=0x00007feb64065420
R12=0x0000000800107568, R13=0x00007feb7e980ac8, R14=0x0000000800107568, R15=0x00007febb42fd190
RIP=0x00007febb91f6139, EFLAGS=0x0000000000010246, CSGSFS=0x002b000000000033, ERR=0x0000000000000004
  TRAPNO=0x000000000000000e

Top of Stack: (sp=0x00007feb7e980940)
0x00007feb7e980940:   00007feb64065410 0000000800107568
0x00007feb7e980950:   00007feb7e9809c0 00007febb8d769a4
0x00007feb7e980960:   00007feb64065460 00000000000003d8
0x00007feb7e980970:   00007febb4016420 00007feb640657f8 

Instructions: (pc=0x00007febb91f6139)
0x00007febb91f6039:   41 0f 11 04 09 48 83 c1 10 41 39 fb 77 e9 89 d9
0x00007febb91f6049:   83 e1 f0 01 ca 39 cb 48 63 d2 74 13 0f 1f 00 41
0x00007febb91f6059:   0f b6 0c 10 88 0c 10 48 83 c2 01 39 d6 7f f0 48
0x00007febb91f6069:   63 f6 5b c6 04 30 00 5d c3 66 0f 1f 44 00 00 ba
0x00007febb91f6079:   02 00 00 00 eb 91 90 ba 05 00 00 00 eb 89 ba 0d
0x00007febb91f6089:   00 00 00 eb 82 66 90 31 d2 48 63 d2 0f 1f 00 41
0x00007febb91f6099:   0f b6 0c 10 88 0c 10 48 83 c2 01 39 d6 7f f0 e9
0x00007febb91f60a9:   44 ff ff ff 0f 1f 00 ba 03 00 00 00 e9 56 ff ff
0x00007febb91f60b9:   ff 66 0f 1f 44 00 00 ba 04 00 00 00 e9 46 ff ff
0x00007febb91f60c9:   ff 66 0f 1f 44 00 00 ba 06 00 00 00 e9 36 ff ff
0x00007febb91f60d9:   ff 31 d2 e9 2f ff ff ff ba 07 00 00 00 e9 25 ff
0x00007febb91f60e9:   ff ff ba 08 00 00 00 e9 1b ff ff ff ba 09 00 00
0x00007febb91f60f9:   00 e9 11 ff ff ff ba 0a 00 00 00 e9 07 ff ff ff
0x00007febb91f6109:   ba 0b 00 00 00 e9 fd fe ff ff ba 0c 00 00 00 e9
0x00007febb91f6119:   f3 fe ff ff ba 0e 00 00 00 e9 e9 fe ff ff 90 0f
0x00007febb91f6129:   1f 84 00 00 00 00 00 55 31 f6 48 89 e5 41 54 53
0x00007febb91f6139:   44 0f b7 67 04 48 89 fb 41 8d 7c 24 01 48 63 ff
0x00007febb91f6149:   e8 a2 8d e4 ff 0f b7 73 04 44 39 e6 49 0f 4f f4
0x00007febb91f6159:   85 f6 0f 84 8f 01 00 00 48 8d 50 10 4c 8d 43 06
0x00007febb91f6169:   49 39 d0 48 8d 53 16 0f 93 c1 48 39 d0 0f 93 c2
0x00007febb91f6179:   08 d1 0f 84 8f 01 00 00 83 fe 14 0f 86 86 01 00
0x00007febb91f6189:   00 4c 89 c1 8d 7e ff 48 f7 d9 83 e1 0f 8d 51 0f
0x00007febb91f6199:   39 d7 0f 82 af 01 00 00 85 c9 0f 84 eb 01 00 00
0x00007febb91f61a9:   0f b6 53 06 83 f9 01 88 10 0f 84 48 01 00 00 0f
0x00007febb91f61b9:   b6 53 07 83 f9 02 88 50 01 0f 84 78 01 00 00 0f
0x00007febb91f61c9:   b6 53 08 83 f9 03 88 50 02 0f 84 80 01 00 00 0f
0x00007febb91f61d9:   b6 53 09 83 f9 04 88 50 03 0f 84 80 01 00 00 0f
0x00007febb91f61e9:   b6 53 0a 83 f9 05 88 50 04 0f 84 88 01 00 00 0f
0x00007febb91f61f9:   b6 53 0b 83 f9 06 88 50 05 0f 84 82 01 00 00 0f
0x00007febb91f6209:   b6 53 0c 83 f9 07 88 50 06 0f 84 5a 01 00 00 0f
0x00007febb91f6219:   b6 53 0d 83 f9 08 88 50 07 0f 84 73 01 00 00 0f
0x00007febb91f6229:   b6 53 0e 83 f9 09 88 50 08 0f 84 6d 01 00 00 0f 


Stack slot to memory mapping:
stack at sp + 0 slots: 0x00007feb64065410 points into unknown readable memory: 0x0000000000000000 | 00 00 00 00 00 00 00 00
stack at sp + 1 slots: 0x0000000800107568 is a pointer to class: 
br.ufs.dcomp.AIproject.constraints.DependentMembersConstraint {0x0000000800107568}
 - instance size:     3
 - klass size:        72
 - access:            public synchronized 
 - state:             fully_initialized
 - name:              'br/ufs/dcomp/AIproject/constraints/DependentMembersConstraint'
 - super:             'java/lang/Object'
 - sub:               
 - arrays:            NULL
 - methods:           Array<T>(0x00007feb7d85c798)
 - method ordering:   Array<T>(0x00007feb7d85c9b0)
 - default_methods:   Array<T>(0x0000000000000000)
 - local interfaces:  Array<T>(0x00007feb7d84a8a8)
 - trans. interfaces: Array<T>(0x00007feb7d84a8a8)
 - constants:         constant pool [110] {0x00007feb7d85cfa0} for 'br/ufs/dcomp/AIproject/constraints/DependentMembersConstraint' cache=0x00007feb7d85d3b0
 - class loader data:  loader data: 0x00007febb42ae520 for instance a 'jdk/internal/loader/ClassLoaders$AppClassLoader'{0x0000000716e55af0}
 - source file:       'DependentMembersConstraint.java'
 - source debug extension:       SMAP
DependentMembersConstraint.java
Java
*S jdt
*F
1 DependentMembersConstraint.java
2 file:/home/juanb/eclipse-workspace/ProjetoIA/target/classes/
*L
*E

 - class annotations:       Array<T>(0x0000000000000000)
 - class type annotations:  Array<T>(0x0000000000000000)
 - field annotations:       Array<T>(0x0000000000000000)
 - field type annotations:  Array<T>(0x0000000000000000)
 - previous version:  constant pool [101] {0x00007feb7d84a4e8} for 'br/ufs/dcomp/AIproject/constraints/DependentMembersConstraint' (extra) cache=0x00007feb7d84ac58
 - generic signature: '
[error occurred during error reporting (inspecting top of stack), id 0xb, SIGSEGV (0xb) at pc=0x00007febb91f7888]


---------------  P R O C E S S  ---------------

Threads class SMR info:
_java_thread_list=0x00007feb38002550, length=14, elements={
0x00007febb40262d0, 0x00007febb41d3250, 0x00007febb41d48a0, 0x00007febb41fa8e0,
0x00007febb41fbc90, 0x00007febb41fd0a0, 0x00007febb41fe720, 0x00007febb41ffc00,
0x00007febb4201070, 0x00007febb42a3010, 0x00007febb42fd350, 0x00007febb43109c0,
0x00007feb54000fb0, 0x00007febb4416310
}

Java Threads: ( => current thread )
  0x00007febb40262d0 JavaThread "main" [_thread_blocked, id=981567, stack(0x00007febb8100000,0x00007febb8201000)]
  0x00007febb41d3250 JavaThread "Reference Handler" daemon [_thread_blocked, id=981577, stack(0x00007feb941db000,0x00007feb942dc000)]
  0x00007febb41d48a0 JavaThread "Finalizer" daemon [_thread_blocked, id=981578, stack(0x00007feb940da000,0x00007feb941db000)]
  0x00007febb41fa8e0 JavaThread "Signal Dispatcher" daemon [_thread_blocked, id=981579, stack(0x00007feb7f18e000,0x00007feb7f28f000)]
  0x00007febb41fbc90 JavaThread "Service Thread" daemon [_thread_blocked, id=981580, stack(0x00007feb7f08d000,0x00007feb7f18e000)]
  0x00007febb41fd0a0 JavaThread "Monitor Deflation Thread" daemon [_thread_blocked, id=981581, stack(0x00007feb7ef8c000,0x00007feb7f08d000)]
  0x00007febb41fe720 JavaThread "C2 CompilerThread0" daemon [_thread_blocked, id=981582, stack(0x00007feb7ee8b000,0x00007feb7ef8c000)]
  0x00007febb41ffc00 JavaThread "C1 CompilerThread0" daemon [_thread_blocked, id=981583, stack(0x00007feb7ed8a000,0x00007feb7ee8b000)]
  0x00007febb4201070 JavaThread "Sweeper thread" daemon [_thread_blocked, id=981584, stack(0x00007feb7ec89000,0x00007feb7ed8a000)]
  0x00007febb42a3010 JavaThread "Common-Cleaner" daemon [_thread_blocked, id=981585, stack(0x00007feb7eb88000,0x00007feb7ec89000)]
=>0x00007febb42fd350 JavaThread "JDWP Transport Listener: dt_socket" daemon [_thread_in_vm, id=981587, stack(0x00007feb7e881000,0x00007feb7e982000)]
  0x00007febb43109c0 JavaThread "JDWP Event Helper Thread" daemon [_thread_blocked, id=981589, stack(0x00007feb7e780000,0x00007feb7e881000)]
  0x00007feb54000fb0 JavaThread "JDWP Command Reader" daemon [_thread_in_native, id=981590, stack(0x00007feb7e67f000,0x00007feb7e780000)]
  0x00007febb4416310 JavaThread "Notification Thread" daemon [_thread_blocked, id=981594, stack(0x00007feb7e155000,0x00007feb7e256000)]

Other Threads:
  0x00007febb41839b0 VMThread "VM Thread" [stack: 0x00007feb942de000,0x00007feb943de000] [id=981575]
  0x00007febb422ecf0 WatcherThread [stack: 0x00007feb7e055000,0x00007feb7e155000] [id=981595]
  0x00007febb4075400 GCTaskThread "GC Thread#0" [stack: 0x00007feb97316000,0x00007feb97416000] [id=981570]
  0x00007febb4086290 ConcurrentGCThread "G1 Main Marker" [stack: 0x00007feb97214000,0x00007feb97314000] [id=981571]
  0x00007febb40871f0 ConcurrentGCThread "G1 Conc#0" [stack: 0x00007feb97112000,0x00007feb97212000] [id=981572]
  0x00007febb413be20 ConcurrentGCThread "G1 Refine#0" [stack: 0x00007feb94808000,0x00007feb94908000] [id=981573]
  0x00007febb413cd10 ConcurrentGCThread "G1 Service" [stack: 0x00007feb94706000,0x00007feb94806000] [id=981574]

Threads with active compile tasks:

VM state: not at safepoint (normal execution)

VM Mutex/Monitor currently owned by a thread: None

Heap address: 0x0000000707600000, size: 3978 MB, Compressed Oops mode: Zero based, Oop shift amount: 3

CDS archive(s) not mapped
Compressed class space mapped at: 0x0000000800000000-0x0000000840000000, reserved size: 1073741824
Narrow klass base: 0x0000000800000000, Narrow klass shift: 0, Narrow klass range: 0x40000000

GC Precious Log:
 CPUs: 8 total, 8 available
 Memory: 15905M
 Large Page Support: Disabled
 NUMA Support: Disabled
 Compressed Oops: Enabled (Zero based)
 Heap Region Size: 2M
 Heap Min Capacity: 8M
 Heap Initial Capacity: 250M
 Heap Max Capacity: 3978M
 Pre-touch: Disabled
 Parallel Workers: 8
 Concurrent Workers: 2
 Concurrent Refinement Workers: 8
 Periodic GC: Disabled

Heap:
 garbage-first heap   total 256000K, used 6144K [0x0000000707600000, 0x0000000800000000)
  region size 2048K, 4 young (8192K), 0 survivors (0K)
 Metaspace       used 9647K, committed 9728K, reserved 1064960K
  class space    used 855K, committed 896K, reserved 1048576K

Heap Regions: E=young(eden), S=young(survivor), O=old, HS=humongous(starts), HC=humongous(continues), CS=collection set, F=free, OA=open archive, CA=closed archive, TAMS=top-at-mark-start (previous, next)
|   0|0x0000000707600000, 0x0000000707600000, 0x0000000707800000|  0%| F|  |TAMS 0x0000000707600000, 0x0000000707600000| Untracked 
|   1|0x0000000707800000, 0x0000000707800000, 0x0000000707a00000|  0%| F|  |TAMS 0x0000000707800000, 0x0000000707800000| Untracked 
|   2|0x0000000707a00000, 0x0000000707a00000, 0x0000000707c00000|  0%| F|  |TAMS 0x0000000707a00000, 0x0000000707a00000| Untracked 
|   3|0x0000000707c00000, 0x0000000707c00000, 0x0000000707e00000|  0%| F|  |TAMS 0x0000000707c00000, 0x0000000707c00000| Untracked 
|   4|0x0000000707e00000, 0x0000000707e00000, 0x0000000708000000|  0%| F|  |TAMS 0x0000000707e00000, 0x0000000707e00000| Untracked 
|   5|0x0000000708000000, 0x0000000708000000, 0x0000000708200000|  0%| F|  |TAMS 0x0000000708000000, 0x0000000708000000| Untracked 
|   6|0x0000000708200000, 0x0000000708200000, 0x0000000708400000|  0%| F|  |TAMS 0x0000000708200000, 0x0000000708200000| Untracked 
|   7|0x0000000708400000, 0x0000000708400000, 0x0000000708600000|  0%| F|  |TAMS 0x0000000708400000, 0x0000000708400000| Untracked 
|   8|0x0000000708600000, 0x0000000708600000, 0x0000000708800000|  0%| F|  |TAMS 0x0000000708600000, 0x0000000708600000| Untracked 
|   9|0x0000000708800000, 0x0000000708800000, 0x0000000708a00000|  0%| F|  |TAMS 0x0000000708800000, 0x0000000708800000| Untracked 
|  10|0x0000000708a00000, 0x0000000708a00000, 0x0000000708c00000|  0%| F|  |TAMS 0x0000000708a00000, 0x0000000708a00000| Untracked 
|  11|0x0000000708c00000, 0x0000000708c00000, 0x0000000708e00000|  0%| F|  |TAMS 0x0000000708c00000, 0x0000000708c00000| Untracked 
|  12|0x0000000708e00000, 0x0000000708e00000, 0x0000000709000000|  0%| F|  |TAMS 0x0000000708e00000, 0x0000000708e00000| Untracked 
|  13|0x0000000709000000, 0x0000000709000000, 0x0000000709200000|  0%| F|  |TAMS 0x0000000709000000, 0x0000000709000000| Untracked 
|  14|0x0000000709200000, 0x0000000709200000, 0x0000000709400000|  0%| F|  |TAMS 0x0000000709200000, 0x0000000709200000| Untracked 
|  15|0x0000000709400000, 0x0000000709400000, 0x0000000709600000|  0%| F|  |TAMS 0x0000000709400000, 0x0000000709400000| Untracked 
|  16|0x0000000709600000, 0x0000000709600000, 0x0000000709800000|  0%| F|  |TAMS 0x0000000709600000, 0x0000000709600000| Untracked 
|  17|0x0000000709800000, 0x0000000709800000, 0x0000000709a00000|  0%| F|  |TAMS 0x0000000709800000, 0x0000000709800000| Untracked 
|  18|0x0000000709a00000, 0x0000000709a00000, 0x0000000709c00000|  0%| F|  |TAMS 0x0000000709a00000, 0x0000000709a00000| Untracked 
|  19|0x0000000709c00000, 0x0000000709c00000, 0x0000000709e00000|  0%| F|  |TAMS 0x0000000709c00000, 0x0000000709c00000| Untracked 
|  20|0x0000000709e00000, 0x0000000709e00000, 0x000000070a000000|  0%| F|  |TAMS 0x0000000709e00000, 0x0000000709e00000| Untracked 
|  21|0x000000070a000000, 0x000000070a000000, 0x000000070a200000|  0%| F|  |TAMS 0x000000070a000000, 0x000000070a000000| Untracked 
|  22|0x000000070a200000, 0x000000070a200000, 0x000000070a400000|  0%| F|  |TAMS 0x000000070a200000, 0x000000070a200000| Untracked 
|  23|0x000000070a400000, 0x000000070a400000, 0x000000070a600000|  0%| F|  |TAMS 0x000000070a400000, 0x000000070a400000| Untracked 
|  24|0x000000070a600000, 0x000000070a600000, 0x000000070a800000|  0%| F|  |TAMS 0x000000070a600000, 0x000000070a600000| Untracked 
|  25|0x000000070a800000, 0x000000070a800000, 0x000000070aa00000|  0%| F|  |TAMS 0x000000070a800000, 0x000000070a800000| Untracked 
|  26|0x000000070aa00000, 0x000000070aa00000, 0x000000070ac00000|  0%| F|  |TAMS 0x000000070aa00000, 0x000000070aa00000| Untracked 
|  27|0x000000070ac00000, 0x000000070ac00000, 0x000000070ae00000|  0%| F|  |TAMS 0x000000070ac00000, 0x000000070ac00000| Untracked 
|  28|0x000000070ae00000, 0x000000070ae00000, 0x000000070b000000|  0%| F|  |TAMS 0x000000070ae00000, 0x000000070ae00000| Untracked 
|  29|0x000000070b000000, 0x000000070b000000, 0x000000070b200000|  0%| F|  |TAMS 0x000000070b000000, 0x000000070b000000| Untracked 
|  30|0x000000070b200000, 0x000000070b200000, 0x000000070b400000|  0%| F|  |TAMS 0x000000070b200000, 0x000000070b200000| Untracked 
|  31|0x000000070b400000, 0x000000070b400000, 0x000000070b600000|  0%| F|  |TAMS 0x000000070b400000, 0x000000070b400000| Untracked 
|  32|0x000000070b600000, 0x000000070b600000, 0x000000070b800000|  0%| F|  |TAMS 0x000000070b600000, 0x000000070b600000| Untracked 
|  33|0x000000070b800000, 0x000000070b800000, 0x000000070ba00000|  0%| F|  |TAMS 0x000000070b800000, 0x000000070b800000| Untracked 
|  34|0x000000070ba00000, 0x000000070ba00000, 0x000000070bc00000|  0%| F|  |TAMS 0x000000070ba00000, 0x000000070ba00000| Untracked 
|  35|0x000000070bc00000, 0x000000070bc00000, 0x000000070be00000|  0%| F|  |TAMS 0x000000070bc00000, 0x000000070bc00000| Untracked 
|  36|0x000000070be00000, 0x000000070be00000, 0x000000070c000000|  0%| F|  |TAMS 0x000000070be00000, 0x000000070be00000| Untracked 
|  37|0x000000070c000000, 0x000000070c000000, 0x000000070c200000|  0%| F|  |TAMS 0x000000070c000000, 0x000000070c000000| Untracked 
|  38|0x000000070c200000, 0x000000070c200000, 0x000000070c400000|  0%| F|  |TAMS 0x000000070c200000, 0x000000070c200000| Untracked 
|  39|0x000000070c400000, 0x000000070c400000, 0x000000070c600000|  0%| F|  |TAMS 0x000000070c400000, 0x000000070c400000| Untracked 
|  40|0x000000070c600000, 0x000000070c600000, 0x000000070c800000|  0%| F|  |TAMS 0x000000070c600000, 0x000000070c600000| Untracked 
|  41|0x000000070c800000, 0x000000070c800000, 0x000000070ca00000|  0%| F|  |TAMS 0x000000070c800000, 0x000000070c800000| Untracked 
|  42|0x000000070ca00000, 0x000000070ca00000, 0x000000070cc00000|  0%| F|  |TAMS 0x000000070ca00000, 0x000000070ca00000| Untracked 
|  43|0x000000070cc00000, 0x000000070cc00000, 0x000000070ce00000|  0%| F|  |TAMS 0x000000070cc00000, 0x000000070cc00000| Untracked 
|  44|0x000000070ce00000, 0x000000070ce00000, 0x000000070d000000|  0%| F|  |TAMS 0x000000070ce00000, 0x000000070ce00000| Untracked 
|  45|0x000000070d000000, 0x000000070d000000, 0x000000070d200000|  0%| F|  |TAMS 0x000000070d000000, 0x000000070d000000| Untracked 
|  46|0x000000070d200000, 0x000000070d200000, 0x000000070d400000|  0%| F|  |TAMS 0x000000070d200000, 0x000000070d200000| Untracked 
|  47|0x000000070d400000, 0x000000070d400000, 0x000000070d600000|  0%| F|  |TAMS 0x000000070d400000, 0x000000070d400000| Untracked 
|  48|0x000000070d600000, 0x000000070d600000, 0x000000070d800000|  0%| F|  |TAMS 0x000000070d600000, 0x000000070d600000| Untracked 
|  49|0x000000070d800000, 0x000000070d800000, 0x000000070da00000|  0%| F|  |TAMS 0x000000070d800000, 0x000000070d800000| Untracked 
|  50|0x000000070da00000, 0x000000070da00000, 0x000000070dc00000|  0%| F|  |TAMS 0x000000070da00000, 0x000000070da00000| Untracked 
|  51|0x000000070dc00000, 0x000000070dc00000, 0x000000070de00000|  0%| F|  |TAMS 0x000000070dc00000, 0x000000070dc00000| Untracked 
|  52|0x000000070de00000, 0x000000070de00000, 0x000000070e000000|  0%| F|  |TAMS 0x000000070de00000, 0x000000070de00000| Untracked 
|  53|0x000000070e000000, 0x000000070e000000, 0x000000070e200000|  0%| F|  |TAMS 0x000000070e000000, 0x000000070e000000| Untracked 
|  54|0x000000070e200000, 0x000000070e200000, 0x000000070e400000|  0%| F|  |TAMS 0x000000070e200000, 0x000000070e200000| Untracked 
|  55|0x000000070e400000, 0x000000070e400000, 0x000000070e600000|  0%| F|  |TAMS 0x000000070e400000, 0x000000070e400000| Untracked 
|  56|0x000000070e600000, 0x000000070e600000, 0x000000070e800000|  0%| F|  |TAMS 0x000000070e600000, 0x000000070e600000| Untracked 
|  57|0x000000070e800000, 0x000000070e800000, 0x000000070ea00000|  0%| F|  |TAMS 0x000000070e800000, 0x000000070e800000| Untracked 
|  58|0x000000070ea00000, 0x000000070ea00000, 0x000000070ec00000|  0%| F|  |TAMS 0x000000070ea00000, 0x000000070ea00000| Untracked 
|  59|0x000000070ec00000, 0x000000070ec00000, 0x000000070ee00000|  0%| F|  |TAMS 0x000000070ec00000, 0x000000070ec00000| Untracked 
|  60|0x000000070ee00000, 0x000000070ee00000, 0x000000070f000000|  0%| F|  |TAMS 0x000000070ee00000, 0x000000070ee00000| Untracked 
|  61|0x000000070f000000, 0x000000070f000000, 0x000000070f200000|  0%| F|  |TAMS 0x000000070f000000, 0x000000070f000000| Untracked 
|  62|0x000000070f200000, 0x000000070f200000, 0x000000070f400000|  0%| F|  |TAMS 0x000000070f200000, 0x000000070f200000| Untracked 
|  63|0x000000070f400000, 0x000000070f400000, 0x000000070f600000|  0%| F|  |TAMS 0x000000070f400000, 0x000000070f400000| Untracked 
|  64|0x000000070f600000, 0x000000070f600000, 0x000000070f800000|  0%| F|  |TAMS 0x000000070f600000, 0x000000070f600000| Untracked 
|  65|0x000000070f800000, 0x000000070f800000, 0x000000070fa00000|  0%| F|  |TAMS 0x000000070f800000, 0x000000070f800000| Untracked 
|  66|0x000000070fa00000, 0x000000070fa00000, 0x000000070fc00000|  0%| F|  |TAMS 0x000000070fa00000, 0x000000070fa00000| Untracked 
|  67|0x000000070fc00000, 0x000000070fc00000, 0x000000070fe00000|  0%| F|  |TAMS 0x000000070fc00000, 0x000000070fc00000| Untracked 
|  68|0x000000070fe00000, 0x000000070fe00000, 0x0000000710000000|  0%| F|  |TAMS 0x000000070fe00000, 0x000000070fe00000| Untracked 
|  69|0x0000000710000000, 0x0000000710000000, 0x0000000710200000|  0%| F|  |TAMS 0x0000000710000000, 0x0000000710000000| Untracked 
|  70|0x0000000710200000, 0x0000000710200000, 0x0000000710400000|  0%| F|  |TAMS 0x0000000710200000, 0x0000000710200000| Untracked 
|  71|0x0000000710400000, 0x0000000710400000, 0x0000000710600000|  0%| F|  |TAMS 0x0000000710400000, 0x0000000710400000| Untracked 
|  72|0x0000000710600000, 0x0000000710600000, 0x0000000710800000|  0%| F|  |TAMS 0x0000000710600000, 0x0000000710600000| Untracked 
|  73|0x0000000710800000, 0x0000000710800000, 0x0000000710a00000|  0%| F|  |TAMS 0x0000000710800000, 0x0000000710800000| Untracked 
|  74|0x0000000710a00000, 0x0000000710a00000, 0x0000000710c00000|  0%| F|  |TAMS 0x0000000710a00000, 0x0000000710a00000| Untracked 
|  75|0x0000000710c00000, 0x0000000710c00000, 0x0000000710e00000|  0%| F|  |TAMS 0x0000000710c00000, 0x0000000710c00000| Untracked 
|  76|0x0000000710e00000, 0x0000000710e00000, 0x0000000711000000|  0%| F|  |TAMS 0x0000000710e00000, 0x0000000710e00000| Untracked 
|  77|0x0000000711000000, 0x0000000711000000, 0x0000000711200000|  0%| F|  |TAMS 0x0000000711000000, 0x0000000711000000| Untracked 
|  78|0x0000000711200000, 0x0000000711200000, 0x0000000711400000|  0%| F|  |TAMS 0x0000000711200000, 0x0000000711200000| Untracked 
|  79|0x0000000711400000, 0x0000000711400000, 0x0000000711600000|  0%| F|  |TAMS 0x0000000711400000, 0x0000000711400000| Untracked 
|  80|0x0000000711600000, 0x0000000711600000, 0x0000000711800000|  0%| F|  |TAMS 0x0000000711600000, 0x0000000711600000| Untracked 
|  81|0x0000000711800000, 0x0000000711800000, 0x0000000711a00000|  0%| F|  |TAMS 0x0000000711800000, 0x0000000711800000| Untracked 
|  82|0x0000000711a00000, 0x0000000711a00000, 0x0000000711c00000|  0%| F|  |TAMS 0x0000000711a00000, 0x0000000711a00000| Untracked 
|  83|0x0000000711c00000, 0x0000000711c00000, 0x0000000711e00000|  0%| F|  |TAMS 0x0000000711c00000, 0x0000000711c00000| Untracked 
|  84|0x0000000711e00000, 0x0000000711e00000, 0x0000000712000000|  0%| F|  |TAMS 0x0000000711e00000, 0x0000000711e00000| Untracked 
|  85|0x0000000712000000, 0x0000000712000000, 0x0000000712200000|  0%| F|  |TAMS 0x0000000712000000, 0x0000000712000000| Untracked 
|  86|0x0000000712200000, 0x0000000712200000, 0x0000000712400000|  0%| F|  |TAMS 0x0000000712200000, 0x0000000712200000| Untracked 
|  87|0x0000000712400000, 0x0000000712400000, 0x0000000712600000|  0%| F|  |TAMS 0x0000000712400000, 0x0000000712400000| Untracked 
|  88|0x0000000712600000, 0x0000000712600000, 0x0000000712800000|  0%| F|  |TAMS 0x0000000712600000, 0x0000000712600000| Untracked 
|  89|0x0000000712800000, 0x0000000712800000, 0x0000000712a00000|  0%| F|  |TAMS 0x0000000712800000, 0x0000000712800000| Untracked 
|  90|0x0000000712a00000, 0x0000000712a00000, 0x0000000712c00000|  0%| F|  |TAMS 0x0000000712a00000, 0x0000000712a00000| Untracked 
|  91|0x0000000712c00000, 0x0000000712c00000, 0x0000000712e00000|  0%| F|  |TAMS 0x0000000712c00000, 0x0000000712c00000| Untracked 
|  92|0x0000000712e00000, 0x0000000712e00000, 0x0000000713000000|  0%| F|  |TAMS 0x0000000712e00000, 0x0000000712e00000| Untracked 
|  93|0x0000000713000000, 0x0000000713000000, 0x0000000713200000|  0%| F|  |TAMS 0x0000000713000000, 0x0000000713000000| Untracked 
|  94|0x0000000713200000, 0x0000000713200000, 0x0000000713400000|  0%| F|  |TAMS 0x0000000713200000, 0x0000000713200000| Untracked 
|  95|0x0000000713400000, 0x0000000713400000, 0x0000000713600000|  0%| F|  |TAMS 0x0000000713400000, 0x0000000713400000| Untracked 
|  96|0x0000000713600000, 0x0000000713600000, 0x0000000713800000|  0%| F|  |TAMS 0x0000000713600000, 0x0000000713600000| Untracked 
|  97|0x0000000713800000, 0x0000000713800000, 0x0000000713a00000|  0%| F|  |TAMS 0x0000000713800000, 0x0000000713800000| Untracked 
|  98|0x0000000713a00000, 0x0000000713a00000, 0x0000000713c00000|  0%| F|  |TAMS 0x0000000713a00000, 0x0000000713a00000| Untracked 
|  99|0x0000000713c00000, 0x0000000713c00000, 0x0000000713e00000|  0%| F|  |TAMS 0x0000000713c00000, 0x0000000713c00000| Untracked 
| 100|0x0000000713e00000, 0x0000000713e00000, 0x0000000714000000|  0%| F|  |TAMS 0x0000000713e00000, 0x0000000713e00000| Untracked 
| 101|0x0000000714000000, 0x0000000714000000, 0x0000000714200000|  0%| F|  |TAMS 0x0000000714000000, 0x0000000714000000| Untracked 
| 102|0x0000000714200000, 0x0000000714200000, 0x0000000714400000|  0%| F|  |TAMS 0x0000000714200000, 0x0000000714200000| Untracked 
| 103|0x0000000714400000, 0x0000000714400000, 0x0000000714600000|  0%| F|  |TAMS 0x0000000714400000, 0x0000000714400000| Untracked 
| 104|0x0000000714600000, 0x0000000714600000, 0x0000000714800000|  0%| F|  |TAMS 0x0000000714600000, 0x0000000714600000| Untracked 
| 105|0x0000000714800000, 0x0000000714800000, 0x0000000714a00000|  0%| F|  |TAMS 0x0000000714800000, 0x0000000714800000| Untracked 
| 106|0x0000000714a00000, 0x0000000714a00000, 0x0000000714c00000|  0%| F|  |TAMS 0x0000000714a00000, 0x0000000714a00000| Untracked 
| 107|0x0000000714c00000, 0x0000000714c00000, 0x0000000714e00000|  0%| F|  |TAMS 0x0000000714c00000, 0x0000000714c00000| Untracked 
| 108|0x0000000714e00000, 0x0000000714e00000, 0x0000000715000000|  0%| F|  |TAMS 0x0000000714e00000, 0x0000000714e00000| Untracked 
| 109|0x0000000715000000, 0x0000000715000000, 0x0000000715200000|  0%| F|  |TAMS 0x0000000715000000, 0x0000000715000000| Untracked 
| 110|0x0000000715200000, 0x0000000715200000, 0x0000000715400000|  0%| F|  |TAMS 0x0000000715200000, 0x0000000715200000| Untracked 
| 111|0x0000000715400000, 0x0000000715400000, 0x0000000715600000|  0%| F|  |TAMS 0x0000000715400000, 0x0000000715400000| Untracked 
| 112|0x0000000715600000, 0x0000000715600000, 0x0000000715800000|  0%| F|  |TAMS 0x0000000715600000, 0x0000000715600000| Untracked 
| 113|0x0000000715800000, 0x0000000715800000, 0x0000000715a00000|  0%| F|  |TAMS 0x0000000715800000, 0x0000000715800000| Untracked 
| 114|0x0000000715a00000, 0x0000000715a00000, 0x0000000715c00000|  0%| F|  |TAMS 0x0000000715a00000, 0x0000000715a00000| Untracked 
| 115|0x0000000715c00000, 0x0000000715c00000, 0x0000000715e00000|  0%| F|  |TAMS 0x0000000715c00000, 0x0000000715c00000| Untracked 
| 116|0x0000000715e00000, 0x0000000715e00000, 0x0000000716000000|  0%| F|  |TAMS 0x0000000715e00000, 0x0000000715e00000| Untracked 
| 117|0x0000000716000000, 0x0000000716000000, 0x0000000716200000|  0%| F|  |TAMS 0x0000000716000000, 0x0000000716000000| Untracked 
| 118|0x0000000716200000, 0x0000000716200000, 0x0000000716400000|  0%| F|  |TAMS 0x0000000716200000, 0x0000000716200000| Untracked 
| 119|0x0000000716400000, 0x0000000716400000, 0x0000000716600000|  0%| F|  |TAMS 0x0000000716400000, 0x0000000716400000| Untracked 
| 120|0x0000000716600000, 0x0000000716600000, 0x0000000716800000|  0%| F|  |TAMS 0x0000000716600000, 0x0000000716600000| Untracked 
| 121|0x0000000716800000, 0x00000007168e5a88, 0x0000000716a00000| 44%| E|  |TAMS 0x0000000716800000, 0x0000000716800000| Complete 
| 122|0x0000000716a00000, 0x0000000716c00000, 0x0000000716c00000|100%| E|CS|TAMS 0x0000000716a00000, 0x0000000716a00000| Complete 
| 123|0x0000000716c00000, 0x0000000716e00000, 0x0000000716e00000|100%| E|CS|TAMS 0x0000000716c00000, 0x0000000716c00000| Complete 
| 124|0x0000000716e00000, 0x0000000717000000, 0x0000000717000000|100%| E|CS|TAMS 0x0000000716e00000, 0x0000000716e00000| Complete 

Card table byte_map: [0x00007feb9f8ac000,0x00007feba0071000] _byte_map_base: 0x00007feb9c071000

Marking Bits (Prev, Next): (CMBitMap*) 0x00007febb4075e80, (CMBitMap*) 0x00007febb4075ec0
 Prev Bits: [0x00007feb9b2bf000, 0x00007feb9f0e7000)
 Next Bits: [0x00007feb97497000, 0x00007feb9b2bf000)

Polling page: 0x00007febb9de6000

Metaspace:

Usage:
  Non-class:      8,59 MB used.
      Class:    855,45 KB used.
       Both:      9,42 MB used.

Virtual space:
  Non-class space:       16,00 MB reserved,       8,62 MB ( 54%) committed,  2 nodes.
      Class space:        1,00 GB reserved,     896,00 KB ( <1%) committed,  1 nodes.
             Both:        1,02 GB reserved,       9,50 MB ( <1%) committed. 

Chunk freelists:
   Non-Class:  2,63 MB
       Class:  2,95 MB
        Both:  5,58 MB

MaxMetaspaceSize: unlimited
CompressedClassSpaceSize: 1,00 GB
Initial GC threshold: 21,00 MB
Current GC threshold: 21,00 MB
CDS: off
MetaspaceReclaimPolicy: balanced
 - commit_granule_bytes: 65536.
 - commit_granule_words: 8192.
 - virtual_space_node_default_size: 1048576.
 - enlarge_chunks_in_place: 1.
 - new_chunks_are_fully_committed: 0.
 - uncommit_free_chunks: 1.
 - use_allocation_guard: 0.
 - handle_deallocations: 1.


Internal statistics:

num_allocs_failed_limit: 0.
num_arena_births: 18.
num_arena_deaths: 0.
num_vsnodes_births: 3.
num_vsnodes_deaths: 0.
num_space_committed: 152.
num_space_uncommitted: 0.
num_chunks_returned_to_freelist: 0.
num_chunks_taken_from_freelist: 62.
num_chunk_merges: 0.
num_chunk_splits: 31.
num_chunks_enlarged: 23.
num_purges: 0.
num_inconsistent_stats: 0.

CodeHeap 'non-profiled nmethods': size=120028Kb used=166Kb max_used=166Kb free=119861Kb
 bounds [0x00007feba8bf2000, 0x00007feba8e62000, 0x00007febb0129000]
CodeHeap 'profiled nmethods': size=120028Kb used=709Kb max_used=709Kb free=119318Kb
 bounds [0x00007feba16bb000, 0x00007feba192b000, 0x00007feba8bf2000]
CodeHeap 'non-nmethods': size=5704Kb used=1180Kb max_used=1211Kb free=4523Kb
 bounds [0x00007feba1129000, 0x00007feba1399000, 0x00007feba16bb000]
 total_blobs=909 nmethods=498 adapters=325
 compilation: enabled
              stopped_count=0, restarted_count=0
 full_count=0

Compilation events (20 events):
Event: 0,422 Thread 0x00007febb41ffc00 nmethod 491 0x00007feba176a310 code [0x00007feba176a4a0, 0x00007feba176a5b0]
Event: 0,422 Thread 0x00007febb41ffc00  492       3       jdk.internal.org.objectweb.asm.SymbolTable::addConstantClass (8 bytes)
Event: 0,422 Thread 0x00007feb5823feb0  460       4       java.lang.StringLatin1::lastIndexOf (40 bytes)
Event: 0,422 Thread 0x00007febb41ffc00 nmethod 492 0x00007feba176a610 code [0x00007feba176a7c0, 0x00007feba176a900]
Event: 0,422 Thread 0x00007febb41ffc00  493       3       java.lang.invoke.MethodTypeForm::canonicalize (59 bytes)
Event: 0,423 Thread 0x00007febb41ffc00 nmethod 493 0x00007feba176a990 code [0x00007feba176ab60, 0x00007feba176ae80]
Event: 0,423 Thread 0x00007febb41ffc00  494       3       java.util.Arrays::equals (57 bytes)
Event: 0,423 Thread 0x00007febb41ffc00 nmethod 494 0x00007feba176b010 code [0x00007feba176b200, 0x00007feba176b7e0]
Event: 0,424 Thread 0x00007febb41ffc00  497       3       java.lang.Integer::getChars (131 bytes)
Event: 0,424 Thread 0x00007febb41ffc00 nmethod 497 0x00007feba176b990 code [0x00007feba176bb60, 0x00007feba176bf90]
Event: 0,424 Thread 0x00007febb41ffc00  498       3       jdk.internal.org.objectweb.asm.ByteVector::putInt (74 bytes)
Event: 0,424 Thread 0x00007feb5823feb0 nmethod 460 0x00007feba8c19a10 code [0x00007feba8c19ba0, 0x00007feba8c19db8]
Event: 0,424 Thread 0x00007feb5823feb0  406       4       org.eclipse.jdt.launching.internal.org.objectweb.asm.ClassReader::readUnsignedShort (26 bytes)
Event: 0,424 Thread 0x00007febb41ffc00 nmethod 498 0x00007feba176c210 code [0x00007feba176c3c0, 0x00007feba176c620]
Event: 0,425 Thread 0x00007feb5823feb0 nmethod 406 0x00007feba8c19f10 code [0x00007feba8c1a0a0, 0x00007feba8c1a198]
Event: 0,425 Thread 0x00007feb5823feb0  454       4       org.eclipse.jdt.launching.internal.org.objectweb.asm.ClassReader::getItem (7 bytes)
Event: 0,426 Thread 0x00007feb5823feb0 nmethod 454 0x00007feba8c1a290 code [0x00007feba8c1a420, 0x00007feba8c1a4d8]
Event: 0,426 Thread 0x00007feb5823feb0  496       4       jdk.internal.org.objectweb.asm.SymbolTable::get (13 bytes)
Event: 0,426 Thread 0x00007feb5823feb0 nmethod 496 0x00007feba8c1a590 code [0x00007feba8c1a720, 0x00007feba8c1a838]
Event: 0,427 Thread 0x00007febb41fe720 nmethod 475 0x00007feba8c1a910 code [0x00007feba8c1aac0, 0x00007feba8c1b468]

GC Heap History (0 events):
No events

Deoptimization events (20 events):
Event: 0,385 Thread 0x00007febb40262d0 DEOPT PACKING pc=0x00007feba173247c sp=0x00007febb81fc2b0
Event: 0,385 Thread 0x00007febb40262d0 DEOPT UNPACKING pc=0x00007feba117b82f sp=0x00007febb81fb738 mode 0
Event: 0,385 Thread 0x00007febb40262d0 DEOPT PACKING pc=0x00007feba173247c sp=0x00007febb81fc2b0
Event: 0,385 Thread 0x00007febb40262d0 DEOPT UNPACKING pc=0x00007feba117b82f sp=0x00007febb81fb738 mode 0
Event: 0,386 Thread 0x00007febb40262d0 DEOPT PACKING pc=0x00007feba17323a4 sp=0x00007febb81fc6e0
Event: 0,386 Thread 0x00007febb40262d0 DEOPT UNPACKING pc=0x00007feba117b82f sp=0x00007febb81fbb68 mode 0
Event: 0,387 Thread 0x00007febb40262d0 DEOPT PACKING pc=0x00007feba17323a4 sp=0x00007febb81fc5a0
Event: 0,387 Thread 0x00007febb40262d0 DEOPT UNPACKING pc=0x00007feba117b82f sp=0x00007febb81fba28 mode 0
Event: 0,390 Thread 0x00007febb40262d0 DEOPT PACKING pc=0x00007feba17323a4 sp=0x00007febb81fb000
Event: 0,390 Thread 0x00007febb40262d0 DEOPT UNPACKING pc=0x00007feba117b82f sp=0x00007febb81fa488 mode 0
Event: 0,390 Thread 0x00007febb40262d0 DEOPT PACKING pc=0x00007feba17323a4 sp=0x00007febb81fb000
Event: 0,390 Thread 0x00007febb40262d0 DEOPT UNPACKING pc=0x00007feba117b82f sp=0x00007febb81fa488 mode 0
Event: 0,390 Thread 0x00007febb40262d0 DEOPT PACKING pc=0x00007feba173247c sp=0x00007febb81fb000
Event: 0,390 Thread 0x00007febb40262d0 DEOPT UNPACKING pc=0x00007feba117b82f sp=0x00007febb81fa488 mode 0
Event: 0,390 Thread 0x00007febb40262d0 DEOPT PACKING pc=0x00007feba173247c sp=0x00007febb81fb000
Event: 0,390 Thread 0x00007febb40262d0 DEOPT UNPACKING pc=0x00007feba117b82f sp=0x00007febb81fa488 mode 0
Event: 0,413 Thread 0x00007febb40262d0 DEOPT PACKING pc=0x00007feba173247c sp=0x00007febb81fc460
Event: 0,413 Thread 0x00007febb40262d0 DEOPT UNPACKING pc=0x00007feba117b82f sp=0x00007febb81fb8e8 mode 0
Event: 0,413 Thread 0x00007febb40262d0 DEOPT PACKING pc=0x00007feba173247c sp=0x00007febb81fc460
Event: 0,413 Thread 0x00007febb40262d0 DEOPT UNPACKING pc=0x00007feba117b82f sp=0x00007febb81fb8e8 mode 0

Classes unloaded (0 events):
No events

Classes redefined (1 events):
Event: 82,666 Thread 0x00007febb41839b0 redefined class name=br.ufs.dcomp.AIproject.constraints.DependentMembersConstraint, count=1

Internal exceptions (5 events):
Event: 0,420 Thread 0x00007febb40262d0 Exception <a 'java/lang/NoSuchMethodError'{0x00000007168a5fc0}: 'void java.lang.invoke.DirectMethodHandle$Holder.invokeStatic(java.lang.Object, java.lang.Object)'> (0x00000007168a5fc0) 
thrown [src/hotspot/share/interpreter/linkResolver.cpp, line 766]
Event: 0,420 Thread 0x00007febb40262d0 Exception <a 'java/lang/NoSuchMethodError'{0x00000007168a95e8}: 'void java.lang.invoke.DirectMethodHandle$Holder.invokeStaticInit(java.lang.Object, java.lang.Object)'> (0x00000007168a95e8) 
thrown [src/hotspot/share/interpreter/linkResolver.cpp, line 766]
Event: 0,421 Thread 0x00007febb40262d0 Exception <a 'java/lang/NoSuchMethodError'{0x00000007168aeee8}: 'int java.lang.invoke.DirectMethodHandle$Holder.invokeStatic(java.lang.Object)'> (0x00000007168aeee8) 
thrown [src/hotspot/share/interpreter/linkResolver.cpp, line 766]
Event: 0,421 Thread 0x00007febb40262d0 Exception <a 'java/lang/NoSuchMethodError'{0x00000007168b2398}: 'int java.lang.invoke.DirectMethodHandle$Holder.invokeStaticInit(java.lang.Object)'> (0x00000007168b2398) 
thrown [src/hotspot/share/interpreter/linkResolver.cpp, line 766]
Event: 0,422 Thread 0x00007febb40262d0 Exception <a 'java/lang/NoSuchMethodError'{0x00000007168b8e68}: 'int java.lang.invoke.DirectMethodHandle$Holder.invokeSpecial(java.lang.Object, java.lang.Object, java.lang.Object)'> (0x00000007168b8e68) 
thrown [src/hotspot/share/interpreter/linkResolver.cpp, line 766]

VM Operations (20 events):
Event: 60,678 Executing VM operation: get/set locals
Event: 60,678 Executing VM operation: get/set locals done
Event: 60,678 Executing VM operation: get/set locals
Event: 60,678 Executing VM operation: get/set locals done
Event: 60,683 Executing VM operation: get/set locals
Event: 60,683 Executing VM operation: get/set locals done
Event: 60,687 Executing VM operation: get/set locals
Event: 60,687 Executing VM operation: get/set locals done
Event: 61,021 Executing VM operation: get/set locals
Event: 61,021 Executing VM operation: get/set locals done
Event: 61,023 Executing VM operation: get/set locals
Event: 61,023 Executing VM operation: get/set locals done
Event: 61,024 Executing VM operation: get/set locals
Event: 61,024 Executing VM operation: get/set locals done
Event: 61,032 Executing VM operation: get/set locals
Event: 61,032 Executing VM operation: get/set locals done
Event: 61,040 Executing VM operation: get/set locals
Event: 61,040 Executing VM operation: get/set locals done
Event: 82,665 Executing VM operation: RedefineClasses
Event: 82,667 Executing VM operation: RedefineClasses done

Events (20 events):
Event: 0,416 loading class java/util/random/RandomGenerator
Event: 0,416 loading class java/util/random/RandomGenerator done
Event: 0,417 loading class java/util/Random done
Event: 0,419 loading class java/lang/NoSuchMethodError
Event: 0,419 loading class java/lang/IncompatibleClassChangeError
Event: 0,420 loading class java/lang/IncompatibleClassChangeError done
Event: 0,420 loading class java/lang/NoSuchMethodError done
Event: 0,422 loading class java/util/ArrayList$ArrayListSpliterator
Event: 0,422 loading class java/util/ArrayList$ArrayListSpliterator done
Event: 0,423 loading class java/util/stream/MatchOps$MatchKind
Event: 0,423 loading class java/util/stream/MatchOps$MatchKind done
Event: 0,423 loading class java/util/stream/MatchOps
Event: 0,423 loading class java/util/stream/MatchOps done
Event: 0,424 loading class java/util/stream/MatchOps$MatchOp
Event: 0,424 loading class java/util/stream/MatchOps$MatchOp done
Event: 0,424 loading class java/util/stream/MatchOps$BooleanTerminalSink
Event: 0,424 loading class java/util/stream/MatchOps$BooleanTerminalSink done
Event: 0,424 loading class java/util/stream/MatchOps$1MatchSink
Event: 0,424 loading class java/util/stream/MatchOps$1MatchSink done
Event: 5,427 Thread 0x00007feb5823feb0 Thread exited: 0x00007feb5823feb0


Dynamic libraries:
707600000-717000000 rw-p 00000000 00:00 0 
717000000-800000000 ---p 00000000 00:00 0 
800000000-800020000 rw-p 00000000 00:00 0 
800020000-800040000 rw-p 00000000 00:00 0 
800040000-8000d0000 rw-p 00000000 00:00 0 
8000d0000-800100000 ---p 00000000 00:00 0 
800100000-800110000 rw-p 00000000 00:00 0 
800110000-840000000 ---p 00000000 00:00 0 
5632dcbe5000-5632dcbe6000 r-xp 00000000 103:04 808978                    /home/juanb/eclipse/plugins/org.eclipse.justj.openjdk.hotspot.jre.full.linux.x86_64_17.0.1.v20211116-1657/jre/bin/java
5632dcde6000-5632dcde7000 r--p 00001000 103:04 808978                    /home/juanb/eclipse/plugins/org.eclipse.justj.openjdk.hotspot.jre.full.linux.x86_64_17.0.1.v20211116-1657/jre/bin/java
5632dcde7000-5632dcde8000 rw-p 00002000 103:04 808978                    /home/juanb/eclipse/plugins/org.eclipse.justj.openjdk.hotspot.jre.full.linux.x86_64_17.0.1.v20211116-1657/jre/bin/java
5632de6b5000-5632de6d6000 rw-p 00000000 00:00 0                          [heap]
7feb38000000-7feb38028000 rw-p 00000000 00:00 0 
7feb38028000-7feb3c000000 ---p 00000000 00:00 0 
7feb40000000-7feb40021000 rw-p 00000000 00:00 0 
7feb40021000-7feb44000000 ---p 00000000 00:00 0 
7feb44000000-7feb44021000 rw-p 00000000 00:00 0 
7feb44021000-7feb48000000 ---p 00000000 00:00 0 
7feb48000000-7feb48021000 rw-p 00000000 00:00 0 
7feb48021000-7feb4c000000 ---p 00000000 00:00 0 
7feb4c000000-7feb4c021000 rw-p 00000000 00:00 0 
7feb4c021000-7feb50000000 ---p 00000000 00:00 0 
7feb50000000-7feb50021000 rw-p 00000000 00:00 0 
7feb50021000-7feb54000000 ---p 00000000 00:00 0 
7feb54000000-7feb54033000 rw-p 00000000 00:00 0 
7feb54033000-7feb58000000 ---p 00000000 00:00 0 
7feb58000000-7feb5826c000 rw-p 00000000 00:00 0 
7feb5826c000-7feb5c000000 ---p 00000000 00:00 0 
7feb5c000000-7feb5c021000 rw-p 00000000 00:00 0 
7feb5c021000-7feb60000000 ---p 00000000 00:00 0 
7feb60000000-7feb60021000 rw-p 00000000 00:00 0 
7feb60021000-7feb64000000 ---p 00000000 00:00 0 
7feb64000000-7feb6436a000 rw-p 00000000 00:00 0 
7feb6436a000-7feb68000000 ---p 00000000 00:00 0 
7feb68000000-7feb68021000 rw-p 00000000 00:00 0 
7feb68021000-7feb6c000000 ---p 00000000 00:00 0 
7feb6c000000-7feb6c021000 rw-p 00000000 00:00 0 
7feb6c021000-7feb70000000 ---p 00000000 00:00 0 
7feb70000000-7feb70021000 rw-p 00000000 00:00 0 
7feb70021000-7feb74000000 ---p 00000000 00:00 0 
7feb74000000-7feb74021000 rw-p 00000000 00:00 0 
7feb74021000-7feb78000000 ---p 00000000 00:00 0 
7feb78000000-7feb78021000 rw-p 00000000 00:00 0 
7feb78021000-7feb7c000000 ---p 00000000 00:00 0 
7feb7d106000-7feb7d4f0000 rw-p 00000000 00:00 0 
7feb7d4f0000-7feb7d4f4000 ---p 00000000 00:00 0 
7feb7d4f4000-7feb7d5f1000 rw-p 00000000 00:00 0 
7feb7d5f1000-7feb7d5fe000 r-xp 00000000 103:04 1371440                   /home/juanb/eclipse/plugins/org.eclipse.justj.openjdk.hotspot.jre.full.linux.x86_64_17.0.1.v20211116-1657/jre/lib/libverify.so
7feb7d5fe000-7feb7d7fd000 ---p 0000d000 103:04 1371440                   /home/juanb/eclipse/plugins/org.eclipse.justj.openjdk.hotspot.jre.full.linux.x86_64_17.0.1.v20211116-1657/jre/lib/libverify.so
7feb7d7fd000-7feb7d7ff000 r--p 0000c000 103:04 1371440                   /home/juanb/eclipse/plugins/org.eclipse.justj.openjdk.hotspot.jre.full.linux.x86_64_17.0.1.v20211116-1657/jre/lib/libverify.so
7feb7d7ff000-7feb7d800000 rw-p 0000e000 103:04 1371440                   /home/juanb/eclipse/plugins/org.eclipse.justj.openjdk.hotspot.jre.full.linux.x86_64_17.0.1.v20211116-1657/jre/lib/libverify.so
7feb7d800000-7feb7d860000 rw-p 00000000 00:00 0 
7feb7d860000-7feb7d900000 ---p 00000000 00:00 0 
7feb7d900000-7feb7d940000 rw-p 00000000 00:00 0 
7feb7d940000-7feb7e000000 ---p 00000000 00:00 0 
7feb7e053000-7feb7e054000 ---p 00000000 00:00 0 
7feb7e054000-7feb7e155000 rw-p 00000000 00:00 0 
7feb7e155000-7feb7e159000 ---p 00000000 00:00 0 
7feb7e159000-7feb7e256000 rw-p 00000000 00:00 0 
7feb7e256000-7feb7e26b000 r-xp 00000000 103:04 1371447                   /home/juanb/eclipse/plugins/org.eclipse.justj.openjdk.hotspot.jre.full.linux.x86_64_17.0.1.v20211116-1657/jre/lib/libnet.so
7feb7e26b000-7feb7e46a000 ---p 00015000 103:04 1371447                   /home/juanb/eclipse/plugins/org.eclipse.justj.openjdk.hotspot.jre.full.linux.x86_64_17.0.1.v20211116-1657/jre/lib/libnet.so
7feb7e46a000-7feb7e46b000 r--p 00014000 103:04 1371447                   /home/juanb/eclipse/plugins/org.eclipse.justj.openjdk.hotspot.jre.full.linux.x86_64_17.0.1.v20211116-1657/jre/lib/libnet.so
7feb7e46b000-7feb7e46c000 rw-p 00015000 103:04 1371447                   /home/juanb/eclipse/plugins/org.eclipse.justj.openjdk.hotspot.jre.full.linux.x86_64_17.0.1.v20211116-1657/jre/lib/libnet.so
7feb7e46c000-7feb7e47e000 r-xp 00000000 103:04 1371441                   /home/juanb/eclipse/plugins/org.eclipse.justj.openjdk.hotspot.jre.full.linux.x86_64_17.0.1.v20211116-1657/jre/lib/libnio.so
7feb7e47e000-7feb7e67d000 ---p 00012000 103:04 1371441                   /home/juanb/eclipse/plugins/org.eclipse.justj.openjdk.hotspot.jre.full.linux.x86_64_17.0.1.v20211116-1657/jre/lib/libnio.so
7feb7e67d000-7feb7e67e000 r--p 00011000 103:04 1371441                   /home/juanb/eclipse/plugins/org.eclipse.justj.openjdk.hotspot.jre.full.linux.x86_64_17.0.1.v20211116-1657/jre/lib/libnio.so
7feb7e67e000-7feb7e67f000 rw-p 00012000 103:04 1371441                   /home/juanb/eclipse/plugins/org.eclipse.justj.openjdk.hotspot.jre.full.linux.x86_64_17.0.1.v20211116-1657/jre/lib/libnio.so
7feb7e67f000-7feb7e683000 ---p 00000000 00:00 0 
7feb7e683000-7feb7e780000 rw-p 00000000 00:00 0 
7feb7e780000-7feb7e784000 ---p 00000000 00:00 0 
7feb7e784000-7feb7e881000 rw-p 00000000 00:00 0 
7feb7e881000-7feb7e885000 ---p 00000000 00:00 0 
7feb7e885000-7feb7e982000 rw-p 00000000 00:00 0 
7feb7e982000-7feb7e987000 r-xp 00000000 103:04 1371471                   /home/juanb/eclipse/plugins/org.eclipse.justj.openjdk.hotspot.jre.full.linux.x86_64_17.0.1.v20211116-1657/jre/lib/libdt_socket.so
7feb7e987000-7feb7eb86000 ---p 00005000 103:04 1371471                   /home/juanb/eclipse/plugins/org.eclipse.justj.openjdk.hotspot.jre.full.linux.x86_64_17.0.1.v20211116-1657/jre/lib/libdt_socket.so
7feb7eb86000-7feb7eb87000 r--p 00004000 103:04 1371471                   /home/juanb/eclipse/plugins/org.eclipse.justj.openjdk.hotspot.jre.full.linux.x86_64_17.0.1.v20211116-1657/jre/lib/libdt_socket.so
7feb7eb87000-7feb7eb88000 rw-p 00005000 103:04 1371471                   /home/juanb/eclipse/plugins/org.eclipse.justj.openjdk.hotspot.jre.full.linux.x86_64_17.0.1.v20211116-1657/jre/lib/libdt_socket.so
7feb7eb88000-7feb7eb8c000 ---p 00000000 00:00 0 
7feb7eb8c000-7feb7ec89000 rw-p 00000000 00:00 0 
7feb7ec89000-7feb7ec8d000 ---p 00000000 00:00 0 
7feb7ec8d000-7feb7ed8a000 rw-p 00000000 00:00 0 
7feb7ed8a000-7feb7ed8e000 ---p 00000000 00:00 0 
7feb7ed8e000-7feb7ee8b000 rw-p 00000000 00:00 0 
7feb7ee8b000-7feb7ee8f000 ---p 00000000 00:00 0 
7feb7ee8f000-7feb7ef8c000 rw-p 00000000 00:00 0 
7feb7ef8c000-7feb7ef90000 ---p 00000000 00:00 0 
7feb7ef90000-7feb7f08d000 rw-p 00000000 00:00 0 
7feb7f08d000-7feb7f091000 ---p 00000000 00:00 0 
7feb7f091000-7feb7f18e000 rw-p 00000000 00:00 0 
7feb7f18e000-7feb7f192000 ---p 00000000 00:00 0 
7feb7f192000-7feb7f28f000 rw-p 00000000 00:00 0 
7feb7f28f000-7feb7f800000 r--p 00000000 103:04 1835010                   /usr/lib/locale/locale-archive
7feb7f800000-7feb7fd00000 rw-p 00000000 00:00 0 
7feb7fd00000-7feb7fd20000 rw-p 00000000 00:00 0 
7feb7fd20000-7feb7fd40000 rw-p 00000000 00:00 0 
7feb7fd40000-7feb7fd80000 rw-p 00000000 00:00 0 
7feb7fd80000-7feb80000000 rw-p 00000000 00:00 0 
7feb80000000-7feb80021000 rw-p 00000000 00:00 0 
7feb80021000-7feb84000000 ---p 00000000 00:00 0 
7feb84000000-7feb84021000 rw-p 00000000 00:00 0 
7feb84021000-7feb88000000 ---p 00000000 00:00 0 
7feb88000000-7feb88021000 rw-p 00000000 00:00 0 
7feb88021000-7feb8c000000 ---p 00000000 00:00 0 
7feb8c000000-7feb8c021000 rw-p 00000000 00:00 0 
7feb8c021000-7feb90000000 ---p 00000000 00:00 0 
7feb90000000-7feb90021000 rw-p 00000000 00:00 0 
7feb90021000-7feb94000000 ---p 00000000 00:00 0 
7feb940da000-7feb940de000 ---p 00000000 00:00 0 
7feb940de000-7feb941db000 rw-p 00000000 00:00 0 
7feb941db000-7feb941df000 ---p 00000000 00:00 0 
7feb941df000-7feb942dc000 rw-p 00000000 00:00 0 
7feb942dc000-7feb942dd000 ---p 00000000 00:00 0 
7feb942dd000-7feb943de000 rw-p 00000000 00:00 0 
7feb943de000-7feb943e5000 r-xp 00000000 103:04 1371436                   /home/juanb/eclipse/plugins/org.eclipse.justj.openjdk.hotspot.jre.full.linux.x86_64_17.0.1.v20211116-1657/jre/lib/libzip.so
7feb943e5000-7feb945e5000 ---p 00007000 103:04 1371436                   /home/juanb/eclipse/plugins/org.eclipse.justj.openjdk.hotspot.jre.full.linux.x86_64_17.0.1.v20211116-1657/jre/lib/libzip.so
7feb945e5000-7feb945e6000 r--p 00007000 103:04 1371436                   /home/juanb/eclipse/plugins/org.eclipse.justj.openjdk.hotspot.jre.full.linux.x86_64_17.0.1.v20211116-1657/jre/lib/libzip.so
7feb945e6000-7feb945e7000 rw-p 00008000 103:04 1371436                   /home/juanb/eclipse/plugins/org.eclipse.justj.openjdk.hotspot.jre.full.linux.x86_64_17.0.1.v20211116-1657/jre/lib/libzip.so
7feb945e7000-7feb94704000 rw-p 00000000 00:00 0 
7feb94704000-7feb94705000 ---p 00000000 00:00 0 
7feb94705000-7feb94806000 rw-p 00000000 00:00 0 
7feb94806000-7feb94807000 ---p 00000000 00:00 0 
7feb94807000-7feb97110000 rw-p 00000000 00:00 0 
7feb97110000-7feb97111000 ---p 00000000 00:00 0 
7feb97111000-7feb97212000 rw-p 00000000 00:00 0 
7feb97212000-7feb97213000 ---p 00000000 00:00 0 
7feb97213000-7feb97314000 rw-p 00000000 00:00 0 
7feb97314000-7feb97315000 ---p 00000000 00:00 0 
7feb97315000-7feb9787f000 rw-p 00000000 00:00 0 
7feb9787f000-7feb9b2bf000 ---p 00000000 00:00 0 
7feb9b2bf000-7feb9b6a7000 rw-p 00000000 00:00 0 
7feb9b6a7000-7feb9f0e7000 ---p 00000000 00:00 0 
7feb9f0e7000-7feb9f164000 rw-p 00000000 00:00 0 
7feb9f164000-7feb9f8ac000 ---p 00000000 00:00 0 
7feb9f8ac000-7feb9f929000 rw-p 00000000 00:00 0 
7feb9f929000-7feba0071000 ---p 00000000 00:00 0 
7feba0071000-7feba00ee000 rw-p 00000000 00:00 0 
7feba00ee000-7feba0836000 ---p 00000000 00:00 0 
7feba0836000-7feba1043000 rw-p 00000000 00:00 0 
7feba1043000-7feba1129000 ---p 00000000 00:00 0 
7feba1129000-7feba1399000 rwxp 00000000 00:00 0 
7feba1399000-7feba16bb000 ---p 00000000 00:00 0 
7feba16bb000-7feba192b000 rwxp 00000000 00:00 0 
7feba192b000-7feba8bf2000 ---p 00000000 00:00 0 
7feba8bf2000-7feba8e62000 rwxp 00000000 00:00 0 
7feba8e62000-7febb0129000 ---p 00000000 00:00 0 
7febb0129000-7febb0133000 r-xp 00000000 103:04 1371461                   /home/juanb/eclipse/plugins/org.eclipse.justj.openjdk.hotspot.jre.full.linux.x86_64_17.0.1.v20211116-1657/jre/lib/libinstrument.so
7febb0133000-7febb0332000 ---p 0000a000 103:04 1371461                   /home/juanb/eclipse/plugins/org.eclipse.justj.openjdk.hotspot.jre.full.linux.x86_64_17.0.1.v20211116-1657/jre/lib/libinstrument.so
7febb0332000-7febb0333000 r--p 00009000 103:04 1371461                   /home/juanb/eclipse/plugins/org.eclipse.justj.openjdk.hotspot.jre.full.linux.x86_64_17.0.1.v20211116-1657/jre/lib/libinstrument.so
7febb0333000-7febb0334000 rw-p 0000a000 103:04 1371461                   /home/juanb/eclipse/plugins/org.eclipse.justj.openjdk.hotspot.jre.full.linux.x86_64_17.0.1.v20211116-1657/jre/lib/libinstrument.so
7febb0334000-7febb0358000 r-xp 00000000 103:04 1371448                   /home/juanb/eclipse/plugins/org.eclipse.justj.openjdk.hotspot.jre.full.linux.x86_64_17.0.1.v20211116-1657/jre/lib/libjava.so
7febb0358000-7febb0558000 ---p 00024000 103:04 1371448                   /home/juanb/eclipse/plugins/org.eclipse.justj.openjdk.hotspot.jre.full.linux.x86_64_17.0.1.v20211116-1657/jre/lib/libjava.so
7febb0558000-7febb0559000 r--p 00024000 103:04 1371448                   /home/juanb/eclipse/plugins/org.eclipse.justj.openjdk.hotspot.jre.full.linux.x86_64_17.0.1.v20211116-1657/jre/lib/libjava.so
7febb0559000-7febb055a000 rw-p 00025000 103:04 1371448                   /home/juanb/eclipse/plugins/org.eclipse.justj.openjdk.hotspot.jre.full.linux.x86_64_17.0.1.v20211116-1657/jre/lib/libjava.so
7febb055a000-7febb055b000 rw-p 00000000 00:00 0 
7febb055b000-7febb059a000 r-xp 00000000 103:04 1371472                   /home/juanb/eclipse/plugins/org.eclipse.justj.openjdk.hotspot.jre.full.linux.x86_64_17.0.1.v20211116-1657/jre/lib/libjdwp.so
7febb059a000-7febb0799000 ---p 0003f000 103:04 1371472                   /home/juanb/eclipse/plugins/org.eclipse.justj.openjdk.hotspot.jre.full.linux.x86_64_17.0.1.v20211116-1657/jre/lib/libjdwp.so
7febb0799000-7febb079a000 r--p 0003e000 103:04 1371472                   /home/juanb/eclipse/plugins/org.eclipse.justj.openjdk.hotspot.jre.full.linux.x86_64_17.0.1.v20211116-1657/jre/lib/libjdwp.so
7febb079a000-7febb079b000 rw-p 0003f000 103:04 1371472                   /home/juanb/eclipse/plugins/org.eclipse.justj.openjdk.hotspot.jre.full.linux.x86_64_17.0.1.v20211116-1657/jre/lib/libjdwp.so
7febb079b000-7febb079c000 rw-p 00000000 00:00 0 
7febb079c000-7febb3de3000 r--s 00000000 103:04 1371435                   /home/juanb/eclipse/plugins/org.eclipse.justj.openjdk.hotspot.jre.full.linux.x86_64_17.0.1.v20211116-1657/jre/lib/modules
7febb3de3000-7febb3dfe000 r-xp 00000000 103:04 1371437                   /home/juanb/eclipse/plugins/org.eclipse.justj.openjdk.hotspot.jre.full.linux.x86_64_17.0.1.v20211116-1657/jre/lib/libjimage.so
7febb3dfe000-7febb3ffd000 ---p 0001b000 103:04 1371437                   /home/juanb/eclipse/plugins/org.eclipse.justj.openjdk.hotspot.jre.full.linux.x86_64_17.0.1.v20211116-1657/jre/lib/libjimage.so
7febb3ffd000-7febb3fff000 r--p 0001a000 103:04 1371437                   /home/juanb/eclipse/plugins/org.eclipse.justj.openjdk.hotspot.jre.full.linux.x86_64_17.0.1.v20211116-1657/jre/lib/libjimage.so
7febb3fff000-7febb4000000 rw-p 0001c000 103:04 1371437                   /home/juanb/eclipse/plugins/org.eclipse.justj.openjdk.hotspot.jre.full.linux.x86_64_17.0.1.v20211116-1657/jre/lib/libjimage.so
7febb4000000-7febb450b000 rw-p 00000000 00:00 0 
7febb450b000-7febb8000000 ---p 00000000 00:00 0 
7febb8002000-7febb8009000 r--s 00000000 103:04 1705149                   /usr/lib/x86_64-linux-gnu/gconv/gconv-modules.cache
7febb8009000-7febb800e000 rw-p 00000000 00:00 0 
7febb800e000-7febb80f4000 ---p 00000000 00:00 0 
7febb80f4000-7febb80f9000 rw-p 00000000 00:00 0 
7febb80f9000-7febb8100000 ---p 00000000 00:00 0 
7febb8100000-7febb8104000 ---p 00000000 00:00 0 
7febb8104000-7febb8201000 rw-p 00000000 00:00 0 
7febb8201000-7febb820e000 r--p 00000000 103:04 1350639                   /usr/lib/x86_64-linux-gnu/libm-2.31.so
7febb820e000-7febb82b5000 r-xp 0000d000 103:04 1350639                   /usr/lib/x86_64-linux-gnu/libm-2.31.so
7febb82b5000-7febb834e000 r--p 000b4000 103:04 1350639                   /usr/lib/x86_64-linux-gnu/libm-2.31.so
7febb834e000-7febb834f000 r--p 0014c000 103:04 1350639                   /usr/lib/x86_64-linux-gnu/libm-2.31.so
7febb834f000-7febb8350000 rw-p 0014d000 103:04 1350639                   /usr/lib/x86_64-linux-gnu/libm-2.31.so
7febb8350000-7febb8352000 r--p 00000000 103:04 1350661                   /usr/lib/x86_64-linux-gnu/librt-2.31.so
7febb8352000-7febb8356000 r-xp 00002000 103:04 1350661                   /usr/lib/x86_64-linux-gnu/librt-2.31.so
7febb8356000-7febb8358000 r--p 00006000 103:04 1350661                   /usr/lib/x86_64-linux-gnu/librt-2.31.so
7febb8358000-7febb8359000 r--p 00007000 103:04 1350661                   /usr/lib/x86_64-linux-gnu/librt-2.31.so
7febb8359000-7febb835a000 rw-p 00008000 103:04 1350661                   /usr/lib/x86_64-linux-gnu/librt-2.31.so
7febb835a000-7febb9639000 r-xp 00000000 103:04 1371427                   /home/juanb/eclipse/plugins/org.eclipse.justj.openjdk.hotspot.jre.full.linux.x86_64_17.0.1.v20211116-1657/jre/lib/server/libjvm.so
7febb9639000-7febb9838000 ---p 012df000 103:04 1371427                   /home/juanb/eclipse/plugins/org.eclipse.justj.openjdk.hotspot.jre.full.linux.x86_64_17.0.1.v20211116-1657/jre/lib/server/libjvm.so
7febb9838000-7febb98f1000 r--p 012de000 103:04 1371427                   /home/juanb/eclipse/plugins/org.eclipse.justj.openjdk.hotspot.jre.full.linux.x86_64_17.0.1.v20211116-1657/jre/lib/server/libjvm.so
7febb98f1000-7febb9925000 rw-p 01397000 103:04 1371427                   /home/juanb/eclipse/plugins/org.eclipse.justj.openjdk.hotspot.jre.full.linux.x86_64_17.0.1.v20211116-1657/jre/lib/server/libjvm.so
7febb9925000-7febb9981000 rw-p 00000000 00:00 0 
7febb9981000-7febb99a3000 r--p 00000000 103:04 1350635                   /usr/lib/x86_64-linux-gnu/libc-2.31.so
7febb99a3000-7febb9b1b000 r-xp 00022000 103:04 1350635                   /usr/lib/x86_64-linux-gnu/libc-2.31.so
7febb9b1b000-7febb9b69000 r--p 0019a000 103:04 1350635                   /usr/lib/x86_64-linux-gnu/libc-2.31.so
7febb9b69000-7febb9b6d000 r--p 001e7000 103:04 1350635                   /usr/lib/x86_64-linux-gnu/libc-2.31.so
7febb9b6d000-7febb9b6f000 rw-p 001eb000 103:04 1350635                   /usr/lib/x86_64-linux-gnu/libc-2.31.so
7febb9b6f000-7febb9b73000 rw-p 00000000 00:00 0 
7febb9b73000-7febb9b74000 r--p 00000000 103:04 1350637                   /usr/lib/x86_64-linux-gnu/libdl-2.31.so
7febb9b74000-7febb9b76000 r-xp 00001000 103:04 1350637                   /usr/lib/x86_64-linux-gnu/libdl-2.31.so
7febb9b76000-7febb9b77000 r--p 00003000 103:04 1350637                   /usr/lib/x86_64-linux-gnu/libdl-2.31.so
7febb9b77000-7febb9b78000 r--p 00003000 103:04 1350637                   /usr/lib/x86_64-linux-gnu/libdl-2.31.so
7febb9b78000-7febb9b79000 rw-p 00004000 103:04 1350637                   /usr/lib/x86_64-linux-gnu/libdl-2.31.so
7febb9b79000-7febb9b7f000 r--p 00000000 103:04 1350659                   /usr/lib/x86_64-linux-gnu/libpthread-2.31.so
7febb9b7f000-7febb9b90000 r-xp 00006000 103:04 1350659                   /usr/lib/x86_64-linux-gnu/libpthread-2.31.so
7febb9b90000-7febb9b96000 r--p 00017000 103:04 1350659                   /usr/lib/x86_64-linux-gnu/libpthread-2.31.so
7febb9b96000-7febb9b97000 r--p 0001c000 103:04 1350659                   /usr/lib/x86_64-linux-gnu/libpthread-2.31.so
7febb9b97000-7febb9b98000 rw-p 0001d000 103:04 1350659                   /usr/lib/x86_64-linux-gnu/libpthread-2.31.so
7febb9b98000-7febb9b9c000 rw-p 00000000 00:00 0 
7febb9b9c000-7febb9bab000 r-xp 00000000 103:04 1371444                   /home/juanb/eclipse/plugins/org.eclipse.justj.openjdk.hotspot.jre.full.linux.x86_64_17.0.1.v20211116-1657/jre/lib/libjli.so
7febb9bab000-7febb9dab000 ---p 0000f000 103:04 1371444                   /home/juanb/eclipse/plugins/org.eclipse.justj.openjdk.hotspot.jre.full.linux.x86_64_17.0.1.v20211116-1657/jre/lib/libjli.so
7febb9dab000-7febb9dac000 r--p 0000f000 103:04 1371444                   /home/juanb/eclipse/plugins/org.eclipse.justj.openjdk.hotspot.jre.full.linux.x86_64_17.0.1.v20211116-1657/jre/lib/libjli.so
7febb9dac000-7febb9dad000 rw-p 00010000 103:04 1371444                   /home/juanb/eclipse/plugins/org.eclipse.justj.openjdk.hotspot.jre.full.linux.x86_64_17.0.1.v20211116-1657/jre/lib/libjli.so
7febb9dad000-7febb9daf000 r--p 00000000 103:04 1314318                   /usr/lib/x86_64-linux-gnu/libz.so.1.2.11
7febb9daf000-7febb9dc0000 r-xp 00002000 103:04 1314318                   /usr/lib/x86_64-linux-gnu/libz.so.1.2.11
7febb9dc0000-7febb9dc6000 r--p 00013000 103:04 1314318                   /usr/lib/x86_64-linux-gnu/libz.so.1.2.11
7febb9dc6000-7febb9dc7000 ---p 00019000 103:04 1314318                   /usr/lib/x86_64-linux-gnu/libz.so.1.2.11
7febb9dc7000-7febb9dc8000 r--p 00019000 103:04 1314318                   /usr/lib/x86_64-linux-gnu/libz.so.1.2.11
7febb9dc8000-7febb9dc9000 rw-p 0001a000 103:04 1314318                   /usr/lib/x86_64-linux-gnu/libz.so.1.2.11
7febb9dca000-7febb9dd2000 rw-s 00000000 103:04 592114                    /tmp/hsperfdata_juanb/981562
7febb9dd2000-7febb9dd5000 r--p 00000000 103:04 1350651                   /usr/lib/x86_64-linux-gnu/libnss_files-2.31.so
7febb9dd5000-7febb9ddc000 r-xp 00003000 103:04 1350651                   /usr/lib/x86_64-linux-gnu/libnss_files-2.31.so
7febb9ddc000-7febb9dde000 r--p 0000a000 103:04 1350651                   /usr/lib/x86_64-linux-gnu/libnss_files-2.31.so
7febb9dde000-7febb9ddf000 r--p 0000b000 103:04 1350651                   /usr/lib/x86_64-linux-gnu/libnss_files-2.31.so
7febb9ddf000-7febb9de0000 rw-p 0000c000 103:04 1350651                   /usr/lib/x86_64-linux-gnu/libnss_files-2.31.so
7febb9de0000-7febb9de6000 rw-p 00000000 00:00 0 
7febb9de6000-7febb9de7000 ---p 00000000 00:00 0 
7febb9de7000-7febb9de8000 r--p 00000000 00:00 0 
7febb9de8000-7febb9dea000 rw-p 00000000 00:00 0 
7febb9dea000-7febb9deb000 r--p 00000000 103:04 1350627                   /usr/lib/x86_64-linux-gnu/ld-2.31.so
7febb9deb000-7febb9e0e000 r-xp 00001000 103:04 1350627                   /usr/lib/x86_64-linux-gnu/ld-2.31.so
7febb9e0e000-7febb9e16000 r--p 00024000 103:04 1350627                   /usr/lib/x86_64-linux-gnu/ld-2.31.so
7febb9e16000-7febb9e17000 ---p 00000000 00:00 0 
7febb9e17000-7febb9e18000 r--p 0002c000 103:04 1350627                   /usr/lib/x86_64-linux-gnu/ld-2.31.so
7febb9e18000-7febb9e19000 rw-p 0002d000 103:04 1350627                   /usr/lib/x86_64-linux-gnu/ld-2.31.so
7febb9e19000-7febb9e1a000 rw-p 00000000 00:00 0 
7ffed2035000-7ffed2056000 rw-p 00000000 00:00 0                          [stack]
7ffed2116000-7ffed2119000 r--p 00000000 00:00 0                          [vvar]
7ffed2119000-7ffed211a000 r-xp 00000000 00:00 0                          [vdso]
ffffffffff600000-ffffffffff601000 --xp 00000000 00:00 0                  [vsyscall]


VM Arguments:
jvm_args: -XX:+ShowCodeDetailsInExceptionMessages -agentlib:jdwp=transport=dt_socket,suspend=y,address=localhost:41393 -javaagent:/home/juanb/eclipse/configuration/org.eclipse.osgi/413/0/.cp/lib/javaagent-shaded.jar -Dfile.encoding=UTF-8 
java_command: br.ufs.dcomp.AIproject.ScheduleCSPDemo
java_class_path (initial): /home/juanb/eclipse-workspace/ProjetoIA/target/classes:/home/juanb/eclipse-workspace/ProjetoIA/lib/aima-core.jar
Launcher Type: SUN_STANDARD

[Global flags]
     intx CICompilerCount                          = 4                                         {product} {ergonomic}
     uint ConcGCThreads                            = 2                                         {product} {ergonomic}
     uint G1ConcRefinementThreads                  = 8                                         {product} {ergonomic}
   size_t G1HeapRegionSize                         = 2097152                                   {product} {ergonomic}
    uintx GCDrainStackTargetSize                   = 64                                        {product} {ergonomic}
   size_t InitialHeapSize                          = 262144000                                 {product} {ergonomic}
   size_t MarkStackSize                            = 4194304                                   {product} {ergonomic}
   size_t MaxHeapSize                              = 4171235328                                {product} {ergonomic}
   size_t MaxNewSize                               = 2501902336                                {product} {ergonomic}
   size_t MinHeapDeltaBytes                        = 2097152                                   {product} {ergonomic}
   size_t MinHeapSize                              = 8388608                                   {product} {ergonomic}
    uintx NonNMethodCodeHeapSize                   = 5839372                                {pd product} {ergonomic}
    uintx NonProfiledCodeHeapSize                  = 122909434                              {pd product} {ergonomic}
    uintx ProfiledCodeHeapSize                     = 122909434                              {pd product} {ergonomic}
    uintx ReservedCodeCacheSize                    = 251658240                              {pd product} {ergonomic}
     bool SegmentedCodeCache                       = true                                      {product} {ergonomic}
     bool ShowCodeDetailsInExceptionMessages       = true                                   {manageable} {command line}
   size_t SoftMaxHeapSize                          = 4171235328                             {manageable} {ergonomic}
     bool UseCompressedClassPointers               = true                           {product lp64_product} {ergonomic}
     bool UseCompressedOops                        = true                           {product lp64_product} {ergonomic}
     bool UseG1GC                                  = true                                      {product} {ergonomic}

Logging:
Log output configuration:
 #0: stdout all=warning uptime,level,tags
 #1: stderr all=off uptime,level,tags

Environment Variables:
PATH=/home/juanb/.local/bin:/usr/local/sbin:/usr/local/bin:/usr/sbin:/usr/bin:/sbin:/bin:/usr/games:/usr/local/games:/snap/bin
SHELL=/bin/bash
DISPLAY=:0
LANG=en_US.UTF-8

Signal Handlers:
   SIGSEGV: crash_handler in libjvm.so, mask=11100100010111111101111111111110, flags=SA_RESTART|SA_SIGINFO
    SIGBUS: crash_handler in libjvm.so, mask=11100100010111111101111111111110, flags=SA_RESTART|SA_SIGINFO
    SIGFPE: crash_handler in libjvm.so, mask=11100100010111111101111111111110, flags=SA_RESTART|SA_SIGINFO
   SIGPIPE: javaSignalHandler in libjvm.so, mask=11100100010111111101111111111110, flags=SA_RESTART|SA_SIGINFO
   SIGXFSZ: javaSignalHandler in libjvm.so, mask=11100100010111111101111111111110, flags=SA_RESTART|SA_SIGINFO
    SIGILL: crash_handler in libjvm.so, mask=11100100010111111101111111111110, flags=SA_RESTART|SA_SIGINFO
   SIGUSR2: SR_handler in libjvm.so, mask=00100000000000000000000000000000, flags=SA_RESTART|SA_SIGINFO
    SIGHUP: UserHandler in libjvm.so, mask=11100100010111111101111111111110, flags=SA_RESTART|SA_SIGINFO
    SIGINT: UserHandler in libjvm.so, mask=11100100010111111101111111111110, flags=SA_RESTART|SA_SIGINFO
   SIGTERM: UserHandler in libjvm.so, mask=11100100010111111101111111111110, flags=SA_RESTART|SA_SIGINFO
   SIGQUIT: UserHandler in libjvm.so, mask=11100100010111111101111111111110, flags=SA_RESTART|SA_SIGINFO
   SIGTRAP: crash_handler in libjvm.so, mask=11100100010111111101111111111110, flags=SA_RESTART|SA_SIGINFO


---------------  S Y S T E M  ---------------

OS:
DISTRIB_ID=LinuxMint
DISTRIB_RELEASE=20.3
DISTRIB_CODENAME=una
DISTRIB_DESCRIPTION="Linux Mint 20.3 Una"
uname: Linux 5.4.0-110-generic #124-Ubuntu SMP Thu Apr 14 19:46:19 UTC 2022 x86_64
OS uptime: 3 days 4:20 hours
libc: glibc 2.31 NPTL 2.31 
rlimit (soft/hard): STACK 8192k/infinity , CORE 0k/infinity , NPROC 63256/63256 , NOFILE 1048576/1048576 , AS infinity/infinity , CPU infinity/infinity , DATA infinity/infinity , FSIZE infinity/infinity , MEMLOCK 65536k/65536k
load average: 2,66 2,63 2,72

/proc/meminfo:
MemTotal:       16287184 kB
MemFree:          561340 kB
MemAvailable:    1339852 kB
Buffers:           75816 kB
Cached:          1475160 kB
SwapCached:        22308 kB
Active:         12751432 kB
Inactive:        2200900 kB
Active(anon):   12276364 kB
Inactive(anon):  1740924 kB
Active(file):     475068 kB
Inactive(file):   459976 kB
Unevictable:       80932 kB
Mlocked:             240 kB
SwapTotal:        711380 kB
SwapFree:              0 kB
Dirty:              1444 kB
Writeback:             0 kB
AnonPages:      13460184 kB
Mapped:           755552 kB
Shmem:            616020 kB
KReclaimable:     184576 kB
Slab:             441008 kB
SReclaimable:     184576 kB
SUnreclaim:       256432 kB
KernelStack:       38900 kB
PageTables:       108920 kB
NFS_Unstable:          0 kB
Bounce:                0 kB
WritebackTmp:          0 kB
CommitLimit:     8854972 kB
Committed_AS:   32239992 kB
VmallocTotal:   34359738367 kB
VmallocUsed:       59276 kB
VmallocChunk:          0 kB
Percpu:             8768 kB
HardwareCorrupted:     0 kB
AnonHugePages:         0 kB
ShmemHugePages:        0 kB
ShmemPmdMapped:        0 kB
FileHugePages:         0 kB
FilePmdMapped:         0 kB
CmaTotal:              0 kB
CmaFree:               0 kB
HugePages_Total:       0
HugePages_Free:        0
HugePages_Rsvd:        0
HugePages_Surp:        0
Hugepagesize:       2048 kB
Hugetlb:               0 kB
DirectMap4k:     1490440 kB
DirectMap2M:    15181824 kB
DirectMap1G:           0 kB

/sys/kernel/mm/transparent_hugepage/enabled: always [madvise] never
/sys/kernel/mm/transparent_hugepage/defrag (defrag/compaction efforts parameter): always defer defer+madvise [madvise] never

Process Memory:
Virtual Size: 7166132K (peak: 7227660K)
Resident Set Size: 62388K (peak: 62388K) (anon: 34152K, file: 28236K, shmem: 0K)
Swapped out: 0K
C-Heap outstanding allocations: 5848K

/proc/sys/kernel/threads-max (system-wide limit on the number of threads): 126512
/proc/sys/vm/max_map_count (maximum number of memory map areas a process may have): 65530
/proc/sys/kernel/pid_max (system-wide limit on number of process identifiers): 4194304

container (cgroup) information:
container_type: cgroupv1
cpu_cpuset_cpus: 0-7
cpu_memory_nodes: 0
active_processor_count: 8
cpu_quota: no quota
cpu_period: 100000
cpu_shares: no shares
memory_limit_in_bytes: unlimited
memory_and_swap_limit_in_bytes: not supported
memory_soft_limit_in_bytes: unlimited
memory_usage_in_bytes: 13486481408
memory_max_usage_in_bytes: 14175858688

Steal ticks since vm start: 0
Steal ticks percentage since vm start:  0,000

CPU: total 8 (initial active 8) (4 cores per cpu, 2 threads per core) family 6 model 142 stepping 10 microcode 0xec, cx8, cmov, fxsr, ht, mmx, 3dnowpref, sse, sse2, sse3, ssse3, sse4.1, sse4.2, popcnt, lzcnt, tsc, tscinvbit, avx, avx2, aes, erms, clmul, bmi1, bmi2, adx, fma, vzeroupper, clflush, clflushopt
CPU Model and flags from /proc/cpuinfo:
model name	: Intel(R) Core(TM) i5-8250U CPU @ 1.60GHz
flags		: fpu vme de pse tsc msr pae mce cx8 apic sep mtrr pge mca cmov pat pse36 clflush dts acpi mmx fxsr sse sse2 ss ht tm pbe syscall nx pdpe1gb rdtscp lm constant_tsc art arch_perfmon pebs bts rep_good nopl xtopology nonstop_tsc cpuid aperfmperf pni pclmulqdq dtes64 monitor ds_cpl vmx est tm2 ssse3 sdbg fma cx16 xtpr pdcm pcid sse4_1 sse4_2 x2apic movbe popcnt tsc_deadline_timer aes xsave avx f16c rdrand lahf_lm abm 3dnowprefetch cpuid_fault epb invpcid_single pti ssbd ibrs ibpb stibp tpr_shadow vnmi flexpriority ept vpid ept_ad fsgsbase tsc_adjust bmi1 avx2 smep bmi2 erms invpcid mpx rdseed adx smap clflushopt intel_pt xsaveopt xsavec xgetbv1 xsaves dtherm ida arat pln pts hwp hwp_notify hwp_act_window hwp_epp md_clear flush_l1d arch_capabilities

Online cpus: 0-7
Offline cpus: 
BIOS frequency limitation: <Not Available>
Frequency switch latency (ns): 0
Available cpu frequencies: <Not Available>
Current governor: powersave
Core performance/turbo boost: <Not Available>

Memory: 4k page, physical 16287184k(561340k free), swap 711380k(0k free)
Page Sizes: 4k

vm_info: OpenJDK 64-Bit Server VM (17.0.1+12) for linux-amd64 JRE (17.0.1+12), built on Oct 20 2021 12:00:24 by "" with gcc 7.5.0

END.
