#
# A fatal error has been detected by the Java Runtime Environment:
#
#  SIGSEGV (0xb) at pc=0x00007f9e66930139, pid=1185327, tid=1185352
#
# JRE version: OpenJDK Runtime Environment Temurin-17.0.1+12 (17.0.1+12) (build 17.0.1+12)
# Java VM: OpenJDK 64-Bit Server VM Temurin-17.0.1+12 (17.0.1+12, mixed mode, tiered, compressed oops, compressed class ptrs, g1 gc, linux-amd64)
# Problematic frame:
# V  [libjvm.so+0xe9c139]  Symbol::as_C_string() const+0x9
#
# Core dump will be written. Default location: Core dumps may be processed with "/lib/systemd/systemd-coredump %P %u %g %s %t 9223372036854775808 %h" (or dumping to /home/juanb/eclipse-workspace/ProjetoIA/core.1185327)
#
# If you would like to submit a bug report, please visit:
#   https://github.com/adoptium/adoptium-support/issues
#

---------------  S U M M A R Y ------------

Command Line: -XX:+ShowCodeDetailsInExceptionMessages -agentlib:jdwp=transport=dt_socket,suspend=y,address=localhost:46695 -javaagent:/home/juanb/eclipse/configuration/org.eclipse.osgi/413/0/.cp/lib/javaagent-shaded.jar -Dfile.encoding=UTF-8 br.ufs.dcomp.AIproject.ScheduleCSPDemo

Host: Intel(R) Core(TM) i5-8250U CPU @ 1.60GHz, 8 cores, 15G, Linux Mint 20.3 Una
Time: Sat May 21 08:35:57 2022 -03 elapsed time: 70.826911 seconds (0d 0h 1m 10s)

---------------  T H R E A D  ---------------

Current thread (0x00007f9e602ed430):  JavaThread "JDWP Transport Listener: dt_socket" daemon [_thread_in_vm, id=1185352, stack(0x00007f9e07eff000,0x00007f9e08000000)]

Stack: [0x00007f9e07eff000,0x00007f9e08000000],  sp=0x00007f9e07ffe940,  free space=1022k
Native frames: (J=compiled Java code, j=interpreted, Vv=VM code, C=native code)
V  [libjvm.so+0xe9c139]  Symbol::as_C_string() const+0x9
V  [libjvm.so+0xa1c9a4]  JvmtiEnv::GetClassSignature(oopDesc*, char**, char**)+0x114
V  [libjvm.so+0x9d2189]  jvmti_GetClassSignature+0x1d9
C  [libjdwp.so+0x2c2df]  classSignature+0x3f
C  [libjdwp.so+0xc896]  allClasses1.isra.3.part.4+0x166
C  [libjdwp.so+0xd883]  allClassesWithGeneric+0x23
C  [libjdwp.so+0x12ec5]  debugLoop_run+0x1f5
C  [libjdwp.so+0x26123]  attachThread+0x33
V  [libjvm.so+0xa38ec5]  JvmtiAgentThread::start_function_wrapper(JavaThread*, JavaThread*)+0x85
V  [libjvm.so+0xefe6f0]  JavaThread::thread_main_inner()+0x180
V  [libjvm.so+0xf01b62]  Thread::call_run()+0xe2
V  [libjvm.so+0xc3ccd1]  thread_native_entry(Thread*)+0xe1


siginfo: si_signo: 11 (SIGSEGV), si_code: 1 (SEGV_MAPERR), si_addr: 0x00000000003c000a

Register to memory mapping:

RAX=0x000000000000003b is an unknown value
RBX=0x00007f9e14029520 points into unknown readable memory: 0x0000000000000000 | 00 00 00 00 00 00 00 00
RCX=0x00007f9e0705efa8 is pointing into metadata
RDX=0x000000000000000f is an unknown value
RSP=0x00007f9e07ffe940 is pointing into the stack for thread: 0x00007f9e602ed430
RBP=0x00007f9e07ffe950 is pointing into the stack for thread: 0x00007f9e602ed430
RSI=0x0 is NULL
RDI=0x00000000003c0006 is an unknown value
R8 =0x00007f9df8003210 points into unknown readable memory: 0x2f7366752f72624c | 4c 62 72 2f 75 66 73 2f
R9 =0x003b746e69617274 is an unknown value
R10=0x000000000000003d is an unknown value
R11=0x00007f9e14029530 points into unknown readable memory: 0x642f7366752f7262 | 62 72 2f 75 66 73 2f 64
R12=0x0000000800108910 is a pointer to class: 
br.ufs.dcomp.AIproject.constraints.DependentMembersConstraint {0x0000000800108910}
 - instance size:     3
 - klass size:        72
 - access:            public synchronized 
 - state:             fully_initialized
 - name:              'br/ufs/dcomp/AIproject/constraints/DependentMembersConstraint'
 - super:             'java/lang/Object'
 - sub:               
 - arrays:            NULL
 - methods:           Array<T>(0x00007f9e0705e4c0)
 - method ordering:   Array<T>(0x00007f9e0705e718)
 - default_methods:   Array<T>(0x0000000000000000)
 - local interfaces:  Array<T>(0x00007f9e07050078)
 - trans. interfaces: Array<T>(0x00007f9e07050078)
 - constants:         constant pool [159] {0x00007f9e0705efa8} for 'br/ufs/dcomp/AIproject/constraints/DependentMembersConstraint' cache=0x00007f9e0705f568
 - class loader data:  loader data: 0x00007f9e602af070 for instance a 'jdk/internal/loader/ClassLoaders$AppClassLoader'{0x0000000716e55cf8}
 - source file:       'DependentMembersConstraint.java'
 - source debug extension:       SMAP
DependentMembersConstraint.java
Java
*S jdt
*F
1 DependentMembersConstraint.java
2 file:/home/juanb/eclipse-workspace/ProjetoIA/target/classes/
*L
*E

 - class annotations:       Array<T>(0x0000000000000000)
 - class type annotations:  Array<T>(0x0000000000000000)
 - field annotations:       Array<T>(0x0000000000000000)
 - field type annotations:  Array<T>(0x0000000000000000)
 - previous version:  constant pool [153] {0x00007f9e0704fae8} for 'br/ufs/dcomp/AIproject/constraints/DependentMembersConstraint' (extra) cache=0x00007f9e070504b0
 - generic signature: '
[error occurred during error reporting (printing register info), id 0xb, SIGSEGV (0xb) at pc=0x00007f9e66931888]

Registers:
RAX=0x000000000000003b, RBX=0x00007f9e14029520, RCX=0x00007f9e0705efa8, RDX=0x000000000000000f
RSP=0x00007f9e07ffe940, RBP=0x00007f9e07ffe950, RSI=0x0000000000000000, RDI=0x00000000003c0006
R8 =0x00007f9df8003210, R9 =0x003b746e69617274, R10=0x000000000000003d, R11=0x00007f9e14029530
R12=0x0000000800108910, R13=0x00007f9e07ffeac8, R14=0x0000000800108910, R15=0x00007f9e602ed270
RIP=0x00007f9e66930139, EFLAGS=0x0000000000010246, CSGSFS=0x002b000000000033, ERR=0x0000000000000004
  TRAPNO=0x000000000000000e

Top of Stack: (sp=0x00007f9e07ffe940)
0x00007f9e07ffe940:   00007f9e14029520 0000000800108910
0x00007f9e07ffe950:   00007f9e07ffe9c0 00007f9e664b09a4
0x00007f9e07ffe960:   00007f9e14029570 00000000000003d8
0x00007f9e07ffe970:   00007f9e60016480 00007f9e14029908 

Instructions: (pc=0x00007f9e66930139)
0x00007f9e66930039:   41 0f 11 04 09 48 83 c1 10 41 39 fb 77 e9 89 d9
0x00007f9e66930049:   83 e1 f0 01 ca 39 cb 48 63 d2 74 13 0f 1f 00 41
0x00007f9e66930059:   0f b6 0c 10 88 0c 10 48 83 c2 01 39 d6 7f f0 48
0x00007f9e66930069:   63 f6 5b c6 04 30 00 5d c3 66 0f 1f 44 00 00 ba
0x00007f9e66930079:   02 00 00 00 eb 91 90 ba 05 00 00 00 eb 89 ba 0d
0x00007f9e66930089:   00 00 00 eb 82 66 90 31 d2 48 63 d2 0f 1f 00 41
0x00007f9e66930099:   0f b6 0c 10 88 0c 10 48 83 c2 01 39 d6 7f f0 e9
0x00007f9e669300a9:   44 ff ff ff 0f 1f 00 ba 03 00 00 00 e9 56 ff ff
0x00007f9e669300b9:   ff 66 0f 1f 44 00 00 ba 04 00 00 00 e9 46 ff ff
0x00007f9e669300c9:   ff 66 0f 1f 44 00 00 ba 06 00 00 00 e9 36 ff ff
0x00007f9e669300d9:   ff 31 d2 e9 2f ff ff ff ba 07 00 00 00 e9 25 ff
0x00007f9e669300e9:   ff ff ba 08 00 00 00 e9 1b ff ff ff ba 09 00 00
0x00007f9e669300f9:   00 e9 11 ff ff ff ba 0a 00 00 00 e9 07 ff ff ff
0x00007f9e66930109:   ba 0b 00 00 00 e9 fd fe ff ff ba 0c 00 00 00 e9
0x00007f9e66930119:   f3 fe ff ff ba 0e 00 00 00 e9 e9 fe ff ff 90 0f
0x00007f9e66930129:   1f 84 00 00 00 00 00 55 31 f6 48 89 e5 41 54 53
0x00007f9e66930139:   44 0f b7 67 04 48 89 fb 41 8d 7c 24 01 48 63 ff
0x00007f9e66930149:   e8 a2 8d e4 ff 0f b7 73 04 44 39 e6 49 0f 4f f4
0x00007f9e66930159:   85 f6 0f 84 8f 01 00 00 48 8d 50 10 4c 8d 43 06
0x00007f9e66930169:   49 39 d0 48 8d 53 16 0f 93 c1 48 39 d0 0f 93 c2
0x00007f9e66930179:   08 d1 0f 84 8f 01 00 00 83 fe 14 0f 86 86 01 00
0x00007f9e66930189:   00 4c 89 c1 8d 7e ff 48 f7 d9 83 e1 0f 8d 51 0f
0x00007f9e66930199:   39 d7 0f 82 af 01 00 00 85 c9 0f 84 eb 01 00 00
0x00007f9e669301a9:   0f b6 53 06 83 f9 01 88 10 0f 84 48 01 00 00 0f
0x00007f9e669301b9:   b6 53 07 83 f9 02 88 50 01 0f 84 78 01 00 00 0f
0x00007f9e669301c9:   b6 53 08 83 f9 03 88 50 02 0f 84 80 01 00 00 0f
0x00007f9e669301d9:   b6 53 09 83 f9 04 88 50 03 0f 84 80 01 00 00 0f
0x00007f9e669301e9:   b6 53 0a 83 f9 05 88 50 04 0f 84 88 01 00 00 0f
0x00007f9e669301f9:   b6 53 0b 83 f9 06 88 50 05 0f 84 82 01 00 00 0f
0x00007f9e66930209:   b6 53 0c 83 f9 07 88 50 06 0f 84 5a 01 00 00 0f
0x00007f9e66930219:   b6 53 0d 83 f9 08 88 50 07 0f 84 73 01 00 00 0f
0x00007f9e66930229:   b6 53 0e 83 f9 09 88 50 08 0f 84 6d 01 00 00 0f 


Stack slot to memory mapping:
stack at sp + 0 slots: 0x00007f9e14029520 points into unknown readable memory: 0x0000000000000000 | 00 00 00 00 00 00 00 00
stack at sp + 1 slots: 0x0000000800108910 is a pointer to class: 
br.ufs.dcomp.AIproject.constraints.DependentMembersConstraint {0x0000000800108910}
 - instance size:     3
 - klass size:        72
 - access:            public synchronized 
 - state:             fully_initialized
 - name:              'br/ufs/dcomp/AIproject/constraints/DependentMembersConstraint'
 - super:             'java/lang/Object'
 - sub:               
 - arrays:            NULL
 - methods:           Array<T>(0x00007f9e0705e4c0)
 - method ordering:   Array<T>(0x00007f9e0705e718)
 - default_methods:   Array<T>(0x0000000000000000)
 - local interfaces:  Array<T>(0x00007f9e07050078)
 - trans. interfaces: Array<T>(0x00007f9e07050078)
 - constants:         constant pool [159] {0x00007f9e0705efa8} for 'br/ufs/dcomp/AIproject/constraints/DependentMembersConstraint' cache=0x00007f9e0705f568
 - class loader data:  loader data: 0x00007f9e602af070 for instance a 'jdk/internal/loader/ClassLoaders$AppClassLoader'{0x0000000716e55cf8}
 - source file:       'DependentMembersConstraint.java'
 - source debug extension:       SMAP
DependentMembersConstraint.java
Java
*S jdt
*F
1 DependentMembersConstraint.java
2 file:/home/juanb/eclipse-workspace/ProjetoIA/target/classes/
*L
*E

 - class annotations:       Array<T>(0x0000000000000000)
 - class type annotations:  Array<T>(0x0000000000000000)
 - field annotations:       Array<T>(0x0000000000000000)
 - field type annotations:  Array<T>(0x0000000000000000)
 - previous version:  constant pool [153] {0x00007f9e0704fae8} for 'br/ufs/dcomp/AIproject/constraints/DependentMembersConstraint' (extra) cache=0x00007f9e070504b0
 - generic signature: '
[error occurred during error reporting (inspecting top of stack), id 0xb, SIGSEGV (0xb) at pc=0x00007f9e66931888]


---------------  P R O C E S S  ---------------

Threads class SMR info:
_java_thread_list=0x00007f9e60427d20, length=14, elements={
0x00007f9e60026330, 0x00007f9e601d32b0, 0x00007f9e601d4900, 0x00007f9e601fa940,
0x00007f9e601fbcf0, 0x00007f9e601fd100, 0x00007f9e601fe780, 0x00007f9e601ffc60,
0x00007f9e602010d0, 0x00007f9e602a2ee0, 0x00007f9e602ed430, 0x00007f9e60300a90,
0x00007f9dfc000fb0, 0x00007f9e60426f10
}

Java Threads: ( => current thread )
  0x00007f9e60026330 JavaThread "main" [_thread_blocked, id=1185334, stack(0x00007f9e6583a000,0x00007f9e6593b000)]
  0x00007f9e601d32b0 JavaThread "Reference Handler" daemon [_thread_blocked, id=1185342, stack(0x00007f9e34ff4000,0x00007f9e350f5000)]
  0x00007f9e601d4900 JavaThread "Finalizer" daemon [_thread_blocked, id=1185343, stack(0x00007f9e34ef3000,0x00007f9e34ff4000)]
  0x00007f9e601fa940 JavaThread "Signal Dispatcher" daemon [_thread_blocked, id=1185344, stack(0x00007f9e34881000,0x00007f9e34982000)]
  0x00007f9e601fbcf0 JavaThread "Service Thread" daemon [_thread_blocked, id=1185345, stack(0x00007f9e34780000,0x00007f9e34881000)]
  0x00007f9e601fd100 JavaThread "Monitor Deflation Thread" daemon [_thread_blocked, id=1185346, stack(0x00007f9e3467f000,0x00007f9e34780000)]
  0x00007f9e601fe780 JavaThread "C2 CompilerThread0" daemon [_thread_blocked, id=1185347, stack(0x00007f9e3457e000,0x00007f9e3467f000)]
  0x00007f9e601ffc60 JavaThread "C1 CompilerThread0" daemon [_thread_blocked, id=1185348, stack(0x00007f9e3447d000,0x00007f9e3457e000)]
  0x00007f9e602010d0 JavaThread "Sweeper thread" daemon [_thread_blocked, id=1185349, stack(0x00007f9e3437c000,0x00007f9e3447d000)]
  0x00007f9e602a2ee0 JavaThread "Common-Cleaner" daemon [_thread_blocked, id=1185350, stack(0x00007f9e3427b000,0x00007f9e3437c000)]
=>0x00007f9e602ed430 JavaThread "JDWP Transport Listener: dt_socket" daemon [_thread_in_vm, id=1185352, stack(0x00007f9e07eff000,0x00007f9e08000000)]
  0x00007f9e60300a90 JavaThread "JDWP Event Helper Thread" daemon [_thread_blocked, id=1185354, stack(0x00007f9e07dfe000,0x00007f9e07eff000)]
  0x00007f9dfc000fb0 JavaThread "JDWP Command Reader" daemon [_thread_in_native, id=1185356, stack(0x00007f9e07cfd000,0x00007f9e07dfe000)]
  0x00007f9e60426f10 JavaThread "Notification Thread" daemon [_thread_blocked, id=1185359, stack(0x00007f9e06eff000,0x00007f9e07000000)]

Other Threads:
  0x00007f9e60183a10 VMThread "VM Thread" [stack: 0x00007f9e350f7000,0x00007f9e351f7000] [id=1185341]
  0x00007f9e60226d60 WatcherThread [stack: 0x00007f9e06dff000,0x00007f9e06eff000] [id=1185360]
  0x00007f9e60075460 GCTaskThread "GC Thread#0" [stack: 0x00007f9e6443f000,0x00007f9e6453f000] [id=1185336]
  0x00007f9e600862f0 ConcurrentGCThread "G1 Main Marker" [stack: 0x00007f9e6433d000,0x00007f9e6443d000] [id=1185337]
  0x00007f9e60087250 ConcurrentGCThread "G1 Conc#0" [stack: 0x00007f9e6423b000,0x00007f9e6433b000] [id=1185338]
  0x00007f9e6013be80 ConcurrentGCThread "G1 Refine#0" [stack: 0x00007f9e35f00000,0x00007f9e36000000] [id=1185339]
  0x00007f9e6013cd70 ConcurrentGCThread "G1 Service" [stack: 0x00007f9e35dfe000,0x00007f9e35efe000] [id=1185340]

Threads with active compile tasks:

VM state: not at safepoint (normal execution)

VM Mutex/Monitor currently owned by a thread: None

Heap address: 0x0000000707600000, size: 3978 MB, Compressed Oops mode: Zero based, Oop shift amount: 3

CDS archive(s) not mapped
Compressed class space mapped at: 0x0000000800000000-0x0000000840000000, reserved size: 1073741824
Narrow klass base: 0x0000000800000000, Narrow klass shift: 0, Narrow klass range: 0x40000000

GC Precious Log:
 CPUs: 8 total, 8 available
 Memory: 15905M
 Large Page Support: Disabled
 NUMA Support: Disabled
 Compressed Oops: Enabled (Zero based)
 Heap Region Size: 2M
 Heap Min Capacity: 8M
 Heap Initial Capacity: 250M
 Heap Max Capacity: 3978M
 Pre-touch: Disabled
 Parallel Workers: 8
 Concurrent Workers: 2
 Concurrent Refinement Workers: 8
 Periodic GC: Disabled

Heap:
 garbage-first heap   total 256000K, used 6144K [0x0000000707600000, 0x0000000800000000)
  region size 2048K, 4 young (8192K), 0 survivors (0K)
 Metaspace       used 9716K, committed 9856K, reserved 1064960K
  class space    used 868K, committed 896K, reserved 1048576K

Heap Regions: E=young(eden), S=young(survivor), O=old, HS=humongous(starts), HC=humongous(continues), CS=collection set, F=free, OA=open archive, CA=closed archive, TAMS=top-at-mark-start (previous, next)
|   0|0x0000000707600000, 0x0000000707600000, 0x0000000707800000|  0%| F|  |TAMS 0x0000000707600000, 0x0000000707600000| Untracked 
|   1|0x0000000707800000, 0x0000000707800000, 0x0000000707a00000|  0%| F|  |TAMS 0x0000000707800000, 0x0000000707800000| Untracked 
|   2|0x0000000707a00000, 0x0000000707a00000, 0x0000000707c00000|  0%| F|  |TAMS 0x0000000707a00000, 0x0000000707a00000| Untracked 
|   3|0x0000000707c00000, 0x0000000707c00000, 0x0000000707e00000|  0%| F|  |TAMS 0x0000000707c00000, 0x0000000707c00000| Untracked 
|   4|0x0000000707e00000, 0x0000000707e00000, 0x0000000708000000|  0%| F|  |TAMS 0x0000000707e00000, 0x0000000707e00000| Untracked 
|   5|0x0000000708000000, 0x0000000708000000, 0x0000000708200000|  0%| F|  |TAMS 0x0000000708000000, 0x0000000708000000| Untracked 
|   6|0x0000000708200000, 0x0000000708200000, 0x0000000708400000|  0%| F|  |TAMS 0x0000000708200000, 0x0000000708200000| Untracked 
|   7|0x0000000708400000, 0x0000000708400000, 0x0000000708600000|  0%| F|  |TAMS 0x0000000708400000, 0x0000000708400000| Untracked 
|   8|0x0000000708600000, 0x0000000708600000, 0x0000000708800000|  0%| F|  |TAMS 0x0000000708600000, 0x0000000708600000| Untracked 
|   9|0x0000000708800000, 0x0000000708800000, 0x0000000708a00000|  0%| F|  |TAMS 0x0000000708800000, 0x0000000708800000| Untracked 
|  10|0x0000000708a00000, 0x0000000708a00000, 0x0000000708c00000|  0%| F|  |TAMS 0x0000000708a00000, 0x0000000708a00000| Untracked 
|  11|0x0000000708c00000, 0x0000000708c00000, 0x0000000708e00000|  0%| F|  |TAMS 0x0000000708c00000, 0x0000000708c00000| Untracked 
|  12|0x0000000708e00000, 0x0000000708e00000, 0x0000000709000000|  0%| F|  |TAMS 0x0000000708e00000, 0x0000000708e00000| Untracked 
|  13|0x0000000709000000, 0x0000000709000000, 0x0000000709200000|  0%| F|  |TAMS 0x0000000709000000, 0x0000000709000000| Untracked 
|  14|0x0000000709200000, 0x0000000709200000, 0x0000000709400000|  0%| F|  |TAMS 0x0000000709200000, 0x0000000709200000| Untracked 
|  15|0x0000000709400000, 0x0000000709400000, 0x0000000709600000|  0%| F|  |TAMS 0x0000000709400000, 0x0000000709400000| Untracked 
|  16|0x0000000709600000, 0x0000000709600000, 0x0000000709800000|  0%| F|  |TAMS 0x0000000709600000, 0x0000000709600000| Untracked 
|  17|0x0000000709800000, 0x0000000709800000, 0x0000000709a00000|  0%| F|  |TAMS 0x0000000709800000, 0x0000000709800000| Untracked 
|  18|0x0000000709a00000, 0x0000000709a00000, 0x0000000709c00000|  0%| F|  |TAMS 0x0000000709a00000, 0x0000000709a00000| Untracked 
|  19|0x0000000709c00000, 0x0000000709c00000, 0x0000000709e00000|  0%| F|  |TAMS 0x0000000709c00000, 0x0000000709c00000| Untracked 
|  20|0x0000000709e00000, 0x0000000709e00000, 0x000000070a000000|  0%| F|  |TAMS 0x0000000709e00000, 0x0000000709e00000| Untracked 
|  21|0x000000070a000000, 0x000000070a000000, 0x000000070a200000|  0%| F|  |TAMS 0x000000070a000000, 0x000000070a000000| Untracked 
|  22|0x000000070a200000, 0x000000070a200000, 0x000000070a400000|  0%| F|  |TAMS 0x000000070a200000, 0x000000070a200000| Untracked 
|  23|0x000000070a400000, 0x000000070a400000, 0x000000070a600000|  0%| F|  |TAMS 0x000000070a400000, 0x000000070a400000| Untracked 
|  24|0x000000070a600000, 0x000000070a600000, 0x000000070a800000|  0%| F|  |TAMS 0x000000070a600000, 0x000000070a600000| Untracked 
|  25|0x000000070a800000, 0x000000070a800000, 0x000000070aa00000|  0%| F|  |TAMS 0x000000070a800000, 0x000000070a800000| Untracked 
|  26|0x000000070aa00000, 0x000000070aa00000, 0x000000070ac00000|  0%| F|  |TAMS 0x000000070aa00000, 0x000000070aa00000| Untracked 
|  27|0x000000070ac00000, 0x000000070ac00000, 0x000000070ae00000|  0%| F|  |TAMS 0x000000070ac00000, 0x000000070ac00000| Untracked 
|  28|0x000000070ae00000, 0x000000070ae00000, 0x000000070b000000|  0%| F|  |TAMS 0x000000070ae00000, 0x000000070ae00000| Untracked 
|  29|0x000000070b000000, 0x000000070b000000, 0x000000070b200000|  0%| F|  |TAMS 0x000000070b000000, 0x000000070b000000| Untracked 
|  30|0x000000070b200000, 0x000000070b200000, 0x000000070b400000|  0%| F|  |TAMS 0x000000070b200000, 0x000000070b200000| Untracked 
|  31|0x000000070b400000, 0x000000070b400000, 0x000000070b600000|  0%| F|  |TAMS 0x000000070b400000, 0x000000070b400000| Untracked 
|  32|0x000000070b600000, 0x000000070b600000, 0x000000070b800000|  0%| F|  |TAMS 0x000000070b600000, 0x000000070b600000| Untracked 
|  33|0x000000070b800000, 0x000000070b800000, 0x000000070ba00000|  0%| F|  |TAMS 0x000000070b800000, 0x000000070b800000| Untracked 
|  34|0x000000070ba00000, 0x000000070ba00000, 0x000000070bc00000|  0%| F|  |TAMS 0x000000070ba00000, 0x000000070ba00000| Untracked 
|  35|0x000000070bc00000, 0x000000070bc00000, 0x000000070be00000|  0%| F|  |TAMS 0x000000070bc00000, 0x000000070bc00000| Untracked 
|  36|0x000000070be00000, 0x000000070be00000, 0x000000070c000000|  0%| F|  |TAMS 0x000000070be00000, 0x000000070be00000| Untracked 
|  37|0x000000070c000000, 0x000000070c000000, 0x000000070c200000|  0%| F|  |TAMS 0x000000070c000000, 0x000000070c000000| Untracked 
|  38|0x000000070c200000, 0x000000070c200000, 0x000000070c400000|  0%| F|  |TAMS 0x000000070c200000, 0x000000070c200000| Untracked 
|  39|0x000000070c400000, 0x000000070c400000, 0x000000070c600000|  0%| F|  |TAMS 0x000000070c400000, 0x000000070c400000| Untracked 
|  40|0x000000070c600000, 0x000000070c600000, 0x000000070c800000|  0%| F|  |TAMS 0x000000070c600000, 0x000000070c600000| Untracked 
|  41|0x000000070c800000, 0x000000070c800000, 0x000000070ca00000|  0%| F|  |TAMS 0x000000070c800000, 0x000000070c800000| Untracked 
|  42|0x000000070ca00000, 0x000000070ca00000, 0x000000070cc00000|  0%| F|  |TAMS 0x000000070ca00000, 0x000000070ca00000| Untracked 
|  43|0x000000070cc00000, 0x000000070cc00000, 0x000000070ce00000|  0%| F|  |TAMS 0x000000070cc00000, 0x000000070cc00000| Untracked 
|  44|0x000000070ce00000, 0x000000070ce00000, 0x000000070d000000|  0%| F|  |TAMS 0x000000070ce00000, 0x000000070ce00000| Untracked 
|  45|0x000000070d000000, 0x000000070d000000, 0x000000070d200000|  0%| F|  |TAMS 0x000000070d000000, 0x000000070d000000| Untracked 
|  46|0x000000070d200000, 0x000000070d200000, 0x000000070d400000|  0%| F|  |TAMS 0x000000070d200000, 0x000000070d200000| Untracked 
|  47|0x000000070d400000, 0x000000070d400000, 0x000000070d600000|  0%| F|  |TAMS 0x000000070d400000, 0x000000070d400000| Untracked 
|  48|0x000000070d600000, 0x000000070d600000, 0x000000070d800000|  0%| F|  |TAMS 0x000000070d600000, 0x000000070d600000| Untracked 
|  49|0x000000070d800000, 0x000000070d800000, 0x000000070da00000|  0%| F|  |TAMS 0x000000070d800000, 0x000000070d800000| Untracked 
|  50|0x000000070da00000, 0x000000070da00000, 0x000000070dc00000|  0%| F|  |TAMS 0x000000070da00000, 0x000000070da00000| Untracked 
|  51|0x000000070dc00000, 0x000000070dc00000, 0x000000070de00000|  0%| F|  |TAMS 0x000000070dc00000, 0x000000070dc00000| Untracked 
|  52|0x000000070de00000, 0x000000070de00000, 0x000000070e000000|  0%| F|  |TAMS 0x000000070de00000, 0x000000070de00000| Untracked 
|  53|0x000000070e000000, 0x000000070e000000, 0x000000070e200000|  0%| F|  |TAMS 0x000000070e000000, 0x000000070e000000| Untracked 
|  54|0x000000070e200000, 0x000000070e200000, 0x000000070e400000|  0%| F|  |TAMS 0x000000070e200000, 0x000000070e200000| Untracked 
|  55|0x000000070e400000, 0x000000070e400000, 0x000000070e600000|  0%| F|  |TAMS 0x000000070e400000, 0x000000070e400000| Untracked 
|  56|0x000000070e600000, 0x000000070e600000, 0x000000070e800000|  0%| F|  |TAMS 0x000000070e600000, 0x000000070e600000| Untracked 
|  57|0x000000070e800000, 0x000000070e800000, 0x000000070ea00000|  0%| F|  |TAMS 0x000000070e800000, 0x000000070e800000| Untracked 
|  58|0x000000070ea00000, 0x000000070ea00000, 0x000000070ec00000|  0%| F|  |TAMS 0x000000070ea00000, 0x000000070ea00000| Untracked 
|  59|0x000000070ec00000, 0x000000070ec00000, 0x000000070ee00000|  0%| F|  |TAMS 0x000000070ec00000, 0x000000070ec00000| Untracked 
|  60|0x000000070ee00000, 0x000000070ee00000, 0x000000070f000000|  0%| F|  |TAMS 0x000000070ee00000, 0x000000070ee00000| Untracked 
|  61|0x000000070f000000, 0x000000070f000000, 0x000000070f200000|  0%| F|  |TAMS 0x000000070f000000, 0x000000070f000000| Untracked 
|  62|0x000000070f200000, 0x000000070f200000, 0x000000070f400000|  0%| F|  |TAMS 0x000000070f200000, 0x000000070f200000| Untracked 
|  63|0x000000070f400000, 0x000000070f400000, 0x000000070f600000|  0%| F|  |TAMS 0x000000070f400000, 0x000000070f400000| Untracked 
|  64|0x000000070f600000, 0x000000070f600000, 0x000000070f800000|  0%| F|  |TAMS 0x000000070f600000, 0x000000070f600000| Untracked 
|  65|0x000000070f800000, 0x000000070f800000, 0x000000070fa00000|  0%| F|  |TAMS 0x000000070f800000, 0x000000070f800000| Untracked 
|  66|0x000000070fa00000, 0x000000070fa00000, 0x000000070fc00000|  0%| F|  |TAMS 0x000000070fa00000, 0x000000070fa00000| Untracked 
|  67|0x000000070fc00000, 0x000000070fc00000, 0x000000070fe00000|  0%| F|  |TAMS 0x000000070fc00000, 0x000000070fc00000| Untracked 
|  68|0x000000070fe00000, 0x000000070fe00000, 0x0000000710000000|  0%| F|  |TAMS 0x000000070fe00000, 0x000000070fe00000| Untracked 
|  69|0x0000000710000000, 0x0000000710000000, 0x0000000710200000|  0%| F|  |TAMS 0x0000000710000000, 0x0000000710000000| Untracked 
|  70|0x0000000710200000, 0x0000000710200000, 0x0000000710400000|  0%| F|  |TAMS 0x0000000710200000, 0x0000000710200000| Untracked 
|  71|0x0000000710400000, 0x0000000710400000, 0x0000000710600000|  0%| F|  |TAMS 0x0000000710400000, 0x0000000710400000| Untracked 
|  72|0x0000000710600000, 0x0000000710600000, 0x0000000710800000|  0%| F|  |TAMS 0x0000000710600000, 0x0000000710600000| Untracked 
|  73|0x0000000710800000, 0x0000000710800000, 0x0000000710a00000|  0%| F|  |TAMS 0x0000000710800000, 0x0000000710800000| Untracked 
|  74|0x0000000710a00000, 0x0000000710a00000, 0x0000000710c00000|  0%| F|  |TAMS 0x0000000710a00000, 0x0000000710a00000| Untracked 
|  75|0x0000000710c00000, 0x0000000710c00000, 0x0000000710e00000|  0%| F|  |TAMS 0x0000000710c00000, 0x0000000710c00000| Untracked 
|  76|0x0000000710e00000, 0x0000000710e00000, 0x0000000711000000|  0%| F|  |TAMS 0x0000000710e00000, 0x0000000710e00000| Untracked 
|  77|0x0000000711000000, 0x0000000711000000, 0x0000000711200000|  0%| F|  |TAMS 0x0000000711000000, 0x0000000711000000| Untracked 
|  78|0x0000000711200000, 0x0000000711200000, 0x0000000711400000|  0%| F|  |TAMS 0x0000000711200000, 0x0000000711200000| Untracked 
|  79|0x0000000711400000, 0x0000000711400000, 0x0000000711600000|  0%| F|  |TAMS 0x0000000711400000, 0x0000000711400000| Untracked 
|  80|0x0000000711600000, 0x0000000711600000, 0x0000000711800000|  0%| F|  |TAMS 0x0000000711600000, 0x0000000711600000| Untracked 
|  81|0x0000000711800000, 0x0000000711800000, 0x0000000711a00000|  0%| F|  |TAMS 0x0000000711800000, 0x0000000711800000| Untracked 
|  82|0x0000000711a00000, 0x0000000711a00000, 0x0000000711c00000|  0%| F|  |TAMS 0x0000000711a00000, 0x0000000711a00000| Untracked 
|  83|0x0000000711c00000, 0x0000000711c00000, 0x0000000711e00000|  0%| F|  |TAMS 0x0000000711c00000, 0x0000000711c00000| Untracked 
|  84|0x0000000711e00000, 0x0000000711e00000, 0x0000000712000000|  0%| F|  |TAMS 0x0000000711e00000, 0x0000000711e00000| Untracked 
|  85|0x0000000712000000, 0x0000000712000000, 0x0000000712200000|  0%| F|  |TAMS 0x0000000712000000, 0x0000000712000000| Untracked 
|  86|0x0000000712200000, 0x0000000712200000, 0x0000000712400000|  0%| F|  |TAMS 0x0000000712200000, 0x0000000712200000| Untracked 
|  87|0x0000000712400000, 0x0000000712400000, 0x0000000712600000|  0%| F|  |TAMS 0x0000000712400000, 0x0000000712400000| Untracked 
|  88|0x0000000712600000, 0x0000000712600000, 0x0000000712800000|  0%| F|  |TAMS 0x0000000712600000, 0x0000000712600000| Untracked 
|  89|0x0000000712800000, 0x0000000712800000, 0x0000000712a00000|  0%| F|  |TAMS 0x0000000712800000, 0x0000000712800000| Untracked 
|  90|0x0000000712a00000, 0x0000000712a00000, 0x0000000712c00000|  0%| F|  |TAMS 0x0000000712a00000, 0x0000000712a00000| Untracked 
|  91|0x0000000712c00000, 0x0000000712c00000, 0x0000000712e00000|  0%| F|  |TAMS 0x0000000712c00000, 0x0000000712c00000| Untracked 
|  92|0x0000000712e00000, 0x0000000712e00000, 0x0000000713000000|  0%| F|  |TAMS 0x0000000712e00000, 0x0000000712e00000| Untracked 
|  93|0x0000000713000000, 0x0000000713000000, 0x0000000713200000|  0%| F|  |TAMS 0x0000000713000000, 0x0000000713000000| Untracked 
|  94|0x0000000713200000, 0x0000000713200000, 0x0000000713400000|  0%| F|  |TAMS 0x0000000713200000, 0x0000000713200000| Untracked 
|  95|0x0000000713400000, 0x0000000713400000, 0x0000000713600000|  0%| F|  |TAMS 0x0000000713400000, 0x0000000713400000| Untracked 
|  96|0x0000000713600000, 0x0000000713600000, 0x0000000713800000|  0%| F|  |TAMS 0x0000000713600000, 0x0000000713600000| Untracked 
|  97|0x0000000713800000, 0x0000000713800000, 0x0000000713a00000|  0%| F|  |TAMS 0x0000000713800000, 0x0000000713800000| Untracked 
|  98|0x0000000713a00000, 0x0000000713a00000, 0x0000000713c00000|  0%| F|  |TAMS 0x0000000713a00000, 0x0000000713a00000| Untracked 
|  99|0x0000000713c00000, 0x0000000713c00000, 0x0000000713e00000|  0%| F|  |TAMS 0x0000000713c00000, 0x0000000713c00000| Untracked 
| 100|0x0000000713e00000, 0x0000000713e00000, 0x0000000714000000|  0%| F|  |TAMS 0x0000000713e00000, 0x0000000713e00000| Untracked 
| 101|0x0000000714000000, 0x0000000714000000, 0x0000000714200000|  0%| F|  |TAMS 0x0000000714000000, 0x0000000714000000| Untracked 
| 102|0x0000000714200000, 0x0000000714200000, 0x0000000714400000|  0%| F|  |TAMS 0x0000000714200000, 0x0000000714200000| Untracked 
| 103|0x0000000714400000, 0x0000000714400000, 0x0000000714600000|  0%| F|  |TAMS 0x0000000714400000, 0x0000000714400000| Untracked 
| 104|0x0000000714600000, 0x0000000714600000, 0x0000000714800000|  0%| F|  |TAMS 0x0000000714600000, 0x0000000714600000| Untracked 
| 105|0x0000000714800000, 0x0000000714800000, 0x0000000714a00000|  0%| F|  |TAMS 0x0000000714800000, 0x0000000714800000| Untracked 
| 106|0x0000000714a00000, 0x0000000714a00000, 0x0000000714c00000|  0%| F|  |TAMS 0x0000000714a00000, 0x0000000714a00000| Untracked 
| 107|0x0000000714c00000, 0x0000000714c00000, 0x0000000714e00000|  0%| F|  |TAMS 0x0000000714c00000, 0x0000000714c00000| Untracked 
| 108|0x0000000714e00000, 0x0000000714e00000, 0x0000000715000000|  0%| F|  |TAMS 0x0000000714e00000, 0x0000000714e00000| Untracked 
| 109|0x0000000715000000, 0x0000000715000000, 0x0000000715200000|  0%| F|  |TAMS 0x0000000715000000, 0x0000000715000000| Untracked 
| 110|0x0000000715200000, 0x0000000715200000, 0x0000000715400000|  0%| F|  |TAMS 0x0000000715200000, 0x0000000715200000| Untracked 
| 111|0x0000000715400000, 0x0000000715400000, 0x0000000715600000|  0%| F|  |TAMS 0x0000000715400000, 0x0000000715400000| Untracked 
| 112|0x0000000715600000, 0x0000000715600000, 0x0000000715800000|  0%| F|  |TAMS 0x0000000715600000, 0x0000000715600000| Untracked 
| 113|0x0000000715800000, 0x0000000715800000, 0x0000000715a00000|  0%| F|  |TAMS 0x0000000715800000, 0x0000000715800000| Untracked 
| 114|0x0000000715a00000, 0x0000000715a00000, 0x0000000715c00000|  0%| F|  |TAMS 0x0000000715a00000, 0x0000000715a00000| Untracked 
| 115|0x0000000715c00000, 0x0000000715c00000, 0x0000000715e00000|  0%| F|  |TAMS 0x0000000715c00000, 0x0000000715c00000| Untracked 
| 116|0x0000000715e00000, 0x0000000715e00000, 0x0000000716000000|  0%| F|  |TAMS 0x0000000715e00000, 0x0000000715e00000| Untracked 
| 117|0x0000000716000000, 0x0000000716000000, 0x0000000716200000|  0%| F|  |TAMS 0x0000000716000000, 0x0000000716000000| Untracked 
| 118|0x0000000716200000, 0x0000000716200000, 0x0000000716400000|  0%| F|  |TAMS 0x0000000716200000, 0x0000000716200000| Untracked 
| 119|0x0000000716400000, 0x0000000716400000, 0x0000000716600000|  0%| F|  |TAMS 0x0000000716400000, 0x0000000716400000| Untracked 
| 120|0x0000000716600000, 0x0000000716600000, 0x0000000716800000|  0%| F|  |TAMS 0x0000000716600000, 0x0000000716600000| Untracked 
| 121|0x0000000716800000, 0x0000000716953830, 0x0000000716a00000| 66%| E|  |TAMS 0x0000000716800000, 0x0000000716800000| Complete 
| 122|0x0000000716a00000, 0x0000000716c00000, 0x0000000716c00000|100%| E|CS|TAMS 0x0000000716a00000, 0x0000000716a00000| Complete 
| 123|0x0000000716c00000, 0x0000000716e00000, 0x0000000716e00000|100%| E|CS|TAMS 0x0000000716c00000, 0x0000000716c00000| Complete 
| 124|0x0000000716e00000, 0x0000000717000000, 0x0000000717000000|100%| E|CS|TAMS 0x0000000716e00000, 0x0000000716e00000| Complete 

Card table byte_map: [0x00007f9e4ca2f000,0x00007f9e4d1f4000] _byte_map_base: 0x00007f9e491f4000

Marking Bits (Prev, Next): (CMBitMap*) 0x00007f9e60075ee0, (CMBitMap*) 0x00007f9e60075f20
 Prev Bits: [0x00007f9e48442000, 0x00007f9e4c26a000)
 Next Bits: [0x00007f9e4461a000, 0x00007f9e48442000)

Polling page: 0x00007f9e67520000

Metaspace:

Usage:
  Non-class:      8,64 MB used.
      Class:    868,06 KB used.
       Both:      9,49 MB used.

Virtual space:
  Non-class space:       16,00 MB reserved,       8,75 MB ( 55%) committed,  2 nodes.
      Class space:        1,00 GB reserved,     896,00 KB ( <1%) committed,  1 nodes.
             Both:        1,02 GB reserved,       9,62 MB ( <1%) committed. 

Chunk freelists:
   Non-Class:  2,61 MB
       Class:  2,95 MB
        Both:  5,56 MB

MaxMetaspaceSize: unlimited
CompressedClassSpaceSize: 1,00 GB
Initial GC threshold: 21,00 MB
Current GC threshold: 21,00 MB
CDS: off
MetaspaceReclaimPolicy: balanced
 - commit_granule_bytes: 65536.
 - commit_granule_words: 8192.
 - virtual_space_node_default_size: 1048576.
 - enlarge_chunks_in_place: 1.
 - new_chunks_are_fully_committed: 0.
 - uncommit_free_chunks: 1.
 - use_allocation_guard: 0.
 - handle_deallocations: 1.


Internal statistics:

num_allocs_failed_limit: 0.
num_arena_births: 20.
num_arena_deaths: 0.
num_vsnodes_births: 3.
num_vsnodes_deaths: 0.
num_space_committed: 154.
num_space_uncommitted: 0.
num_chunks_returned_to_freelist: 0.
num_chunks_taken_from_freelist: 64.
num_chunk_merges: 0.
num_chunk_splits: 33.
num_chunks_enlarged: 25.
num_purges: 0.
num_inconsistent_stats: 0.

CodeHeap 'non-profiled nmethods': size=120028Kb used=171Kb max_used=171Kb free=119856Kb
 bounds [0x00007f9e55482000, 0x00007f9e556f2000, 0x00007f9e5c9b9000]
CodeHeap 'profiled nmethods': size=120028Kb used=735Kb max_used=735Kb free=119293Kb
 bounds [0x00007f9e4df4b000, 0x00007f9e4e1bb000, 0x00007f9e55482000]
CodeHeap 'non-nmethods': size=5704Kb used=1181Kb max_used=1200Kb free=4522Kb
 bounds [0x00007f9e4d9b9000, 0x00007f9e4dc29000, 0x00007f9e4df4b000]
 total_blobs=925 nmethods=514 adapters=325
 compilation: enabled
              stopped_count=0, restarted_count=0
 full_count=0

Compilation events (20 events):
Event: 0,430 Thread 0x00007f9e601ffc60 nmethod 503 0x00007f9e4dfffe10 code [0x00007f9e4dffffc0, 0x00007f9e4e000170]
Event: 0,430 Thread 0x00007f9e601fe780 nmethod 480% 0x00007f9e554aa810 code [0x00007f9e554aa9a0, 0x00007f9e554aabd8]
Event: 0,431 Thread 0x00007f9e601fe780  475       4       java.lang.StringUTF16::compress (50 bytes)
Event: 0,431 Thread 0x00007f9e601ffc60  505       3       java.lang.StringBuilder::<init> (6 bytes)
Event: 0,431 Thread 0x00007f9e601ffc60 nmethod 505 0x00007f9e4e000290 code [0x00007f9e4e000440, 0x00007f9e4e000580]
Event: 0,432 Thread 0x00007f9e601ffc60  507       3       java.lang.invoke.MemberName::isConstructor (8 bytes)
Event: 0,432 Thread 0x00007f9e601ffc60 nmethod 507 0x00007f9e4e000610 code [0x00007f9e4e0007c0, 0x00007f9e4e0009f0]
Event: 0,436 Thread 0x00007f9e601fe780 nmethod 475 0x00007f9e554ab390 code [0x00007f9e554ab520, 0x00007f9e554ab9d8]
Event: 0,436 Thread 0x00007f9e601fe780  469       4       org.eclipse.jdt.launching.internal.org.objectweb.asm.ClassReader::getItem (7 bytes)
Event: 0,436 Thread 0x00007f9e601fe780 nmethod 469 0x00007f9e554abb90 code [0x00007f9e554abd20, 0x00007f9e554abdd8]
Event: 6,698 Thread 0x00007f9e601ffc60  509       3       java.lang.invoke.MemberName::getMethodOrFieldType (72 bytes)
Event: 6,701 Thread 0x00007f9e601fe780  513       4       java.lang.StringLatin1::newString (24 bytes)
Event: 6,703 Thread 0x00007f9e601ffc60 nmethod 509 0x00007f9e4e000b10 code [0x00007f9e4e000e40, 0x00007f9e4e001d20]
Event: 6,703 Thread 0x00007f9e601ffc60  510       3       jdk.internal.org.objectweb.asm.ByteVector::put122 (93 bytes)
Event: 6,704 Thread 0x00007f9e601ffc60 nmethod 510 0x00007f9e4e002290 code [0x00007f9e4e002440, 0x00007f9e4e0026e0]
Event: 6,704 Thread 0x00007f9e601ffc60  512       3       java.lang.reflect.Modifier::isStatic (13 bytes)
Event: 6,705 Thread 0x00007f9e601ffc60 nmethod 512 0x00007f9e4e002890 code [0x00007f9e4e002a20, 0x00007f9e4e002b70]
Event: 6,705 Thread 0x00007f9e601ffc60  514       1       jdk.internal.org.objectweb.asm.SymbolTable::getMajorVersion (5 bytes)
Event: 6,706 Thread 0x00007f9e601ffc60 nmethod 514 0x00007f9e554ac510 code [0x00007f9e554ac6a0, 0x00007f9e554ac770]
Event: 6,716 Thread 0x00007f9e601fe780 nmethod 513 0x00007f9e554ac810 code [0x00007f9e554ac9a0, 0x00007f9e554acd78]

GC Heap History (0 events):
No events

Deoptimization events (20 events):
Event: 0,387 Thread 0x00007f9e60026330 DEOPT PACKING pc=0x00007f9e4dfc397c sp=0x00007f9e65935400
Event: 0,387 Thread 0x00007f9e60026330 DEOPT UNPACKING pc=0x00007f9e4da0b82f sp=0x00007f9e65934888 mode 0
Event: 0,389 Thread 0x00007f9e60026330 DEOPT PACKING pc=0x00007f9e4dfc397c sp=0x00007f9e659366f0
Event: 0,389 Thread 0x00007f9e60026330 DEOPT UNPACKING pc=0x00007f9e4da0b82f sp=0x00007f9e65935b78 mode 0
Event: 0,389 Thread 0x00007f9e60026330 DEOPT PACKING pc=0x00007f9e4dfc397c sp=0x00007f9e659366f0
Event: 0,389 Thread 0x00007f9e60026330 DEOPT UNPACKING pc=0x00007f9e4da0b82f sp=0x00007f9e65935b78 mode 0
Event: 0,389 Thread 0x00007f9e60026330 DEOPT PACKING pc=0x00007f9e4dfc397c sp=0x00007f9e659366f0
Event: 0,389 Thread 0x00007f9e60026330 DEOPT UNPACKING pc=0x00007f9e4da0b82f sp=0x00007f9e65935b78 mode 0
Event: 0,390 Thread 0x00007f9e60026330 DEOPT PACKING pc=0x00007f9e4dfc397c sp=0x00007f9e65935380
Event: 0,390 Thread 0x00007f9e60026330 DEOPT UNPACKING pc=0x00007f9e4da0b82f sp=0x00007f9e65934808 mode 0
Event: 0,393 Thread 0x00007f9e60026330 DEOPT PACKING pc=0x00007f9e4dfc397c sp=0x00007f9e659362b0
Event: 0,393 Thread 0x00007f9e60026330 DEOPT UNPACKING pc=0x00007f9e4da0b82f sp=0x00007f9e65935738 mode 0
Event: 0,394 Thread 0x00007f9e60026330 DEOPT PACKING pc=0x00007f9e4dfc397c sp=0x00007f9e659366e0
Event: 0,394 Thread 0x00007f9e60026330 DEOPT UNPACKING pc=0x00007f9e4da0b82f sp=0x00007f9e65935b68 mode 0
Event: 0,396 Thread 0x00007f9e60026330 DEOPT PACKING pc=0x00007f9e4dfc397c sp=0x00007f9e65935000
Event: 0,396 Thread 0x00007f9e60026330 DEOPT UNPACKING pc=0x00007f9e4da0b82f sp=0x00007f9e65934488 mode 0
Event: 0,396 Thread 0x00007f9e60026330 DEOPT PACKING pc=0x00007f9e4dfc397c sp=0x00007f9e65935000
Event: 0,396 Thread 0x00007f9e60026330 DEOPT UNPACKING pc=0x00007f9e4da0b82f sp=0x00007f9e65934488 mode 0
Event: 0,396 Thread 0x00007f9e60026330 DEOPT PACKING pc=0x00007f9e4dfc397c sp=0x00007f9e65935000
Event: 0,396 Thread 0x00007f9e60026330 DEOPT UNPACKING pc=0x00007f9e4da0b82f sp=0x00007f9e65934488 mode 0

Classes unloaded (0 events):
No events

Classes redefined (1 events):
Event: 70,799 Thread 0x00007f9e60183a10 redefined class name=br.ufs.dcomp.AIproject.constraints.DependentMembersConstraint, count=1

Internal exceptions (6 events):
Event: 0,428 Thread 0x00007f9e60026330 Exception <a 'java/lang/NoSuchMethodError'{0x00000007168eb2f8}: 'void java.lang.invoke.DirectMethodHandle$Holder.invokeStatic(java.lang.Object, java.lang.Object)'> (0x00000007168eb2f8) 
thrown [src/hotspot/share/interpreter/linkResolver.cpp, line 766]
Event: 0,429 Thread 0x00007f9e60026330 Exception <a 'java/lang/NoSuchMethodError'{0x00000007168ee920}: 'void java.lang.invoke.DirectMethodHandle$Holder.invokeStaticInit(java.lang.Object, java.lang.Object)'> (0x00000007168ee920) 
thrown [src/hotspot/share/interpreter/linkResolver.cpp, line 766]
Event: 0,430 Thread 0x00007f9e60026330 Exception <a 'java/lang/NoSuchMethodError'{0x00000007168f4220}: 'int java.lang.invoke.DirectMethodHandle$Holder.invokeStatic(java.lang.Object)'> (0x00000007168f4220) 
thrown [src/hotspot/share/interpreter/linkResolver.cpp, line 766]
Event: 0,430 Thread 0x00007f9e60026330 Exception <a 'java/lang/NoSuchMethodError'{0x00000007168f76d0}: 'int java.lang.invoke.DirectMethodHandle$Holder.invokeStaticInit(java.lang.Object)'> (0x00000007168f76d0) 
thrown [src/hotspot/share/interpreter/linkResolver.cpp, line 766]
Event: 0,431 Thread 0x00007f9e60026330 Exception <a 'java/lang/NoSuchMethodError'{0x00000007168fe1a0}: 'int java.lang.invoke.DirectMethodHandle$Holder.invokeSpecial(java.lang.Object, java.lang.Object, java.lang.Object)'> (0x00000007168fe1a0) 
thrown [src/hotspot/share/interpreter/linkResolver.cpp, line 766]
Event: 6,700 Thread 0x00007f9e60026330 Exception <a 'java/lang/NoSuchMethodError'{0x000000071690ed80}: 'java.lang.Object java.lang.invoke.DirectMethodHandle$Holder.invokeInterface(java.lang.Object, java.lang.Object)'> (0x000000071690ed80) 
thrown [src/hotspot/share/interpreter/linkResolver.cpp, line 766]

VM Operations (20 events):
Event: 29,779 Executing VM operation: get/set locals
Event: 29,779 Executing VM operation: get/set locals done
Event: 29,779 Executing VM operation: get/set locals
Event: 29,779 Executing VM operation: get/set locals done
Event: 29,779 Executing VM operation: get/set locals
Event: 29,779 Executing VM operation: get/set locals done
Event: 29,780 Executing VM operation: get/set locals
Event: 29,780 Executing VM operation: get/set locals done
Event: 29,780 Executing VM operation: get/set locals
Event: 29,780 Executing VM operation: get/set locals done
Event: 29,780 Executing VM operation: get/set locals
Event: 29,780 Executing VM operation: get/set locals done
Event: 29,780 Executing VM operation: get/set locals
Event: 29,780 Executing VM operation: get/set locals done
Event: 29,780 Executing VM operation: get/set locals
Event: 29,780 Executing VM operation: get/set locals done
Event: 29,781 Executing VM operation: get/set locals
Event: 29,781 Executing VM operation: get/set locals done
Event: 70,798 Executing VM operation: RedefineClasses
Event: 70,800 Executing VM operation: RedefineClasses done

Events (20 events):
Event: 0,428 loading class java/lang/IncompatibleClassChangeError done
Event: 0,428 loading class java/lang/NoSuchMethodError done
Event: 0,430 loading class java/util/ArrayList$ArrayListSpliterator
Event: 0,431 loading class java/util/ArrayList$ArrayListSpliterator done
Event: 0,431 loading class java/util/stream/MatchOps$MatchKind
Event: 0,432 loading class java/util/stream/MatchOps$MatchKind done
Event: 0,432 loading class java/util/stream/MatchOps
Event: 0,432 loading class java/util/stream/MatchOps done
Event: 0,432 loading class java/util/stream/MatchOps$MatchOp
Event: 0,432 loading class java/util/stream/MatchOps$MatchOp done
Event: 0,432 loading class java/util/stream/MatchOps$BooleanTerminalSink
Event: 0,432 loading class java/util/stream/MatchOps$BooleanTerminalSink done
Event: 0,432 loading class java/util/stream/MatchOps$1MatchSink
Event: 0,432 loading class java/util/stream/MatchOps$1MatchSink done
Event: 6,706 loading class java/util/stream/ForEachOps
Event: 6,706 loading class java/util/stream/ForEachOps done
Event: 6,706 loading class java/util/stream/ForEachOps$ForEachOp$OfRef
Event: 6,707 loading class java/util/stream/ForEachOps$ForEachOp
Event: 6,707 loading class java/util/stream/ForEachOps$ForEachOp done
Event: 6,707 loading class java/util/stream/ForEachOps$ForEachOp$OfRef done


Dynamic libraries:
707600000-717000000 rw-p 00000000 00:00 0 
717000000-800000000 ---p 00000000 00:00 0 
800000000-800020000 rw-p 00000000 00:00 0 
800020000-800040000 rw-p 00000000 00:00 0 
800040000-8000d0000 rw-p 00000000 00:00 0 
8000d0000-800100000 ---p 00000000 00:00 0 
800100000-800110000 rw-p 00000000 00:00 0 
800110000-840000000 ---p 00000000 00:00 0 
557ec1c5f000-557ec1c60000 r-xp 00000000 103:04 808978                    /home/juanb/eclipse/plugins/org.eclipse.justj.openjdk.hotspot.jre.full.linux.x86_64_17.0.1.v20211116-1657/jre/bin/java
557ec1e60000-557ec1e61000 r--p 00001000 103:04 808978                    /home/juanb/eclipse/plugins/org.eclipse.justj.openjdk.hotspot.jre.full.linux.x86_64_17.0.1.v20211116-1657/jre/bin/java
557ec1e61000-557ec1e62000 rw-p 00002000 103:04 808978                    /home/juanb/eclipse/plugins/org.eclipse.justj.openjdk.hotspot.jre.full.linux.x86_64_17.0.1.v20211116-1657/jre/bin/java
557ec32b0000-557ec32d1000 rw-p 00000000 00:00 0                          [heap]
7f9dec000000-7f9dec021000 rw-p 00000000 00:00 0 
7f9dec021000-7f9df0000000 ---p 00000000 00:00 0 
7f9df0000000-7f9df0021000 rw-p 00000000 00:00 0 
7f9df0021000-7f9df4000000 ---p 00000000 00:00 0 
7f9df4000000-7f9df4021000 rw-p 00000000 00:00 0 
7f9df4021000-7f9df8000000 ---p 00000000 00:00 0 
7f9df8000000-7f9df8021000 rw-p 00000000 00:00 0 
7f9df8021000-7f9dfc000000 ---p 00000000 00:00 0 
7f9dfc000000-7f9dfc028000 rw-p 00000000 00:00 0 
7f9dfc028000-7f9e00000000 ---p 00000000 00:00 0 
7f9e00000000-7f9e00021000 rw-p 00000000 00:00 0 
7f9e00021000-7f9e04000000 ---p 00000000 00:00 0 
7f9e06804000-7f9e06bee000 rw-p 00000000 00:00 0 
7f9e06bee000-7f9e06bfb000 r-xp 00000000 103:04 1371440                   /home/juanb/eclipse/plugins/org.eclipse.justj.openjdk.hotspot.jre.full.linux.x86_64_17.0.1.v20211116-1657/jre/lib/libverify.so
7f9e06bfb000-7f9e06dfa000 ---p 0000d000 103:04 1371440                   /home/juanb/eclipse/plugins/org.eclipse.justj.openjdk.hotspot.jre.full.linux.x86_64_17.0.1.v20211116-1657/jre/lib/libverify.so
7f9e06dfa000-7f9e06dfc000 r--p 0000c000 103:04 1371440                   /home/juanb/eclipse/plugins/org.eclipse.justj.openjdk.hotspot.jre.full.linux.x86_64_17.0.1.v20211116-1657/jre/lib/libverify.so
7f9e06dfc000-7f9e06dfd000 rw-p 0000e000 103:04 1371440                   /home/juanb/eclipse/plugins/org.eclipse.justj.openjdk.hotspot.jre.full.linux.x86_64_17.0.1.v20211116-1657/jre/lib/libverify.so
7f9e06dfd000-7f9e06dfe000 ---p 00000000 00:00 0 
7f9e06dfe000-7f9e06eff000 rw-p 00000000 00:00 0 
7f9e06eff000-7f9e06f03000 ---p 00000000 00:00 0 
7f9e06f03000-7f9e07070000 rw-p 00000000 00:00 0 
7f9e07070000-7f9e07100000 ---p 00000000 00:00 0 
7f9e07100000-7f9e07150000 rw-p 00000000 00:00 0 
7f9e07150000-7f9e07800000 ---p 00000000 00:00 0 
7f9e078d4000-7f9e078e9000 r-xp 00000000 103:04 1371447                   /home/juanb/eclipse/plugins/org.eclipse.justj.openjdk.hotspot.jre.full.linux.x86_64_17.0.1.v20211116-1657/jre/lib/libnet.so
7f9e078e9000-7f9e07ae8000 ---p 00015000 103:04 1371447                   /home/juanb/eclipse/plugins/org.eclipse.justj.openjdk.hotspot.jre.full.linux.x86_64_17.0.1.v20211116-1657/jre/lib/libnet.so
7f9e07ae8000-7f9e07ae9000 r--p 00014000 103:04 1371447                   /home/juanb/eclipse/plugins/org.eclipse.justj.openjdk.hotspot.jre.full.linux.x86_64_17.0.1.v20211116-1657/jre/lib/libnet.so
7f9e07ae9000-7f9e07aea000 rw-p 00015000 103:04 1371447                   /home/juanb/eclipse/plugins/org.eclipse.justj.openjdk.hotspot.jre.full.linux.x86_64_17.0.1.v20211116-1657/jre/lib/libnet.so
7f9e07aea000-7f9e07afc000 r-xp 00000000 103:04 1371441                   /home/juanb/eclipse/plugins/org.eclipse.justj.openjdk.hotspot.jre.full.linux.x86_64_17.0.1.v20211116-1657/jre/lib/libnio.so
7f9e07afc000-7f9e07cfb000 ---p 00012000 103:04 1371441                   /home/juanb/eclipse/plugins/org.eclipse.justj.openjdk.hotspot.jre.full.linux.x86_64_17.0.1.v20211116-1657/jre/lib/libnio.so
7f9e07cfb000-7f9e07cfc000 r--p 00011000 103:04 1371441                   /home/juanb/eclipse/plugins/org.eclipse.justj.openjdk.hotspot.jre.full.linux.x86_64_17.0.1.v20211116-1657/jre/lib/libnio.so
7f9e07cfc000-7f9e07cfd000 rw-p 00012000 103:04 1371441                   /home/juanb/eclipse/plugins/org.eclipse.justj.openjdk.hotspot.jre.full.linux.x86_64_17.0.1.v20211116-1657/jre/lib/libnio.so
7f9e07cfd000-7f9e07d01000 ---p 00000000 00:00 0 
7f9e07d01000-7f9e07dfe000 rw-p 00000000 00:00 0 
7f9e07dfe000-7f9e07e02000 ---p 00000000 00:00 0 
7f9e07e02000-7f9e07eff000 rw-p 00000000 00:00 0 
7f9e07eff000-7f9e07f03000 ---p 00000000 00:00 0 
7f9e07f03000-7f9e08000000 rw-p 00000000 00:00 0 
7f9e08000000-7f9e0826d000 rw-p 00000000 00:00 0 
7f9e0826d000-7f9e0c000000 ---p 00000000 00:00 0 
7f9e0c000000-7f9e0c021000 rw-p 00000000 00:00 0 
7f9e0c021000-7f9e10000000 ---p 00000000 00:00 0 
7f9e10000000-7f9e10021000 rw-p 00000000 00:00 0 
7f9e10021000-7f9e14000000 ---p 00000000 00:00 0 
7f9e14000000-7f9e1438a000 rw-p 00000000 00:00 0 
7f9e1438a000-7f9e18000000 ---p 00000000 00:00 0 
7f9e18000000-7f9e18021000 rw-p 00000000 00:00 0 
7f9e18021000-7f9e1c000000 ---p 00000000 00:00 0 
7f9e1c000000-7f9e1c021000 rw-p 00000000 00:00 0 
7f9e1c021000-7f9e20000000 ---p 00000000 00:00 0 
7f9e20000000-7f9e20021000 rw-p 00000000 00:00 0 
7f9e20021000-7f9e24000000 ---p 00000000 00:00 0 
7f9e24000000-7f9e24021000 rw-p 00000000 00:00 0 
7f9e24021000-7f9e28000000 ---p 00000000 00:00 0 
7f9e28000000-7f9e28021000 rw-p 00000000 00:00 0 
7f9e28021000-7f9e2c000000 ---p 00000000 00:00 0 
7f9e2c000000-7f9e2c021000 rw-p 00000000 00:00 0 
7f9e2c021000-7f9e30000000 ---p 00000000 00:00 0 
7f9e30000000-7f9e30021000 rw-p 00000000 00:00 0 
7f9e30021000-7f9e34000000 ---p 00000000 00:00 0 
7f9e34075000-7f9e3407a000 r-xp 00000000 103:04 1371471                   /home/juanb/eclipse/plugins/org.eclipse.justj.openjdk.hotspot.jre.full.linux.x86_64_17.0.1.v20211116-1657/jre/lib/libdt_socket.so
7f9e3407a000-7f9e34279000 ---p 00005000 103:04 1371471                   /home/juanb/eclipse/plugins/org.eclipse.justj.openjdk.hotspot.jre.full.linux.x86_64_17.0.1.v20211116-1657/jre/lib/libdt_socket.so
7f9e34279000-7f9e3427a000 r--p 00004000 103:04 1371471                   /home/juanb/eclipse/plugins/org.eclipse.justj.openjdk.hotspot.jre.full.linux.x86_64_17.0.1.v20211116-1657/jre/lib/libdt_socket.so
7f9e3427a000-7f9e3427b000 rw-p 00005000 103:04 1371471                   /home/juanb/eclipse/plugins/org.eclipse.justj.openjdk.hotspot.jre.full.linux.x86_64_17.0.1.v20211116-1657/jre/lib/libdt_socket.so
7f9e3427b000-7f9e3427f000 ---p 00000000 00:00 0 
7f9e3427f000-7f9e3437c000 rw-p 00000000 00:00 0 
7f9e3437c000-7f9e34380000 ---p 00000000 00:00 0 
7f9e34380000-7f9e3447d000 rw-p 00000000 00:00 0 
7f9e3447d000-7f9e34481000 ---p 00000000 00:00 0 
7f9e34481000-7f9e3457e000 rw-p 00000000 00:00 0 
7f9e3457e000-7f9e34582000 ---p 00000000 00:00 0 
7f9e34582000-7f9e3467f000 rw-p 00000000 00:00 0 
7f9e3467f000-7f9e34683000 ---p 00000000 00:00 0 
7f9e34683000-7f9e34780000 rw-p 00000000 00:00 0 
7f9e34780000-7f9e34784000 ---p 00000000 00:00 0 
7f9e34784000-7f9e34881000 rw-p 00000000 00:00 0 
7f9e34881000-7f9e34885000 ---p 00000000 00:00 0 
7f9e34885000-7f9e34982000 rw-p 00000000 00:00 0 
7f9e34982000-7f9e34ef3000 r--p 00000000 103:04 1835010                   /usr/lib/locale/locale-archive
7f9e34ef3000-7f9e34ef7000 ---p 00000000 00:00 0 
7f9e34ef7000-7f9e34ff4000 rw-p 00000000 00:00 0 
7f9e34ff4000-7f9e34ff8000 ---p 00000000 00:00 0 
7f9e34ff8000-7f9e350f5000 rw-p 00000000 00:00 0 
7f9e350f5000-7f9e350f6000 ---p 00000000 00:00 0 
7f9e350f6000-7f9e351f7000 rw-p 00000000 00:00 0 
7f9e351f7000-7f9e351fe000 r-xp 00000000 103:04 1371436                   /home/juanb/eclipse/plugins/org.eclipse.justj.openjdk.hotspot.jre.full.linux.x86_64_17.0.1.v20211116-1657/jre/lib/libzip.so
7f9e351fe000-7f9e353fe000 ---p 00007000 103:04 1371436                   /home/juanb/eclipse/plugins/org.eclipse.justj.openjdk.hotspot.jre.full.linux.x86_64_17.0.1.v20211116-1657/jre/lib/libzip.so
7f9e353fe000-7f9e353ff000 r--p 00007000 103:04 1371436                   /home/juanb/eclipse/plugins/org.eclipse.justj.openjdk.hotspot.jre.full.linux.x86_64_17.0.1.v20211116-1657/jre/lib/libzip.so
7f9e353ff000-7f9e35400000 rw-p 00008000 103:04 1371436                   /home/juanb/eclipse/plugins/org.eclipse.justj.openjdk.hotspot.jre.full.linux.x86_64_17.0.1.v20211116-1657/jre/lib/libzip.so
7f9e35400000-7f9e35900000 rw-p 00000000 00:00 0 
7f9e35900000-7f9e35920000 rw-p 00000000 00:00 0 
7f9e35920000-7f9e35940000 rw-p 00000000 00:00 0 
7f9e35940000-7f9e35980000 rw-p 00000000 00:00 0 
7f9e35980000-7f9e35c00000 rw-p 00000000 00:00 0 
7f9e35cdf000-7f9e35dfc000 rw-p 00000000 00:00 0 
7f9e35dfc000-7f9e35dfd000 ---p 00000000 00:00 0 
7f9e35dfd000-7f9e35efe000 rw-p 00000000 00:00 0 
7f9e35efe000-7f9e35eff000 ---p 00000000 00:00 0 
7f9e35eff000-7f9e38000000 rw-p 00000000 00:00 0 
7f9e38000000-7f9e38021000 rw-p 00000000 00:00 0 
7f9e38021000-7f9e3c000000 ---p 00000000 00:00 0 
7f9e3c000000-7f9e3c021000 rw-p 00000000 00:00 0 
7f9e3c021000-7f9e40000000 ---p 00000000 00:00 0 
7f9e40000000-7f9e40021000 rw-p 00000000 00:00 0 
7f9e40021000-7f9e44000000 ---p 00000000 00:00 0 
7f9e44014000-7f9e44a02000 rw-p 00000000 00:00 0 
7f9e44a02000-7f9e48442000 ---p 00000000 00:00 0 
7f9e48442000-7f9e4882a000 rw-p 00000000 00:00 0 
7f9e4882a000-7f9e4c26a000 ---p 00000000 00:00 0 
7f9e4c26a000-7f9e4c2e7000 rw-p 00000000 00:00 0 
7f9e4c2e7000-7f9e4ca2f000 ---p 00000000 00:00 0 
7f9e4ca2f000-7f9e4caac000 rw-p 00000000 00:00 0 
7f9e4caac000-7f9e4d1f4000 ---p 00000000 00:00 0 
7f9e4d1f4000-7f9e4d271000 rw-p 00000000 00:00 0 
7f9e4d271000-7f9e4d9b9000 ---p 00000000 00:00 0 
7f9e4d9b9000-7f9e4dc29000 rwxp 00000000 00:00 0 
7f9e4dc29000-7f9e4df4b000 ---p 00000000 00:00 0 
7f9e4df4b000-7f9e4e1bb000 rwxp 00000000 00:00 0 
7f9e4e1bb000-7f9e55482000 ---p 00000000 00:00 0 
7f9e55482000-7f9e556f2000 rwxp 00000000 00:00 0 
7f9e556f2000-7f9e5c9b9000 ---p 00000000 00:00 0 
7f9e5c9b9000-7f9e60000000 r--s 00000000 103:04 1371435                   /home/juanb/eclipse/plugins/org.eclipse.justj.openjdk.hotspot.jre.full.linux.x86_64_17.0.1.v20211116-1657/jre/lib/modules
7f9e60000000-7f9e60508000 rw-p 00000000 00:00 0 
7f9e60508000-7f9e64000000 ---p 00000000 00:00 0 
7f9e64030000-7f9e64037000 r--s 00000000 103:04 1705149                   /usr/lib/x86_64-linux-gnu/gconv/gconv-modules.cache
7f9e64037000-7f9e64239000 rw-p 00000000 00:00 0 
7f9e64239000-7f9e6423a000 ---p 00000000 00:00 0 
7f9e6423a000-7f9e6433b000 rw-p 00000000 00:00 0 
7f9e6433b000-7f9e6433c000 ---p 00000000 00:00 0 
7f9e6433c000-7f9e6443d000 rw-p 00000000 00:00 0 
7f9e6443d000-7f9e6443e000 ---p 00000000 00:00 0 
7f9e6443e000-7f9e64dcd000 rw-p 00000000 00:00 0 
7f9e64dcd000-7f9e64eb3000 ---p 00000000 00:00 0 
7f9e64eb3000-7f9e64eb8000 rw-p 00000000 00:00 0 
7f9e64eb8000-7f9e64f9e000 ---p 00000000 00:00 0 
7f9e64f9e000-7f9e64fa3000 rw-p 00000000 00:00 0 
7f9e64fa3000-7f9e64faa000 ---p 00000000 00:00 0 
7f9e64faa000-7f9e64fb4000 r-xp 00000000 103:04 1371461                   /home/juanb/eclipse/plugins/org.eclipse.justj.openjdk.hotspot.jre.full.linux.x86_64_17.0.1.v20211116-1657/jre/lib/libinstrument.so
7f9e64fb4000-7f9e651b3000 ---p 0000a000 103:04 1371461                   /home/juanb/eclipse/plugins/org.eclipse.justj.openjdk.hotspot.jre.full.linux.x86_64_17.0.1.v20211116-1657/jre/lib/libinstrument.so
7f9e651b3000-7f9e651b4000 r--p 00009000 103:04 1371461                   /home/juanb/eclipse/plugins/org.eclipse.justj.openjdk.hotspot.jre.full.linux.x86_64_17.0.1.v20211116-1657/jre/lib/libinstrument.so
7f9e651b4000-7f9e651b5000 rw-p 0000a000 103:04 1371461                   /home/juanb/eclipse/plugins/org.eclipse.justj.openjdk.hotspot.jre.full.linux.x86_64_17.0.1.v20211116-1657/jre/lib/libinstrument.so
7f9e651b5000-7f9e651d9000 r-xp 00000000 103:04 1371448                   /home/juanb/eclipse/plugins/org.eclipse.justj.openjdk.hotspot.jre.full.linux.x86_64_17.0.1.v20211116-1657/jre/lib/libjava.so
7f9e651d9000-7f9e653d9000 ---p 00024000 103:04 1371448                   /home/juanb/eclipse/plugins/org.eclipse.justj.openjdk.hotspot.jre.full.linux.x86_64_17.0.1.v20211116-1657/jre/lib/libjava.so
7f9e653d9000-7f9e653da000 r--p 00024000 103:04 1371448                   /home/juanb/eclipse/plugins/org.eclipse.justj.openjdk.hotspot.jre.full.linux.x86_64_17.0.1.v20211116-1657/jre/lib/libjava.so
7f9e653da000-7f9e653db000 rw-p 00025000 103:04 1371448                   /home/juanb/eclipse/plugins/org.eclipse.justj.openjdk.hotspot.jre.full.linux.x86_64_17.0.1.v20211116-1657/jre/lib/libjava.so
7f9e653db000-7f9e653dc000 rw-p 00000000 00:00 0 
7f9e653dc000-7f9e6541b000 r-xp 00000000 103:04 1371472                   /home/juanb/eclipse/plugins/org.eclipse.justj.openjdk.hotspot.jre.full.linux.x86_64_17.0.1.v20211116-1657/jre/lib/libjdwp.so
7f9e6541b000-7f9e6561a000 ---p 0003f000 103:04 1371472                   /home/juanb/eclipse/plugins/org.eclipse.justj.openjdk.hotspot.jre.full.linux.x86_64_17.0.1.v20211116-1657/jre/lib/libjdwp.so
7f9e6561a000-7f9e6561b000 r--p 0003e000 103:04 1371472                   /home/juanb/eclipse/plugins/org.eclipse.justj.openjdk.hotspot.jre.full.linux.x86_64_17.0.1.v20211116-1657/jre/lib/libjdwp.so
7f9e6561b000-7f9e6561c000 rw-p 0003f000 103:04 1371472                   /home/juanb/eclipse/plugins/org.eclipse.justj.openjdk.hotspot.jre.full.linux.x86_64_17.0.1.v20211116-1657/jre/lib/libjdwp.so
7f9e6561c000-7f9e6561d000 rw-p 00000000 00:00 0 
7f9e6561d000-7f9e65638000 r-xp 00000000 103:04 1371437                   /home/juanb/eclipse/plugins/org.eclipse.justj.openjdk.hotspot.jre.full.linux.x86_64_17.0.1.v20211116-1657/jre/lib/libjimage.so
7f9e65638000-7f9e65837000 ---p 0001b000 103:04 1371437                   /home/juanb/eclipse/plugins/org.eclipse.justj.openjdk.hotspot.jre.full.linux.x86_64_17.0.1.v20211116-1657/jre/lib/libjimage.so
7f9e65837000-7f9e65839000 r--p 0001a000 103:04 1371437                   /home/juanb/eclipse/plugins/org.eclipse.justj.openjdk.hotspot.jre.full.linux.x86_64_17.0.1.v20211116-1657/jre/lib/libjimage.so
7f9e65839000-7f9e6583a000 rw-p 0001c000 103:04 1371437                   /home/juanb/eclipse/plugins/org.eclipse.justj.openjdk.hotspot.jre.full.linux.x86_64_17.0.1.v20211116-1657/jre/lib/libjimage.so
7f9e6583a000-7f9e6583e000 ---p 00000000 00:00 0 
7f9e6583e000-7f9e6593b000 rw-p 00000000 00:00 0 
7f9e6593b000-7f9e65948000 r--p 00000000 103:04 1350639                   /usr/lib/x86_64-linux-gnu/libm-2.31.so
7f9e65948000-7f9e659ef000 r-xp 0000d000 103:04 1350639                   /usr/lib/x86_64-linux-gnu/libm-2.31.so
7f9e659ef000-7f9e65a88000 r--p 000b4000 103:04 1350639                   /usr/lib/x86_64-linux-gnu/libm-2.31.so
7f9e65a88000-7f9e65a89000 r--p 0014c000 103:04 1350639                   /usr/lib/x86_64-linux-gnu/libm-2.31.so
7f9e65a89000-7f9e65a8a000 rw-p 0014d000 103:04 1350639                   /usr/lib/x86_64-linux-gnu/libm-2.31.so
7f9e65a8a000-7f9e65a8c000 r--p 00000000 103:04 1350661                   /usr/lib/x86_64-linux-gnu/librt-2.31.so
7f9e65a8c000-7f9e65a90000 r-xp 00002000 103:04 1350661                   /usr/lib/x86_64-linux-gnu/librt-2.31.so
7f9e65a90000-7f9e65a92000 r--p 00006000 103:04 1350661                   /usr/lib/x86_64-linux-gnu/librt-2.31.so
7f9e65a92000-7f9e65a93000 r--p 00007000 103:04 1350661                   /usr/lib/x86_64-linux-gnu/librt-2.31.so
7f9e65a93000-7f9e65a94000 rw-p 00008000 103:04 1350661                   /usr/lib/x86_64-linux-gnu/librt-2.31.so
7f9e65a94000-7f9e66d73000 r-xp 00000000 103:04 1371427                   /home/juanb/eclipse/plugins/org.eclipse.justj.openjdk.hotspot.jre.full.linux.x86_64_17.0.1.v20211116-1657/jre/lib/server/libjvm.so
7f9e66d73000-7f9e66f72000 ---p 012df000 103:04 1371427                   /home/juanb/eclipse/plugins/org.eclipse.justj.openjdk.hotspot.jre.full.linux.x86_64_17.0.1.v20211116-1657/jre/lib/server/libjvm.so
7f9e66f72000-7f9e6702b000 r--p 012de000 103:04 1371427                   /home/juanb/eclipse/plugins/org.eclipse.justj.openjdk.hotspot.jre.full.linux.x86_64_17.0.1.v20211116-1657/jre/lib/server/libjvm.so
7f9e6702b000-7f9e6705f000 rw-p 01397000 103:04 1371427                   /home/juanb/eclipse/plugins/org.eclipse.justj.openjdk.hotspot.jre.full.linux.x86_64_17.0.1.v20211116-1657/jre/lib/server/libjvm.so
7f9e6705f000-7f9e670bb000 rw-p 00000000 00:00 0 
7f9e670bb000-7f9e670dd000 r--p 00000000 103:04 1350635                   /usr/lib/x86_64-linux-gnu/libc-2.31.so
7f9e670dd000-7f9e67255000 r-xp 00022000 103:04 1350635                   /usr/lib/x86_64-linux-gnu/libc-2.31.so
7f9e67255000-7f9e672a3000 r--p 0019a000 103:04 1350635                   /usr/lib/x86_64-linux-gnu/libc-2.31.so
7f9e672a3000-7f9e672a7000 r--p 001e7000 103:04 1350635                   /usr/lib/x86_64-linux-gnu/libc-2.31.so
7f9e672a7000-7f9e672a9000 rw-p 001eb000 103:04 1350635                   /usr/lib/x86_64-linux-gnu/libc-2.31.so
7f9e672a9000-7f9e672ad000 rw-p 00000000 00:00 0 
7f9e672ad000-7f9e672ae000 r--p 00000000 103:04 1350637                   /usr/lib/x86_64-linux-gnu/libdl-2.31.so
7f9e672ae000-7f9e672b0000 r-xp 00001000 103:04 1350637                   /usr/lib/x86_64-linux-gnu/libdl-2.31.so
7f9e672b0000-7f9e672b1000 r--p 00003000 103:04 1350637                   /usr/lib/x86_64-linux-gnu/libdl-2.31.so
7f9e672b1000-7f9e672b2000 r--p 00003000 103:04 1350637                   /usr/lib/x86_64-linux-gnu/libdl-2.31.so
7f9e672b2000-7f9e672b3000 rw-p 00004000 103:04 1350637                   /usr/lib/x86_64-linux-gnu/libdl-2.31.so
7f9e672b3000-7f9e672b9000 r--p 00000000 103:04 1350659                   /usr/lib/x86_64-linux-gnu/libpthread-2.31.so
7f9e672b9000-7f9e672ca000 r-xp 00006000 103:04 1350659                   /usr/lib/x86_64-linux-gnu/libpthread-2.31.so
7f9e672ca000-7f9e672d0000 r--p 00017000 103:04 1350659                   /usr/lib/x86_64-linux-gnu/libpthread-2.31.so
7f9e672d0000-7f9e672d1000 r--p 0001c000 103:04 1350659                   /usr/lib/x86_64-linux-gnu/libpthread-2.31.so
7f9e672d1000-7f9e672d2000 rw-p 0001d000 103:04 1350659                   /usr/lib/x86_64-linux-gnu/libpthread-2.31.so
7f9e672d2000-7f9e672d6000 rw-p 00000000 00:00 0 
7f9e672d6000-7f9e672e5000 r-xp 00000000 103:04 1371444                   /home/juanb/eclipse/plugins/org.eclipse.justj.openjdk.hotspot.jre.full.linux.x86_64_17.0.1.v20211116-1657/jre/lib/libjli.so
7f9e672e5000-7f9e674e5000 ---p 0000f000 103:04 1371444                   /home/juanb/eclipse/plugins/org.eclipse.justj.openjdk.hotspot.jre.full.linux.x86_64_17.0.1.v20211116-1657/jre/lib/libjli.so
7f9e674e5000-7f9e674e6000 r--p 0000f000 103:04 1371444                   /home/juanb/eclipse/plugins/org.eclipse.justj.openjdk.hotspot.jre.full.linux.x86_64_17.0.1.v20211116-1657/jre/lib/libjli.so
7f9e674e6000-7f9e674e7000 rw-p 00010000 103:04 1371444                   /home/juanb/eclipse/plugins/org.eclipse.justj.openjdk.hotspot.jre.full.linux.x86_64_17.0.1.v20211116-1657/jre/lib/libjli.so
7f9e674e7000-7f9e674e9000 r--p 00000000 103:04 1314318                   /usr/lib/x86_64-linux-gnu/libz.so.1.2.11
7f9e674e9000-7f9e674fa000 r-xp 00002000 103:04 1314318                   /usr/lib/x86_64-linux-gnu/libz.so.1.2.11
7f9e674fa000-7f9e67500000 r--p 00013000 103:04 1314318                   /usr/lib/x86_64-linux-gnu/libz.so.1.2.11
7f9e67500000-7f9e67501000 ---p 00019000 103:04 1314318                   /usr/lib/x86_64-linux-gnu/libz.so.1.2.11
7f9e67501000-7f9e67502000 r--p 00019000 103:04 1314318                   /usr/lib/x86_64-linux-gnu/libz.so.1.2.11
7f9e67502000-7f9e67503000 rw-p 0001a000 103:04 1314318                   /usr/lib/x86_64-linux-gnu/libz.so.1.2.11
7f9e67504000-7f9e6750c000 rw-s 00000000 103:04 540940                    /tmp/hsperfdata_juanb/1185327
7f9e6750c000-7f9e6750f000 r--p 00000000 103:04 1350651                   /usr/lib/x86_64-linux-gnu/libnss_files-2.31.so
7f9e6750f000-7f9e67516000 r-xp 00003000 103:04 1350651                   /usr/lib/x86_64-linux-gnu/libnss_files-2.31.so
7f9e67516000-7f9e67518000 r--p 0000a000 103:04 1350651                   /usr/lib/x86_64-linux-gnu/libnss_files-2.31.so
7f9e67518000-7f9e67519000 r--p 0000b000 103:04 1350651                   /usr/lib/x86_64-linux-gnu/libnss_files-2.31.so
7f9e67519000-7f9e6751a000 rw-p 0000c000 103:04 1350651                   /usr/lib/x86_64-linux-gnu/libnss_files-2.31.so
7f9e6751a000-7f9e67520000 rw-p 00000000 00:00 0 
7f9e67520000-7f9e67521000 ---p 00000000 00:00 0 
7f9e67521000-7f9e67522000 r--p 00000000 00:00 0 
7f9e67522000-7f9e67524000 rw-p 00000000 00:00 0 
7f9e67524000-7f9e67525000 r--p 00000000 103:04 1350627                   /usr/lib/x86_64-linux-gnu/ld-2.31.so
7f9e67525000-7f9e67548000 r-xp 00001000 103:04 1350627                   /usr/lib/x86_64-linux-gnu/ld-2.31.so
7f9e67548000-7f9e67550000 r--p 00024000 103:04 1350627                   /usr/lib/x86_64-linux-gnu/ld-2.31.so
7f9e67550000-7f9e67551000 ---p 00000000 00:00 0 
7f9e67551000-7f9e67552000 r--p 0002c000 103:04 1350627                   /usr/lib/x86_64-linux-gnu/ld-2.31.so
7f9e67552000-7f9e67553000 rw-p 0002d000 103:04 1350627                   /usr/lib/x86_64-linux-gnu/ld-2.31.so
7f9e67553000-7f9e67554000 rw-p 00000000 00:00 0 
7fff2355a000-7fff2357b000 rw-p 00000000 00:00 0                          [stack]
7fff235d3000-7fff235d6000 r--p 00000000 00:00 0                          [vvar]
7fff235d6000-7fff235d7000 r-xp 00000000 00:00 0                          [vdso]
ffffffffff600000-ffffffffff601000 --xp 00000000 00:00 0                  [vsyscall]


VM Arguments:
jvm_args: -XX:+ShowCodeDetailsInExceptionMessages -agentlib:jdwp=transport=dt_socket,suspend=y,address=localhost:46695 -javaagent:/home/juanb/eclipse/configuration/org.eclipse.osgi/413/0/.cp/lib/javaagent-shaded.jar -Dfile.encoding=UTF-8 
java_command: br.ufs.dcomp.AIproject.ScheduleCSPDemo
java_class_path (initial): /home/juanb/eclipse-workspace/ProjetoIA/target/classes:/home/juanb/eclipse-workspace/ProjetoIA/lib/aima-core.jar:/home/juanb/.m2/repository/com/github/dpaukov/combinatoricslib3/3.3.0/combinatoricslib3-3.3.0.jar
Launcher Type: SUN_STANDARD

[Global flags]
     intx CICompilerCount                          = 4                                         {product} {ergonomic}
     uint ConcGCThreads                            = 2                                         {product} {ergonomic}
     uint G1ConcRefinementThreads                  = 8                                         {product} {ergonomic}
   size_t G1HeapRegionSize                         = 2097152                                   {product} {ergonomic}
    uintx GCDrainStackTargetSize                   = 64                                        {product} {ergonomic}
   size_t InitialHeapSize                          = 262144000                                 {product} {ergonomic}
   size_t MarkStackSize                            = 4194304                                   {product} {ergonomic}
   size_t MaxHeapSize                              = 4171235328                                {product} {ergonomic}
   size_t MaxNewSize                               = 2501902336                                {product} {ergonomic}
   size_t MinHeapDeltaBytes                        = 2097152                                   {product} {ergonomic}
   size_t MinHeapSize                              = 8388608                                   {product} {ergonomic}
    uintx NonNMethodCodeHeapSize                   = 5839372                                {pd product} {ergonomic}
    uintx NonProfiledCodeHeapSize                  = 122909434                              {pd product} {ergonomic}
    uintx ProfiledCodeHeapSize                     = 122909434                              {pd product} {ergonomic}
    uintx ReservedCodeCacheSize                    = 251658240                              {pd product} {ergonomic}
     bool SegmentedCodeCache                       = true                                      {product} {ergonomic}
     bool ShowCodeDetailsInExceptionMessages       = true                                   {manageable} {command line}
   size_t SoftMaxHeapSize                          = 4171235328                             {manageable} {ergonomic}
     bool UseCompressedClassPointers               = true                           {product lp64_product} {ergonomic}
     bool UseCompressedOops                        = true                           {product lp64_product} {ergonomic}
     bool UseG1GC                                  = true                                      {product} {ergonomic}

Logging:
Log output configuration:
 #0: stdout all=warning uptime,level,tags
 #1: stderr all=off uptime,level,tags

Environment Variables:
PATH=/home/juanb/.local/bin:/usr/local/sbin:/usr/local/bin:/usr/sbin:/usr/bin:/sbin:/bin:/usr/games:/usr/local/games:/snap/bin
SHELL=/bin/bash
DISPLAY=:0
LANG=en_US.UTF-8

Signal Handlers:
   SIGSEGV: crash_handler in libjvm.so, mask=11100100010111111101111111111110, flags=SA_RESTART|SA_SIGINFO
    SIGBUS: crash_handler in libjvm.so, mask=11100100010111111101111111111110, flags=SA_RESTART|SA_SIGINFO
    SIGFPE: crash_handler in libjvm.so, mask=11100100010111111101111111111110, flags=SA_RESTART|SA_SIGINFO
   SIGPIPE: javaSignalHandler in libjvm.so, mask=11100100010111111101111111111110, flags=SA_RESTART|SA_SIGINFO
   SIGXFSZ: javaSignalHandler in libjvm.so, mask=11100100010111111101111111111110, flags=SA_RESTART|SA_SIGINFO
    SIGILL: crash_handler in libjvm.so, mask=11100100010111111101111111111110, flags=SA_RESTART|SA_SIGINFO
   SIGUSR2: SR_handler in libjvm.so, mask=00100000000000000000000000000000, flags=SA_RESTART|SA_SIGINFO
    SIGHUP: UserHandler in libjvm.so, mask=11100100010111111101111111111110, flags=SA_RESTART|SA_SIGINFO
    SIGINT: UserHandler in libjvm.so, mask=11100100010111111101111111111110, flags=SA_RESTART|SA_SIGINFO
   SIGTERM: UserHandler in libjvm.so, mask=11100100010111111101111111111110, flags=SA_RESTART|SA_SIGINFO
   SIGQUIT: UserHandler in libjvm.so, mask=11100100010111111101111111111110, flags=SA_RESTART|SA_SIGINFO
   SIGTRAP: crash_handler in libjvm.so, mask=11100100010111111101111111111110, flags=SA_RESTART|SA_SIGINFO


---------------  S Y S T E M  ---------------

OS:
DISTRIB_ID=LinuxMint
DISTRIB_RELEASE=20.3
DISTRIB_CODENAME=una
DISTRIB_DESCRIPTION="Linux Mint 20.3 Una"
uname: Linux 5.4.0-110-generic #124-Ubuntu SMP Thu Apr 14 19:46:19 UTC 2022 x86_64
OS uptime: 3 days 18:58 hours
libc: glibc 2.31 NPTL 2.31 
rlimit (soft/hard): STACK 8192k/infinity , CORE 0k/infinity , NPROC 63256/63256 , NOFILE 1048576/1048576 , AS infinity/infinity , CPU infinity/infinity , DATA infinity/infinity , FSIZE infinity/infinity , MEMLOCK 65536k/65536k
load average: 2,01 1,85 1,48

/proc/meminfo:
MemTotal:       16287184 kB
MemFree:          160416 kB
MemAvailable:    2300820 kB
Buffers:          755216 kB
Cached:          1841648 kB
SwapCached:        22816 kB
Active:         12268492 kB
Inactive:        2774660 kB
Active(anon):   11271244 kB
Inactive(anon):  1748036 kB
Active(file):     997248 kB
Inactive(file):  1026624 kB
Unevictable:      125936 kB
Mlocked:             256 kB
SwapTotal:        711380 kB
SwapFree:              0 kB
Dirty:              1224 kB
Writeback:             0 kB
AnonPages:      12550132 kB
Mapped:           793332 kB
Shmem:            574288 kB
KReclaimable:     457640 kB
Slab:             711652 kB
SReclaimable:     457640 kB
SUnreclaim:       254012 kB
KernelStack:       37376 kB
PageTables:       106820 kB
NFS_Unstable:          0 kB
Bounce:                0 kB
WritebackTmp:          0 kB
CommitLimit:     8854972 kB
Committed_AS:   31404940 kB
VmallocTotal:   34359738367 kB
VmallocUsed:       57580 kB
VmallocChunk:          0 kB
Percpu:             8768 kB
HardwareCorrupted:     0 kB
AnonHugePages:         0 kB
ShmemHugePages:        0 kB
ShmemPmdMapped:        0 kB
FileHugePages:         0 kB
FilePmdMapped:         0 kB
CmaTotal:              0 kB
CmaFree:               0 kB
HugePages_Total:       0
HugePages_Free:        0
HugePages_Rsvd:        0
HugePages_Surp:        0
Hugepagesize:       2048 kB
Hugetlb:               0 kB
DirectMap4k:     1508872 kB
DirectMap2M:    15163392 kB
DirectMap1G:           0 kB

/sys/kernel/mm/transparent_hugepage/enabled: always [madvise] never
/sys/kernel/mm/transparent_hugepage/defrag (defrag/compaction efforts parameter): always defer defer+madvise [madvise] never

Process Memory:
Virtual Size: 7099568K (peak: 7099568K)
Resident Set Size: 63484K (peak: 63484K) (anon: 35260K, file: 28224K, shmem: 0K)
Swapped out: 0K
C-Heap outstanding allocations: 5776K

/proc/sys/kernel/threads-max (system-wide limit on the number of threads): 126512
/proc/sys/vm/max_map_count (maximum number of memory map areas a process may have): 65530
/proc/sys/kernel/pid_max (system-wide limit on number of process identifiers): 4194304

container (cgroup) information:
container_type: cgroupv1
cpu_cpuset_cpus: 0-7
cpu_memory_nodes: 0
active_processor_count: 8
cpu_quota: no quota
cpu_period: 100000
cpu_shares: no shares
memory_limit_in_bytes: unlimited
memory_and_swap_limit_in_bytes: not supported
memory_soft_limit_in_bytes: unlimited
memory_usage_in_bytes: 12749615104
memory_max_usage_in_bytes: 14175858688

Steal ticks since vm start: 0
Steal ticks percentage since vm start:  0,000

CPU: total 8 (initial active 8) (4 cores per cpu, 2 threads per core) family 6 model 142 stepping 10 microcode 0xec, cx8, cmov, fxsr, ht, mmx, 3dnowpref, sse, sse2, sse3, ssse3, sse4.1, sse4.2, popcnt, lzcnt, tsc, tscinvbit, avx, avx2, aes, erms, clmul, bmi1, bmi2, adx, fma, vzeroupper, clflush, clflushopt
CPU Model and flags from /proc/cpuinfo:
model name	: Intel(R) Core(TM) i5-8250U CPU @ 1.60GHz
flags		: fpu vme de pse tsc msr pae mce cx8 apic sep mtrr pge mca cmov pat pse36 clflush dts acpi mmx fxsr sse sse2 ss ht tm pbe syscall nx pdpe1gb rdtscp lm constant_tsc art arch_perfmon pebs bts rep_good nopl xtopology nonstop_tsc cpuid aperfmperf pni pclmulqdq dtes64 monitor ds_cpl vmx est tm2 ssse3 sdbg fma cx16 xtpr pdcm pcid sse4_1 sse4_2 x2apic movbe popcnt tsc_deadline_timer aes xsave avx f16c rdrand lahf_lm abm 3dnowprefetch cpuid_fault epb invpcid_single pti ssbd ibrs ibpb stibp tpr_shadow vnmi flexpriority ept vpid ept_ad fsgsbase tsc_adjust bmi1 avx2 smep bmi2 erms invpcid mpx rdseed adx smap clflushopt intel_pt xsaveopt xsavec xgetbv1 xsaves dtherm ida arat pln pts hwp hwp_notify hwp_act_window hwp_epp md_clear flush_l1d arch_capabilities

Online cpus: 0-7
Offline cpus: 
BIOS frequency limitation: <Not Available>
Frequency switch latency (ns): 0
Available cpu frequencies: <Not Available>
Current governor: powersave
Core performance/turbo boost: <Not Available>

Memory: 4k page, physical 16287184k(160416k free), swap 711380k(0k free)
Page Sizes: 4k

vm_info: OpenJDK 64-Bit Server VM (17.0.1+12) for linux-amd64 JRE (17.0.1+12), built on Oct 20 2021 12:00:24 by "" with gcc 7.5.0

END.
