#
# A fatal error has been detected by the Java Runtime Environment:
#
#  EXCEPTION_ACCESS_VIOLATION (0xc0000005) at pc=0x00007ffdaddcd65a, pid=3860, tid=6856
#
# JRE version: Java(TM) SE Runtime Environment (17.0.2+8) (build 17.0.2+8-LTS-86)
# Java VM: Java HotSpot(TM) 64-Bit Server VM (17.0.2+8-LTS-86, mixed mode, sharing, tiered, compressed oops, compressed class ptrs, g1 gc, windows-amd64)
# Problematic frame:
# V  [jvm.dll+0x73d65a]
#
# No core dump will be written. Minidumps are not enabled by default on client versions of Windows
#
# If you would like to submit a bug report, please visit:
#   https://bugreport.java.com/bugreport/crash.jsp
#

---------------  S U M M A R Y ------------

Command Line: -XX:+ShowCodeDetailsInExceptionMessages -agentlib:jdwp=transport=dt_socket,suspend=y,address=localhost:54249 -javaagent:C:\Users\atila\eclipse\java-2021-12\eclipse\configuration\org.eclipse.osgi\224\0\.cp\lib\javaagent-shaded.jar -Dfile.encoding=Cp1252 br.ufs.dcomp.AIproject.ScheduleCSPDemo

Host: Intel(R) Core(TM) i5 CPU       M 480  @ 2.67GHz, 4 cores, 7G,  Windows 10 , 64 bit Build 19041 (10.0.19041.1706)
Time: Wed May 18 21:15:12 2022 Hora oficial do Brasil elapsed time: 155.976831 seconds (0d 0h 2m 35s)

---------------  T H R E A D  ---------------

Current thread (0x000002676e1359d0):  JavaThread "JDWP Transport Listener: dt_socket" daemon [_thread_in_vm, id=6856, stack(0x000000a3c4d00000,0x000000a3c4e00000)]

Stack: [0x000000a3c4d00000,0x000000a3c4e00000],  sp=0x000000a3c4dff810,  free space=1022k
Native frames: (J=compiled Java code, j=interpreted, Vv=VM code, C=native code)
V  [jvm.dll+0x73d65a]
V  [jvm.dll+0x504e0c]
V  [jvm.dll+0x4d0634]
C  [jdwp.dll+0x22e9f]


siginfo: EXCEPTION_ACCESS_VIOLATION (0xc0000005), reading address 0x0000000000840087


Register to memory mapping:

RIP=0x00007ffdaddcd65a jvm.dll
RAX=0x0000000000000085 is an unknown value
RBX=0x000002676d592aa9 points into unknown readable memory: 00 3b 00 6c 3b 00 73
RCX=0x0000000000840083 is an unknown value
RDX=0x000002676e781320 points into unknown readable memory: 0x2f7366752f72624c | 4c 62 72 2f 75 66 73 2f
RSP=0x000000a3c4dff810 is pointing into the stack for thread: 0x000002676e1359d0
RBP=0x000002676e154740 points into unknown readable memory: 0x0000000000000002 | 02 00 00 00 00 00 00 00
RSI=0x0 is NULL
RDI=0xffffffffffffffff is an unknown value
R8 =0x000000000000004a is an unknown value
R9 =0x0000000000000040 is an unknown value
R10=0x0000000000000040 is an unknown value
R11=0x000000a3c4dff830 is pointing into the stack for thread: 0x000002676e1359d0
R12=0x000000a3c4dff968 is pointing into the stack for thread: 0x000002676e1359d0
R13=0x0 is NULL
R14=0x0000000800c067b0 is a pointer to class: 
br.ufs.dcomp.AIproject.csp.ScheduleCSP {0x0000000800c067b8}
 - instance size:     4
 - klass size:        77
 - access:            public synchronized 
 - state:             fully_initialized
 - name:              'br/ufs/dcomp/AIproject/csp/ScheduleCSP'
 - super:             'aima/core/search/csp/CSP'
 - sub:               
 - arrays:            NULL
 - methods:           Array<T>(0x000002676dc49950)
 - method ordering:   Array<T>(0x000002676dc49df0)
 - default_methods:   Array<T>(0x0000000000000000)
 - local interfaces:  Array<T>(0x00000008005cf748)
 - trans. interfaces: Array<T>(0x000002676dc43fc0)
 - constants:         constant pool [135] {0x000002676dc4a7e8} for 'br/ufs/dcomp/AIproject/csp/ScheduleCSP' cache=0x000002676dc4acb8
 - class loader data:  loader data: 0x000002676d584b90 for instance a 'jdk/internal/loader/ClassLoaders$AppClassLoader'{0x000000008afa5ef8}
 - source file:       'ScheduleCSP.java'
 - source debug extension:       SMAP
ScheduleCSP.java
Java
*S jdt
*F
1 ScheduleCSP.java
2 file:/C:/Users/atila/git/AIproject2/target/classes/
*L
*E

 - class annotations:       Array<T>(0x0000000000000000)
 - class type annotations:  Array<T>(0x0000000000000000)
 - field annotations:       Array<T>(0x0000000000000000)
 - field type annotations:  Array<T>(0x0000000000000000)
 - generic signature: '
[error occurred during error reporting (printing register info), id 0xc0000005, EXCEPTION_ACCESS_VIOLATION (0xc0000005) at pc=0x00007ffdaddce266]

Registers:
RAX=0x0000000000000085, RBX=0x000002676d592aa9, RCX=0x0000000000840083, RDX=0x000002676e781320
RSP=0x000000a3c4dff810, RBP=0x000002676e154740, RSI=0x0000000000000000, RDI=0xffffffffffffffff
R8 =0x000000000000004a, R9 =0x0000000000000040, R10=0x0000000000000040, R11=0x000000a3c4dff830
R12=0x000000a3c4dff968, R13=0x0000000000000000, R14=0x0000000800c067b0, R15=0x000000a3c4dff9b8
RIP=0x00007ffdaddcd65a, EFLAGS=0x0000000000010202

Top of Stack: (sp=0x000000a3c4dff810)
0x000000a3c4dff810:   0000000000000026 0000000800c067b0
0x000000a3c4dff820:   000002676e1359d0 0000000000000000
0x000000a3c4dff830:   ffffffffffffffff 00007ffdadb94e0c
0x000000a3c4dff840:   000002676d592aa9 000002676d592a80
0x000000a3c4dff850:   000002676e154740 000002676e862f60
0x000000a3c4dff860:   000002676d592a40 00000000000003d8
0x000000a3c4dff870:   000002676d592a50 000002676d592e28
0x000000a3c4dff880:   0000000000000002 000000a3c4dff968
0x000000a3c4dff890:   0000000000000000 0000000000000000
0x000000a3c4dff8a0:   000000008abeff60 00007ffdadb60634
0x000000a3c4dff8b0:   000002676e1359d0 000000a3c4dff9b8
0x000000a3c4dff8c0:   000002674dded4e0 000000a3c4dff9b8
0x000000a3c4dff8d0:   000002676e1359d0 0000000000000000
0x000000a3c4dff8e0:   0000026700000000 0000000000000000
0x000000a3c4dff8f0:   000000000000000d 00007ffdd9702e9f
0x000000a3c4dff900:   000000a3c4dff9b0 00007ffdd9711830 

Instructions: (pc=0x00007ffdaddcd65a)
0x00007ffdaddcd55a:   48 83 c4 20 5f e9 8c 75 96 ff cc cc cc cc cc cc
0x00007ffdaddcd56a:   cc cc cc cc cc cc 48 89 5c 24 08 57 48 83 ec 20
0x00007ffdaddcd57a:   83 fa 02 8d 42 06 b9 08 00 00 00 49 8b d8 0f 4e
0x00007ffdaddcd58a:   c1 48 63 c8 48 83 c1 07 83 e1 f8 48 63 f9 49 8b
0x00007ffdaddcd59a:   48 18 48 8b c7 48 f7 d0 48 3b c1 73 16 4c 8d 05
0x00007ffdaddcd5aa:   9a 52 17 00 48 8b d7 48 8b cb e8 97 d8 96 ff 48
0x00007ffdaddcd5ba:   8b 4b 18 48 8d 04 39 48 3b 43 20 76 18 45 33 c0
0x00007ffdaddcd5ca:   48 8b d7 48 8b cb 48 8b 5c 24 30 48 83 c4 20 5f
0x00007ffdaddcd5da:   e9 f1 d4 96 ff 48 89 43 18 48 8b c1 48 8b 5c 24
0x00007ffdaddcd5ea:   30 48 83 c4 20 5f c3 cc cc cc cc cc cc cc cc cc
0x00007ffdaddcd5fa:   cc cc cc cc cc cc 4c 8b d2 4c 8b d9 45 85 c0 7e
0x00007ffdaddcd60a:   3c 44 0f b7 49 04 41 8d 40 ff 41 3b c1 44 0f 4c
0x00007ffdaddcd61a:   c8 4d 63 c1 45 85 c9 7e 1f 48 8b c2 4c 2b da 49
0x00007ffdaddcd62a:   8b d0 0f 1f 40 00 41 0f b6 4c 03 06 88 08 48 8d
0x00007ffdaddcd63a:   40 01 48 83 ea 01 75 ee 43 c6 04 10 00 49 8b c2
0x00007ffdaddcd64a:   c3 cc cc cc cc cc 48 89 5c 24 08 57 48 83 ec 20
0x00007ffdaddcd65a:   0f b7 59 04 48 8b f9 33 d2 48 8d 4b 01 e8 44 96
0x00007ffdaddcd66a:   f8 ff 0f b7 57 04 4c 8b c0 3b da 0f 42 d3 44 8b
0x00007ffdaddcd67a:   ca 85 d2 74 39 48 2b f8 0f 1f 40 00 66 66 0f 1f
0x00007ffdaddcd68a:   84 00 00 00 00 00 0f b6 4c 07 06 88 08 48 ff c0
0x00007ffdaddcd69a:   48 8b c8 49 2b c8 49 3b c9 7c eb 42 c6 04 02 00
0x00007ffdaddcd6aa:   49 8b c0 48 8b 5c 24 30 48 83 c4 20 5f c3 48 8b
0x00007ffdaddcd6ba:   5c 24 30 c6 04 02 00 48 83 c4 20 5f c3 cc cc cc
0x00007ffdaddcd6ca:   cc cc cc cc cc cc 4c 8b d1 45 85 c0 7e 6c 44 0f
0x00007ffdaddcd6da:   b7 49 04 41 8d 40 ff 41 3b c1 44 0f 4c c8 4d 63
0x00007ffdaddcd6ea:   d9 45 85 c9 7e 22 48 8b ca 4c 2b d2 4d 8b c3 0f
0x00007ffdaddcd6fa:   1f 80 00 00 00 00 41 0f b6 44 0a 06 88 01 48 8d
0x00007ffdaddcd70a:   49 01 49 83 e8 01 75 ee 41 c6 04 13 00 48 c7 c0
0x00007ffdaddcd71a:   ff ff ff ff 66 90 48 ff c0 80 3c 02 00 75 f7 48
0x00007ffdaddcd72a:   63 c8 85 c0 48 8b c2 7e 14 80 38 2f 75 03 c6 00
0x00007ffdaddcd73a:   2e 48 ff c0 48 83 e9 01 75 ef 48 8b c2 c3 cc cc
0x00007ffdaddcd74a:   cc cc cc cc cc cc 48 83 ec 28 e8 f7 fe ff ff 4c 


Stack slot to memory mapping:
stack at sp + 0 slots: 0x0000000000000026 is an unknown value
stack at sp + 1 slots: 0x0000000800c067b0 is a pointer to class: 
br.ufs.dcomp.AIproject.csp.ScheduleCSP {0x0000000800c067b8}
 - instance size:     4
 - klass size:        77
 - access:            public synchronized 
 - state:             fully_initialized
 - name:              'br/ufs/dcomp/AIproject/csp/ScheduleCSP'
 - super:             'aima/core/search/csp/CSP'
 - sub:               
 - arrays:            NULL
 - methods:           Array<T>(0x000002676dc49950)
 - method ordering:   Array<T>(0x000002676dc49df0)
 - default_methods:   Array<T>(0x0000000000000000)
 - local interfaces:  Array<T>(0x00000008005cf748)
 - trans. interfaces: Array<T>(0x000002676dc43fc0)
 - constants:         constant pool [135] {0x000002676dc4a7e8} for 'br/ufs/dcomp/AIproject/csp/ScheduleCSP' cache=0x000002676dc4acb8
 - class loader data:  loader data: 0x000002676d584b90 for instance a 'jdk/internal/loader/ClassLoaders$AppClassLoader'{0x000000008afa5ef8}
 - source file:       'ScheduleCSP.java'
 - source debug extension:       SMAP
ScheduleCSP.java
Java
*S jdt
*F
1 ScheduleCSP.java
2 file:/C:/Users/atila/git/AIproject2/target/classes/
*L
*E

 - class annotations:       Array<T>(0x0000000000000000)
 - class type annotations:  Array<T>(0x0000000000000000)
 - field annotations:       Array<T>(0x0000000000000000)
 - field type annotations:  Array<T>(0x0000000000000000)
 - generic signature: '
[error occurred during error reporting (inspecting top of stack), id 0xc0000005, EXCEPTION_ACCESS_VIOLATION (0xc0000005) at pc=0x00007ffdaddce266]


---------------  P R O C E S S  ---------------

Threads class SMR info:
_java_thread_list=0x000002676e2286a0, length=15, elements={
0x000002674fddf400, 0x000002676d4f2640, 0x000002676d4f4060, 0x000002676d507d60,
0x000002676d509630, 0x000002676d509ef0, 0x000002676d50a7b0, 0x000002676d50b450,
0x000002676d577460, 0x000002676d57e140, 0x000002676d5be450, 0x000002676e1359d0,
0x000002676e1658a0, 0x000002676e165d90, 0x000002676e7f2330
}

Java Threads: ( => current thread )
  0x000002674fddf400 JavaThread "main" [_thread_blocked, id=9432, stack(0x000000a3c3c00000,0x000000a3c3d00000)]
  0x000002676d4f2640 JavaThread "Reference Handler" daemon [_thread_blocked, id=8872, stack(0x000000a3c4300000,0x000000a3c4400000)]
  0x000002676d4f4060 JavaThread "Finalizer" daemon [_thread_blocked, id=11860, stack(0x000000a3c4400000,0x000000a3c4500000)]
  0x000002676d507d60 JavaThread "Signal Dispatcher" daemon [_thread_blocked, id=13080, stack(0x000000a3c4500000,0x000000a3c4600000)]
  0x000002676d509630 JavaThread "Attach Listener" daemon [_thread_blocked, id=3828, stack(0x000000a3c4600000,0x000000a3c4700000)]
  0x000002676d509ef0 JavaThread "Service Thread" daemon [_thread_blocked, id=2644, stack(0x000000a3c4700000,0x000000a3c4800000)]
  0x000002676d50a7b0 JavaThread "Monitor Deflation Thread" daemon [_thread_blocked, id=11812, stack(0x000000a3c4800000,0x000000a3c4900000)]
  0x000002676d50b450 JavaThread "C2 CompilerThread0" daemon [_thread_blocked, id=12800, stack(0x000000a3c4900000,0x000000a3c4a00000)]
  0x000002676d577460 JavaThread "C1 CompilerThread0" daemon [_thread_blocked, id=7604, stack(0x000000a3c4a00000,0x000000a3c4b00000)]
  0x000002676d57e140 JavaThread "Sweeper thread" daemon [_thread_blocked, id=5356, stack(0x000000a3c4b00000,0x000000a3c4c00000)]
  0x000002676d5be450 JavaThread "Common-Cleaner" daemon [_thread_blocked, id=6576, stack(0x000000a3c4c00000,0x000000a3c4d00000)]
=>0x000002676e1359d0 JavaThread "JDWP Transport Listener: dt_socket" daemon [_thread_in_vm, id=6856, stack(0x000000a3c4d00000,0x000000a3c4e00000)]
  0x000002676e1658a0 JavaThread "JDWP Event Helper Thread" daemon [_thread_blocked, id=2436, stack(0x000000a3c4e00000,0x000000a3c4f00000)]
  0x000002676e165d90 JavaThread "JDWP Command Reader" daemon [_thread_in_native, id=11900, stack(0x000000a3c4f00000,0x000000a3c5000000)]
  0x000002676e7f2330 JavaThread "Notification Thread" daemon [_thread_blocked, id=520, stack(0x000000a3c5000000,0x000000a3c5100000)]

Other Threads:
  0x000002676d4ea6c0 VMThread "VM Thread" [stack: 0x000000a3c4200000,0x000000a3c4300000] [id=1948]
  0x000002676e7f2800 WatcherThread [stack: 0x000000a3c5100000,0x000000a3c5200000] [id=10656]
  0x000002674fe1be90 GCTaskThread "GC Thread#0" [stack: 0x000000a3c3d00000,0x000000a3c3e00000] [id=8904]
  0x000002674fe2c6a0 ConcurrentGCThread "G1 Main Marker" [stack: 0x000000a3c3e00000,0x000000a3c3f00000] [id=12720]
  0x000002674fe2d8b0 ConcurrentGCThread "G1 Conc#0" [stack: 0x000000a3c3f00000,0x000000a3c4000000] [id=12796]
  0x000002674fea2db0 ConcurrentGCThread "G1 Refine#0" [stack: 0x000000a3c4000000,0x000000a3c4100000] [id=1488]
  0x000002674fea46f0 ConcurrentGCThread "G1 Service" [stack: 0x000000a3c4100000,0x000000a3c4200000] [id=10788]

Threads with active compile tasks:

VM state: not at safepoint (normal execution)

VM Mutex/Monitor currently owned by a thread: None

Heap address: 0x0000000083200000, size: 1998 MB, Compressed Oops mode: 32-bit

CDS archive(s) mapped at: [0x0000000800000000-0x0000000800bc0000-0x0000000800bc0000), size 12320768, SharedBaseAddress: 0x0000000800000000, ArchiveRelocationMode: 0.
Compressed class space mapped at: 0x0000000800c00000-0x0000000840c00000, reserved size: 1073741824
Narrow klass base: 0x0000000800000000, Narrow klass shift: 0, Narrow klass range: 0x100000000

GC Precious Log:
 CPUs: 4 total, 4 available
 Memory: 7988M
 Large Page Support: Disabled
 NUMA Support: Disabled
 Compressed Oops: Enabled (32-bit)
 Heap Region Size: 1M
 Heap Min Capacity: 8M
 Heap Initial Capacity: 126M
 Heap Max Capacity: 1998M
 Pre-touch: Disabled
 Parallel Workers: 4
 Concurrent Workers: 1
 Concurrent Refinement Workers: 4
 Periodic GC: Disabled

Heap:
 garbage-first heap   total 129024K, used 5120K [0x0000000083200000, 0x0000000100000000)
  region size 1024K, 6 young (6144K), 0 survivors (0K)
 Metaspace       used 2719K, committed 2816K, reserved 1056768K
  class space    used 248K, committed 320K, reserved 1048576K

Heap Regions: E=young(eden), S=young(survivor), O=old, HS=humongous(starts), HC=humongous(continues), CS=collection set, F=free, OA=open archive, CA=closed archive, TAMS=top-at-mark-start (previous, next)
|   0|0x0000000083200000, 0x0000000083200000, 0x0000000083300000|  0%| F|  |TAMS 0x0000000083200000, 0x0000000083200000| Untracked 
|   1|0x0000000083300000, 0x0000000083300000, 0x0000000083400000|  0%| F|  |TAMS 0x0000000083300000, 0x0000000083300000| Untracked 
|   2|0x0000000083400000, 0x0000000083400000, 0x0000000083500000|  0%| F|  |TAMS 0x0000000083400000, 0x0000000083400000| Untracked 
|   3|0x0000000083500000, 0x0000000083500000, 0x0000000083600000|  0%| F|  |TAMS 0x0000000083500000, 0x0000000083500000| Untracked 
|   4|0x0000000083600000, 0x0000000083600000, 0x0000000083700000|  0%| F|  |TAMS 0x0000000083600000, 0x0000000083600000| Untracked 
|   5|0x0000000083700000, 0x0000000083700000, 0x0000000083800000|  0%| F|  |TAMS 0x0000000083700000, 0x0000000083700000| Untracked 
|   6|0x0000000083800000, 0x0000000083800000, 0x0000000083900000|  0%| F|  |TAMS 0x0000000083800000, 0x0000000083800000| Untracked 
|   7|0x0000000083900000, 0x0000000083900000, 0x0000000083a00000|  0%| F|  |TAMS 0x0000000083900000, 0x0000000083900000| Untracked 
|   8|0x0000000083a00000, 0x0000000083a00000, 0x0000000083b00000|  0%| F|  |TAMS 0x0000000083a00000, 0x0000000083a00000| Untracked 
|   9|0x0000000083b00000, 0x0000000083b00000, 0x0000000083c00000|  0%| F|  |TAMS 0x0000000083b00000, 0x0000000083b00000| Untracked 
|  10|0x0000000083c00000, 0x0000000083c00000, 0x0000000083d00000|  0%| F|  |TAMS 0x0000000083c00000, 0x0000000083c00000| Untracked 
|  11|0x0000000083d00000, 0x0000000083d00000, 0x0000000083e00000|  0%| F|  |TAMS 0x0000000083d00000, 0x0000000083d00000| Untracked 
|  12|0x0000000083e00000, 0x0000000083e00000, 0x0000000083f00000|  0%| F|  |TAMS 0x0000000083e00000, 0x0000000083e00000| Untracked 
|  13|0x0000000083f00000, 0x0000000083f00000, 0x0000000084000000|  0%| F|  |TAMS 0x0000000083f00000, 0x0000000083f00000| Untracked 
|  14|0x0000000084000000, 0x0000000084000000, 0x0000000084100000|  0%| F|  |TAMS 0x0000000084000000, 0x0000000084000000| Untracked 
|  15|0x0000000084100000, 0x0000000084100000, 0x0000000084200000|  0%| F|  |TAMS 0x0000000084100000, 0x0000000084100000| Untracked 
|  16|0x0000000084200000, 0x0000000084200000, 0x0000000084300000|  0%| F|  |TAMS 0x0000000084200000, 0x0000000084200000| Untracked 
|  17|0x0000000084300000, 0x0000000084300000, 0x0000000084400000|  0%| F|  |TAMS 0x0000000084300000, 0x0000000084300000| Untracked 
|  18|0x0000000084400000, 0x0000000084400000, 0x0000000084500000|  0%| F|  |TAMS 0x0000000084400000, 0x0000000084400000| Untracked 
|  19|0x0000000084500000, 0x0000000084500000, 0x0000000084600000|  0%| F|  |TAMS 0x0000000084500000, 0x0000000084500000| Untracked 
|  20|0x0000000084600000, 0x0000000084600000, 0x0000000084700000|  0%| F|  |TAMS 0x0000000084600000, 0x0000000084600000| Untracked 
|  21|0x0000000084700000, 0x0000000084700000, 0x0000000084800000|  0%| F|  |TAMS 0x0000000084700000, 0x0000000084700000| Untracked 
|  22|0x0000000084800000, 0x0000000084800000, 0x0000000084900000|  0%| F|  |TAMS 0x0000000084800000, 0x0000000084800000| Untracked 
|  23|0x0000000084900000, 0x0000000084900000, 0x0000000084a00000|  0%| F|  |TAMS 0x0000000084900000, 0x0000000084900000| Untracked 
|  24|0x0000000084a00000, 0x0000000084a00000, 0x0000000084b00000|  0%| F|  |TAMS 0x0000000084a00000, 0x0000000084a00000| Untracked 
|  25|0x0000000084b00000, 0x0000000084b00000, 0x0000000084c00000|  0%| F|  |TAMS 0x0000000084b00000, 0x0000000084b00000| Untracked 
|  26|0x0000000084c00000, 0x0000000084c00000, 0x0000000084d00000|  0%| F|  |TAMS 0x0000000084c00000, 0x0000000084c00000| Untracked 
|  27|0x0000000084d00000, 0x0000000084d00000, 0x0000000084e00000|  0%| F|  |TAMS 0x0000000084d00000, 0x0000000084d00000| Untracked 
|  28|0x0000000084e00000, 0x0000000084e00000, 0x0000000084f00000|  0%| F|  |TAMS 0x0000000084e00000, 0x0000000084e00000| Untracked 
|  29|0x0000000084f00000, 0x0000000084f00000, 0x0000000085000000|  0%| F|  |TAMS 0x0000000084f00000, 0x0000000084f00000| Untracked 
|  30|0x0000000085000000, 0x0000000085000000, 0x0000000085100000|  0%| F|  |TAMS 0x0000000085000000, 0x0000000085000000| Untracked 
|  31|0x0000000085100000, 0x0000000085100000, 0x0000000085200000|  0%| F|  |TAMS 0x0000000085100000, 0x0000000085100000| Untracked 
|  32|0x0000000085200000, 0x0000000085200000, 0x0000000085300000|  0%| F|  |TAMS 0x0000000085200000, 0x0000000085200000| Untracked 
|  33|0x0000000085300000, 0x0000000085300000, 0x0000000085400000|  0%| F|  |TAMS 0x0000000085300000, 0x0000000085300000| Untracked 
|  34|0x0000000085400000, 0x0000000085400000, 0x0000000085500000|  0%| F|  |TAMS 0x0000000085400000, 0x0000000085400000| Untracked 
|  35|0x0000000085500000, 0x0000000085500000, 0x0000000085600000|  0%| F|  |TAMS 0x0000000085500000, 0x0000000085500000| Untracked 
|  36|0x0000000085600000, 0x0000000085600000, 0x0000000085700000|  0%| F|  |TAMS 0x0000000085600000, 0x0000000085600000| Untracked 
|  37|0x0000000085700000, 0x0000000085700000, 0x0000000085800000|  0%| F|  |TAMS 0x0000000085700000, 0x0000000085700000| Untracked 
|  38|0x0000000085800000, 0x0000000085800000, 0x0000000085900000|  0%| F|  |TAMS 0x0000000085800000, 0x0000000085800000| Untracked 
|  39|0x0000000085900000, 0x0000000085900000, 0x0000000085a00000|  0%| F|  |TAMS 0x0000000085900000, 0x0000000085900000| Untracked 
|  40|0x0000000085a00000, 0x0000000085a00000, 0x0000000085b00000|  0%| F|  |TAMS 0x0000000085a00000, 0x0000000085a00000| Untracked 
|  41|0x0000000085b00000, 0x0000000085b00000, 0x0000000085c00000|  0%| F|  |TAMS 0x0000000085b00000, 0x0000000085b00000| Untracked 
|  42|0x0000000085c00000, 0x0000000085c00000, 0x0000000085d00000|  0%| F|  |TAMS 0x0000000085c00000, 0x0000000085c00000| Untracked 
|  43|0x0000000085d00000, 0x0000000085d00000, 0x0000000085e00000|  0%| F|  |TAMS 0x0000000085d00000, 0x0000000085d00000| Untracked 
|  44|0x0000000085e00000, 0x0000000085e00000, 0x0000000085f00000|  0%| F|  |TAMS 0x0000000085e00000, 0x0000000085e00000| Untracked 
|  45|0x0000000085f00000, 0x0000000085f00000, 0x0000000086000000|  0%| F|  |TAMS 0x0000000085f00000, 0x0000000085f00000| Untracked 
|  46|0x0000000086000000, 0x0000000086000000, 0x0000000086100000|  0%| F|  |TAMS 0x0000000086000000, 0x0000000086000000| Untracked 
|  47|0x0000000086100000, 0x0000000086100000, 0x0000000086200000|  0%| F|  |TAMS 0x0000000086100000, 0x0000000086100000| Untracked 
|  48|0x0000000086200000, 0x0000000086200000, 0x0000000086300000|  0%| F|  |TAMS 0x0000000086200000, 0x0000000086200000| Untracked 
|  49|0x0000000086300000, 0x0000000086300000, 0x0000000086400000|  0%| F|  |TAMS 0x0000000086300000, 0x0000000086300000| Untracked 
|  50|0x0000000086400000, 0x0000000086400000, 0x0000000086500000|  0%| F|  |TAMS 0x0000000086400000, 0x0000000086400000| Untracked 
|  51|0x0000000086500000, 0x0000000086500000, 0x0000000086600000|  0%| F|  |TAMS 0x0000000086500000, 0x0000000086500000| Untracked 
|  52|0x0000000086600000, 0x0000000086600000, 0x0000000086700000|  0%| F|  |TAMS 0x0000000086600000, 0x0000000086600000| Untracked 
|  53|0x0000000086700000, 0x0000000086700000, 0x0000000086800000|  0%| F|  |TAMS 0x0000000086700000, 0x0000000086700000| Untracked 
|  54|0x0000000086800000, 0x0000000086800000, 0x0000000086900000|  0%| F|  |TAMS 0x0000000086800000, 0x0000000086800000| Untracked 
|  55|0x0000000086900000, 0x0000000086900000, 0x0000000086a00000|  0%| F|  |TAMS 0x0000000086900000, 0x0000000086900000| Untracked 
|  56|0x0000000086a00000, 0x0000000086a00000, 0x0000000086b00000|  0%| F|  |TAMS 0x0000000086a00000, 0x0000000086a00000| Untracked 
|  57|0x0000000086b00000, 0x0000000086b00000, 0x0000000086c00000|  0%| F|  |TAMS 0x0000000086b00000, 0x0000000086b00000| Untracked 
|  58|0x0000000086c00000, 0x0000000086c00000, 0x0000000086d00000|  0%| F|  |TAMS 0x0000000086c00000, 0x0000000086c00000| Untracked 
|  59|0x0000000086d00000, 0x0000000086d00000, 0x0000000086e00000|  0%| F|  |TAMS 0x0000000086d00000, 0x0000000086d00000| Untracked 
|  60|0x0000000086e00000, 0x0000000086e00000, 0x0000000086f00000|  0%| F|  |TAMS 0x0000000086e00000, 0x0000000086e00000| Untracked 
|  61|0x0000000086f00000, 0x0000000086f00000, 0x0000000087000000|  0%| F|  |TAMS 0x0000000086f00000, 0x0000000086f00000| Untracked 
|  62|0x0000000087000000, 0x0000000087000000, 0x0000000087100000|  0%| F|  |TAMS 0x0000000087000000, 0x0000000087000000| Untracked 
|  63|0x0000000087100000, 0x0000000087100000, 0x0000000087200000|  0%| F|  |TAMS 0x0000000087100000, 0x0000000087100000| Untracked 
|  64|0x0000000087200000, 0x0000000087200000, 0x0000000087300000|  0%| F|  |TAMS 0x0000000087200000, 0x0000000087200000| Untracked 
|  65|0x0000000087300000, 0x0000000087300000, 0x0000000087400000|  0%| F|  |TAMS 0x0000000087300000, 0x0000000087300000| Untracked 
|  66|0x0000000087400000, 0x0000000087400000, 0x0000000087500000|  0%| F|  |TAMS 0x0000000087400000, 0x0000000087400000| Untracked 
|  67|0x0000000087500000, 0x0000000087500000, 0x0000000087600000|  0%| F|  |TAMS 0x0000000087500000, 0x0000000087500000| Untracked 
|  68|0x0000000087600000, 0x0000000087600000, 0x0000000087700000|  0%| F|  |TAMS 0x0000000087600000, 0x0000000087600000| Untracked 
|  69|0x0000000087700000, 0x0000000087700000, 0x0000000087800000|  0%| F|  |TAMS 0x0000000087700000, 0x0000000087700000| Untracked 
|  70|0x0000000087800000, 0x0000000087800000, 0x0000000087900000|  0%| F|  |TAMS 0x0000000087800000, 0x0000000087800000| Untracked 
|  71|0x0000000087900000, 0x0000000087900000, 0x0000000087a00000|  0%| F|  |TAMS 0x0000000087900000, 0x0000000087900000| Untracked 
|  72|0x0000000087a00000, 0x0000000087a00000, 0x0000000087b00000|  0%| F|  |TAMS 0x0000000087a00000, 0x0000000087a00000| Untracked 
|  73|0x0000000087b00000, 0x0000000087b00000, 0x0000000087c00000|  0%| F|  |TAMS 0x0000000087b00000, 0x0000000087b00000| Untracked 
|  74|0x0000000087c00000, 0x0000000087c00000, 0x0000000087d00000|  0%| F|  |TAMS 0x0000000087c00000, 0x0000000087c00000| Untracked 
|  75|0x0000000087d00000, 0x0000000087d00000, 0x0000000087e00000|  0%| F|  |TAMS 0x0000000087d00000, 0x0000000087d00000| Untracked 
|  76|0x0000000087e00000, 0x0000000087e00000, 0x0000000087f00000|  0%| F|  |TAMS 0x0000000087e00000, 0x0000000087e00000| Untracked 
|  77|0x0000000087f00000, 0x0000000087f00000, 0x0000000088000000|  0%| F|  |TAMS 0x0000000087f00000, 0x0000000087f00000| Untracked 
|  78|0x0000000088000000, 0x0000000088000000, 0x0000000088100000|  0%| F|  |TAMS 0x0000000088000000, 0x0000000088000000| Untracked 
|  79|0x0000000088100000, 0x0000000088100000, 0x0000000088200000|  0%| F|  |TAMS 0x0000000088100000, 0x0000000088100000| Untracked 
|  80|0x0000000088200000, 0x0000000088200000, 0x0000000088300000|  0%| F|  |TAMS 0x0000000088200000, 0x0000000088200000| Untracked 
|  81|0x0000000088300000, 0x0000000088300000, 0x0000000088400000|  0%| F|  |TAMS 0x0000000088300000, 0x0000000088300000| Untracked 
|  82|0x0000000088400000, 0x0000000088400000, 0x0000000088500000|  0%| F|  |TAMS 0x0000000088400000, 0x0000000088400000| Untracked 
|  83|0x0000000088500000, 0x0000000088500000, 0x0000000088600000|  0%| F|  |TAMS 0x0000000088500000, 0x0000000088500000| Untracked 
|  84|0x0000000088600000, 0x0000000088600000, 0x0000000088700000|  0%| F|  |TAMS 0x0000000088600000, 0x0000000088600000| Untracked 
|  85|0x0000000088700000, 0x0000000088700000, 0x0000000088800000|  0%| F|  |TAMS 0x0000000088700000, 0x0000000088700000| Untracked 
|  86|0x0000000088800000, 0x0000000088800000, 0x0000000088900000|  0%| F|  |TAMS 0x0000000088800000, 0x0000000088800000| Untracked 
|  87|0x0000000088900000, 0x0000000088900000, 0x0000000088a00000|  0%| F|  |TAMS 0x0000000088900000, 0x0000000088900000| Untracked 
|  88|0x0000000088a00000, 0x0000000088a00000, 0x0000000088b00000|  0%| F|  |TAMS 0x0000000088a00000, 0x0000000088a00000| Untracked 
|  89|0x0000000088b00000, 0x0000000088b00000, 0x0000000088c00000|  0%| F|  |TAMS 0x0000000088b00000, 0x0000000088b00000| Untracked 
|  90|0x0000000088c00000, 0x0000000088c00000, 0x0000000088d00000|  0%| F|  |TAMS 0x0000000088c00000, 0x0000000088c00000| Untracked 
|  91|0x0000000088d00000, 0x0000000088d00000, 0x0000000088e00000|  0%| F|  |TAMS 0x0000000088d00000, 0x0000000088d00000| Untracked 
|  92|0x0000000088e00000, 0x0000000088e00000, 0x0000000088f00000|  0%| F|  |TAMS 0x0000000088e00000, 0x0000000088e00000| Untracked 
|  93|0x0000000088f00000, 0x0000000088f00000, 0x0000000089000000|  0%| F|  |TAMS 0x0000000088f00000, 0x0000000088f00000| Untracked 
|  94|0x0000000089000000, 0x0000000089000000, 0x0000000089100000|  0%| F|  |TAMS 0x0000000089000000, 0x0000000089000000| Untracked 
|  95|0x0000000089100000, 0x0000000089100000, 0x0000000089200000|  0%| F|  |TAMS 0x0000000089100000, 0x0000000089100000| Untracked 
|  96|0x0000000089200000, 0x0000000089200000, 0x0000000089300000|  0%| F|  |TAMS 0x0000000089200000, 0x0000000089200000| Untracked 
|  97|0x0000000089300000, 0x0000000089300000, 0x0000000089400000|  0%| F|  |TAMS 0x0000000089300000, 0x0000000089300000| Untracked 
|  98|0x0000000089400000, 0x0000000089400000, 0x0000000089500000|  0%| F|  |TAMS 0x0000000089400000, 0x0000000089400000| Untracked 
|  99|0x0000000089500000, 0x0000000089500000, 0x0000000089600000|  0%| F|  |TAMS 0x0000000089500000, 0x0000000089500000| Untracked 
| 100|0x0000000089600000, 0x0000000089600000, 0x0000000089700000|  0%| F|  |TAMS 0x0000000089600000, 0x0000000089600000| Untracked 
| 101|0x0000000089700000, 0x0000000089700000, 0x0000000089800000|  0%| F|  |TAMS 0x0000000089700000, 0x0000000089700000| Untracked 
| 102|0x0000000089800000, 0x0000000089800000, 0x0000000089900000|  0%| F|  |TAMS 0x0000000089800000, 0x0000000089800000| Untracked 
| 103|0x0000000089900000, 0x0000000089900000, 0x0000000089a00000|  0%| F|  |TAMS 0x0000000089900000, 0x0000000089900000| Untracked 
| 104|0x0000000089a00000, 0x0000000089a00000, 0x0000000089b00000|  0%| F|  |TAMS 0x0000000089a00000, 0x0000000089a00000| Untracked 
| 105|0x0000000089b00000, 0x0000000089b00000, 0x0000000089c00000|  0%| F|  |TAMS 0x0000000089b00000, 0x0000000089b00000| Untracked 
| 106|0x0000000089c00000, 0x0000000089c00000, 0x0000000089d00000|  0%| F|  |TAMS 0x0000000089c00000, 0x0000000089c00000| Untracked 
| 107|0x0000000089d00000, 0x0000000089d00000, 0x0000000089e00000|  0%| F|  |TAMS 0x0000000089d00000, 0x0000000089d00000| Untracked 
| 108|0x0000000089e00000, 0x0000000089e00000, 0x0000000089f00000|  0%| F|  |TAMS 0x0000000089e00000, 0x0000000089e00000| Untracked 
| 109|0x0000000089f00000, 0x0000000089f00000, 0x000000008a000000|  0%| F|  |TAMS 0x0000000089f00000, 0x0000000089f00000| Untracked 
| 110|0x000000008a000000, 0x000000008a000000, 0x000000008a100000|  0%| F|  |TAMS 0x000000008a000000, 0x000000008a000000| Untracked 
| 111|0x000000008a100000, 0x000000008a100000, 0x000000008a200000|  0%| F|  |TAMS 0x000000008a100000, 0x000000008a100000| Untracked 
| 112|0x000000008a200000, 0x000000008a200000, 0x000000008a300000|  0%| F|  |TAMS 0x000000008a200000, 0x000000008a200000| Untracked 
| 113|0x000000008a300000, 0x000000008a300000, 0x000000008a400000|  0%| F|  |TAMS 0x000000008a300000, 0x000000008a300000| Untracked 
| 114|0x000000008a400000, 0x000000008a400000, 0x000000008a500000|  0%| F|  |TAMS 0x000000008a400000, 0x000000008a400000| Untracked 
| 115|0x000000008a500000, 0x000000008a500000, 0x000000008a600000|  0%| F|  |TAMS 0x000000008a500000, 0x000000008a500000| Untracked 
| 116|0x000000008a600000, 0x000000008a600000, 0x000000008a700000|  0%| F|  |TAMS 0x000000008a600000, 0x000000008a600000| Untracked 
| 117|0x000000008a700000, 0x000000008a700000, 0x000000008a800000|  0%| F|  |TAMS 0x000000008a700000, 0x000000008a700000| Untracked 
| 118|0x000000008a800000, 0x000000008a800000, 0x000000008a900000|  0%| F|  |TAMS 0x000000008a800000, 0x000000008a800000| Untracked 
| 119|0x000000008a900000, 0x000000008a900000, 0x000000008aa00000|  0%| F|  |TAMS 0x000000008a900000, 0x000000008a900000| Untracked 
| 120|0x000000008aa00000, 0x000000008aa43730, 0x000000008ab00000| 26%| E|  |TAMS 0x000000008aa00000, 0x000000008aa00000| Complete 
| 121|0x000000008ab00000, 0x000000008ac00000, 0x000000008ac00000|100%| E|CS|TAMS 0x000000008ab00000, 0x000000008ab00000| Complete 
| 122|0x000000008ac00000, 0x000000008ad00000, 0x000000008ad00000|100%| E|CS|TAMS 0x000000008ac00000, 0x000000008ac00000| Complete 
| 123|0x000000008ad00000, 0x000000008ae00000, 0x000000008ae00000|100%| E|CS|TAMS 0x000000008ad00000, 0x000000008ad00000| Complete 
| 124|0x000000008ae00000, 0x000000008af00000, 0x000000008af00000|100%| E|CS|TAMS 0x000000008ae00000, 0x000000008ae00000| Complete 
| 125|0x000000008af00000, 0x000000008b000000, 0x000000008b000000|100%| E|CS|TAMS 0x000000008af00000, 0x000000008af00000| Complete 

Card table byte_map: [0x0000026766a30000,0x0000026766e20000] _byte_map_base: 0x0000026766617000

Marking Bits (Prev, Next): (CMBitMap*) 0x000002674fe1c3b0, (CMBitMap*) 0x000002674fe1c3f0
 Prev Bits: [0x0000026767210000, 0x0000026769148000)
 Next Bits: [0x0000026769150000, 0x000002676b088000)

Polling page: 0x000002674f5c0000

Metaspace:

Usage:
  Non-class:      2.41 MB used.
      Class:    248.31 KB used.
       Both:      2.66 MB used.

Virtual space:
  Non-class space:        8.00 MB reserved,       2.44 MB ( 30%) committed,  1 nodes.
      Class space:        1.00 GB reserved,     320.00 KB ( <1%) committed,  1 nodes.
             Both:        1.01 GB reserved,       2.75 MB ( <1%) committed. 

Chunk freelists:
   Non-Class:  3.70 MB
       Class:  3.72 MB
        Both:  7.42 MB

MaxMetaspaceSize: unlimited
CompressedClassSpaceSize: 1.00 GB
Initial GC threshold: 21.00 MB
Current GC threshold: 21.00 MB
CDS: on
MetaspaceReclaimPolicy: balanced
 - commit_granule_bytes: 65536.
 - commit_granule_words: 8192.
 - virtual_space_node_default_size: 1048576.
 - enlarge_chunks_in_place: 1.
 - new_chunks_are_fully_committed: 0.
 - uncommit_free_chunks: 1.
 - use_allocation_guard: 0.
 - handle_deallocations: 1.


Internal statistics:

num_allocs_failed_limit: 0.
num_arena_births: 8.
num_arena_deaths: 0.
num_vsnodes_births: 2.
num_vsnodes_deaths: 0.
num_space_committed: 44.
num_space_uncommitted: 0.
num_chunks_returned_to_freelist: 0.
num_chunks_taken_from_freelist: 29.
num_chunk_merges: 0.
num_chunk_splits: 17.
num_chunks_enlarged: 11.
num_purges: 0.
num_inconsistent_stats: 0.

CodeHeap 'non-profiled nmethods': size=120000Kb used=127Kb max_used=127Kb free=119872Kb
 bounds [0x000002675f110000, 0x000002675f380000, 0x0000026766640000]
CodeHeap 'profiled nmethods': size=120000Kb used=625Kb max_used=625Kb free=119374Kb
 bounds [0x0000026757be0000, 0x0000026757e50000, 0x000002675f110000]
CodeHeap 'non-nmethods': size=5760Kb used=1192Kb max_used=1208Kb free=4567Kb
 bounds [0x0000026757640000, 0x00000267578b0000, 0x0000026757be0000]
 total_blobs=830 nmethods=420 adapters=324
 compilation: enabled
              stopped_count=0, restarted_count=0
 full_count=0

Compilation events (20 events):
Event: 1.299 Thread 0x000002676d577460  411       3       org.eclipse.jdt.launching.internal.org.objectweb.asm.ByteVector::putShort (52 bytes)
Event: 1.299 Thread 0x000002676d577460 nmethod 411 0x0000026757c7a310 code [0x0000026757c7a4c0, 0x0000026757c7a6c8]
Event: 1.300 Thread 0x000002676d577460  412       3       java.lang.String::endsWith (15 bytes)
Event: 1.301 Thread 0x000002676d577460 nmethod 412 0x0000026757c7a810 code [0x0000026757c7a9e0, 0x0000026757c7ad28]
Event: 1.301 Thread 0x000002676d577460  413       3       org.eclipse.jdt.launching.internal.org.objectweb.asm.SymbolTable::addConstantUtf8 (98 bytes)
Event: 1.302 Thread 0x000002676d577460 nmethod 413 0x0000026757c7af10 code [0x0000026757c7b140, 0x0000026757c7b738]
Event: 1.318 Thread 0x000002676d577460  415       3       jdk.internal.org.objectweb.asm.SymbolTable::get (13 bytes)
Event: 1.319 Thread 0x000002676d577460 nmethod 415 0x0000026757c7ba90 code [0x0000026757c7bc20, 0x0000026757c7bd78]
Event: 1.319 Thread 0x000002676d577460  416       3       java.lang.reflect.Modifier::isPublic (12 bytes)
Event: 1.319 Thread 0x000002676d577460 nmethod 416 0x0000026757c7be90 code [0x0000026757c7c020, 0x0000026757c7c178]
Event: 1.319 Thread 0x000002676d577460  417       3       java.lang.invoke.MemberName::testAllFlags (7 bytes)
Event: 1.320 Thread 0x000002676d577460 nmethod 417 0x0000026757c7c210 code [0x0000026757c7c3a0, 0x0000026757c7c578]
Event: 1.320 Thread 0x000002676d577460  418       1       java.net.URL::getRef (5 bytes)
Event: 1.321 Thread 0x000002676d577460 nmethod 418 0x000002675f12f690 code [0x000002675f12f820, 0x000002675f12f8f8]
Event: 154.687 Thread 0x000002676d577460  419       1       java.net.URL::getPath (5 bytes)
Event: 154.688 Thread 0x000002676d50b450  420       4       org.eclipse.jdt.launching.internal.org.objectweb.asm.ClassReader::getItem (7 bytes)
Event: 154.688 Thread 0x000002676d577460 nmethod 419 0x000002675f12f990 code [0x000002675f12fb20, 0x000002675f12fbf8]
Event: 154.689 Thread 0x000002676d577460  421       1       org.eclipse.jdt.launching.internal.org.objectweb.asm.SymbolTable::getMajorVersion (5 bytes)
Event: 154.689 Thread 0x000002676d577460 nmethod 421 0x000002675f12fc90 code [0x000002675f12fe20, 0x000002675f12fef8]
Event: 154.696 Thread 0x000002676d50b450 


GC Heap History (0 events):
No events

Deoptimization events (20 events):
Event: 1.210 Thread 0x000002674fddf400 DEOPT PACKING pc=0x0000026757c542b4 sp=0x000000a3c3cf7d40
Event: 1.210 Thread 0x000002674fddf400 DEOPT UNPACKING pc=0x0000026757692b24 sp=0x000000a3c3cf71a8 mode 0
Event: 1.211 Thread 0x000002674fddf400 DEOPT PACKING pc=0x0000026757c542b4 sp=0x000000a3c3cf7d40
Event: 1.211 Thread 0x000002674fddf400 DEOPT UNPACKING pc=0x0000026757692b24 sp=0x000000a3c3cf71a8 mode 0
Event: 1.213 Thread 0x000002674fddf400 DEOPT PACKING pc=0x0000026757c542b4 sp=0x000000a3c3cf7d40
Event: 1.213 Thread 0x000002674fddf400 DEOPT UNPACKING pc=0x0000026757692b24 sp=0x000000a3c3cf71a8 mode 0
Event: 1.214 Thread 0x000002674fddf400 DEOPT PACKING pc=0x0000026757c542b4 sp=0x000000a3c3cf7d40
Event: 1.214 Thread 0x000002674fddf400 DEOPT UNPACKING pc=0x0000026757692b24 sp=0x000000a3c3cf71a8 mode 0
Event: 1.215 Thread 0x000002674fddf400 DEOPT PACKING pc=0x0000026757c542b4 sp=0x000000a3c3cf7d40
Event: 1.215 Thread 0x000002674fddf400 DEOPT UNPACKING pc=0x0000026757692b24 sp=0x000000a3c3cf71a8 mode 0
Event: 1.216 Thread 0x000002674fddf400 DEOPT PACKING pc=0x0000026757c542b4 sp=0x000000a3c3cf7d40
Event: 1.217 Thread 0x000002674fddf400 DEOPT UNPACKING pc=0x0000026757692b24 sp=0x000000a3c3cf71a8 mode 0
Event: 1.220 Thread 0x000002674fddf400 DEOPT PACKING pc=0x0000026757c542b4 sp=0x000000a3c3cf7d40
Event: 1.220 Thread 0x000002674fddf400 DEOPT UNPACKING pc=0x0000026757692b24 sp=0x000000a3c3cf71a8 mode 0
Event: 1.222 Thread 0x000002674fddf400 DEOPT PACKING pc=0x0000026757c542b4 sp=0x000000a3c3cfb790
Event: 1.222 Thread 0x000002674fddf400 DEOPT UNPACKING pc=0x0000026757692b24 sp=0x000000a3c3cfabf8 mode 0
Event: 1.227 Thread 0x000002674fddf400 DEOPT PACKING pc=0x0000026757c542b4 sp=0x000000a3c3cf7cc0
Event: 1.227 Thread 0x000002674fddf400 DEOPT UNPACKING pc=0x0000026757692b24 sp=0x000000a3c3cf7128 mode 0
Event: 1.235 Thread 0x000002674fddf400 DEOPT PACKING pc=0x0000026757c542b4 sp=0x000000a3c3cfb6c0
Event: 1.235 Thread 0x000002674fddf400 DEOPT UNPACKING pc=0x0000026757692b24 sp=0x000000a3c3cfab28 mode 0

Classes unloaded (0 events):
No events

Classes redefined (1 events):
Event: 154.691 Thread 0x000002676d4ea6c0 redefined class name=br.ufs.dcomp.AIproject.csp.ScheduleCSP, count=1

Internal exceptions (0 events):
No events

VM Operations (20 events):
Event: 0.693 Executing VM operation: ChangeBreakpoints
Event: 0.693 Executing VM operation: ChangeBreakpoints done
Event: 0.734 Executing VM operation: ChangeBreakpoints
Event: 0.734 Executing VM operation: ChangeBreakpoints done
Event: 1.305 Executing VM operation: ChangeBreakpoints
Event: 1.306 Executing VM operation: ChangeBreakpoints done
Event: 1.372 Executing VM operation: get/set locals
Event: 1.372 Executing VM operation: get/set locals done
Event: 154.679 Executing VM operation: ChangeSingleStep
Event: 154.679 Executing VM operation: ChangeSingleStep done
Event: 154.679 Executing VM operation: ChangeSingleStep
Event: 154.679 Executing VM operation: ChangeSingleStep done
Event: 154.689 Executing VM operation: RedefineClasses
Event: 154.696 Executing VM operation: RedefineClasses done
Event: 154.711 Executing VM operation: ChangeBreakpoints
Event: 154.711 Executing VM operation: ChangeBreakpoints done
Event: 154.725 Executing VM operation: ChangeSingleStep
Event: 154.725 Executing VM operation: ChangeSingleStep done
Event: 154.730 Executing VM operation: ChangeSingleStep
Event: 154.730 Executing VM operation: ChangeSingleStep done

Events (20 events):
Event: 1.193 loading class jdk/internal/reflect/ClassFileAssembler
Event: 1.194 loading class jdk/internal/reflect/ClassFileAssembler done
Event: 1.194 loading class jdk/internal/reflect/UTF8
Event: 1.194 loading class jdk/internal/reflect/UTF8 done
Event: 1.195 loading class jdk/internal/reflect/Label
Event: 1.195 loading class jdk/internal/reflect/Label done
Event: 1.195 loading class jdk/internal/reflect/Label$PatchInfo
Event: 1.195 loading class jdk/internal/reflect/Label$PatchInfo done
Event: 1.196 loading class jdk/internal/reflect/MethodAccessorGenerator$1
Event: 1.196 loading class jdk/internal/reflect/MethodAccessorGenerator$1 done
Event: 1.196 loading class jdk/internal/reflect/ClassDefiner
Event: 1.196 loading class jdk/internal/reflect/ClassDefiner done
Event: 1.196 loading class jdk/internal/reflect/ClassDefiner$1
Event: 1.197 loading class jdk/internal/reflect/ClassDefiner$1 done
Event: 1.197 loading class jdk/internal/reflect/BootstrapConstructorAccessorImpl
Event: 1.197 loading class jdk/internal/reflect/BootstrapConstructorAccessorImpl done
Event: 1.267 loading class java/lang/IllegalStateException
Event: 1.267 loading class java/lang/IllegalStateException done
Event: 1.299 loading class java/lang/CloneNotSupportedException
Event: 1.300 loading class java/lang/CloneNotSupportedException done


Dynamic libraries:
0x00007ff6a6090000 - 0x00007ff6a60a0000 	C:\Program Files\Java\jdk-17.0.2\bin\javaw.exe
0x00007ffe030f0000 - 0x00007ffe032e5000 	C:\WINDOWS\SYSTEM32\ntdll.dll
0x00007ffe013f0000 - 0x00007ffe014ad000 	C:\WINDOWS\System32\KERNEL32.DLL
0x00007ffe00c40000 - 0x00007ffe00f0d000 	C:\WINDOWS\System32\KERNELBASE.dll
0x00007ffe00ff0000 - 0x00007ffe010f0000 	C:\WINDOWS\System32\ucrtbase.dll
0x00007ffdeb0a0000 - 0x00007ffdeb0b8000 	C:\Program Files\Java\jdk-17.0.2\bin\jli.dll
0x00007ffe02f40000 - 0x00007ffe02fee000 	C:\WINDOWS\System32\ADVAPI32.dll
0x00007ffe01a20000 - 0x00007ffe01abe000 	C:\WINDOWS\System32\msvcrt.dll
0x00007ffe01350000 - 0x00007ffe013ec000 	C:\WINDOWS\System32\sechost.dll
0x00007ffe02570000 - 0x00007ffe02695000 	C:\WINDOWS\System32\RPCRT4.dll
0x00007ffe02240000 - 0x00007ffe023e0000 	C:\WINDOWS\System32\USER32.dll
0x00007ffe00c10000 - 0x00007ffe00c32000 	C:\WINDOWS\System32\win32u.dll
0x00007ffe02f10000 - 0x00007ffe02f3a000 	C:\WINDOWS\System32\GDI32.dll
0x00007ffe00b00000 - 0x00007ffe00c0b000 	C:\WINDOWS\System32\gdi32full.dll
0x00007ffe00960000 - 0x00007ffe009fd000 	C:\WINDOWS\System32\msvcp_win.dll
0x00007ffdead70000 - 0x00007ffdead8a000 	C:\Program Files\Java\jdk-17.0.2\bin\VCRUNTIME140.dll
0x00007ffde8770000 - 0x00007ffde8a0a000 	C:\WINDOWS\WinSxS\amd64_microsoft.windows.common-controls_6595b64144ccf1df_6.0.19041.1110_none_60b5254171f9507e\COMCTL32.dll
0x00007ffdf6030000 - 0x00007ffdf603a000 	C:\WINDOWS\SYSTEM32\VERSION.dll
0x00007ffe01d90000 - 0x00007ffe01dc0000 	C:\WINDOWS\System32\IMM32.DLL
0x00007ffdf2610000 - 0x00007ffdf261c000 	C:\Program Files\Java\jdk-17.0.2\bin\vcruntime140_1.dll
0x00007ffdbf2f0000 - 0x00007ffdbf37d000 	C:\Program Files\Java\jdk-17.0.2\bin\msvcp140.dll
0x00007ffdad690000 - 0x00007ffdae251000 	C:\Program Files\Java\jdk-17.0.2\bin\server\jvm.dll
0x00007ffe024f0000 - 0x00007ffe024f8000 	C:\WINDOWS\System32\PSAPI.DLL
0x00007ffdfae10000 - 0x00007ffdfae19000 	C:\WINDOWS\SYSTEM32\WSOCK32.dll
0x00007ffe01ac0000 - 0x00007ffe01b2b000 	C:\WINDOWS\System32\WS2_32.dll
0x00007ffde8de0000 - 0x00007ffde8e07000 	C:\WINDOWS\SYSTEM32\WINMM.dll
0x00007ffdfe5e0000 - 0x00007ffdfe5f2000 	C:\WINDOWS\SYSTEM32\kernel.appcore.dll
0x00007ffdfc540000 - 0x00007ffdfc54a000 	C:\Program Files\Java\jdk-17.0.2\bin\jimage.dll
0x00007ffdfaaa0000 - 0x00007ffdfac84000 	C:\WINDOWS\SYSTEM32\DBGHELP.DLL
0x00007ffdfaa50000 - 0x00007ffdfaa7c000 	C:\WINDOWS\SYSTEM32\dbgcore.DLL
0x00007ffe00a00000 - 0x00007ffe00a82000 	C:\WINDOWS\System32\bcryptPrimitives.dll
0x00007ffdd96e0000 - 0x00007ffdd971b000 	C:\Program Files\Java\jdk-17.0.2\bin\jdwp.dll
0x00007ffdef890000 - 0x00007ffdef89e000 	C:\Program Files\Java\jdk-17.0.2\bin\instrument.dll
0x00007ffdf8c80000 - 0x00007ffdf8ca5000 	C:\Program Files\Java\jdk-17.0.2\bin\java.dll
0x00007ffdbf6d0000 - 0x00007ffdbf7a6000 	C:\Program Files\Java\jdk-17.0.2\bin\jsvml.dll
0x00007ffe026a0000 - 0x00007ffe02de4000 	C:\WINDOWS\System32\SHELL32.dll
0x00007ffdfe8c0000 - 0x00007ffdff054000 	C:\WINDOWS\SYSTEM32\windows.storage.dll
0x00007ffe01580000 - 0x00007ffe018d4000 	C:\WINDOWS\System32\combase.dll
0x00007ffe000b0000 - 0x00007ffe000dc000 	C:\WINDOWS\SYSTEM32\Wldp.dll
0x00007ffe023e0000 - 0x00007ffe0248d000 	C:\WINDOWS\System32\SHCORE.dll
0x00007ffe02490000 - 0x00007ffe024e5000 	C:\WINDOWS\System32\shlwapi.dll
0x00007ffe00740000 - 0x00007ffe0075f000 	C:\WINDOWS\SYSTEM32\profapi.dll
0x00007ffdec700000 - 0x00007ffdec70c000 	C:\Program Files\Java\jdk-17.0.2\bin\dt_socket.dll
0x00007ffdffba0000 - 0x00007ffdffbdb000 	C:\WINDOWS\SYSTEM32\IPHLPAPI.DLL
0x00007ffdffe90000 - 0x00007ffdffefa000 	C:\WINDOWS\system32\mswsock.dll
0x00007ffdffbe0000 - 0x00007ffdffcab000 	C:\WINDOWS\SYSTEM32\DNSAPI.dll
0x00007ffe02560000 - 0x00007ffe02568000 	C:\WINDOWS\System32\NSI.dll
0x00007ffdf8660000 - 0x00007ffdf866a000 	C:\Windows\System32\rasadhlp.dll
0x00007ffdf9f90000 - 0x00007ffdfa010000 	C:\WINDOWS\System32\fwpuclnt.dll
0x00007ffe00f10000 - 0x00007ffe00f37000 	C:\WINDOWS\System32\bcrypt.dll
0x00007ffdece90000 - 0x00007ffdecea8000 	C:\Program Files\Java\jdk-17.0.2\bin\zip.dll
0x00007ffdf6ce0000 - 0x00007ffdf6cf9000 	C:\Program Files\Java\jdk-17.0.2\bin\net.dll
0x00007ffdf9da0000 - 0x00007ffdf9eaa000 	C:\WINDOWS\SYSTEM32\WINHTTP.dll
0x00007ffdf55d0000 - 0x00007ffdf55e6000 	C:\Program Files\Java\jdk-17.0.2\bin\nio.dll
0x00007ffdfc530000 - 0x00007ffdfc540000 	C:\Program Files\Java\jdk-17.0.2\bin\verify.dll

dbghelp: loaded successfully - version: 4.0.5 - missing functions: none
symbol engine: initialized successfully - sym options: 0x614 - pdb path: .;C:\Program Files\Java\jdk-17.0.2\bin;C:\WINDOWS\SYSTEM32;C:\WINDOWS\WinSxS\amd64_microsoft.windows.common-controls_6595b64144ccf1df_6.0.19041.1110_none_60b5254171f9507e;C:\Program Files\Java\jdk-17.0.2\bin\server

VM Arguments:
jvm_args: -XX:+ShowCodeDetailsInExceptionMessages -agentlib:jdwp=transport=dt_socket,suspend=y,address=localhost:54249 -javaagent:C:\Users\atila\eclipse\java-2021-12\eclipse\configuration\org.eclipse.osgi\224\0\.cp\lib\javaagent-shaded.jar -Dfile.encoding=Cp1252 
java_command: br.ufs.dcomp.AIproject.ScheduleCSPDemo
java_class_path (initial): C:\Users\atila\git\AIproject2\target\classes;C:\Users\atila\git\AIproject2\lib\aima-core.jar
Launcher Type: SUN_STANDARD

[Global flags]
     intx CICompilerCount                          = 3                                         {product} {ergonomic}
     uint ConcGCThreads                            = 1                                         {product} {ergonomic}
     uint G1ConcRefinementThreads                  = 4                                         {product} {ergonomic}
   size_t G1HeapRegionSize                         = 1048576                                   {product} {ergonomic}
    uintx GCDrainStackTargetSize                   = 64                                        {product} {ergonomic}
   size_t InitialHeapSize                          = 132120576                                 {product} {ergonomic}
   size_t MarkStackSize                            = 4194304                                   {product} {ergonomic}
   size_t MaxHeapSize                              = 2095054848                                {product} {ergonomic}
   size_t MaxNewSize                               = 1256194048                                {product} {ergonomic}
   size_t MinHeapDeltaBytes                        = 1048576                                   {product} {ergonomic}
   size_t MinHeapSize                              = 8388608                                   {product} {ergonomic}
    uintx NonNMethodCodeHeapSize                   = 5832780                                {pd product} {ergonomic}
    uintx NonProfiledCodeHeapSize                  = 122912730                              {pd product} {ergonomic}
    uintx ProfiledCodeHeapSize                     = 122912730                              {pd product} {ergonomic}
    uintx ReservedCodeCacheSize                    = 251658240                              {pd product} {ergonomic}
     bool SegmentedCodeCache                       = true                                      {product} {ergonomic}
     bool ShowCodeDetailsInExceptionMessages       = true                                   {manageable} {command line}
   size_t SoftMaxHeapSize                          = 2095054848                             {manageable} {ergonomic}
     bool UseCompressedClassPointers               = true                           {product lp64_product} {ergonomic}
     bool UseCompressedOops                        = true                           {product lp64_product} {ergonomic}
     bool UseG1GC                                  = true                                      {product} {ergonomic}
     bool UseLargePagesIndividualAllocation        = false                                  {pd product} {ergonomic}

Logging:
Log output configuration:
 #0: stdout all=warning uptime,level,tags
 #1: stderr all=off uptime,level,tags

Environment Variables:
PATH=C:/Program Files/Java/jdk-17.0.2/bin/server;C:/Program Files/Java/jdk-17.0.2/bin;C:\Program Files\Common Files\Oracle\Java\javapath;C:\Python39\Scripts\;C:\Python39\;C:\Program Files\Java\jdk-11.0.11.9-hotspot\bin;C:\Program Files (x86)\Common Files\Oracle\Java\javapath;C:\Python38\Scripts\;C:\Python38\;C:\WINDOWS\system32;C:\WINDOWS;C:\WINDOWS\System32\Wbem;C:\WINDOWS\System32\WindowsPowerShell\v1.0\;C:\WINDOWS\System32\OpenSSH\;C:\ProgramData\chocolatey\bin;C:\Program Files\Git\cmd;C:\Program Files\nodejs\;C:\Program Files\PostgreSQL\12\bin;C:\Program Files\MySQL\MySQL Shell 8.0\bin\;C:\Users\atila\AppData\Local\Microsoft\WindowsApps;;C:\Users\atila\AppData\Local\Programs\Microsoft VS Code\bin;C:\Users\atila\AppData\Roaming\npm;C:\Users\atila\OneDrive\Área de Trabalho;
USERNAME=atila
OS=Windows_NT
PROCESSOR_IDENTIFIER=Intel64 Family 6 Model 37 Stepping 5, GenuineIntel



---------------  S Y S T E M  ---------------

OS:
 Windows 10 , 64 bit Build 19041 (10.0.19041.1706)
OS uptime: 1 days 2:16 hours
Hyper-V role detected

CPU: total 4 (initial active 4) (2 cores per cpu, 2 threads per core) family 6 model 37 stepping 5 microcode 0x7, cx8, cmov, fxsr, ht, mmx, sse, sse2, sse3, ssse3, sse4.1, sse4.2, popcnt, tsc, tscinvbit, clflush, hv

Memory: 4k page, system-wide physical 7988M (2847M free)
TotalPageFile size 10436M (AvailPageFile size 1969M)
current process WorkingSet (physical memory assigned to process): 41M, peak: 44M
current process commit charge ("private bytes"): 203M, peak: 206M

vm_info: Java HotSpot(TM) 64-Bit Server VM (17.0.2+8-LTS-86) for windows-amd64 JRE (17.0.2+8-LTS-86), built on Dec  7 2021 21:51:03 by "mach5one" with MS VC++ 16.8 / 16.9 (VS2019)

END.
