#
# A fatal error has been detected by the Java Runtime Environment:
#
#  SIGSEGV (0xb) at pc=0x00007fe16109b139, pid=980997, tid=981022
#
# JRE version: OpenJDK Runtime Environment Temurin-17.0.1+12 (17.0.1+12) (build 17.0.1+12)
# Java VM: OpenJDK 64-Bit Server VM Temurin-17.0.1+12 (17.0.1+12, mixed mode, tiered, compressed oops, compressed class ptrs, g1 gc, linux-amd64)
# Problematic frame:
# V  [libjvm.so+0xe9c139]  Symbol::as_C_string() const+0x9
#
# Core dump will be written. Default location: Core dumps may be processed with "/lib/systemd/systemd-coredump %P %u %g %s %t 9223372036854775808 %h" (or dumping to /home/juanb/eclipse-workspace/ProjetoIA/core.980997)
#
# If you would like to submit a bug report, please visit:
#   https://github.com/adoptium/adoptium-support/issues
#

---------------  S U M M A R Y ------------

Command Line: -XX:+ShowCodeDetailsInExceptionMessages -agentlib:jdwp=transport=dt_socket,suspend=y,address=localhost:41223 -javaagent:/home/juanb/eclipse/configuration/org.eclipse.osgi/413/0/.cp/lib/javaagent-shaded.jar -Dfile.encoding=UTF-8 br.ufs.dcomp.AIproject.ScheduleCSPDemo

Host: Intel(R) Core(TM) i5-8250U CPU @ 1.60GHz, 8 cores, 15G, Linux Mint 20.3 Una
Time: Fri May 20 17:56:18 2022 -03 elapsed time: 62.667040 seconds (0d 0h 1m 2s)

---------------  T H R E A D  ---------------

Current thread (0x00007fe1582dd4c0):  JavaThread "JDWP Transport Listener: dt_socket" daemon [_thread_in_vm, id=981022, stack(0x00007fe126780000,0x00007fe126881000)]

Stack: [0x00007fe126780000,0x00007fe126881000],  sp=0x00007fe12687f940,  free space=1022k
Native frames: (J=compiled Java code, j=interpreted, Vv=VM code, C=native code)
V  [libjvm.so+0xe9c139]  Symbol::as_C_string() const+0x9
V  [libjvm.so+0xa1c9a4]  JvmtiEnv::GetClassSignature(oopDesc*, char**, char**)+0x114
V  [libjvm.so+0x9d2189]  jvmti_GetClassSignature+0x1d9
C  [libjdwp.so+0x2c2df]  classSignature+0x3f
C  [libjdwp.so+0xc896]  allClasses1.isra.3.part.4+0x166
C  [libjdwp.so+0xd883]  allClassesWithGeneric+0x23
C  [libjdwp.so+0x12ec5]  debugLoop_run+0x1f5
C  [libjdwp.so+0x26123]  attachThread+0x33
V  [libjvm.so+0xa38ec5]  JvmtiAgentThread::start_function_wrapper(JavaThread*, JavaThread*)+0x85
V  [libjvm.so+0xefe6f0]  JavaThread::thread_main_inner()+0x180
V  [libjvm.so+0xf01b62]  Thread::call_run()+0xe2
V  [libjvm.so+0xc3ccd1]  thread_native_entry(Thread*)+0xe1


siginfo: si_signo: 11 (SIGSEGV), si_code: 1 (SEGV_MAPERR), si_addr: 0x0000000000330008

Register to memory mapping:

RAX=0x0000000000000032 is an unknown value
RBX=0x00007fe10c02a0f0 points into unknown readable memory: 0x0000000000000000 | 00 00 00 00 00 00 00 00
RCX=0x00007fe12585d368 is pointing into metadata
RDX=0x000000000000001f is an unknown value
RSP=0x00007fe12687f940 is pointing into the stack for thread: 0x00007fe1582dd4c0
RBP=0x00007fe12687f950 is pointing into the stack for thread: 0x00007fe1582dd4c0
RSI=0x0 is NULL
RDI=0x0000000000330004 is an unknown value
R8 =0x00007fe0f4003880 points into unknown readable memory: 0x2f7366752f72624c | 4c 62 72 2f 75 66 73 2f
R9 =0x000000000000003f is an unknown value
R10=0x000000000000003d is an unknown value
R11=0x00007fe10c02a100 points into unknown readable memory: 0x642f7366752f7262 | 62 72 2f 75 66 73 2f 64
R12=0x00000008001075b0 is a pointer to class: 
br.ufs.dcomp.AIproject.constraints.DependentMembersConstraint {0x00000008001075b0}
 - instance size:     3
 - klass size:        72
 - access:            public synchronized 
 - state:             fully_initialized
 - name:              'br/ufs/dcomp/AIproject/constraints/DependentMembersConstraint'
 - super:             'java/lang/Object'
 - sub:               
 - arrays:            NULL
 - methods:           Array<T>(0x00007fe12585cae8)
 - method ordering:   Array<T>(0x00007fe12585cd30)
 - default_methods:   Array<T>(0x0000000000000000)
 - local interfaces:  Array<T>(0x00007fe12584a8a8)
 - trans. interfaces: Array<T>(0x00007fe12584a8a8)
 - constants:         constant pool [108] {0x00007fe12585d368} for 'br/ufs/dcomp/AIproject/constraints/DependentMembersConstraint' cache=0x00007fe12585d768
 - class loader data:  loader data: 0x00007fe15829eac0 for instance a 'jdk/internal/loader/ClassLoaders$AppClassLoader'{0x0000000716e55af0}
 - source file:       'DependentMembersConstraint.java'
 - source debug extension:       SMAP
DependentMembersConstraint.java
Java
*S jdt
*F
1 DependentMembersConstraint.java
2 file:/home/juanb/eclipse-workspace/ProjetoIA/target/classes/
*L
*E

 - class annotations:       Array<T>(0x0000000000000000)
 - class type annotations:  Array<T>(0x0000000000000000)
 - field annotations:       Array<T>(0x0000000000000000)
 - field type annotations:  Array<T>(0x0000000000000000)
 - previous version:  constant pool [101] {0x00007fe12584a4e8} for 'br/ufs/dcomp/AIproject/constraints/DependentMembersConstraint' (extra) cache=0x00007fe12584ac58
 - generic signature: '
[error occurred during error reporting (printing register info), id 0xb, SIGSEGV (0xb) at pc=0x00007fe16109c888]

Registers:
RAX=0x0000000000000032, RBX=0x00007fe10c02a0f0, RCX=0x00007fe12585d368, RDX=0x000000000000001f
RSP=0x00007fe12687f940, RBP=0x00007fe12687f950, RSI=0x0000000000000000, RDI=0x0000000000330004
R8 =0x00007fe0f4003880, R9 =0x000000000000003f, R10=0x000000000000003d, R11=0x00007fe10c02a100
R12=0x00000008001075b0, R13=0x00007fe12687fac8, R14=0x00000008001075b0, R15=0x00007fe1582dd300
RIP=0x00007fe16109b139, EFLAGS=0x0000000000010246, CSGSFS=0x002b000000000033, ERR=0x0000000000000004
  TRAPNO=0x000000000000000e

Top of Stack: (sp=0x00007fe12687f940)
0x00007fe12687f940:   00007fe10c02a0f0 00000008001075b0
0x00007fe12687f950:   00007fe12687f9c0 00007fe160c1b9a4
0x00007fe12687f960:   00007fe10c02a140 00000000000003d8
0x00007fe12687f970:   00007fe158016420 00007fe10c02a4d8 

Instructions: (pc=0x00007fe16109b139)
0x00007fe16109b039:   41 0f 11 04 09 48 83 c1 10 41 39 fb 77 e9 89 d9
0x00007fe16109b049:   83 e1 f0 01 ca 39 cb 48 63 d2 74 13 0f 1f 00 41
0x00007fe16109b059:   0f b6 0c 10 88 0c 10 48 83 c2 01 39 d6 7f f0 48
0x00007fe16109b069:   63 f6 5b c6 04 30 00 5d c3 66 0f 1f 44 00 00 ba
0x00007fe16109b079:   02 00 00 00 eb 91 90 ba 05 00 00 00 eb 89 ba 0d
0x00007fe16109b089:   00 00 00 eb 82 66 90 31 d2 48 63 d2 0f 1f 00 41
0x00007fe16109b099:   0f b6 0c 10 88 0c 10 48 83 c2 01 39 d6 7f f0 e9
0x00007fe16109b0a9:   44 ff ff ff 0f 1f 00 ba 03 00 00 00 e9 56 ff ff
0x00007fe16109b0b9:   ff 66 0f 1f 44 00 00 ba 04 00 00 00 e9 46 ff ff
0x00007fe16109b0c9:   ff 66 0f 1f 44 00 00 ba 06 00 00 00 e9 36 ff ff
0x00007fe16109b0d9:   ff 31 d2 e9 2f ff ff ff ba 07 00 00 00 e9 25 ff
0x00007fe16109b0e9:   ff ff ba 08 00 00 00 e9 1b ff ff ff ba 09 00 00
0x00007fe16109b0f9:   00 e9 11 ff ff ff ba 0a 00 00 00 e9 07 ff ff ff
0x00007fe16109b109:   ba 0b 00 00 00 e9 fd fe ff ff ba 0c 00 00 00 e9
0x00007fe16109b119:   f3 fe ff ff ba 0e 00 00 00 e9 e9 fe ff ff 90 0f
0x00007fe16109b129:   1f 84 00 00 00 00 00 55 31 f6 48 89 e5 41 54 53
0x00007fe16109b139:   44 0f b7 67 04 48 89 fb 41 8d 7c 24 01 48 63 ff
0x00007fe16109b149:   e8 a2 8d e4 ff 0f b7 73 04 44 39 e6 49 0f 4f f4
0x00007fe16109b159:   85 f6 0f 84 8f 01 00 00 48 8d 50 10 4c 8d 43 06
0x00007fe16109b169:   49 39 d0 48 8d 53 16 0f 93 c1 48 39 d0 0f 93 c2
0x00007fe16109b179:   08 d1 0f 84 8f 01 00 00 83 fe 14 0f 86 86 01 00
0x00007fe16109b189:   00 4c 89 c1 8d 7e ff 48 f7 d9 83 e1 0f 8d 51 0f
0x00007fe16109b199:   39 d7 0f 82 af 01 00 00 85 c9 0f 84 eb 01 00 00
0x00007fe16109b1a9:   0f b6 53 06 83 f9 01 88 10 0f 84 48 01 00 00 0f
0x00007fe16109b1b9:   b6 53 07 83 f9 02 88 50 01 0f 84 78 01 00 00 0f
0x00007fe16109b1c9:   b6 53 08 83 f9 03 88 50 02 0f 84 80 01 00 00 0f
0x00007fe16109b1d9:   b6 53 09 83 f9 04 88 50 03 0f 84 80 01 00 00 0f
0x00007fe16109b1e9:   b6 53 0a 83 f9 05 88 50 04 0f 84 88 01 00 00 0f
0x00007fe16109b1f9:   b6 53 0b 83 f9 06 88 50 05 0f 84 82 01 00 00 0f
0x00007fe16109b209:   b6 53 0c 83 f9 07 88 50 06 0f 84 5a 01 00 00 0f
0x00007fe16109b219:   b6 53 0d 83 f9 08 88 50 07 0f 84 73 01 00 00 0f
0x00007fe16109b229:   b6 53 0e 83 f9 09 88 50 08 0f 84 6d 01 00 00 0f 


Stack slot to memory mapping:
stack at sp + 0 slots: 0x00007fe10c02a0f0 points into unknown readable memory: 0x0000000000000000 | 00 00 00 00 00 00 00 00
stack at sp + 1 slots: 0x00000008001075b0 is a pointer to class: 
br.ufs.dcomp.AIproject.constraints.DependentMembersConstraint {0x00000008001075b0}
 - instance size:     3
 - klass size:        72
 - access:            public synchronized 
 - state:             fully_initialized
 - name:              'br/ufs/dcomp/AIproject/constraints/DependentMembersConstraint'
 - super:             'java/lang/Object'
 - sub:               
 - arrays:            NULL
 - methods:           Array<T>(0x00007fe12585cae8)
 - method ordering:   Array<T>(0x00007fe12585cd30)
 - default_methods:   Array<T>(0x0000000000000000)
 - local interfaces:  Array<T>(0x00007fe12584a8a8)
 - trans. interfaces: Array<T>(0x00007fe12584a8a8)
 - constants:         constant pool [108] {0x00007fe12585d368} for 'br/ufs/dcomp/AIproject/constraints/DependentMembersConstraint' cache=0x00007fe12585d768
 - class loader data:  loader data: 0x00007fe15829eac0 for instance a 'jdk/internal/loader/ClassLoaders$AppClassLoader'{0x0000000716e55af0}
 - source file:       'DependentMembersConstraint.java'
 - source debug extension:       SMAP
DependentMembersConstraint.java
Java
*S jdt
*F
1 DependentMembersConstraint.java
2 file:/home/juanb/eclipse-workspace/ProjetoIA/target/classes/
*L
*E

 - class annotations:       Array<T>(0x0000000000000000)
 - class type annotations:  Array<T>(0x0000000000000000)
 - field annotations:       Array<T>(0x0000000000000000)
 - field type annotations:  Array<T>(0x0000000000000000)
 - previous version:  constant pool [101] {0x00007fe12584a4e8} for 'br/ufs/dcomp/AIproject/constraints/DependentMembersConstraint' (extra) cache=0x00007fe12584ac58
 - generic signature: '
[error occurred during error reporting (inspecting top of stack), id 0xb, SIGSEGV (0xb) at pc=0x00007fe16109c888]


---------------  P R O C E S S  ---------------

Threads class SMR info:
_java_thread_list=0x00007fe158378de0, length=14, elements={
0x00007fe1580262d0, 0x00007fe1581d3250, 0x00007fe1581d48a0, 0x00007fe1581fa8e0,
0x00007fe1581fbc90, 0x00007fe1581fd0a0, 0x00007fe1581fe720, 0x00007fe1581ffc00,
0x00007fe158201070, 0x00007fe158293000, 0x00007fe1582dd4c0, 0x00007fe1582f0b30,
0x00007fe0fc000fb0, 0x00007fe1583ee770
}

Java Threads: ( => current thread )
  0x00007fe1580262d0 JavaThread "main" [_thread_blocked, id=981004, stack(0x00007fe15ffa5000,0x00007fe1600a6000)]
  0x00007fe1581d3250 JavaThread "Reference Handler" daemon [_thread_blocked, id=981012, stack(0x00007fe13c089000,0x00007fe13c18a000)]
  0x00007fe1581d48a0 JavaThread "Finalizer" daemon [_thread_blocked, id=981013, stack(0x00007fe1276ff000,0x00007fe127800000)]
  0x00007fe1581fa8e0 JavaThread "Signal Dispatcher" daemon [_thread_blocked, id=981014, stack(0x00007fe12708d000,0x00007fe12718e000)]
  0x00007fe1581fbc90 JavaThread "Service Thread" daemon [_thread_blocked, id=981015, stack(0x00007fe126f8c000,0x00007fe12708d000)]
  0x00007fe1581fd0a0 JavaThread "Monitor Deflation Thread" daemon [_thread_blocked, id=981016, stack(0x00007fe126e8b000,0x00007fe126f8c000)]
  0x00007fe1581fe720 JavaThread "C2 CompilerThread0" daemon [_thread_blocked, id=981017, stack(0x00007fe126d8a000,0x00007fe126e8b000)]
  0x00007fe1581ffc00 JavaThread "C1 CompilerThread0" daemon [_thread_blocked, id=981018, stack(0x00007fe126c89000,0x00007fe126d8a000)]
  0x00007fe158201070 JavaThread "Sweeper thread" daemon [_thread_blocked, id=981019, stack(0x00007fe126b88000,0x00007fe126c89000)]
  0x00007fe158293000 JavaThread "Common-Cleaner" daemon [_thread_blocked, id=981020, stack(0x00007fe126a87000,0x00007fe126b88000)]
=>0x00007fe1582dd4c0 JavaThread "JDWP Transport Listener: dt_socket" daemon [_thread_in_vm, id=981022, stack(0x00007fe126780000,0x00007fe126881000)]
  0x00007fe1582f0b30 JavaThread "JDWP Event Helper Thread" daemon [_thread_blocked, id=981024, stack(0x00007fe12667f000,0x00007fe126780000)]
  0x00007fe0fc000fb0 JavaThread "JDWP Command Reader" daemon [_thread_in_native, id=981025, stack(0x00007fe12657e000,0x00007fe12667f000)]
  0x00007fe1583ee770 JavaThread "Notification Thread" daemon [_thread_blocked, id=981029, stack(0x00007fe126054000,0x00007fe126155000)]

Other Threads:
  0x00007fe1581839b0 VMThread "VM Thread" [stack: 0x00007fe13c18c000,0x00007fe13c28c000] [id=981011]
  0x00007fe158226d00 WatcherThread [stack: 0x00007fe125700000,0x00007fe125800000] [id=981030]
  0x00007fe158075400 GCTaskThread "GC Thread#0" [stack: 0x00007fe13f183000,0x00007fe13f283000] [id=981006]
  0x00007fe158086290 ConcurrentGCThread "G1 Main Marker" [stack: 0x00007fe13f081000,0x00007fe13f181000] [id=981007]
  0x00007fe1580871f0 ConcurrentGCThread "G1 Conc#0" [stack: 0x00007fe13ef7f000,0x00007fe13f07f000] [id=981008]
  0x00007fe15813be20 ConcurrentGCThread "G1 Refine#0" [stack: 0x00007fe13c675000,0x00007fe13c775000] [id=981009]
  0x00007fe15813cd10 ConcurrentGCThread "G1 Service" [stack: 0x00007fe13c573000,0x00007fe13c673000] [id=981010]

Threads with active compile tasks:

VM state: not at safepoint (normal execution)

VM Mutex/Monitor currently owned by a thread: None

Heap address: 0x0000000707600000, size: 3978 MB, Compressed Oops mode: Zero based, Oop shift amount: 3

CDS archive(s) not mapped
Compressed class space mapped at: 0x0000000800000000-0x0000000840000000, reserved size: 1073741824
Narrow klass base: 0x0000000800000000, Narrow klass shift: 0, Narrow klass range: 0x40000000

GC Precious Log:
 CPUs: 8 total, 8 available
 Memory: 15905M
 Large Page Support: Disabled
 NUMA Support: Disabled
 Compressed Oops: Enabled (Zero based)
 Heap Region Size: 2M
 Heap Min Capacity: 8M
 Heap Initial Capacity: 250M
 Heap Max Capacity: 3978M
 Pre-touch: Disabled
 Parallel Workers: 8
 Concurrent Workers: 2
 Concurrent Refinement Workers: 8
 Periodic GC: Disabled

Heap:
 garbage-first heap   total 256000K, used 6144K [0x0000000707600000, 0x0000000800000000)
  region size 2048K, 4 young (8192K), 0 survivors (0K)
 Metaspace       used 9647K, committed 9728K, reserved 1064960K
  class space    used 855K, committed 896K, reserved 1048576K

Heap Regions: E=young(eden), S=young(survivor), O=old, HS=humongous(starts), HC=humongous(continues), CS=collection set, F=free, OA=open archive, CA=closed archive, TAMS=top-at-mark-start (previous, next)
|   0|0x0000000707600000, 0x0000000707600000, 0x0000000707800000|  0%| F|  |TAMS 0x0000000707600000, 0x0000000707600000| Untracked 
|   1|0x0000000707800000, 0x0000000707800000, 0x0000000707a00000|  0%| F|  |TAMS 0x0000000707800000, 0x0000000707800000| Untracked 
|   2|0x0000000707a00000, 0x0000000707a00000, 0x0000000707c00000|  0%| F|  |TAMS 0x0000000707a00000, 0x0000000707a00000| Untracked 
|   3|0x0000000707c00000, 0x0000000707c00000, 0x0000000707e00000|  0%| F|  |TAMS 0x0000000707c00000, 0x0000000707c00000| Untracked 
|   4|0x0000000707e00000, 0x0000000707e00000, 0x0000000708000000|  0%| F|  |TAMS 0x0000000707e00000, 0x0000000707e00000| Untracked 
|   5|0x0000000708000000, 0x0000000708000000, 0x0000000708200000|  0%| F|  |TAMS 0x0000000708000000, 0x0000000708000000| Untracked 
|   6|0x0000000708200000, 0x0000000708200000, 0x0000000708400000|  0%| F|  |TAMS 0x0000000708200000, 0x0000000708200000| Untracked 
|   7|0x0000000708400000, 0x0000000708400000, 0x0000000708600000|  0%| F|  |TAMS 0x0000000708400000, 0x0000000708400000| Untracked 
|   8|0x0000000708600000, 0x0000000708600000, 0x0000000708800000|  0%| F|  |TAMS 0x0000000708600000, 0x0000000708600000| Untracked 
|   9|0x0000000708800000, 0x0000000708800000, 0x0000000708a00000|  0%| F|  |TAMS 0x0000000708800000, 0x0000000708800000| Untracked 
|  10|0x0000000708a00000, 0x0000000708a00000, 0x0000000708c00000|  0%| F|  |TAMS 0x0000000708a00000, 0x0000000708a00000| Untracked 
|  11|0x0000000708c00000, 0x0000000708c00000, 0x0000000708e00000|  0%| F|  |TAMS 0x0000000708c00000, 0x0000000708c00000| Untracked 
|  12|0x0000000708e00000, 0x0000000708e00000, 0x0000000709000000|  0%| F|  |TAMS 0x0000000708e00000, 0x0000000708e00000| Untracked 
|  13|0x0000000709000000, 0x0000000709000000, 0x0000000709200000|  0%| F|  |TAMS 0x0000000709000000, 0x0000000709000000| Untracked 
|  14|0x0000000709200000, 0x0000000709200000, 0x0000000709400000|  0%| F|  |TAMS 0x0000000709200000, 0x0000000709200000| Untracked 
|  15|0x0000000709400000, 0x0000000709400000, 0x0000000709600000|  0%| F|  |TAMS 0x0000000709400000, 0x0000000709400000| Untracked 
|  16|0x0000000709600000, 0x0000000709600000, 0x0000000709800000|  0%| F|  |TAMS 0x0000000709600000, 0x0000000709600000| Untracked 
|  17|0x0000000709800000, 0x0000000709800000, 0x0000000709a00000|  0%| F|  |TAMS 0x0000000709800000, 0x0000000709800000| Untracked 
|  18|0x0000000709a00000, 0x0000000709a00000, 0x0000000709c00000|  0%| F|  |TAMS 0x0000000709a00000, 0x0000000709a00000| Untracked 
|  19|0x0000000709c00000, 0x0000000709c00000, 0x0000000709e00000|  0%| F|  |TAMS 0x0000000709c00000, 0x0000000709c00000| Untracked 
|  20|0x0000000709e00000, 0x0000000709e00000, 0x000000070a000000|  0%| F|  |TAMS 0x0000000709e00000, 0x0000000709e00000| Untracked 
|  21|0x000000070a000000, 0x000000070a000000, 0x000000070a200000|  0%| F|  |TAMS 0x000000070a000000, 0x000000070a000000| Untracked 
|  22|0x000000070a200000, 0x000000070a200000, 0x000000070a400000|  0%| F|  |TAMS 0x000000070a200000, 0x000000070a200000| Untracked 
|  23|0x000000070a400000, 0x000000070a400000, 0x000000070a600000|  0%| F|  |TAMS 0x000000070a400000, 0x000000070a400000| Untracked 
|  24|0x000000070a600000, 0x000000070a600000, 0x000000070a800000|  0%| F|  |TAMS 0x000000070a600000, 0x000000070a600000| Untracked 
|  25|0x000000070a800000, 0x000000070a800000, 0x000000070aa00000|  0%| F|  |TAMS 0x000000070a800000, 0x000000070a800000| Untracked 
|  26|0x000000070aa00000, 0x000000070aa00000, 0x000000070ac00000|  0%| F|  |TAMS 0x000000070aa00000, 0x000000070aa00000| Untracked 
|  27|0x000000070ac00000, 0x000000070ac00000, 0x000000070ae00000|  0%| F|  |TAMS 0x000000070ac00000, 0x000000070ac00000| Untracked 
|  28|0x000000070ae00000, 0x000000070ae00000, 0x000000070b000000|  0%| F|  |TAMS 0x000000070ae00000, 0x000000070ae00000| Untracked 
|  29|0x000000070b000000, 0x000000070b000000, 0x000000070b200000|  0%| F|  |TAMS 0x000000070b000000, 0x000000070b000000| Untracked 
|  30|0x000000070b200000, 0x000000070b200000, 0x000000070b400000|  0%| F|  |TAMS 0x000000070b200000, 0x000000070b200000| Untracked 
|  31|0x000000070b400000, 0x000000070b400000, 0x000000070b600000|  0%| F|  |TAMS 0x000000070b400000, 0x000000070b400000| Untracked 
|  32|0x000000070b600000, 0x000000070b600000, 0x000000070b800000|  0%| F|  |TAMS 0x000000070b600000, 0x000000070b600000| Untracked 
|  33|0x000000070b800000, 0x000000070b800000, 0x000000070ba00000|  0%| F|  |TAMS 0x000000070b800000, 0x000000070b800000| Untracked 
|  34|0x000000070ba00000, 0x000000070ba00000, 0x000000070bc00000|  0%| F|  |TAMS 0x000000070ba00000, 0x000000070ba00000| Untracked 
|  35|0x000000070bc00000, 0x000000070bc00000, 0x000000070be00000|  0%| F|  |TAMS 0x000000070bc00000, 0x000000070bc00000| Untracked 
|  36|0x000000070be00000, 0x000000070be00000, 0x000000070c000000|  0%| F|  |TAMS 0x000000070be00000, 0x000000070be00000| Untracked 
|  37|0x000000070c000000, 0x000000070c000000, 0x000000070c200000|  0%| F|  |TAMS 0x000000070c000000, 0x000000070c000000| Untracked 
|  38|0x000000070c200000, 0x000000070c200000, 0x000000070c400000|  0%| F|  |TAMS 0x000000070c200000, 0x000000070c200000| Untracked 
|  39|0x000000070c400000, 0x000000070c400000, 0x000000070c600000|  0%| F|  |TAMS 0x000000070c400000, 0x000000070c400000| Untracked 
|  40|0x000000070c600000, 0x000000070c600000, 0x000000070c800000|  0%| F|  |TAMS 0x000000070c600000, 0x000000070c600000| Untracked 
|  41|0x000000070c800000, 0x000000070c800000, 0x000000070ca00000|  0%| F|  |TAMS 0x000000070c800000, 0x000000070c800000| Untracked 
|  42|0x000000070ca00000, 0x000000070ca00000, 0x000000070cc00000|  0%| F|  |TAMS 0x000000070ca00000, 0x000000070ca00000| Untracked 
|  43|0x000000070cc00000, 0x000000070cc00000, 0x000000070ce00000|  0%| F|  |TAMS 0x000000070cc00000, 0x000000070cc00000| Untracked 
|  44|0x000000070ce00000, 0x000000070ce00000, 0x000000070d000000|  0%| F|  |TAMS 0x000000070ce00000, 0x000000070ce00000| Untracked 
|  45|0x000000070d000000, 0x000000070d000000, 0x000000070d200000|  0%| F|  |TAMS 0x000000070d000000, 0x000000070d000000| Untracked 
|  46|0x000000070d200000, 0x000000070d200000, 0x000000070d400000|  0%| F|  |TAMS 0x000000070d200000, 0x000000070d200000| Untracked 
|  47|0x000000070d400000, 0x000000070d400000, 0x000000070d600000|  0%| F|  |TAMS 0x000000070d400000, 0x000000070d400000| Untracked 
|  48|0x000000070d600000, 0x000000070d600000, 0x000000070d800000|  0%| F|  |TAMS 0x000000070d600000, 0x000000070d600000| Untracked 
|  49|0x000000070d800000, 0x000000070d800000, 0x000000070da00000|  0%| F|  |TAMS 0x000000070d800000, 0x000000070d800000| Untracked 
|  50|0x000000070da00000, 0x000000070da00000, 0x000000070dc00000|  0%| F|  |TAMS 0x000000070da00000, 0x000000070da00000| Untracked 
|  51|0x000000070dc00000, 0x000000070dc00000, 0x000000070de00000|  0%| F|  |TAMS 0x000000070dc00000, 0x000000070dc00000| Untracked 
|  52|0x000000070de00000, 0x000000070de00000, 0x000000070e000000|  0%| F|  |TAMS 0x000000070de00000, 0x000000070de00000| Untracked 
|  53|0x000000070e000000, 0x000000070e000000, 0x000000070e200000|  0%| F|  |TAMS 0x000000070e000000, 0x000000070e000000| Untracked 
|  54|0x000000070e200000, 0x000000070e200000, 0x000000070e400000|  0%| F|  |TAMS 0x000000070e200000, 0x000000070e200000| Untracked 
|  55|0x000000070e400000, 0x000000070e400000, 0x000000070e600000|  0%| F|  |TAMS 0x000000070e400000, 0x000000070e400000| Untracked 
|  56|0x000000070e600000, 0x000000070e600000, 0x000000070e800000|  0%| F|  |TAMS 0x000000070e600000, 0x000000070e600000| Untracked 
|  57|0x000000070e800000, 0x000000070e800000, 0x000000070ea00000|  0%| F|  |TAMS 0x000000070e800000, 0x000000070e800000| Untracked 
|  58|0x000000070ea00000, 0x000000070ea00000, 0x000000070ec00000|  0%| F|  |TAMS 0x000000070ea00000, 0x000000070ea00000| Untracked 
|  59|0x000000070ec00000, 0x000000070ec00000, 0x000000070ee00000|  0%| F|  |TAMS 0x000000070ec00000, 0x000000070ec00000| Untracked 
|  60|0x000000070ee00000, 0x000000070ee00000, 0x000000070f000000|  0%| F|  |TAMS 0x000000070ee00000, 0x000000070ee00000| Untracked 
|  61|0x000000070f000000, 0x000000070f000000, 0x000000070f200000|  0%| F|  |TAMS 0x000000070f000000, 0x000000070f000000| Untracked 
|  62|0x000000070f200000, 0x000000070f200000, 0x000000070f400000|  0%| F|  |TAMS 0x000000070f200000, 0x000000070f200000| Untracked 
|  63|0x000000070f400000, 0x000000070f400000, 0x000000070f600000|  0%| F|  |TAMS 0x000000070f400000, 0x000000070f400000| Untracked 
|  64|0x000000070f600000, 0x000000070f600000, 0x000000070f800000|  0%| F|  |TAMS 0x000000070f600000, 0x000000070f600000| Untracked 
|  65|0x000000070f800000, 0x000000070f800000, 0x000000070fa00000|  0%| F|  |TAMS 0x000000070f800000, 0x000000070f800000| Untracked 
|  66|0x000000070fa00000, 0x000000070fa00000, 0x000000070fc00000|  0%| F|  |TAMS 0x000000070fa00000, 0x000000070fa00000| Untracked 
|  67|0x000000070fc00000, 0x000000070fc00000, 0x000000070fe00000|  0%| F|  |TAMS 0x000000070fc00000, 0x000000070fc00000| Untracked 
|  68|0x000000070fe00000, 0x000000070fe00000, 0x0000000710000000|  0%| F|  |TAMS 0x000000070fe00000, 0x000000070fe00000| Untracked 
|  69|0x0000000710000000, 0x0000000710000000, 0x0000000710200000|  0%| F|  |TAMS 0x0000000710000000, 0x0000000710000000| Untracked 
|  70|0x0000000710200000, 0x0000000710200000, 0x0000000710400000|  0%| F|  |TAMS 0x0000000710200000, 0x0000000710200000| Untracked 
|  71|0x0000000710400000, 0x0000000710400000, 0x0000000710600000|  0%| F|  |TAMS 0x0000000710400000, 0x0000000710400000| Untracked 
|  72|0x0000000710600000, 0x0000000710600000, 0x0000000710800000|  0%| F|  |TAMS 0x0000000710600000, 0x0000000710600000| Untracked 
|  73|0x0000000710800000, 0x0000000710800000, 0x0000000710a00000|  0%| F|  |TAMS 0x0000000710800000, 0x0000000710800000| Untracked 
|  74|0x0000000710a00000, 0x0000000710a00000, 0x0000000710c00000|  0%| F|  |TAMS 0x0000000710a00000, 0x0000000710a00000| Untracked 
|  75|0x0000000710c00000, 0x0000000710c00000, 0x0000000710e00000|  0%| F|  |TAMS 0x0000000710c00000, 0x0000000710c00000| Untracked 
|  76|0x0000000710e00000, 0x0000000710e00000, 0x0000000711000000|  0%| F|  |TAMS 0x0000000710e00000, 0x0000000710e00000| Untracked 
|  77|0x0000000711000000, 0x0000000711000000, 0x0000000711200000|  0%| F|  |TAMS 0x0000000711000000, 0x0000000711000000| Untracked 
|  78|0x0000000711200000, 0x0000000711200000, 0x0000000711400000|  0%| F|  |TAMS 0x0000000711200000, 0x0000000711200000| Untracked 
|  79|0x0000000711400000, 0x0000000711400000, 0x0000000711600000|  0%| F|  |TAMS 0x0000000711400000, 0x0000000711400000| Untracked 
|  80|0x0000000711600000, 0x0000000711600000, 0x0000000711800000|  0%| F|  |TAMS 0x0000000711600000, 0x0000000711600000| Untracked 
|  81|0x0000000711800000, 0x0000000711800000, 0x0000000711a00000|  0%| F|  |TAMS 0x0000000711800000, 0x0000000711800000| Untracked 
|  82|0x0000000711a00000, 0x0000000711a00000, 0x0000000711c00000|  0%| F|  |TAMS 0x0000000711a00000, 0x0000000711a00000| Untracked 
|  83|0x0000000711c00000, 0x0000000711c00000, 0x0000000711e00000|  0%| F|  |TAMS 0x0000000711c00000, 0x0000000711c00000| Untracked 
|  84|0x0000000711e00000, 0x0000000711e00000, 0x0000000712000000|  0%| F|  |TAMS 0x0000000711e00000, 0x0000000711e00000| Untracked 
|  85|0x0000000712000000, 0x0000000712000000, 0x0000000712200000|  0%| F|  |TAMS 0x0000000712000000, 0x0000000712000000| Untracked 
|  86|0x0000000712200000, 0x0000000712200000, 0x0000000712400000|  0%| F|  |TAMS 0x0000000712200000, 0x0000000712200000| Untracked 
|  87|0x0000000712400000, 0x0000000712400000, 0x0000000712600000|  0%| F|  |TAMS 0x0000000712400000, 0x0000000712400000| Untracked 
|  88|0x0000000712600000, 0x0000000712600000, 0x0000000712800000|  0%| F|  |TAMS 0x0000000712600000, 0x0000000712600000| Untracked 
|  89|0x0000000712800000, 0x0000000712800000, 0x0000000712a00000|  0%| F|  |TAMS 0x0000000712800000, 0x0000000712800000| Untracked 
|  90|0x0000000712a00000, 0x0000000712a00000, 0x0000000712c00000|  0%| F|  |TAMS 0x0000000712a00000, 0x0000000712a00000| Untracked 
|  91|0x0000000712c00000, 0x0000000712c00000, 0x0000000712e00000|  0%| F|  |TAMS 0x0000000712c00000, 0x0000000712c00000| Untracked 
|  92|0x0000000712e00000, 0x0000000712e00000, 0x0000000713000000|  0%| F|  |TAMS 0x0000000712e00000, 0x0000000712e00000| Untracked 
|  93|0x0000000713000000, 0x0000000713000000, 0x0000000713200000|  0%| F|  |TAMS 0x0000000713000000, 0x0000000713000000| Untracked 
|  94|0x0000000713200000, 0x0000000713200000, 0x0000000713400000|  0%| F|  |TAMS 0x0000000713200000, 0x0000000713200000| Untracked 
|  95|0x0000000713400000, 0x0000000713400000, 0x0000000713600000|  0%| F|  |TAMS 0x0000000713400000, 0x0000000713400000| Untracked 
|  96|0x0000000713600000, 0x0000000713600000, 0x0000000713800000|  0%| F|  |TAMS 0x0000000713600000, 0x0000000713600000| Untracked 
|  97|0x0000000713800000, 0x0000000713800000, 0x0000000713a00000|  0%| F|  |TAMS 0x0000000713800000, 0x0000000713800000| Untracked 
|  98|0x0000000713a00000, 0x0000000713a00000, 0x0000000713c00000|  0%| F|  |TAMS 0x0000000713a00000, 0x0000000713a00000| Untracked 
|  99|0x0000000713c00000, 0x0000000713c00000, 0x0000000713e00000|  0%| F|  |TAMS 0x0000000713c00000, 0x0000000713c00000| Untracked 
| 100|0x0000000713e00000, 0x0000000713e00000, 0x0000000714000000|  0%| F|  |TAMS 0x0000000713e00000, 0x0000000713e00000| Untracked 
| 101|0x0000000714000000, 0x0000000714000000, 0x0000000714200000|  0%| F|  |TAMS 0x0000000714000000, 0x0000000714000000| Untracked 
| 102|0x0000000714200000, 0x0000000714200000, 0x0000000714400000|  0%| F|  |TAMS 0x0000000714200000, 0x0000000714200000| Untracked 
| 103|0x0000000714400000, 0x0000000714400000, 0x0000000714600000|  0%| F|  |TAMS 0x0000000714400000, 0x0000000714400000| Untracked 
| 104|0x0000000714600000, 0x0000000714600000, 0x0000000714800000|  0%| F|  |TAMS 0x0000000714600000, 0x0000000714600000| Untracked 
| 105|0x0000000714800000, 0x0000000714800000, 0x0000000714a00000|  0%| F|  |TAMS 0x0000000714800000, 0x0000000714800000| Untracked 
| 106|0x0000000714a00000, 0x0000000714a00000, 0x0000000714c00000|  0%| F|  |TAMS 0x0000000714a00000, 0x0000000714a00000| Untracked 
| 107|0x0000000714c00000, 0x0000000714c00000, 0x0000000714e00000|  0%| F|  |TAMS 0x0000000714c00000, 0x0000000714c00000| Untracked 
| 108|0x0000000714e00000, 0x0000000714e00000, 0x0000000715000000|  0%| F|  |TAMS 0x0000000714e00000, 0x0000000714e00000| Untracked 
| 109|0x0000000715000000, 0x0000000715000000, 0x0000000715200000|  0%| F|  |TAMS 0x0000000715000000, 0x0000000715000000| Untracked 
| 110|0x0000000715200000, 0x0000000715200000, 0x0000000715400000|  0%| F|  |TAMS 0x0000000715200000, 0x0000000715200000| Untracked 
| 111|0x0000000715400000, 0x0000000715400000, 0x0000000715600000|  0%| F|  |TAMS 0x0000000715400000, 0x0000000715400000| Untracked 
| 112|0x0000000715600000, 0x0000000715600000, 0x0000000715800000|  0%| F|  |TAMS 0x0000000715600000, 0x0000000715600000| Untracked 
| 113|0x0000000715800000, 0x0000000715800000, 0x0000000715a00000|  0%| F|  |TAMS 0x0000000715800000, 0x0000000715800000| Untracked 
| 114|0x0000000715a00000, 0x0000000715a00000, 0x0000000715c00000|  0%| F|  |TAMS 0x0000000715a00000, 0x0000000715a00000| Untracked 
| 115|0x0000000715c00000, 0x0000000715c00000, 0x0000000715e00000|  0%| F|  |TAMS 0x0000000715c00000, 0x0000000715c00000| Untracked 
| 116|0x0000000715e00000, 0x0000000715e00000, 0x0000000716000000|  0%| F|  |TAMS 0x0000000715e00000, 0x0000000715e00000| Untracked 
| 117|0x0000000716000000, 0x0000000716000000, 0x0000000716200000|  0%| F|  |TAMS 0x0000000716000000, 0x0000000716000000| Untracked 
| 118|0x0000000716200000, 0x0000000716200000, 0x0000000716400000|  0%| F|  |TAMS 0x0000000716200000, 0x0000000716200000| Untracked 
| 119|0x0000000716400000, 0x0000000716400000, 0x0000000716600000|  0%| F|  |TAMS 0x0000000716400000, 0x0000000716400000| Untracked 
| 120|0x0000000716600000, 0x0000000716600000, 0x0000000716800000|  0%| F|  |TAMS 0x0000000716600000, 0x0000000716600000| Untracked 
| 121|0x0000000716800000, 0x00000007168e5a88, 0x0000000716a00000| 44%| E|  |TAMS 0x0000000716800000, 0x0000000716800000| Complete 
| 122|0x0000000716a00000, 0x0000000716c00000, 0x0000000716c00000|100%| E|CS|TAMS 0x0000000716a00000, 0x0000000716a00000| Complete 
| 123|0x0000000716c00000, 0x0000000716e00000, 0x0000000716e00000|100%| E|CS|TAMS 0x0000000716c00000, 0x0000000716c00000| Complete 
| 124|0x0000000716e00000, 0x0000000717000000, 0x0000000717000000|100%| E|CS|TAMS 0x0000000716e00000, 0x0000000716e00000| Complete 

Card table byte_map: [0x00007fe147698000,0x00007fe147e5d000] _byte_map_base: 0x00007fe143e5d000

Marking Bits (Prev, Next): (CMBitMap*) 0x00007fe158075e80, (CMBitMap*) 0x00007fe158075ec0
 Prev Bits: [0x00007fe1430ab000, 0x00007fe146ed3000)
 Next Bits: [0x00007fe13f283000, 0x00007fe1430ab000)

Polling page: 0x00007fe161c8b000

Metaspace:

Usage:
  Non-class:      8,59 MB used.
      Class:    855,45 KB used.
       Both:      9,42 MB used.

Virtual space:
  Non-class space:       16,00 MB reserved,       8,62 MB ( 54%) committed,  2 nodes.
      Class space:        1,00 GB reserved,     896,00 KB ( <1%) committed,  1 nodes.
             Both:        1,02 GB reserved,       9,50 MB ( <1%) committed. 

Chunk freelists:
   Non-Class:  2,63 MB
       Class:  2,95 MB
        Both:  5,58 MB

MaxMetaspaceSize: unlimited
CompressedClassSpaceSize: 1,00 GB
Initial GC threshold: 21,00 MB
Current GC threshold: 21,00 MB
CDS: off
MetaspaceReclaimPolicy: balanced
 - commit_granule_bytes: 65536.
 - commit_granule_words: 8192.
 - virtual_space_node_default_size: 1048576.
 - enlarge_chunks_in_place: 1.
 - new_chunks_are_fully_committed: 0.
 - uncommit_free_chunks: 1.
 - use_allocation_guard: 0.
 - handle_deallocations: 1.


Internal statistics:

num_allocs_failed_limit: 0.
num_arena_births: 18.
num_arena_deaths: 0.
num_vsnodes_births: 3.
num_vsnodes_deaths: 0.
num_space_committed: 152.
num_space_uncommitted: 0.
num_chunks_returned_to_freelist: 0.
num_chunks_taken_from_freelist: 62.
num_chunk_merges: 0.
num_chunk_splits: 31.
num_chunks_enlarged: 23.
num_purges: 0.
num_inconsistent_stats: 0.

CodeHeap 'non-profiled nmethods': size=120028Kb used=161Kb max_used=161Kb free=119866Kb
 bounds [0x00007fe150ac9000, 0x00007fe150d39000, 0x00007fe158000000]
CodeHeap 'profiled nmethods': size=120028Kb used=701Kb max_used=701Kb free=119326Kb
 bounds [0x00007fe149592000, 0x00007fe149802000, 0x00007fe150ac9000]
CodeHeap 'non-nmethods': size=5704Kb used=1182Kb max_used=1201Kb free=4522Kb
 bounds [0x00007fe149000000, 0x00007fe149270000, 0x00007fe149592000]
 total_blobs=905 nmethods=494 adapters=325
 compilation: enabled
              stopped_count=0, restarted_count=0
 full_count=0

Compilation events (20 events):
Event: 0,417 Thread 0x00007fe1581fe720 nmethod 408 0x00007fe150aefa10 code [0x00007fe150aefba0, 0x00007fe150aefc98]
Event: 0,417 Thread 0x00007fe1581ffc00 nmethod 489 0x00007fe14963fc90 code [0x00007fe14963fe40, 0x00007fe14963ff80]
Event: 0,417 Thread 0x00007fe1581fe720  466       4       java.lang.Math::min (11 bytes)
Event: 0,418 Thread 0x00007fe1581fe720 nmethod 466 0x00007fe150aefd90 code [0x00007fe150aeff00, 0x00007fe150aeff58]
Event: 0,418 Thread 0x00007fe1581fe720  457       4       org.eclipse.jdt.launching.internal.org.objectweb.asm.ClassReader::getItem (7 bytes)
Event: 0,418 Thread 0x00007fe1581ffc00  490       3       java.lang.invoke.MethodTypeForm::canonicalize (59 bytes)
Event: 0,418 Thread 0x00007fe1581fe720 nmethod 457 0x00007fe150af0390 code [0x00007fe150af0520, 0x00007fe150af05d8]
Event: 0,418 Thread 0x00007fe1581fe720  378       4       jdk.internal.util.Preconditions::checkIndex (18 bytes)
Event: 0,418 Thread 0x00007fe1581ffc00 nmethod 490 0x00007fe149640010 code [0x00007fe1496401e0, 0x00007fe149640500]
Event: 0,418 Thread 0x00007fe1581ffc00  491       3       java.util.Arrays::equals (57 bytes)
Event: 0,418 Thread 0x00007fe1581fe720 nmethod 378 0x00007fe150af0690 code [0x00007fe150af0820, 0x00007fe150af08b8]
Event: 0,418 Thread 0x00007fe1581fe720  379       4       java.lang.invoke.VarHandleByteArrayAsInts$ArrayHandle::index (12 bytes)
Event: 0,419 Thread 0x00007fe1581ffc00 nmethod 491 0x00007fe149640690 code [0x00007fe149640880, 0x00007fe149640e60]
Event: 0,419 Thread 0x00007fe1581fe720 nmethod 379 0x00007fe150af0990 code [0x00007fe150af0b20, 0x00007fe150af0bd8]
Event: 0,419 Thread 0x00007fe1581fe720  357       4       java.lang.invoke.VarHandleByteArrayAsInts$ArrayHandle::get (36 bytes)
Event: 0,419 Thread 0x00007fe1581ffc00  494       3       jdk.internal.org.objectweb.asm.ByteVector::putInt (74 bytes)
Event: 0,420 Thread 0x00007fe1581ffc00 nmethod 494 0x00007fe149641010 code [0x00007fe1496411c0, 0x00007fe149641420]
Event: 0,420 Thread 0x00007fe1581fe720 nmethod 357 0x00007fe150af0c90 code [0x00007fe150af0e20, 0x00007fe150af0f78]
Event: 0,420 Thread 0x00007fe1581fe720  493       4       jdk.internal.org.objectweb.asm.SymbolTable::get (13 bytes)
Event: 0,421 Thread 0x00007fe1581fe720 nmethod 493 0x00007fe150af1110 code [0x00007fe150af12a0, 0x00007fe150af13b8]

GC Heap History (0 events):
No events

Deoptimization events (20 events):
Event: 0,373 Thread 0x00007fe1580262d0 DEOPT PACKING pc=0x00007fe1496089a4 sp=0x00007fe1600a16f0
Event: 0,373 Thread 0x00007fe1580262d0 DEOPT UNPACKING pc=0x00007fe14905282f sp=0x00007fe1600a0b78 mode 0
Event: 0,374 Thread 0x00007fe1580262d0 DEOPT PACKING pc=0x00007fe1496089a4 sp=0x00007fe1600a0380
Event: 0,374 Thread 0x00007fe1580262d0 DEOPT UNPACKING pc=0x00007fe14905282f sp=0x00007fe16009f808 mode 0
Event: 0,376 Thread 0x00007fe1580262d0 DEOPT PACKING pc=0x00007fe1496089a4 sp=0x00007fe1600a1620
Event: 0,376 Thread 0x00007fe1580262d0 DEOPT UNPACKING pc=0x00007fe14905282f sp=0x00007fe1600a0aa8 mode 0
Event: 0,381 Thread 0x00007fe1580262d0 DEOPT PACKING pc=0x00007fe1496089a4 sp=0x00007fe1600a0000
Event: 0,381 Thread 0x00007fe1580262d0 DEOPT UNPACKING pc=0x00007fe14905282f sp=0x00007fe16009f488 mode 0
Event: 0,381 Thread 0x00007fe1580262d0 DEOPT PACKING pc=0x00007fe1496089a4 sp=0x00007fe1600a0000
Event: 0,381 Thread 0x00007fe1580262d0 DEOPT UNPACKING pc=0x00007fe14905282f sp=0x00007fe16009f488 mode 0
Event: 0,381 Thread 0x00007fe1580262d0 DEOPT PACKING pc=0x00007fe1496089a4 sp=0x00007fe1600a0000
Event: 0,381 Thread 0x00007fe1580262d0 DEOPT UNPACKING pc=0x00007fe14905282f sp=0x00007fe16009f488 mode 0
Event: 0,382 Thread 0x00007fe1580262d0 DEOPT PACKING pc=0x00007fe149608a7c sp=0x00007fe1600a0000
Event: 0,382 Thread 0x00007fe1580262d0 DEOPT UNPACKING pc=0x00007fe14905282f sp=0x00007fe16009f488 mode 0
Event: 0,383 Thread 0x00007fe1580262d0 DEOPT PACKING pc=0x00007fe149608a7c sp=0x00007fe1600a0000
Event: 0,383 Thread 0x00007fe1580262d0 DEOPT UNPACKING pc=0x00007fe14905282f sp=0x00007fe16009f488 mode 0
Event: 0,406 Thread 0x00007fe1580262d0 DEOPT PACKING pc=0x00007fe149608a7c sp=0x00007fe1600a1460
Event: 0,406 Thread 0x00007fe1580262d0 DEOPT UNPACKING pc=0x00007fe14905282f sp=0x00007fe1600a08e8 mode 0
Event: 0,407 Thread 0x00007fe1580262d0 DEOPT PACKING pc=0x00007fe149608a7c sp=0x00007fe1600a15b0
Event: 0,407 Thread 0x00007fe1580262d0 DEOPT UNPACKING pc=0x00007fe14905282f sp=0x00007fe1600a0a38 mode 0

Classes unloaded (0 events):
No events

Classes redefined (1 events):
Event: 62,654 Thread 0x00007fe1581839b0 redefined class name=br.ufs.dcomp.AIproject.constraints.DependentMembersConstraint, count=1

Internal exceptions (5 events):
Event: 0,415 Thread 0x00007fe1580262d0 Exception <a 'java/lang/NoSuchMethodError'{0x00000007168a5fc0}: 'void java.lang.invoke.DirectMethodHandle$Holder.invokeStatic(java.lang.Object, java.lang.Object)'> (0x00000007168a5fc0) 
thrown [src/hotspot/share/interpreter/linkResolver.cpp, line 766]
Event: 0,416 Thread 0x00007fe1580262d0 Exception <a 'java/lang/NoSuchMethodError'{0x00000007168a95e8}: 'void java.lang.invoke.DirectMethodHandle$Holder.invokeStaticInit(java.lang.Object, java.lang.Object)'> (0x00000007168a95e8) 
thrown [src/hotspot/share/interpreter/linkResolver.cpp, line 766]
Event: 0,417 Thread 0x00007fe1580262d0 Exception <a 'java/lang/NoSuchMethodError'{0x00000007168aeee8}: 'int java.lang.invoke.DirectMethodHandle$Holder.invokeStatic(java.lang.Object)'> (0x00000007168aeee8) 
thrown [src/hotspot/share/interpreter/linkResolver.cpp, line 766]
Event: 0,417 Thread 0x00007fe1580262d0 Exception <a 'java/lang/NoSuchMethodError'{0x00000007168b2398}: 'int java.lang.invoke.DirectMethodHandle$Holder.invokeStaticInit(java.lang.Object)'> (0x00000007168b2398) 
thrown [src/hotspot/share/interpreter/linkResolver.cpp, line 766]
Event: 0,418 Thread 0x00007fe1580262d0 Exception <a 'java/lang/NoSuchMethodError'{0x00000007168b8e68}: 'int java.lang.invoke.DirectMethodHandle$Holder.invokeSpecial(java.lang.Object, java.lang.Object, java.lang.Object)'> (0x00000007168b8e68) 
thrown [src/hotspot/share/interpreter/linkResolver.cpp, line 766]

VM Operations (20 events):
Event: 57,089 Executing VM operation: get/set locals
Event: 57,089 Executing VM operation: get/set locals done
Event: 57,091 Executing VM operation: get/set locals
Event: 57,091 Executing VM operation: get/set locals done
Event: 57,093 Executing VM operation: get/set locals
Event: 57,093 Executing VM operation: get/set locals done
Event: 57,102 Executing VM operation: get/set locals
Event: 57,102 Executing VM operation: get/set locals done
Event: 57,136 Executing VM operation: get/set locals
Event: 57,136 Executing VM operation: get/set locals done
Event: 57,137 Executing VM operation: get/set locals
Event: 57,137 Executing VM operation: get/set locals done
Event: 57,137 Executing VM operation: get/set locals
Event: 57,137 Executing VM operation: get/set locals done
Event: 57,156 Executing VM operation: get/set locals
Event: 57,156 Executing VM operation: get/set locals done
Event: 57,166 Executing VM operation: get/set locals
Event: 57,166 Executing VM operation: get/set locals done
Event: 62,653 Executing VM operation: RedefineClasses
Event: 62,655 Executing VM operation: RedefineClasses done

Events (20 events):
Event: 0,411 loading class java/util/Random
Event: 0,411 loading class java/util/random/RandomGenerator
Event: 0,411 loading class java/util/random/RandomGenerator done
Event: 0,411 loading class java/util/Random done
Event: 0,415 loading class java/lang/NoSuchMethodError
Event: 0,415 loading class java/lang/IncompatibleClassChangeError
Event: 0,415 loading class java/lang/IncompatibleClassChangeError done
Event: 0,415 loading class java/lang/NoSuchMethodError done
Event: 0,418 loading class java/util/ArrayList$ArrayListSpliterator
Event: 0,418 loading class java/util/ArrayList$ArrayListSpliterator done
Event: 0,419 loading class java/util/stream/MatchOps$MatchKind
Event: 0,419 loading class java/util/stream/MatchOps$MatchKind done
Event: 0,419 loading class java/util/stream/MatchOps
Event: 0,419 loading class java/util/stream/MatchOps done
Event: 0,419 loading class java/util/stream/MatchOps$MatchOp
Event: 0,419 loading class java/util/stream/MatchOps$MatchOp done
Event: 0,419 loading class java/util/stream/MatchOps$BooleanTerminalSink
Event: 0,419 loading class java/util/stream/MatchOps$BooleanTerminalSink done
Event: 0,419 loading class java/util/stream/MatchOps$1MatchSink
Event: 0,419 loading class java/util/stream/MatchOps$1MatchSink done


Dynamic libraries:
707600000-717000000 rw-p 00000000 00:00 0 
717000000-800000000 ---p 00000000 00:00 0 
800000000-800020000 rw-p 00000000 00:00 0 
800020000-800040000 rw-p 00000000 00:00 0 
800040000-8000d0000 rw-p 00000000 00:00 0 
8000d0000-800100000 ---p 00000000 00:00 0 
800100000-800110000 rw-p 00000000 00:00 0 
800110000-840000000 ---p 00000000 00:00 0 
55b63016d000-55b63016e000 r-xp 00000000 103:04 808978                    /home/juanb/eclipse/plugins/org.eclipse.justj.openjdk.hotspot.jre.full.linux.x86_64_17.0.1.v20211116-1657/jre/bin/java
55b63036e000-55b63036f000 r--p 00001000 103:04 808978                    /home/juanb/eclipse/plugins/org.eclipse.justj.openjdk.hotspot.jre.full.linux.x86_64_17.0.1.v20211116-1657/jre/bin/java
55b63036f000-55b630370000 rw-p 00002000 103:04 808978                    /home/juanb/eclipse/plugins/org.eclipse.justj.openjdk.hotspot.jre.full.linux.x86_64_17.0.1.v20211116-1657/jre/bin/java
55b63233a000-55b63235b000 rw-p 00000000 00:00 0                          [heap]
7fe0e8000000-7fe0e8021000 rw-p 00000000 00:00 0 
7fe0e8021000-7fe0ec000000 ---p 00000000 00:00 0 
7fe0ec000000-7fe0ec021000 rw-p 00000000 00:00 0 
7fe0ec021000-7fe0f0000000 ---p 00000000 00:00 0 
7fe0f0000000-7fe0f0021000 rw-p 00000000 00:00 0 
7fe0f0021000-7fe0f4000000 ---p 00000000 00:00 0 
7fe0f4000000-7fe0f4021000 rw-p 00000000 00:00 0 
7fe0f4021000-7fe0f8000000 ---p 00000000 00:00 0 
7fe0f8000000-7fe0f8021000 rw-p 00000000 00:00 0 
7fe0f8021000-7fe0fc000000 ---p 00000000 00:00 0 
7fe0fc000000-7fe0fc025000 rw-p 00000000 00:00 0 
7fe0fc025000-7fe100000000 ---p 00000000 00:00 0 
7fe100000000-7fe100284000 rw-p 00000000 00:00 0 
7fe100284000-7fe104000000 ---p 00000000 00:00 0 
7fe104000000-7fe104021000 rw-p 00000000 00:00 0 
7fe104021000-7fe108000000 ---p 00000000 00:00 0 
7fe108000000-7fe108021000 rw-p 00000000 00:00 0 
7fe108021000-7fe10c000000 ---p 00000000 00:00 0 
7fe10c000000-7fe10c37b000 rw-p 00000000 00:00 0 
7fe10c37b000-7fe110000000 ---p 00000000 00:00 0 
7fe110000000-7fe110021000 rw-p 00000000 00:00 0 
7fe110021000-7fe114000000 ---p 00000000 00:00 0 
7fe114000000-7fe114021000 rw-p 00000000 00:00 0 
7fe114021000-7fe118000000 ---p 00000000 00:00 0 
7fe118000000-7fe118021000 rw-p 00000000 00:00 0 
7fe118021000-7fe11c000000 ---p 00000000 00:00 0 
7fe11c000000-7fe11c021000 rw-p 00000000 00:00 0 
7fe11c021000-7fe120000000 ---p 00000000 00:00 0 
7fe120000000-7fe120021000 rw-p 00000000 00:00 0 
7fe120021000-7fe124000000 ---p 00000000 00:00 0 
7fe125105000-7fe1254ef000 rw-p 00000000 00:00 0 
7fe1254ef000-7fe1254fc000 r-xp 00000000 103:04 1371440                   /home/juanb/eclipse/plugins/org.eclipse.justj.openjdk.hotspot.jre.full.linux.x86_64_17.0.1.v20211116-1657/jre/lib/libverify.so
7fe1254fc000-7fe1256fb000 ---p 0000d000 103:04 1371440                   /home/juanb/eclipse/plugins/org.eclipse.justj.openjdk.hotspot.jre.full.linux.x86_64_17.0.1.v20211116-1657/jre/lib/libverify.so
7fe1256fb000-7fe1256fd000 r--p 0000c000 103:04 1371440                   /home/juanb/eclipse/plugins/org.eclipse.justj.openjdk.hotspot.jre.full.linux.x86_64_17.0.1.v20211116-1657/jre/lib/libverify.so
7fe1256fd000-7fe1256fe000 rw-p 0000e000 103:04 1371440                   /home/juanb/eclipse/plugins/org.eclipse.justj.openjdk.hotspot.jre.full.linux.x86_64_17.0.1.v20211116-1657/jre/lib/libverify.so
7fe1256fe000-7fe1256ff000 ---p 00000000 00:00 0 
7fe1256ff000-7fe125860000 rw-p 00000000 00:00 0 
7fe125860000-7fe125900000 ---p 00000000 00:00 0 
7fe125900000-7fe125940000 rw-p 00000000 00:00 0 
7fe125940000-7fe126000000 ---p 00000000 00:00 0 
7fe126054000-7fe126058000 ---p 00000000 00:00 0 
7fe126058000-7fe126155000 rw-p 00000000 00:00 0 
7fe126155000-7fe12616a000 r-xp 00000000 103:04 1371447                   /home/juanb/eclipse/plugins/org.eclipse.justj.openjdk.hotspot.jre.full.linux.x86_64_17.0.1.v20211116-1657/jre/lib/libnet.so
7fe12616a000-7fe126369000 ---p 00015000 103:04 1371447                   /home/juanb/eclipse/plugins/org.eclipse.justj.openjdk.hotspot.jre.full.linux.x86_64_17.0.1.v20211116-1657/jre/lib/libnet.so
7fe126369000-7fe12636a000 r--p 00014000 103:04 1371447                   /home/juanb/eclipse/plugins/org.eclipse.justj.openjdk.hotspot.jre.full.linux.x86_64_17.0.1.v20211116-1657/jre/lib/libnet.so
7fe12636a000-7fe12636b000 rw-p 00015000 103:04 1371447                   /home/juanb/eclipse/plugins/org.eclipse.justj.openjdk.hotspot.jre.full.linux.x86_64_17.0.1.v20211116-1657/jre/lib/libnet.so
7fe12636b000-7fe12637d000 r-xp 00000000 103:04 1371441                   /home/juanb/eclipse/plugins/org.eclipse.justj.openjdk.hotspot.jre.full.linux.x86_64_17.0.1.v20211116-1657/jre/lib/libnio.so
7fe12637d000-7fe12657c000 ---p 00012000 103:04 1371441                   /home/juanb/eclipse/plugins/org.eclipse.justj.openjdk.hotspot.jre.full.linux.x86_64_17.0.1.v20211116-1657/jre/lib/libnio.so
7fe12657c000-7fe12657d000 r--p 00011000 103:04 1371441                   /home/juanb/eclipse/plugins/org.eclipse.justj.openjdk.hotspot.jre.full.linux.x86_64_17.0.1.v20211116-1657/jre/lib/libnio.so
7fe12657d000-7fe12657e000 rw-p 00012000 103:04 1371441                   /home/juanb/eclipse/plugins/org.eclipse.justj.openjdk.hotspot.jre.full.linux.x86_64_17.0.1.v20211116-1657/jre/lib/libnio.so
7fe12657e000-7fe126582000 ---p 00000000 00:00 0 
7fe126582000-7fe12667f000 rw-p 00000000 00:00 0 
7fe12667f000-7fe126683000 ---p 00000000 00:00 0 
7fe126683000-7fe126780000 rw-p 00000000 00:00 0 
7fe126780000-7fe126784000 ---p 00000000 00:00 0 
7fe126784000-7fe126881000 rw-p 00000000 00:00 0 
7fe126881000-7fe126886000 r-xp 00000000 103:04 1371471                   /home/juanb/eclipse/plugins/org.eclipse.justj.openjdk.hotspot.jre.full.linux.x86_64_17.0.1.v20211116-1657/jre/lib/libdt_socket.so
7fe126886000-7fe126a85000 ---p 00005000 103:04 1371471                   /home/juanb/eclipse/plugins/org.eclipse.justj.openjdk.hotspot.jre.full.linux.x86_64_17.0.1.v20211116-1657/jre/lib/libdt_socket.so
7fe126a85000-7fe126a86000 r--p 00004000 103:04 1371471                   /home/juanb/eclipse/plugins/org.eclipse.justj.openjdk.hotspot.jre.full.linux.x86_64_17.0.1.v20211116-1657/jre/lib/libdt_socket.so
7fe126a86000-7fe126a87000 rw-p 00005000 103:04 1371471                   /home/juanb/eclipse/plugins/org.eclipse.justj.openjdk.hotspot.jre.full.linux.x86_64_17.0.1.v20211116-1657/jre/lib/libdt_socket.so
7fe126a87000-7fe126a8b000 ---p 00000000 00:00 0 
7fe126a8b000-7fe126b88000 rw-p 00000000 00:00 0 
7fe126b88000-7fe126b8c000 ---p 00000000 00:00 0 
7fe126b8c000-7fe126c89000 rw-p 00000000 00:00 0 
7fe126c89000-7fe126c8d000 ---p 00000000 00:00 0 
7fe126c8d000-7fe126d8a000 rw-p 00000000 00:00 0 
7fe126d8a000-7fe126d8e000 ---p 00000000 00:00 0 
7fe126d8e000-7fe126e8b000 rw-p 00000000 00:00 0 
7fe126e8b000-7fe126e8f000 ---p 00000000 00:00 0 
7fe126e8f000-7fe126f8c000 rw-p 00000000 00:00 0 
7fe126f8c000-7fe126f90000 ---p 00000000 00:00 0 
7fe126f90000-7fe12708d000 rw-p 00000000 00:00 0 
7fe12708d000-7fe127091000 ---p 00000000 00:00 0 
7fe127091000-7fe12718e000 rw-p 00000000 00:00 0 
7fe12718e000-7fe1276ff000 r--p 00000000 103:04 1835010                   /usr/lib/locale/locale-archive
7fe1276ff000-7fe127703000 ---p 00000000 00:00 0 
7fe127703000-7fe127d00000 rw-p 00000000 00:00 0 
7fe127d00000-7fe127d20000 rw-p 00000000 00:00 0 
7fe127d20000-7fe127d40000 rw-p 00000000 00:00 0 
7fe127d40000-7fe127d80000 rw-p 00000000 00:00 0 
7fe127d80000-7fe128000000 rw-p 00000000 00:00 0 
7fe128000000-7fe128021000 rw-p 00000000 00:00 0 
7fe128021000-7fe12c000000 ---p 00000000 00:00 0 
7fe12c000000-7fe12c021000 rw-p 00000000 00:00 0 
7fe12c021000-7fe130000000 ---p 00000000 00:00 0 
7fe130000000-7fe130021000 rw-p 00000000 00:00 0 
7fe130021000-7fe134000000 ---p 00000000 00:00 0 
7fe134000000-7fe134021000 rw-p 00000000 00:00 0 
7fe134021000-7fe138000000 ---p 00000000 00:00 0 
7fe138000000-7fe138021000 rw-p 00000000 00:00 0 
7fe138021000-7fe13c000000 ---p 00000000 00:00 0 
7fe13c082000-7fe13c089000 r--s 00000000 103:04 1705149                   /usr/lib/x86_64-linux-gnu/gconv/gconv-modules.cache
7fe13c089000-7fe13c08d000 ---p 00000000 00:00 0 
7fe13c08d000-7fe13c18a000 rw-p 00000000 00:00 0 
7fe13c18a000-7fe13c18b000 ---p 00000000 00:00 0 
7fe13c18b000-7fe13c28c000 rw-p 00000000 00:00 0 
7fe13c28c000-7fe13c293000 r-xp 00000000 103:04 1371436                   /home/juanb/eclipse/plugins/org.eclipse.justj.openjdk.hotspot.jre.full.linux.x86_64_17.0.1.v20211116-1657/jre/lib/libzip.so
7fe13c293000-7fe13c493000 ---p 00007000 103:04 1371436                   /home/juanb/eclipse/plugins/org.eclipse.justj.openjdk.hotspot.jre.full.linux.x86_64_17.0.1.v20211116-1657/jre/lib/libzip.so
7fe13c493000-7fe13c494000 r--p 00007000 103:04 1371436                   /home/juanb/eclipse/plugins/org.eclipse.justj.openjdk.hotspot.jre.full.linux.x86_64_17.0.1.v20211116-1657/jre/lib/libzip.so
7fe13c494000-7fe13c495000 rw-p 00008000 103:04 1371436                   /home/juanb/eclipse/plugins/org.eclipse.justj.openjdk.hotspot.jre.full.linux.x86_64_17.0.1.v20211116-1657/jre/lib/libzip.so
7fe13c495000-7fe13c571000 rw-p 00000000 00:00 0 
7fe13c571000-7fe13c572000 ---p 00000000 00:00 0 
7fe13c572000-7fe13c673000 rw-p 00000000 00:00 0 
7fe13c673000-7fe13c674000 ---p 00000000 00:00 0 
7fe13c674000-7fe13ef7d000 rw-p 00000000 00:00 0 
7fe13ef7d000-7fe13ef7e000 ---p 00000000 00:00 0 
7fe13ef7e000-7fe13f07f000 rw-p 00000000 00:00 0 
7fe13f07f000-7fe13f080000 ---p 00000000 00:00 0 
7fe13f080000-7fe13f181000 rw-p 00000000 00:00 0 
7fe13f181000-7fe13f182000 ---p 00000000 00:00 0 
7fe13f182000-7fe13f66b000 rw-p 00000000 00:00 0 
7fe13f66b000-7fe1430ab000 ---p 00000000 00:00 0 
7fe1430ab000-7fe143493000 rw-p 00000000 00:00 0 
7fe143493000-7fe146ed3000 ---p 00000000 00:00 0 
7fe146ed3000-7fe146f50000 rw-p 00000000 00:00 0 
7fe146f50000-7fe147698000 ---p 00000000 00:00 0 
7fe147698000-7fe147715000 rw-p 00000000 00:00 0 
7fe147715000-7fe147e5d000 ---p 00000000 00:00 0 
7fe147e5d000-7fe147eda000 rw-p 00000000 00:00 0 
7fe147eda000-7fe148622000 ---p 00000000 00:00 0 
7fe148622000-7fe148e2f000 rw-p 00000000 00:00 0 
7fe148e2f000-7fe148f15000 ---p 00000000 00:00 0 
7fe148f15000-7fe148f1a000 rw-p 00000000 00:00 0 
7fe148f1a000-7fe149000000 ---p 00000000 00:00 0 
7fe149000000-7fe149270000 rwxp 00000000 00:00 0 
7fe149270000-7fe149592000 ---p 00000000 00:00 0 
7fe149592000-7fe149802000 rwxp 00000000 00:00 0 
7fe149802000-7fe150ac9000 ---p 00000000 00:00 0 
7fe150ac9000-7fe150d39000 rwxp 00000000 00:00 0 
7fe150d39000-7fe158000000 ---p 00000000 00:00 0 
7fe158000000-7fe1584b6000 rw-p 00000000 00:00 0 
7fe1584b6000-7fe15c000000 ---p 00000000 00:00 0 
7fe15c000000-7fe15c0c7000 rw-p 00000000 00:00 0 
7fe15c0c7000-7fe15c0ce000 ---p 00000000 00:00 0 
7fe15c0ce000-7fe15c0d8000 r-xp 00000000 103:04 1371461                   /home/juanb/eclipse/plugins/org.eclipse.justj.openjdk.hotspot.jre.full.linux.x86_64_17.0.1.v20211116-1657/jre/lib/libinstrument.so
7fe15c0d8000-7fe15c2d7000 ---p 0000a000 103:04 1371461                   /home/juanb/eclipse/plugins/org.eclipse.justj.openjdk.hotspot.jre.full.linux.x86_64_17.0.1.v20211116-1657/jre/lib/libinstrument.so
7fe15c2d7000-7fe15c2d8000 r--p 00009000 103:04 1371461                   /home/juanb/eclipse/plugins/org.eclipse.justj.openjdk.hotspot.jre.full.linux.x86_64_17.0.1.v20211116-1657/jre/lib/libinstrument.so
7fe15c2d8000-7fe15c2d9000 rw-p 0000a000 103:04 1371461                   /home/juanb/eclipse/plugins/org.eclipse.justj.openjdk.hotspot.jre.full.linux.x86_64_17.0.1.v20211116-1657/jre/lib/libinstrument.so
7fe15c2d9000-7fe15c2fd000 r-xp 00000000 103:04 1371448                   /home/juanb/eclipse/plugins/org.eclipse.justj.openjdk.hotspot.jre.full.linux.x86_64_17.0.1.v20211116-1657/jre/lib/libjava.so
7fe15c2fd000-7fe15c4fd000 ---p 00024000 103:04 1371448                   /home/juanb/eclipse/plugins/org.eclipse.justj.openjdk.hotspot.jre.full.linux.x86_64_17.0.1.v20211116-1657/jre/lib/libjava.so
7fe15c4fd000-7fe15c4fe000 r--p 00024000 103:04 1371448                   /home/juanb/eclipse/plugins/org.eclipse.justj.openjdk.hotspot.jre.full.linux.x86_64_17.0.1.v20211116-1657/jre/lib/libjava.so
7fe15c4fe000-7fe15c4ff000 rw-p 00025000 103:04 1371448                   /home/juanb/eclipse/plugins/org.eclipse.justj.openjdk.hotspot.jre.full.linux.x86_64_17.0.1.v20211116-1657/jre/lib/libjava.so
7fe15c4ff000-7fe15c500000 rw-p 00000000 00:00 0 
7fe15c500000-7fe15c53f000 r-xp 00000000 103:04 1371472                   /home/juanb/eclipse/plugins/org.eclipse.justj.openjdk.hotspot.jre.full.linux.x86_64_17.0.1.v20211116-1657/jre/lib/libjdwp.so
7fe15c53f000-7fe15c73e000 ---p 0003f000 103:04 1371472                   /home/juanb/eclipse/plugins/org.eclipse.justj.openjdk.hotspot.jre.full.linux.x86_64_17.0.1.v20211116-1657/jre/lib/libjdwp.so
7fe15c73e000-7fe15c73f000 r--p 0003e000 103:04 1371472                   /home/juanb/eclipse/plugins/org.eclipse.justj.openjdk.hotspot.jre.full.linux.x86_64_17.0.1.v20211116-1657/jre/lib/libjdwp.so
7fe15c73f000-7fe15c740000 rw-p 0003f000 103:04 1371472                   /home/juanb/eclipse/plugins/org.eclipse.justj.openjdk.hotspot.jre.full.linux.x86_64_17.0.1.v20211116-1657/jre/lib/libjdwp.so
7fe15c740000-7fe15c741000 rw-p 00000000 00:00 0 
7fe15c741000-7fe15fd88000 r--s 00000000 103:04 1371435                   /home/juanb/eclipse/plugins/org.eclipse.justj.openjdk.hotspot.jre.full.linux.x86_64_17.0.1.v20211116-1657/jre/lib/modules
7fe15fd88000-7fe15fda3000 r-xp 00000000 103:04 1371437                   /home/juanb/eclipse/plugins/org.eclipse.justj.openjdk.hotspot.jre.full.linux.x86_64_17.0.1.v20211116-1657/jre/lib/libjimage.so
7fe15fda3000-7fe15ffa2000 ---p 0001b000 103:04 1371437                   /home/juanb/eclipse/plugins/org.eclipse.justj.openjdk.hotspot.jre.full.linux.x86_64_17.0.1.v20211116-1657/jre/lib/libjimage.so
7fe15ffa2000-7fe15ffa4000 r--p 0001a000 103:04 1371437                   /home/juanb/eclipse/plugins/org.eclipse.justj.openjdk.hotspot.jre.full.linux.x86_64_17.0.1.v20211116-1657/jre/lib/libjimage.so
7fe15ffa4000-7fe15ffa5000 rw-p 0001c000 103:04 1371437                   /home/juanb/eclipse/plugins/org.eclipse.justj.openjdk.hotspot.jre.full.linux.x86_64_17.0.1.v20211116-1657/jre/lib/libjimage.so
7fe15ffa5000-7fe15ffa9000 ---p 00000000 00:00 0 
7fe15ffa9000-7fe1600a6000 rw-p 00000000 00:00 0 
7fe1600a6000-7fe1600b3000 r--p 00000000 103:04 1350639                   /usr/lib/x86_64-linux-gnu/libm-2.31.so
7fe1600b3000-7fe16015a000 r-xp 0000d000 103:04 1350639                   /usr/lib/x86_64-linux-gnu/libm-2.31.so
7fe16015a000-7fe1601f3000 r--p 000b4000 103:04 1350639                   /usr/lib/x86_64-linux-gnu/libm-2.31.so
7fe1601f3000-7fe1601f4000 r--p 0014c000 103:04 1350639                   /usr/lib/x86_64-linux-gnu/libm-2.31.so
7fe1601f4000-7fe1601f5000 rw-p 0014d000 103:04 1350639                   /usr/lib/x86_64-linux-gnu/libm-2.31.so
7fe1601f5000-7fe1601f7000 r--p 00000000 103:04 1350661                   /usr/lib/x86_64-linux-gnu/librt-2.31.so
7fe1601f7000-7fe1601fb000 r-xp 00002000 103:04 1350661                   /usr/lib/x86_64-linux-gnu/librt-2.31.so
7fe1601fb000-7fe1601fd000 r--p 00006000 103:04 1350661                   /usr/lib/x86_64-linux-gnu/librt-2.31.so
7fe1601fd000-7fe1601fe000 r--p 00007000 103:04 1350661                   /usr/lib/x86_64-linux-gnu/librt-2.31.so
7fe1601fe000-7fe1601ff000 rw-p 00008000 103:04 1350661                   /usr/lib/x86_64-linux-gnu/librt-2.31.so
7fe1601ff000-7fe1614de000 r-xp 00000000 103:04 1371427                   /home/juanb/eclipse/plugins/org.eclipse.justj.openjdk.hotspot.jre.full.linux.x86_64_17.0.1.v20211116-1657/jre/lib/server/libjvm.so
7fe1614de000-7fe1616dd000 ---p 012df000 103:04 1371427                   /home/juanb/eclipse/plugins/org.eclipse.justj.openjdk.hotspot.jre.full.linux.x86_64_17.0.1.v20211116-1657/jre/lib/server/libjvm.so
7fe1616dd000-7fe161796000 r--p 012de000 103:04 1371427                   /home/juanb/eclipse/plugins/org.eclipse.justj.openjdk.hotspot.jre.full.linux.x86_64_17.0.1.v20211116-1657/jre/lib/server/libjvm.so
7fe161796000-7fe1617ca000 rw-p 01397000 103:04 1371427                   /home/juanb/eclipse/plugins/org.eclipse.justj.openjdk.hotspot.jre.full.linux.x86_64_17.0.1.v20211116-1657/jre/lib/server/libjvm.so
7fe1617ca000-7fe161826000 rw-p 00000000 00:00 0 
7fe161826000-7fe161848000 r--p 00000000 103:04 1350635                   /usr/lib/x86_64-linux-gnu/libc-2.31.so
7fe161848000-7fe1619c0000 r-xp 00022000 103:04 1350635                   /usr/lib/x86_64-linux-gnu/libc-2.31.so
7fe1619c0000-7fe161a0e000 r--p 0019a000 103:04 1350635                   /usr/lib/x86_64-linux-gnu/libc-2.31.so
7fe161a0e000-7fe161a12000 r--p 001e7000 103:04 1350635                   /usr/lib/x86_64-linux-gnu/libc-2.31.so
7fe161a12000-7fe161a14000 rw-p 001eb000 103:04 1350635                   /usr/lib/x86_64-linux-gnu/libc-2.31.so
7fe161a14000-7fe161a18000 rw-p 00000000 00:00 0 
7fe161a18000-7fe161a19000 r--p 00000000 103:04 1350637                   /usr/lib/x86_64-linux-gnu/libdl-2.31.so
7fe161a19000-7fe161a1b000 r-xp 00001000 103:04 1350637                   /usr/lib/x86_64-linux-gnu/libdl-2.31.so
7fe161a1b000-7fe161a1c000 r--p 00003000 103:04 1350637                   /usr/lib/x86_64-linux-gnu/libdl-2.31.so
7fe161a1c000-7fe161a1d000 r--p 00003000 103:04 1350637                   /usr/lib/x86_64-linux-gnu/libdl-2.31.so
7fe161a1d000-7fe161a1e000 rw-p 00004000 103:04 1350637                   /usr/lib/x86_64-linux-gnu/libdl-2.31.so
7fe161a1e000-7fe161a24000 r--p 00000000 103:04 1350659                   /usr/lib/x86_64-linux-gnu/libpthread-2.31.so
7fe161a24000-7fe161a35000 r-xp 00006000 103:04 1350659                   /usr/lib/x86_64-linux-gnu/libpthread-2.31.so
7fe161a35000-7fe161a3b000 r--p 00017000 103:04 1350659                   /usr/lib/x86_64-linux-gnu/libpthread-2.31.so
7fe161a3b000-7fe161a3c000 r--p 0001c000 103:04 1350659                   /usr/lib/x86_64-linux-gnu/libpthread-2.31.so
7fe161a3c000-7fe161a3d000 rw-p 0001d000 103:04 1350659                   /usr/lib/x86_64-linux-gnu/libpthread-2.31.so
7fe161a3d000-7fe161a41000 rw-p 00000000 00:00 0 
7fe161a41000-7fe161a50000 r-xp 00000000 103:04 1371444                   /home/juanb/eclipse/plugins/org.eclipse.justj.openjdk.hotspot.jre.full.linux.x86_64_17.0.1.v20211116-1657/jre/lib/libjli.so
7fe161a50000-7fe161c50000 ---p 0000f000 103:04 1371444                   /home/juanb/eclipse/plugins/org.eclipse.justj.openjdk.hotspot.jre.full.linux.x86_64_17.0.1.v20211116-1657/jre/lib/libjli.so
7fe161c50000-7fe161c51000 r--p 0000f000 103:04 1371444                   /home/juanb/eclipse/plugins/org.eclipse.justj.openjdk.hotspot.jre.full.linux.x86_64_17.0.1.v20211116-1657/jre/lib/libjli.so
7fe161c51000-7fe161c52000 rw-p 00010000 103:04 1371444                   /home/juanb/eclipse/plugins/org.eclipse.justj.openjdk.hotspot.jre.full.linux.x86_64_17.0.1.v20211116-1657/jre/lib/libjli.so
7fe161c52000-7fe161c54000 r--p 00000000 103:04 1314318                   /usr/lib/x86_64-linux-gnu/libz.so.1.2.11
7fe161c54000-7fe161c65000 r-xp 00002000 103:04 1314318                   /usr/lib/x86_64-linux-gnu/libz.so.1.2.11
7fe161c65000-7fe161c6b000 r--p 00013000 103:04 1314318                   /usr/lib/x86_64-linux-gnu/libz.so.1.2.11
7fe161c6b000-7fe161c6c000 ---p 00019000 103:04 1314318                   /usr/lib/x86_64-linux-gnu/libz.so.1.2.11
7fe161c6c000-7fe161c6d000 r--p 00019000 103:04 1314318                   /usr/lib/x86_64-linux-gnu/libz.so.1.2.11
7fe161c6d000-7fe161c6e000 rw-p 0001a000 103:04 1314318                   /usr/lib/x86_64-linux-gnu/libz.so.1.2.11
7fe161c6f000-7fe161c77000 rw-s 00000000 103:04 592114                    /tmp/hsperfdata_juanb/980997
7fe161c77000-7fe161c7a000 r--p 00000000 103:04 1350651                   /usr/lib/x86_64-linux-gnu/libnss_files-2.31.so
7fe161c7a000-7fe161c81000 r-xp 00003000 103:04 1350651                   /usr/lib/x86_64-linux-gnu/libnss_files-2.31.so
7fe161c81000-7fe161c83000 r--p 0000a000 103:04 1350651                   /usr/lib/x86_64-linux-gnu/libnss_files-2.31.so
7fe161c83000-7fe161c84000 r--p 0000b000 103:04 1350651                   /usr/lib/x86_64-linux-gnu/libnss_files-2.31.so
7fe161c84000-7fe161c85000 rw-p 0000c000 103:04 1350651                   /usr/lib/x86_64-linux-gnu/libnss_files-2.31.so
7fe161c85000-7fe161c8b000 rw-p 00000000 00:00 0 
7fe161c8b000-7fe161c8c000 ---p 00000000 00:00 0 
7fe161c8c000-7fe161c8d000 r--p 00000000 00:00 0 
7fe161c8d000-7fe161c8f000 rw-p 00000000 00:00 0 
7fe161c8f000-7fe161c90000 r--p 00000000 103:04 1350627                   /usr/lib/x86_64-linux-gnu/ld-2.31.so
7fe161c90000-7fe161cb3000 r-xp 00001000 103:04 1350627                   /usr/lib/x86_64-linux-gnu/ld-2.31.so
7fe161cb3000-7fe161cbb000 r--p 00024000 103:04 1350627                   /usr/lib/x86_64-linux-gnu/ld-2.31.so
7fe161cbb000-7fe161cbc000 ---p 00000000 00:00 0 
7fe161cbc000-7fe161cbd000 r--p 0002c000 103:04 1350627                   /usr/lib/x86_64-linux-gnu/ld-2.31.so
7fe161cbd000-7fe161cbe000 rw-p 0002d000 103:04 1350627                   /usr/lib/x86_64-linux-gnu/ld-2.31.so
7fe161cbe000-7fe161cbf000 rw-p 00000000 00:00 0 
7fff6ddb4000-7fff6ddd5000 rw-p 00000000 00:00 0                          [stack]
7fff6ddf1000-7fff6ddf4000 r--p 00000000 00:00 0                          [vvar]
7fff6ddf4000-7fff6ddf5000 r-xp 00000000 00:00 0                          [vdso]
ffffffffff600000-ffffffffff601000 --xp 00000000 00:00 0                  [vsyscall]


VM Arguments:
jvm_args: -XX:+ShowCodeDetailsInExceptionMessages -agentlib:jdwp=transport=dt_socket,suspend=y,address=localhost:41223 -javaagent:/home/juanb/eclipse/configuration/org.eclipse.osgi/413/0/.cp/lib/javaagent-shaded.jar -Dfile.encoding=UTF-8 
java_command: br.ufs.dcomp.AIproject.ScheduleCSPDemo
java_class_path (initial): /home/juanb/eclipse-workspace/ProjetoIA/target/classes:/home/juanb/eclipse-workspace/ProjetoIA/lib/aima-core.jar
Launcher Type: SUN_STANDARD

[Global flags]
     intx CICompilerCount                          = 4                                         {product} {ergonomic}
     uint ConcGCThreads                            = 2                                         {product} {ergonomic}
     uint G1ConcRefinementThreads                  = 8                                         {product} {ergonomic}
   size_t G1HeapRegionSize                         = 2097152                                   {product} {ergonomic}
    uintx GCDrainStackTargetSize                   = 64                                        {product} {ergonomic}
   size_t InitialHeapSize                          = 262144000                                 {product} {ergonomic}
   size_t MarkStackSize                            = 4194304                                   {product} {ergonomic}
   size_t MaxHeapSize                              = 4171235328                                {product} {ergonomic}
   size_t MaxNewSize                               = 2501902336                                {product} {ergonomic}
   size_t MinHeapDeltaBytes                        = 2097152                                   {product} {ergonomic}
   size_t MinHeapSize                              = 8388608                                   {product} {ergonomic}
    uintx NonNMethodCodeHeapSize                   = 5839372                                {pd product} {ergonomic}
    uintx NonProfiledCodeHeapSize                  = 122909434                              {pd product} {ergonomic}
    uintx ProfiledCodeHeapSize                     = 122909434                              {pd product} {ergonomic}
    uintx ReservedCodeCacheSize                    = 251658240                              {pd product} {ergonomic}
     bool SegmentedCodeCache                       = true                                      {product} {ergonomic}
     bool ShowCodeDetailsInExceptionMessages       = true                                   {manageable} {command line}
   size_t SoftMaxHeapSize                          = 4171235328                             {manageable} {ergonomic}
     bool UseCompressedClassPointers               = true                           {product lp64_product} {ergonomic}
     bool UseCompressedOops                        = true                           {product lp64_product} {ergonomic}
     bool UseG1GC                                  = true                                      {product} {ergonomic}

Logging:
Log output configuration:
 #0: stdout all=warning uptime,level,tags
 #1: stderr all=off uptime,level,tags

Environment Variables:
PATH=/home/juanb/.local/bin:/usr/local/sbin:/usr/local/bin:/usr/sbin:/usr/bin:/sbin:/bin:/usr/games:/usr/local/games:/snap/bin
SHELL=/bin/bash
DISPLAY=:0
LANG=en_US.UTF-8

Signal Handlers:
   SIGSEGV: crash_handler in libjvm.so, mask=11100100010111111101111111111110, flags=SA_RESTART|SA_SIGINFO
    SIGBUS: crash_handler in libjvm.so, mask=11100100010111111101111111111110, flags=SA_RESTART|SA_SIGINFO
    SIGFPE: crash_handler in libjvm.so, mask=11100100010111111101111111111110, flags=SA_RESTART|SA_SIGINFO
   SIGPIPE: javaSignalHandler in libjvm.so, mask=11100100010111111101111111111110, flags=SA_RESTART|SA_SIGINFO
   SIGXFSZ: javaSignalHandler in libjvm.so, mask=11100100010111111101111111111110, flags=SA_RESTART|SA_SIGINFO
    SIGILL: crash_handler in libjvm.so, mask=11100100010111111101111111111110, flags=SA_RESTART|SA_SIGINFO
   SIGUSR2: SR_handler in libjvm.so, mask=00100000000000000000000000000000, flags=SA_RESTART|SA_SIGINFO
    SIGHUP: UserHandler in libjvm.so, mask=11100100010111111101111111111110, flags=SA_RESTART|SA_SIGINFO
    SIGINT: UserHandler in libjvm.so, mask=11100100010111111101111111111110, flags=SA_RESTART|SA_SIGINFO
   SIGTERM: UserHandler in libjvm.so, mask=11100100010111111101111111111110, flags=SA_RESTART|SA_SIGINFO
   SIGQUIT: UserHandler in libjvm.so, mask=11100100010111111101111111111110, flags=SA_RESTART|SA_SIGINFO
   SIGTRAP: crash_handler in libjvm.so, mask=11100100010111111101111111111110, flags=SA_RESTART|SA_SIGINFO


---------------  S Y S T E M  ---------------

OS:
DISTRIB_ID=LinuxMint
DISTRIB_RELEASE=20.3
DISTRIB_CODENAME=una
DISTRIB_DESCRIPTION="Linux Mint 20.3 Una"
uname: Linux 5.4.0-110-generic #124-Ubuntu SMP Thu Apr 14 19:46:19 UTC 2022 x86_64
OS uptime: 3 days 4:18 hours
libc: glibc 2.31 NPTL 2.31 
rlimit (soft/hard): STACK 8192k/infinity , CORE 0k/infinity , NPROC 63256/63256 , NOFILE 1048576/1048576 , AS infinity/infinity , CPU infinity/infinity , DATA infinity/infinity , FSIZE infinity/infinity , MEMLOCK 65536k/65536k
load average: 2,10 2,61 2,72

/proc/meminfo:
MemTotal:       16287184 kB
MemFree:          529312 kB
MemAvailable:    1230484 kB
Buffers:           84976 kB
Cached:          1491028 kB
SwapCached:        22288 kB
Active:         12858596 kB
Inactive:        2045916 kB
Active(anon):   12296212 kB
Inactive(anon):  1748376 kB
Active(file):     562384 kB
Inactive(file):   297540 kB
Unevictable:      166868 kB
Mlocked:             240 kB
SwapTotal:        711380 kB
SwapFree:             20 kB
Dirty:              1288 kB
Writeback:             0 kB
AnonPages:      13473800 kB
Mapped:           819308 kB
Shmem:            715932 kB
KReclaimable:     182356 kB
Slab:             438432 kB
SReclaimable:     182356 kB
SUnreclaim:       256076 kB
KernelStack:       39132 kB
PageTables:       108976 kB
NFS_Unstable:          0 kB
Bounce:                0 kB
WritebackTmp:          0 kB
CommitLimit:     8854972 kB
Committed_AS:   32318300 kB
VmallocTotal:   34359738367 kB
VmallocUsed:       59372 kB
VmallocChunk:          0 kB
Percpu:             8768 kB
HardwareCorrupted:     0 kB
AnonHugePages:         0 kB
ShmemHugePages:        0 kB
ShmemPmdMapped:        0 kB
FileHugePages:         0 kB
FilePmdMapped:         0 kB
CmaTotal:              0 kB
CmaFree:               0 kB
HugePages_Total:       0
HugePages_Free:        0
HugePages_Rsvd:        0
HugePages_Surp:        0
Hugepagesize:       2048 kB
Hugetlb:               0 kB
DirectMap4k:     1488392 kB
DirectMap2M:    15183872 kB
DirectMap1G:           0 kB

/sys/kernel/mm/transparent_hugepage/enabled: always [madvise] never
/sys/kernel/mm/transparent_hugepage/defrag (defrag/compaction efforts parameter): always defer defer+madvise [madvise] never

Process Memory:
Virtual Size: 7099568K (peak: 7099568K)
Resident Set Size: 62244K (peak: 62244K) (anon: 34664K, file: 27580K, shmem: 0K)
Swapped out: 0K
C-Heap outstanding allocations: 5657K

/proc/sys/kernel/threads-max (system-wide limit on the number of threads): 126512
/proc/sys/vm/max_map_count (maximum number of memory map areas a process may have): 65530
/proc/sys/kernel/pid_max (system-wide limit on number of process identifiers): 4194304

container (cgroup) information:
container_type: cgroupv1
cpu_cpuset_cpus: 0-7
cpu_memory_nodes: 0
active_processor_count: 8
cpu_quota: no quota
cpu_period: 100000
cpu_shares: no shares
memory_limit_in_bytes: unlimited
memory_and_swap_limit_in_bytes: not supported
memory_soft_limit_in_bytes: unlimited
memory_usage_in_bytes: 13598478336
memory_max_usage_in_bytes: 14175858688

Steal ticks since vm start: 0
Steal ticks percentage since vm start:  0,000

CPU: total 8 (initial active 8) (4 cores per cpu, 2 threads per core) family 6 model 142 stepping 10 microcode 0xec, cx8, cmov, fxsr, ht, mmx, 3dnowpref, sse, sse2, sse3, ssse3, sse4.1, sse4.2, popcnt, lzcnt, tsc, tscinvbit, avx, avx2, aes, erms, clmul, bmi1, bmi2, adx, fma, vzeroupper, clflush, clflushopt
CPU Model and flags from /proc/cpuinfo:
model name	: Intel(R) Core(TM) i5-8250U CPU @ 1.60GHz
flags		: fpu vme de pse tsc msr pae mce cx8 apic sep mtrr pge mca cmov pat pse36 clflush dts acpi mmx fxsr sse sse2 ss ht tm pbe syscall nx pdpe1gb rdtscp lm constant_tsc art arch_perfmon pebs bts rep_good nopl xtopology nonstop_tsc cpuid aperfmperf pni pclmulqdq dtes64 monitor ds_cpl vmx est tm2 ssse3 sdbg fma cx16 xtpr pdcm pcid sse4_1 sse4_2 x2apic movbe popcnt tsc_deadline_timer aes xsave avx f16c rdrand lahf_lm abm 3dnowprefetch cpuid_fault epb invpcid_single pti ssbd ibrs ibpb stibp tpr_shadow vnmi flexpriority ept vpid ept_ad fsgsbase tsc_adjust bmi1 avx2 smep bmi2 erms invpcid mpx rdseed adx smap clflushopt intel_pt xsaveopt xsavec xgetbv1 xsaves dtherm ida arat pln pts hwp hwp_notify hwp_act_window hwp_epp md_clear flush_l1d arch_capabilities

Online cpus: 0-7
Offline cpus: 
BIOS frequency limitation: <Not Available>
Frequency switch latency (ns): 0
Available cpu frequencies: <Not Available>
Current governor: powersave
Core performance/turbo boost: <Not Available>

Memory: 4k page, physical 16287184k(529312k free), swap 711380k(20k free)
Page Sizes: 4k

vm_info: OpenJDK 64-Bit Server VM (17.0.1+12) for linux-amd64 JRE (17.0.1+12), built on Oct 20 2021 12:00:24 by "" with gcc 7.5.0

END.
