#
# A fatal error has been detected by the Java Runtime Environment:
#
#  SIGSEGV (0xb) at pc=0x00007fc5bd4b4139, pid=1187532, tid=1187560
#
# JRE version: OpenJDK Runtime Environment Temurin-17.0.1+12 (17.0.1+12) (build 17.0.1+12)
# Java VM: OpenJDK 64-Bit Server VM Temurin-17.0.1+12 (17.0.1+12, mixed mode, tiered, compressed oops, compressed class ptrs, g1 gc, linux-amd64)
# Problematic frame:
# V  [libjvm.so+0xe9c139]  Symbol::as_C_string() const+0x9
#
# Core dump will be written. Default location: Core dumps may be processed with "/lib/systemd/systemd-coredump %P %u %g %s %t 9223372036854775808 %h" (or dumping to /home/juanb/eclipse-workspace/ProjetoIA/core.1187532)
#
# If you would like to submit a bug report, please visit:
#   https://github.com/adoptium/adoptium-support/issues
#

---------------  S U M M A R Y ------------

Command Line: -XX:+ShowCodeDetailsInExceptionMessages -agentlib:jdwp=transport=dt_socket,suspend=y,address=localhost:33285 -javaagent:/home/juanb/eclipse/configuration/org.eclipse.osgi/413/0/.cp/lib/javaagent-shaded.jar -Dfile.encoding=UTF-8 br.ufs.dcomp.AIproject.ScheduleCSPDemo

Host: Intel(R) Core(TM) i5-8250U CPU @ 1.60GHz, 8 cores, 15G, Linux Mint 20.3 Una
Time: Sat May 21 08:41:22 2022 -03 elapsed time: 86.448795 seconds (0d 0h 1m 26s)

---------------  T H R E A D  ---------------

Current thread (0x00007fc5b82e5450):  JavaThread "JDWP Transport Listener: dt_socket" daemon [_thread_in_vm, id=1187560, stack(0x00007fc582a87000,0x00007fc582b88000)]

Stack: [0x00007fc582a87000,0x00007fc582b88000],  sp=0x00007fc582b86940,  free space=1022k
Native frames: (J=compiled Java code, j=interpreted, Vv=VM code, C=native code)
V  [libjvm.so+0xe9c139]  Symbol::as_C_string() const+0x9
V  [libjvm.so+0xa1c9a4]  JvmtiEnv::GetClassSignature(oopDesc*, char**, char**)+0x114
V  [libjvm.so+0x9d2189]  jvmti_GetClassSignature+0x1d9
C  [libjdwp.so+0x2c2df]  classSignature+0x3f
C  [libjdwp.so+0xc896]  allClasses1.isra.3.part.4+0x166
C  [libjdwp.so+0xd883]  allClassesWithGeneric+0x23
C  [libjdwp.so+0x12ec5]  debugLoop_run+0x1f5
C  [libjdwp.so+0x26123]  attachThread+0x33
V  [libjvm.so+0xa38ec5]  JvmtiAgentThread::start_function_wrapper(JavaThread*, JavaThread*)+0x85
V  [libjvm.so+0xefe6f0]  JavaThread::thread_main_inner()+0x180
V  [libjvm.so+0xf01b62]  Thread::call_run()+0xe2
V  [libjvm.so+0xc3ccd1]  thread_native_entry(Thread*)+0xe1


siginfo: si_signo: 11 (SIGSEGV), si_code: 1 (SEGV_MAPERR), si_addr: 0x00000000003c000a

Register to memory mapping:

RAX=0x000000000000003b is an unknown value
RBX=0x00007fc55c000d30 points into unknown readable memory: 0x0000000000000000 | 00 00 00 00 00 00 00 00
RCX=0x00007fc581c5f190 is pointing into metadata
RDX=0x000000000000001f is an unknown value
RSP=0x00007fc582b86940 is pointing into the stack for thread: 0x00007fc5b82e5450
RBP=0x00007fc582b86950 is pointing into the stack for thread: 0x00007fc5b82e5450
RSI=0x0 is NULL
RDI=0x00000000003c0006 is an unknown value
R8 =0x00007fc550004cc0 points into unknown readable memory: 0x2f7366752f72624c | 4c 62 72 2f 75 66 73 2f
R9 =0x000000000000003f is an unknown value
R10=0x000000000000003d is an unknown value
R11=0x00007fc55c000d40 points into unknown readable memory: 0x642f7366752f7262 | 62 72 2f 75 66 73 2f 64
R12=0x0000000800108910 is a pointer to class: 
br.ufs.dcomp.AIproject.constraints.DependentMembersConstraint {0x0000000800108910}
 - instance size:     3
 - klass size:        72
 - access:            public synchronized 
 - state:             fully_initialized
 - name:              'br/ufs/dcomp/AIproject/constraints/DependentMembersConstraint'
 - super:             'java/lang/Object'
 - sub:               
 - arrays:            NULL
 - methods:           Array<T>(0x00007fc581c5e6a8)
 - method ordering:   Array<T>(0x00007fc581c5e900)
 - default_methods:   Array<T>(0x0000000000000000)
 - local interfaces:  Array<T>(0x00007fc581c50078)
 - trans. interfaces: Array<T>(0x00007fc581c50078)
 - constants:         constant pool [159] {0x00007fc581c5f190} for 'br/ufs/dcomp/AIproject/constraints/DependentMembersConstraint' cache=0x00007fc581c5f750
 - class loader data:  loader data: 0x00007fc5b82a69b0 for instance a 'jdk/internal/loader/ClassLoaders$AppClassLoader'{0x0000000716e55cf8}
 - source file:       'DependentMembersConstraint.java'
 - source debug extension:       SMAP
DependentMembersConstraint.java
Java
*S jdt
*F
1 DependentMembersConstraint.java
2 file:/home/juanb/eclipse-workspace/ProjetoIA/target/classes/
*L
*E

 - class annotations:       Array<T>(0x0000000000000000)
 - class type annotations:  Array<T>(0x0000000000000000)
 - field annotations:       Array<T>(0x0000000000000000)
 - field type annotations:  Array<T>(0x0000000000000000)
 - previous version:  constant pool [153] {0x00007fc581c4fae8} for 'br/ufs/dcomp/AIproject/constraints/DependentMembersConstraint' (extra) cache=0x00007fc581c504b0
 - generic signature: '
[error occurred during error reporting (printing register info), id 0xb, SIGSEGV (0xb) at pc=0x00007fc5bd4b5888]

Registers:
RAX=0x000000000000003b, RBX=0x00007fc55c000d30, RCX=0x00007fc581c5f190, RDX=0x000000000000001f
RSP=0x00007fc582b86940, RBP=0x00007fc582b86950, RSI=0x0000000000000000, RDI=0x00000000003c0006
R8 =0x00007fc550004cc0, R9 =0x000000000000003f, R10=0x000000000000003d, R11=0x00007fc55c000d40
R12=0x0000000800108910, R13=0x00007fc582b86ac8, R14=0x0000000800108910, R15=0x00007fc5b82e5290
RIP=0x00007fc5bd4b4139, EFLAGS=0x0000000000010246, CSGSFS=0x002b000000000033, ERR=0x0000000000000004
  TRAPNO=0x000000000000000e

Top of Stack: (sp=0x00007fc582b86940)
0x00007fc582b86940:   00007fc55c000d30 0000000800108910
0x00007fc582b86950:   00007fc582b869c0 00007fc5bd0349a4
0x00007fc582b86960:   00007fc55c000d80 00000000000003d8
0x00007fc582b86970:   00007fc5b8016480 00007fc55c001118 

Instructions: (pc=0x00007fc5bd4b4139)
0x00007fc5bd4b4039:   41 0f 11 04 09 48 83 c1 10 41 39 fb 77 e9 89 d9
0x00007fc5bd4b4049:   83 e1 f0 01 ca 39 cb 48 63 d2 74 13 0f 1f 00 41
0x00007fc5bd4b4059:   0f b6 0c 10 88 0c 10 48 83 c2 01 39 d6 7f f0 48
0x00007fc5bd4b4069:   63 f6 5b c6 04 30 00 5d c3 66 0f 1f 44 00 00 ba
0x00007fc5bd4b4079:   02 00 00 00 eb 91 90 ba 05 00 00 00 eb 89 ba 0d
0x00007fc5bd4b4089:   00 00 00 eb 82 66 90 31 d2 48 63 d2 0f 1f 00 41
0x00007fc5bd4b4099:   0f b6 0c 10 88 0c 10 48 83 c2 01 39 d6 7f f0 e9
0x00007fc5bd4b40a9:   44 ff ff ff 0f 1f 00 ba 03 00 00 00 e9 56 ff ff
0x00007fc5bd4b40b9:   ff 66 0f 1f 44 00 00 ba 04 00 00 00 e9 46 ff ff
0x00007fc5bd4b40c9:   ff 66 0f 1f 44 00 00 ba 06 00 00 00 e9 36 ff ff
0x00007fc5bd4b40d9:   ff 31 d2 e9 2f ff ff ff ba 07 00 00 00 e9 25 ff
0x00007fc5bd4b40e9:   ff ff ba 08 00 00 00 e9 1b ff ff ff ba 09 00 00
0x00007fc5bd4b40f9:   00 e9 11 ff ff ff ba 0a 00 00 00 e9 07 ff ff ff
0x00007fc5bd4b4109:   ba 0b 00 00 00 e9 fd fe ff ff ba 0c 00 00 00 e9
0x00007fc5bd4b4119:   f3 fe ff ff ba 0e 00 00 00 e9 e9 fe ff ff 90 0f
0x00007fc5bd4b4129:   1f 84 00 00 00 00 00 55 31 f6 48 89 e5 41 54 53
0x00007fc5bd4b4139:   44 0f b7 67 04 48 89 fb 41 8d 7c 24 01 48 63 ff
0x00007fc5bd4b4149:   e8 a2 8d e4 ff 0f b7 73 04 44 39 e6 49 0f 4f f4
0x00007fc5bd4b4159:   85 f6 0f 84 8f 01 00 00 48 8d 50 10 4c 8d 43 06
0x00007fc5bd4b4169:   49 39 d0 48 8d 53 16 0f 93 c1 48 39 d0 0f 93 c2
0x00007fc5bd4b4179:   08 d1 0f 84 8f 01 00 00 83 fe 14 0f 86 86 01 00
0x00007fc5bd4b4189:   00 4c 89 c1 8d 7e ff 48 f7 d9 83 e1 0f 8d 51 0f
0x00007fc5bd4b4199:   39 d7 0f 82 af 01 00 00 85 c9 0f 84 eb 01 00 00
0x00007fc5bd4b41a9:   0f b6 53 06 83 f9 01 88 10 0f 84 48 01 00 00 0f
0x00007fc5bd4b41b9:   b6 53 07 83 f9 02 88 50 01 0f 84 78 01 00 00 0f
0x00007fc5bd4b41c9:   b6 53 08 83 f9 03 88 50 02 0f 84 80 01 00 00 0f
0x00007fc5bd4b41d9:   b6 53 09 83 f9 04 88 50 03 0f 84 80 01 00 00 0f
0x00007fc5bd4b41e9:   b6 53 0a 83 f9 05 88 50 04 0f 84 88 01 00 00 0f
0x00007fc5bd4b41f9:   b6 53 0b 83 f9 06 88 50 05 0f 84 82 01 00 00 0f
0x00007fc5bd4b4209:   b6 53 0c 83 f9 07 88 50 06 0f 84 5a 01 00 00 0f
0x00007fc5bd4b4219:   b6 53 0d 83 f9 08 88 50 07 0f 84 73 01 00 00 0f
0x00007fc5bd4b4229:   b6 53 0e 83 f9 09 88 50 08 0f 84 6d 01 00 00 0f 


Stack slot to memory mapping:
stack at sp + 0 slots: 0x00007fc55c000d30 points into unknown readable memory: 0x0000000000000000 | 00 00 00 00 00 00 00 00
stack at sp + 1 slots: 0x0000000800108910 is a pointer to class: 
br.ufs.dcomp.AIproject.constraints.DependentMembersConstraint {0x0000000800108910}
 - instance size:     3
 - klass size:        72
 - access:            public synchronized 
 - state:             fully_initialized
 - name:              'br/ufs/dcomp/AIproject/constraints/DependentMembersConstraint'
 - super:             'java/lang/Object'
 - sub:               
 - arrays:            NULL
 - methods:           Array<T>(0x00007fc581c5e6a8)
 - method ordering:   Array<T>(0x00007fc581c5e900)
 - default_methods:   Array<T>(0x0000000000000000)
 - local interfaces:  Array<T>(0x00007fc581c50078)
 - trans. interfaces: Array<T>(0x00007fc581c50078)
 - constants:         constant pool [159] {0x00007fc581c5f190} for 'br/ufs/dcomp/AIproject/constraints/DependentMembersConstraint' cache=0x00007fc581c5f750
 - class loader data:  loader data: 0x00007fc5b82a69b0 for instance a 'jdk/internal/loader/ClassLoaders$AppClassLoader'{0x0000000716e55cf8}
 - source file:       'DependentMembersConstraint.java'
 - source debug extension:       SMAP
DependentMembersConstraint.java
Java
*S jdt
*F
1 DependentMembersConstraint.java
2 file:/home/juanb/eclipse-workspace/ProjetoIA/target/classes/
*L
*E

 - class annotations:       Array<T>(0x0000000000000000)
 - class type annotations:  Array<T>(0x0000000000000000)
 - field annotations:       Array<T>(0x0000000000000000)
 - field type annotations:  Array<T>(0x0000000000000000)
 - previous version:  constant pool [153] {0x00007fc581c4fae8} for 'br/ufs/dcomp/AIproject/constraints/DependentMembersConstraint' (extra) cache=0x00007fc581c504b0
 - generic signature: '
[error occurred during error reporting (inspecting top of stack), id 0xb, SIGSEGV (0xb) at pc=0x00007fc5bd4b5888]


---------------  P R O C E S S  ---------------

Threads class SMR info:
_java_thread_list=0x00007fc5b838a9b0, length=14, elements={
0x00007fc5b8026330, 0x00007fc5b81d32b0, 0x00007fc5b81d4900, 0x00007fc5b81fa940,
0x00007fc5b81fbcf0, 0x00007fc5b81fd100, 0x00007fc5b81fe780, 0x00007fc5b81ffc60,
0x00007fc5b82010d0, 0x00007fc5b829b020, 0x00007fc5b82e5450, 0x00007fc5b82f8ab0,
0x00007fc558000fb0, 0x00007fc5b83f8230
}

Java Threads: ( => current thread )
  0x00007fc5b8026330 JavaThread "main" [_thread_blocked, id=1187536, stack(0x00007fc5bc3be000,0x00007fc5bc4bf000)]
  0x00007fc5b81d32b0 JavaThread "Reference Handler" daemon [_thread_blocked, id=1187548, stack(0x00007fc598479000,0x00007fc59857a000)]
  0x00007fc5b81d4900 JavaThread "Finalizer" daemon [_thread_blocked, id=1187549, stack(0x00007fc598378000,0x00007fc598479000)]
  0x00007fc5b81fa940 JavaThread "Signal Dispatcher" daemon [_thread_blocked, id=1187550, stack(0x00007fc598277000,0x00007fc598378000)]
  0x00007fc5b81fbcf0 JavaThread "Service Thread" daemon [_thread_blocked, id=1187551, stack(0x00007fc598176000,0x00007fc598277000)]
  0x00007fc5b81fd100 JavaThread "Monitor Deflation Thread" daemon [_thread_blocked, id=1187552, stack(0x00007fc598075000,0x00007fc598176000)]
  0x00007fc5b81fe780 JavaThread "C2 CompilerThread0" daemon [_thread_blocked, id=1187553, stack(0x00007fc583eff000,0x00007fc584000000)]
  0x00007fc5b81ffc60 JavaThread "C1 CompilerThread0" daemon [_thread_blocked, id=1187554, stack(0x00007fc583dfe000,0x00007fc583eff000)]
  0x00007fc5b82010d0 JavaThread "Sweeper thread" daemon [_thread_blocked, id=1187555, stack(0x00007fc583cfd000,0x00007fc583dfe000)]
  0x00007fc5b829b020 JavaThread "Common-Cleaner" daemon [_thread_blocked, id=1187558, stack(0x00007fc582d8e000,0x00007fc582e8f000)]
=>0x00007fc5b82e5450 JavaThread "JDWP Transport Listener: dt_socket" daemon [_thread_in_vm, id=1187560, stack(0x00007fc582a87000,0x00007fc582b88000)]
  0x00007fc5b82f8ab0 JavaThread "JDWP Event Helper Thread" daemon [_thread_blocked, id=1187562, stack(0x00007fc582986000,0x00007fc582a87000)]
  0x00007fc558000fb0 JavaThread "JDWP Command Reader" daemon [_thread_in_native, id=1187563, stack(0x00007fc582885000,0x00007fc582986000)]
  0x00007fc5b83f8230 JavaThread "Notification Thread" daemon [_thread_blocked, id=1187567, stack(0x00007fc581aff000,0x00007fc581c00000)]

Other Threads:
  0x00007fc5b8183a10 VMThread "VM Thread" [stack: 0x00007fc59857c000,0x00007fc59867c000] [id=1187547]
  0x00007fc5b8226d60 WatcherThread [stack: 0x00007fc5819ff000,0x00007fc581aff000] [id=1187568]
  0x00007fc5b8075460 GCTaskThread "GC Thread#0" [stack: 0x00007fc59b5b4000,0x00007fc59b6b4000] [id=1187541]
  0x00007fc5b80862f0 ConcurrentGCThread "G1 Main Marker" [stack: 0x00007fc59b4b2000,0x00007fc59b5b2000] [id=1187542]
  0x00007fc5b8087250 ConcurrentGCThread "G1 Conc#0" [stack: 0x00007fc59b3b0000,0x00007fc59b4b0000] [id=1187543]
  0x00007fc5b813be80 ConcurrentGCThread "G1 Refine#0" [stack: 0x00007fc598aa6000,0x00007fc598ba6000] [id=1187544]
  0x00007fc5b813cd70 ConcurrentGCThread "G1 Service" [stack: 0x00007fc5989a4000,0x00007fc598aa4000] [id=1187545]

Threads with active compile tasks:

VM state: not at safepoint (normal execution)

VM Mutex/Monitor currently owned by a thread: None

Heap address: 0x0000000707600000, size: 3978 MB, Compressed Oops mode: Zero based, Oop shift amount: 3

CDS archive(s) not mapped
Compressed class space mapped at: 0x0000000800000000-0x0000000840000000, reserved size: 1073741824
Narrow klass base: 0x0000000800000000, Narrow klass shift: 0, Narrow klass range: 0x40000000

GC Precious Log:
 CPUs: 8 total, 8 available
 Memory: 15905M
 Large Page Support: Disabled
 NUMA Support: Disabled
 Compressed Oops: Enabled (Zero based)
 Heap Region Size: 2M
 Heap Min Capacity: 8M
 Heap Initial Capacity: 250M
 Heap Max Capacity: 3978M
 Pre-touch: Disabled
 Parallel Workers: 8
 Concurrent Workers: 2
 Concurrent Refinement Workers: 8
 Periodic GC: Disabled

Heap:
 garbage-first heap   total 256000K, used 6144K [0x0000000707600000, 0x0000000800000000)
  region size 2048K, 4 young (8192K), 0 survivors (0K)
 Metaspace       used 9723K, committed 9856K, reserved 1064960K
  class space    used 868K, committed 896K, reserved 1048576K

Heap Regions: E=young(eden), S=young(survivor), O=old, HS=humongous(starts), HC=humongous(continues), CS=collection set, F=free, OA=open archive, CA=closed archive, TAMS=top-at-mark-start (previous, next)
|   0|0x0000000707600000, 0x0000000707600000, 0x0000000707800000|  0%| F|  |TAMS 0x0000000707600000, 0x0000000707600000| Untracked 
|   1|0x0000000707800000, 0x0000000707800000, 0x0000000707a00000|  0%| F|  |TAMS 0x0000000707800000, 0x0000000707800000| Untracked 
|   2|0x0000000707a00000, 0x0000000707a00000, 0x0000000707c00000|  0%| F|  |TAMS 0x0000000707a00000, 0x0000000707a00000| Untracked 
|   3|0x0000000707c00000, 0x0000000707c00000, 0x0000000707e00000|  0%| F|  |TAMS 0x0000000707c00000, 0x0000000707c00000| Untracked 
|   4|0x0000000707e00000, 0x0000000707e00000, 0x0000000708000000|  0%| F|  |TAMS 0x0000000707e00000, 0x0000000707e00000| Untracked 
|   5|0x0000000708000000, 0x0000000708000000, 0x0000000708200000|  0%| F|  |TAMS 0x0000000708000000, 0x0000000708000000| Untracked 
|   6|0x0000000708200000, 0x0000000708200000, 0x0000000708400000|  0%| F|  |TAMS 0x0000000708200000, 0x0000000708200000| Untracked 
|   7|0x0000000708400000, 0x0000000708400000, 0x0000000708600000|  0%| F|  |TAMS 0x0000000708400000, 0x0000000708400000| Untracked 
|   8|0x0000000708600000, 0x0000000708600000, 0x0000000708800000|  0%| F|  |TAMS 0x0000000708600000, 0x0000000708600000| Untracked 
|   9|0x0000000708800000, 0x0000000708800000, 0x0000000708a00000|  0%| F|  |TAMS 0x0000000708800000, 0x0000000708800000| Untracked 
|  10|0x0000000708a00000, 0x0000000708a00000, 0x0000000708c00000|  0%| F|  |TAMS 0x0000000708a00000, 0x0000000708a00000| Untracked 
|  11|0x0000000708c00000, 0x0000000708c00000, 0x0000000708e00000|  0%| F|  |TAMS 0x0000000708c00000, 0x0000000708c00000| Untracked 
|  12|0x0000000708e00000, 0x0000000708e00000, 0x0000000709000000|  0%| F|  |TAMS 0x0000000708e00000, 0x0000000708e00000| Untracked 
|  13|0x0000000709000000, 0x0000000709000000, 0x0000000709200000|  0%| F|  |TAMS 0x0000000709000000, 0x0000000709000000| Untracked 
|  14|0x0000000709200000, 0x0000000709200000, 0x0000000709400000|  0%| F|  |TAMS 0x0000000709200000, 0x0000000709200000| Untracked 
|  15|0x0000000709400000, 0x0000000709400000, 0x0000000709600000|  0%| F|  |TAMS 0x0000000709400000, 0x0000000709400000| Untracked 
|  16|0x0000000709600000, 0x0000000709600000, 0x0000000709800000|  0%| F|  |TAMS 0x0000000709600000, 0x0000000709600000| Untracked 
|  17|0x0000000709800000, 0x0000000709800000, 0x0000000709a00000|  0%| F|  |TAMS 0x0000000709800000, 0x0000000709800000| Untracked 
|  18|0x0000000709a00000, 0x0000000709a00000, 0x0000000709c00000|  0%| F|  |TAMS 0x0000000709a00000, 0x0000000709a00000| Untracked 
|  19|0x0000000709c00000, 0x0000000709c00000, 0x0000000709e00000|  0%| F|  |TAMS 0x0000000709c00000, 0x0000000709c00000| Untracked 
|  20|0x0000000709e00000, 0x0000000709e00000, 0x000000070a000000|  0%| F|  |TAMS 0x0000000709e00000, 0x0000000709e00000| Untracked 
|  21|0x000000070a000000, 0x000000070a000000, 0x000000070a200000|  0%| F|  |TAMS 0x000000070a000000, 0x000000070a000000| Untracked 
|  22|0x000000070a200000, 0x000000070a200000, 0x000000070a400000|  0%| F|  |TAMS 0x000000070a200000, 0x000000070a200000| Untracked 
|  23|0x000000070a400000, 0x000000070a400000, 0x000000070a600000|  0%| F|  |TAMS 0x000000070a400000, 0x000000070a400000| Untracked 
|  24|0x000000070a600000, 0x000000070a600000, 0x000000070a800000|  0%| F|  |TAMS 0x000000070a600000, 0x000000070a600000| Untracked 
|  25|0x000000070a800000, 0x000000070a800000, 0x000000070aa00000|  0%| F|  |TAMS 0x000000070a800000, 0x000000070a800000| Untracked 
|  26|0x000000070aa00000, 0x000000070aa00000, 0x000000070ac00000|  0%| F|  |TAMS 0x000000070aa00000, 0x000000070aa00000| Untracked 
|  27|0x000000070ac00000, 0x000000070ac00000, 0x000000070ae00000|  0%| F|  |TAMS 0x000000070ac00000, 0x000000070ac00000| Untracked 
|  28|0x000000070ae00000, 0x000000070ae00000, 0x000000070b000000|  0%| F|  |TAMS 0x000000070ae00000, 0x000000070ae00000| Untracked 
|  29|0x000000070b000000, 0x000000070b000000, 0x000000070b200000|  0%| F|  |TAMS 0x000000070b000000, 0x000000070b000000| Untracked 
|  30|0x000000070b200000, 0x000000070b200000, 0x000000070b400000|  0%| F|  |TAMS 0x000000070b200000, 0x000000070b200000| Untracked 
|  31|0x000000070b400000, 0x000000070b400000, 0x000000070b600000|  0%| F|  |TAMS 0x000000070b400000, 0x000000070b400000| Untracked 
|  32|0x000000070b600000, 0x000000070b600000, 0x000000070b800000|  0%| F|  |TAMS 0x000000070b600000, 0x000000070b600000| Untracked 
|  33|0x000000070b800000, 0x000000070b800000, 0x000000070ba00000|  0%| F|  |TAMS 0x000000070b800000, 0x000000070b800000| Untracked 
|  34|0x000000070ba00000, 0x000000070ba00000, 0x000000070bc00000|  0%| F|  |TAMS 0x000000070ba00000, 0x000000070ba00000| Untracked 
|  35|0x000000070bc00000, 0x000000070bc00000, 0x000000070be00000|  0%| F|  |TAMS 0x000000070bc00000, 0x000000070bc00000| Untracked 
|  36|0x000000070be00000, 0x000000070be00000, 0x000000070c000000|  0%| F|  |TAMS 0x000000070be00000, 0x000000070be00000| Untracked 
|  37|0x000000070c000000, 0x000000070c000000, 0x000000070c200000|  0%| F|  |TAMS 0x000000070c000000, 0x000000070c000000| Untracked 
|  38|0x000000070c200000, 0x000000070c200000, 0x000000070c400000|  0%| F|  |TAMS 0x000000070c200000, 0x000000070c200000| Untracked 
|  39|0x000000070c400000, 0x000000070c400000, 0x000000070c600000|  0%| F|  |TAMS 0x000000070c400000, 0x000000070c400000| Untracked 
|  40|0x000000070c600000, 0x000000070c600000, 0x000000070c800000|  0%| F|  |TAMS 0x000000070c600000, 0x000000070c600000| Untracked 
|  41|0x000000070c800000, 0x000000070c800000, 0x000000070ca00000|  0%| F|  |TAMS 0x000000070c800000, 0x000000070c800000| Untracked 
|  42|0x000000070ca00000, 0x000000070ca00000, 0x000000070cc00000|  0%| F|  |TAMS 0x000000070ca00000, 0x000000070ca00000| Untracked 
|  43|0x000000070cc00000, 0x000000070cc00000, 0x000000070ce00000|  0%| F|  |TAMS 0x000000070cc00000, 0x000000070cc00000| Untracked 
|  44|0x000000070ce00000, 0x000000070ce00000, 0x000000070d000000|  0%| F|  |TAMS 0x000000070ce00000, 0x000000070ce00000| Untracked 
|  45|0x000000070d000000, 0x000000070d000000, 0x000000070d200000|  0%| F|  |TAMS 0x000000070d000000, 0x000000070d000000| Untracked 
|  46|0x000000070d200000, 0x000000070d200000, 0x000000070d400000|  0%| F|  |TAMS 0x000000070d200000, 0x000000070d200000| Untracked 
|  47|0x000000070d400000, 0x000000070d400000, 0x000000070d600000|  0%| F|  |TAMS 0x000000070d400000, 0x000000070d400000| Untracked 
|  48|0x000000070d600000, 0x000000070d600000, 0x000000070d800000|  0%| F|  |TAMS 0x000000070d600000, 0x000000070d600000| Untracked 
|  49|0x000000070d800000, 0x000000070d800000, 0x000000070da00000|  0%| F|  |TAMS 0x000000070d800000, 0x000000070d800000| Untracked 
|  50|0x000000070da00000, 0x000000070da00000, 0x000000070dc00000|  0%| F|  |TAMS 0x000000070da00000, 0x000000070da00000| Untracked 
|  51|0x000000070dc00000, 0x000000070dc00000, 0x000000070de00000|  0%| F|  |TAMS 0x000000070dc00000, 0x000000070dc00000| Untracked 
|  52|0x000000070de00000, 0x000000070de00000, 0x000000070e000000|  0%| F|  |TAMS 0x000000070de00000, 0x000000070de00000| Untracked 
|  53|0x000000070e000000, 0x000000070e000000, 0x000000070e200000|  0%| F|  |TAMS 0x000000070e000000, 0x000000070e000000| Untracked 
|  54|0x000000070e200000, 0x000000070e200000, 0x000000070e400000|  0%| F|  |TAMS 0x000000070e200000, 0x000000070e200000| Untracked 
|  55|0x000000070e400000, 0x000000070e400000, 0x000000070e600000|  0%| F|  |TAMS 0x000000070e400000, 0x000000070e400000| Untracked 
|  56|0x000000070e600000, 0x000000070e600000, 0x000000070e800000|  0%| F|  |TAMS 0x000000070e600000, 0x000000070e600000| Untracked 
|  57|0x000000070e800000, 0x000000070e800000, 0x000000070ea00000|  0%| F|  |TAMS 0x000000070e800000, 0x000000070e800000| Untracked 
|  58|0x000000070ea00000, 0x000000070ea00000, 0x000000070ec00000|  0%| F|  |TAMS 0x000000070ea00000, 0x000000070ea00000| Untracked 
|  59|0x000000070ec00000, 0x000000070ec00000, 0x000000070ee00000|  0%| F|  |TAMS 0x000000070ec00000, 0x000000070ec00000| Untracked 
|  60|0x000000070ee00000, 0x000000070ee00000, 0x000000070f000000|  0%| F|  |TAMS 0x000000070ee00000, 0x000000070ee00000| Untracked 
|  61|0x000000070f000000, 0x000000070f000000, 0x000000070f200000|  0%| F|  |TAMS 0x000000070f000000, 0x000000070f000000| Untracked 
|  62|0x000000070f200000, 0x000000070f200000, 0x000000070f400000|  0%| F|  |TAMS 0x000000070f200000, 0x000000070f200000| Untracked 
|  63|0x000000070f400000, 0x000000070f400000, 0x000000070f600000|  0%| F|  |TAMS 0x000000070f400000, 0x000000070f400000| Untracked 
|  64|0x000000070f600000, 0x000000070f600000, 0x000000070f800000|  0%| F|  |TAMS 0x000000070f600000, 0x000000070f600000| Untracked 
|  65|0x000000070f800000, 0x000000070f800000, 0x000000070fa00000|  0%| F|  |TAMS 0x000000070f800000, 0x000000070f800000| Untracked 
|  66|0x000000070fa00000, 0x000000070fa00000, 0x000000070fc00000|  0%| F|  |TAMS 0x000000070fa00000, 0x000000070fa00000| Untracked 
|  67|0x000000070fc00000, 0x000000070fc00000, 0x000000070fe00000|  0%| F|  |TAMS 0x000000070fc00000, 0x000000070fc00000| Untracked 
|  68|0x000000070fe00000, 0x000000070fe00000, 0x0000000710000000|  0%| F|  |TAMS 0x000000070fe00000, 0x000000070fe00000| Untracked 
|  69|0x0000000710000000, 0x0000000710000000, 0x0000000710200000|  0%| F|  |TAMS 0x0000000710000000, 0x0000000710000000| Untracked 
|  70|0x0000000710200000, 0x0000000710200000, 0x0000000710400000|  0%| F|  |TAMS 0x0000000710200000, 0x0000000710200000| Untracked 
|  71|0x0000000710400000, 0x0000000710400000, 0x0000000710600000|  0%| F|  |TAMS 0x0000000710400000, 0x0000000710400000| Untracked 
|  72|0x0000000710600000, 0x0000000710600000, 0x0000000710800000|  0%| F|  |TAMS 0x0000000710600000, 0x0000000710600000| Untracked 
|  73|0x0000000710800000, 0x0000000710800000, 0x0000000710a00000|  0%| F|  |TAMS 0x0000000710800000, 0x0000000710800000| Untracked 
|  74|0x0000000710a00000, 0x0000000710a00000, 0x0000000710c00000|  0%| F|  |TAMS 0x0000000710a00000, 0x0000000710a00000| Untracked 
|  75|0x0000000710c00000, 0x0000000710c00000, 0x0000000710e00000|  0%| F|  |TAMS 0x0000000710c00000, 0x0000000710c00000| Untracked 
|  76|0x0000000710e00000, 0x0000000710e00000, 0x0000000711000000|  0%| F|  |TAMS 0x0000000710e00000, 0x0000000710e00000| Untracked 
|  77|0x0000000711000000, 0x0000000711000000, 0x0000000711200000|  0%| F|  |TAMS 0x0000000711000000, 0x0000000711000000| Untracked 
|  78|0x0000000711200000, 0x0000000711200000, 0x0000000711400000|  0%| F|  |TAMS 0x0000000711200000, 0x0000000711200000| Untracked 
|  79|0x0000000711400000, 0x0000000711400000, 0x0000000711600000|  0%| F|  |TAMS 0x0000000711400000, 0x0000000711400000| Untracked 
|  80|0x0000000711600000, 0x0000000711600000, 0x0000000711800000|  0%| F|  |TAMS 0x0000000711600000, 0x0000000711600000| Untracked 
|  81|0x0000000711800000, 0x0000000711800000, 0x0000000711a00000|  0%| F|  |TAMS 0x0000000711800000, 0x0000000711800000| Untracked 
|  82|0x0000000711a00000, 0x0000000711a00000, 0x0000000711c00000|  0%| F|  |TAMS 0x0000000711a00000, 0x0000000711a00000| Untracked 
|  83|0x0000000711c00000, 0x0000000711c00000, 0x0000000711e00000|  0%| F|  |TAMS 0x0000000711c00000, 0x0000000711c00000| Untracked 
|  84|0x0000000711e00000, 0x0000000711e00000, 0x0000000712000000|  0%| F|  |TAMS 0x0000000711e00000, 0x0000000711e00000| Untracked 
|  85|0x0000000712000000, 0x0000000712000000, 0x0000000712200000|  0%| F|  |TAMS 0x0000000712000000, 0x0000000712000000| Untracked 
|  86|0x0000000712200000, 0x0000000712200000, 0x0000000712400000|  0%| F|  |TAMS 0x0000000712200000, 0x0000000712200000| Untracked 
|  87|0x0000000712400000, 0x0000000712400000, 0x0000000712600000|  0%| F|  |TAMS 0x0000000712400000, 0x0000000712400000| Untracked 
|  88|0x0000000712600000, 0x0000000712600000, 0x0000000712800000|  0%| F|  |TAMS 0x0000000712600000, 0x0000000712600000| Untracked 
|  89|0x0000000712800000, 0x0000000712800000, 0x0000000712a00000|  0%| F|  |TAMS 0x0000000712800000, 0x0000000712800000| Untracked 
|  90|0x0000000712a00000, 0x0000000712a00000, 0x0000000712c00000|  0%| F|  |TAMS 0x0000000712a00000, 0x0000000712a00000| Untracked 
|  91|0x0000000712c00000, 0x0000000712c00000, 0x0000000712e00000|  0%| F|  |TAMS 0x0000000712c00000, 0x0000000712c00000| Untracked 
|  92|0x0000000712e00000, 0x0000000712e00000, 0x0000000713000000|  0%| F|  |TAMS 0x0000000712e00000, 0x0000000712e00000| Untracked 
|  93|0x0000000713000000, 0x0000000713000000, 0x0000000713200000|  0%| F|  |TAMS 0x0000000713000000, 0x0000000713000000| Untracked 
|  94|0x0000000713200000, 0x0000000713200000, 0x0000000713400000|  0%| F|  |TAMS 0x0000000713200000, 0x0000000713200000| Untracked 
|  95|0x0000000713400000, 0x0000000713400000, 0x0000000713600000|  0%| F|  |TAMS 0x0000000713400000, 0x0000000713400000| Untracked 
|  96|0x0000000713600000, 0x0000000713600000, 0x0000000713800000|  0%| F|  |TAMS 0x0000000713600000, 0x0000000713600000| Untracked 
|  97|0x0000000713800000, 0x0000000713800000, 0x0000000713a00000|  0%| F|  |TAMS 0x0000000713800000, 0x0000000713800000| Untracked 
|  98|0x0000000713a00000, 0x0000000713a00000, 0x0000000713c00000|  0%| F|  |TAMS 0x0000000713a00000, 0x0000000713a00000| Untracked 
|  99|0x0000000713c00000, 0x0000000713c00000, 0x0000000713e00000|  0%| F|  |TAMS 0x0000000713c00000, 0x0000000713c00000| Untracked 
| 100|0x0000000713e00000, 0x0000000713e00000, 0x0000000714000000|  0%| F|  |TAMS 0x0000000713e00000, 0x0000000713e00000| Untracked 
| 101|0x0000000714000000, 0x0000000714000000, 0x0000000714200000|  0%| F|  |TAMS 0x0000000714000000, 0x0000000714000000| Untracked 
| 102|0x0000000714200000, 0x0000000714200000, 0x0000000714400000|  0%| F|  |TAMS 0x0000000714200000, 0x0000000714200000| Untracked 
| 103|0x0000000714400000, 0x0000000714400000, 0x0000000714600000|  0%| F|  |TAMS 0x0000000714400000, 0x0000000714400000| Untracked 
| 104|0x0000000714600000, 0x0000000714600000, 0x0000000714800000|  0%| F|  |TAMS 0x0000000714600000, 0x0000000714600000| Untracked 
| 105|0x0000000714800000, 0x0000000714800000, 0x0000000714a00000|  0%| F|  |TAMS 0x0000000714800000, 0x0000000714800000| Untracked 
| 106|0x0000000714a00000, 0x0000000714a00000, 0x0000000714c00000|  0%| F|  |TAMS 0x0000000714a00000, 0x0000000714a00000| Untracked 
| 107|0x0000000714c00000, 0x0000000714c00000, 0x0000000714e00000|  0%| F|  |TAMS 0x0000000714c00000, 0x0000000714c00000| Untracked 
| 108|0x0000000714e00000, 0x0000000714e00000, 0x0000000715000000|  0%| F|  |TAMS 0x0000000714e00000, 0x0000000714e00000| Untracked 
| 109|0x0000000715000000, 0x0000000715000000, 0x0000000715200000|  0%| F|  |TAMS 0x0000000715000000, 0x0000000715000000| Untracked 
| 110|0x0000000715200000, 0x0000000715200000, 0x0000000715400000|  0%| F|  |TAMS 0x0000000715200000, 0x0000000715200000| Untracked 
| 111|0x0000000715400000, 0x0000000715400000, 0x0000000715600000|  0%| F|  |TAMS 0x0000000715400000, 0x0000000715400000| Untracked 
| 112|0x0000000715600000, 0x0000000715600000, 0x0000000715800000|  0%| F|  |TAMS 0x0000000715600000, 0x0000000715600000| Untracked 
| 113|0x0000000715800000, 0x0000000715800000, 0x0000000715a00000|  0%| F|  |TAMS 0x0000000715800000, 0x0000000715800000| Untracked 
| 114|0x0000000715a00000, 0x0000000715a00000, 0x0000000715c00000|  0%| F|  |TAMS 0x0000000715a00000, 0x0000000715a00000| Untracked 
| 115|0x0000000715c00000, 0x0000000715c00000, 0x0000000715e00000|  0%| F|  |TAMS 0x0000000715c00000, 0x0000000715c00000| Untracked 
| 116|0x0000000715e00000, 0x0000000715e00000, 0x0000000716000000|  0%| F|  |TAMS 0x0000000715e00000, 0x0000000715e00000| Untracked 
| 117|0x0000000716000000, 0x0000000716000000, 0x0000000716200000|  0%| F|  |TAMS 0x0000000716000000, 0x0000000716000000| Untracked 
| 118|0x0000000716200000, 0x0000000716200000, 0x0000000716400000|  0%| F|  |TAMS 0x0000000716200000, 0x0000000716200000| Untracked 
| 119|0x0000000716400000, 0x0000000716400000, 0x0000000716600000|  0%| F|  |TAMS 0x0000000716400000, 0x0000000716400000| Untracked 
| 120|0x0000000716600000, 0x0000000716600000, 0x0000000716800000|  0%| F|  |TAMS 0x0000000716600000, 0x0000000716600000| Untracked 
| 121|0x0000000716800000, 0x00000007169527f0, 0x0000000716a00000| 66%| E|  |TAMS 0x0000000716800000, 0x0000000716800000| Complete 
| 122|0x0000000716a00000, 0x0000000716c00000, 0x0000000716c00000|100%| E|CS|TAMS 0x0000000716a00000, 0x0000000716a00000| Complete 
| 123|0x0000000716c00000, 0x0000000716e00000, 0x0000000716e00000|100%| E|CS|TAMS 0x0000000716c00000, 0x0000000716c00000| Complete 
| 124|0x0000000716e00000, 0x0000000717000000, 0x0000000717000000|100%| E|CS|TAMS 0x0000000716e00000, 0x0000000716e00000| Complete 

Card table byte_map: [0x00007fc5a3ac9000,0x00007fc5a428e000] _byte_map_base: 0x00007fc5a028e000

Marking Bits (Prev, Next): (CMBitMap*) 0x00007fc5b8075ee0, (CMBitMap*) 0x00007fc5b8075f20
 Prev Bits: [0x00007fc59f4dc000, 0x00007fc5a3304000)
 Next Bits: [0x00007fc59b6b4000, 0x00007fc59f4dc000)

Polling page: 0x00007fc5be0a4000

Metaspace:

Usage:
  Non-class:      8,65 MB used.
      Class:    868,06 KB used.
       Both:      9,50 MB used.

Virtual space:
  Non-class space:       16,00 MB reserved,       8,75 MB ( 55%) committed,  2 nodes.
      Class space:        1,00 GB reserved,     896,00 KB ( <1%) committed,  1 nodes.
             Both:        1,02 GB reserved,       9,62 MB ( <1%) committed. 

Chunk freelists:
   Non-Class:  2,61 MB
       Class:  2,95 MB
        Both:  5,56 MB

MaxMetaspaceSize: unlimited
CompressedClassSpaceSize: 1,00 GB
Initial GC threshold: 21,00 MB
Current GC threshold: 21,00 MB
CDS: off
MetaspaceReclaimPolicy: balanced
 - commit_granule_bytes: 65536.
 - commit_granule_words: 8192.
 - virtual_space_node_default_size: 1048576.
 - enlarge_chunks_in_place: 1.
 - new_chunks_are_fully_committed: 0.
 - uncommit_free_chunks: 1.
 - use_allocation_guard: 0.
 - handle_deallocations: 1.


Internal statistics:

num_allocs_failed_limit: 0.
num_arena_births: 20.
num_arena_deaths: 0.
num_vsnodes_births: 3.
num_vsnodes_deaths: 0.
num_space_committed: 154.
num_space_uncommitted: 0.
num_chunks_returned_to_freelist: 0.
num_chunks_taken_from_freelist: 64.
num_chunk_merges: 0.
num_chunk_splits: 33.
num_chunks_enlarged: 25.
num_purges: 0.
num_inconsistent_stats: 0.

CodeHeap 'non-profiled nmethods': size=120028Kb used=178Kb max_used=178Kb free=119849Kb
 bounds [0x00007fc5ace0f000, 0x00007fc5ad07f000, 0x00007fc5b4346000]
CodeHeap 'profiled nmethods': size=120028Kb used=769Kb max_used=769Kb free=119258Kb
 bounds [0x00007fc5a58d8000, 0x00007fc5a5b48000, 0x00007fc5ace0f000]
CodeHeap 'non-nmethods': size=5704Kb used=1180Kb max_used=1199Kb free=4523Kb
 bounds [0x00007fc5a5346000, 0x00007fc5a55b6000, 0x00007fc5a58d8000]
 total_blobs=943 nmethods=532 adapters=325
 compilation: enabled
              stopped_count=0, restarted_count=0
 full_count=0

Compilation events (20 events):
Event: 8,682 Thread 0x00007fc5b81ffc60  523       1       java.lang.AbstractStringBuilder::length (5 bytes)
Event: 8,682 Thread 0x00007fc5b81ffc60 nmethod 523 0x00007fc5ace39e90 code [0x00007fc5ace3a020, 0x00007fc5ace3a0f0]
Event: 16,163 Thread 0x00007fc5b81ffc60  524       3       java.util.LinkedHashMap$LinkedHashIterator::hasNext (13 bytes)
Event: 16,163 Thread 0x00007fc5b81ffc60 nmethod 524 0x00007fc5a5995d10 code [0x00007fc5a5995ea0, 0x00007fc5a5996010]
Event: 18,592 Thread 0x00007fc5b81ffc60  525       3       java.util.LinkedHashMap$LinkedEntryIterator::next (5 bytes)
Event: 18,592 Thread 0x00007fc5b81ffc60 nmethod 525 0x00007fc5a5996090 code [0x00007fc5a5996240, 0x00007fc5a59963e0]
Event: 18,592 Thread 0x00007fc5b81ffc60  526       3       java.util.LinkedHashMap$LinkedEntryIterator::next (5 bytes)
Event: 18,592 Thread 0x00007fc5b81ffc60 nmethod 526 0x00007fc5a5996490 code [0x00007fc5a5996640, 0x00007fc5a5996780]
Event: 21,257 Thread 0x00007fc5b81ffc60  527       1       java.nio.Buffer::limit (5 bytes)
Event: 21,257 Thread 0x00007fc5b81ffc60 nmethod 527 0x00007fc5ace3a190 code [0x00007fc5ace3a320, 0x00007fc5ace3a3f0]
Event: 21,337 Thread 0x00007fc5b81ffc60  529       3       java.util.AbstractCollection::toString (89 bytes)
Event: 21,338 Thread 0x00007fc5b81ffc60 nmethod 529 0x00007fc5a5996810 code [0x00007fc5a5996b00, 0x00007fc5a59978a0]
Event: 21,338 Thread 0x00007fc5b81ffc60  528       3       br.ufs.dcomp.AIproject.variables.WorkingGroup::toString (8 bytes)
Event: 21,338 Thread 0x00007fc5b81ffc60 nmethod 528 0x00007fc5a5997d10 code [0x00007fc5a5997ec0, 0x00007fc5a59980a0]
Event: 28,576 Thread 0x00007fc5b81ffc60  530       3       java.lang.StringBuilder::length (5 bytes)
Event: 28,577 Thread 0x00007fc5b81ffc60 nmethod 530 0x00007fc5a5998190 code [0x00007fc5a5998320, 0x00007fc5a5998430]
Event: 28,999 Thread 0x00007fc5b81fe780  531       4       java.lang.StringBuilder::append (8 bytes)
Event: 29,006 Thread 0x00007fc5b81fe780 nmethod 531 0x00007fc5ace3a490 code [0x00007fc5ace3a620, 0x00007fc5ace3acd8]
Event: 34,576 Thread 0x00007fc5b81fe780  532       4       java.lang.AbstractStringBuilder::append (77 bytes)
Event: 34,580 Thread 0x00007fc5b81fe780 nmethod 532 0x00007fc5ace3b210 code [0x00007fc5ace3b3a0, 0x00007fc5ace3b8d8]

GC Heap History (0 events):
No events

Deoptimization events (20 events):
Event: 0,421 Thread 0x00007fc5b8026330 DEOPT PACKING pc=0x00007fc5a59556fc sp=0x00007fc5bc4b9400
Event: 0,421 Thread 0x00007fc5b8026330 DEOPT UNPACKING pc=0x00007fc5a539882f sp=0x00007fc5bc4b8888 mode 0
Event: 0,421 Thread 0x00007fc5b8026330 DEOPT PACKING pc=0x00007fc5a59556fc sp=0x00007fc5bc4b9400
Event: 0,421 Thread 0x00007fc5b8026330 DEOPT UNPACKING pc=0x00007fc5a539882f sp=0x00007fc5bc4b8888 mode 0
Event: 0,422 Thread 0x00007fc5b8026330 DEOPT PACKING pc=0x00007fc5a59556fc sp=0x00007fc5bc4ba6f0
Event: 0,422 Thread 0x00007fc5b8026330 DEOPT UNPACKING pc=0x00007fc5a539882f sp=0x00007fc5bc4b9b78 mode 0
Event: 0,422 Thread 0x00007fc5b8026330 DEOPT PACKING pc=0x00007fc5a59556fc sp=0x00007fc5bc4ba6f0
Event: 0,422 Thread 0x00007fc5b8026330 DEOPT UNPACKING pc=0x00007fc5a539882f sp=0x00007fc5bc4b9b78 mode 0
Event: 0,423 Thread 0x00007fc5b8026330 DEOPT PACKING pc=0x00007fc5a59556fc sp=0x00007fc5bc4b9380
Event: 0,423 Thread 0x00007fc5b8026330 DEOPT UNPACKING pc=0x00007fc5a539882f sp=0x00007fc5bc4b8808 mode 0
Event: 0,424 Thread 0x00007fc5b8026330 DEOPT PACKING pc=0x00007fc5a59556fc sp=0x00007fc5bc4ba620
Event: 0,424 Thread 0x00007fc5b8026330 DEOPT UNPACKING pc=0x00007fc5a539882f sp=0x00007fc5bc4b9aa8 mode 0
Event: 0,427 Thread 0x00007fc5b8026330 DEOPT PACKING pc=0x00007fc5a59556fc sp=0x00007fc5bc4ba6e0
Event: 0,427 Thread 0x00007fc5b8026330 DEOPT UNPACKING pc=0x00007fc5a539882f sp=0x00007fc5bc4b9b68 mode 0
Event: 0,428 Thread 0x00007fc5b8026330 DEOPT PACKING pc=0x00007fc5a59556fc sp=0x00007fc5bc4b9000
Event: 0,428 Thread 0x00007fc5b8026330 DEOPT UNPACKING pc=0x00007fc5a539882f sp=0x00007fc5bc4b8488 mode 0
Event: 0,429 Thread 0x00007fc5b8026330 DEOPT PACKING pc=0x00007fc5a59556fc sp=0x00007fc5bc4b9000
Event: 0,429 Thread 0x00007fc5b8026330 DEOPT UNPACKING pc=0x00007fc5a539882f sp=0x00007fc5bc4b8488 mode 0
Event: 0,429 Thread 0x00007fc5b8026330 DEOPT PACKING pc=0x00007fc5a59556fc sp=0x00007fc5bc4b9000
Event: 0,429 Thread 0x00007fc5b8026330 DEOPT UNPACKING pc=0x00007fc5a539882f sp=0x00007fc5bc4b8488 mode 0

Classes unloaded (0 events):
No events

Classes redefined (1 events):
Event: 86,412 Thread 0x00007fc5b8183a10 redefined class name=br.ufs.dcomp.AIproject.constraints.DependentMembersConstraint, count=1

Internal exceptions (6 events):
Event: 0,457 Thread 0x00007fc5b8026330 Exception <a 'java/lang/NoSuchMethodError'{0x00000007168e90f8}: 'void java.lang.invoke.DirectMethodHandle$Holder.invokeStatic(java.lang.Object, java.lang.Object)'> (0x00000007168e90f8) 
thrown [src/hotspot/share/interpreter/linkResolver.cpp, line 766]
Event: 0,458 Thread 0x00007fc5b8026330 Exception <a 'java/lang/NoSuchMethodError'{0x00000007168ec720}: 'void java.lang.invoke.DirectMethodHandle$Holder.invokeStaticInit(java.lang.Object, java.lang.Object)'> (0x00000007168ec720) 
thrown [src/hotspot/share/interpreter/linkResolver.cpp, line 766]
Event: 0,458 Thread 0x00007fc5b8026330 Exception <a 'java/lang/NoSuchMethodError'{0x00000007168f2020}: 'int java.lang.invoke.DirectMethodHandle$Holder.invokeStatic(java.lang.Object)'> (0x00000007168f2020) 
thrown [src/hotspot/share/interpreter/linkResolver.cpp, line 766]
Event: 0,459 Thread 0x00007fc5b8026330 Exception <a 'java/lang/NoSuchMethodError'{0x00000007168f54d0}: 'int java.lang.invoke.DirectMethodHandle$Holder.invokeStaticInit(java.lang.Object)'> (0x00000007168f54d0) 
thrown [src/hotspot/share/interpreter/linkResolver.cpp, line 766]
Event: 0,459 Thread 0x00007fc5b8026330 Exception <a 'java/lang/NoSuchMethodError'{0x00000007168fbfa0}: 'int java.lang.invoke.DirectMethodHandle$Holder.invokeSpecial(java.lang.Object, java.lang.Object, java.lang.Object)'> (0x00000007168fbfa0) 
thrown [src/hotspot/share/interpreter/linkResolver.cpp, line 766]
Event: 4,816 Thread 0x00007fc5b8026330 Exception <a 'java/lang/NoSuchMethodError'{0x000000071690fd68}: 'java.lang.Object java.lang.invoke.DirectMethodHandle$Holder.invokeInterface(java.lang.Object, java.lang.Object)'> (0x000000071690fd68) 
thrown [src/hotspot/share/interpreter/linkResolver.cpp, line 766]

VM Operations (20 events):
Event: 55,804 Executing VM operation: get/set locals
Event: 55,804 Executing VM operation: get/set locals done
Event: 55,804 Executing VM operation: get/set locals
Event: 55,804 Executing VM operation: get/set locals done
Event: 55,806 Executing VM operation: get/set locals
Event: 55,806 Executing VM operation: get/set locals done
Event: 55,809 Executing VM operation: get/set locals
Event: 55,809 Executing VM operation: get/set locals done
Event: 55,809 Executing VM operation: get/set locals
Event: 55,809 Executing VM operation: get/set locals done
Event: 55,810 Executing VM operation: get/set locals
Event: 55,810 Executing VM operation: get/set locals done
Event: 55,810 Executing VM operation: get/set locals
Event: 55,810 Executing VM operation: get/set locals done
Event: 55,826 Executing VM operation: get/set locals
Event: 55,826 Executing VM operation: get/set locals done
Event: 55,826 Executing VM operation: get/set locals
Event: 55,826 Executing VM operation: get/set locals done
Event: 86,409 Executing VM operation: RedefineClasses
Event: 86,417 Executing VM operation: RedefineClasses done

Events (20 events):
Event: 0,457 loading class java/lang/IncompatibleClassChangeError done
Event: 0,457 loading class java/lang/NoSuchMethodError done
Event: 0,459 loading class java/util/ArrayList$ArrayListSpliterator
Event: 0,459 loading class java/util/ArrayList$ArrayListSpliterator done
Event: 0,460 loading class java/util/stream/MatchOps$MatchKind
Event: 0,460 loading class java/util/stream/MatchOps$MatchKind done
Event: 0,460 loading class java/util/stream/MatchOps
Event: 0,460 loading class java/util/stream/MatchOps done
Event: 0,460 loading class java/util/stream/MatchOps$MatchOp
Event: 0,460 loading class java/util/stream/MatchOps$MatchOp done
Event: 0,460 loading class java/util/stream/MatchOps$BooleanTerminalSink
Event: 0,460 loading class java/util/stream/MatchOps$BooleanTerminalSink done
Event: 0,461 loading class java/util/stream/MatchOps$1MatchSink
Event: 0,461 loading class java/util/stream/MatchOps$1MatchSink done
Event: 4,821 loading class java/util/stream/ForEachOps
Event: 4,822 loading class java/util/stream/ForEachOps done
Event: 4,822 loading class java/util/stream/ForEachOps$ForEachOp$OfRef
Event: 4,822 loading class java/util/stream/ForEachOps$ForEachOp
Event: 4,822 loading class java/util/stream/ForEachOps$ForEachOp done
Event: 4,822 loading class java/util/stream/ForEachOps$ForEachOp$OfRef done


Dynamic libraries:
707600000-717000000 rw-p 00000000 00:00 0 
717000000-800000000 ---p 00000000 00:00 0 
800000000-800020000 rw-p 00000000 00:00 0 
800020000-800040000 rw-p 00000000 00:00 0 
800040000-8000d0000 rw-p 00000000 00:00 0 
8000d0000-800100000 ---p 00000000 00:00 0 
800100000-800110000 rw-p 00000000 00:00 0 
800110000-840000000 ---p 00000000 00:00 0 
557fc581f000-557fc5820000 r-xp 00000000 103:04 808978                    /home/juanb/eclipse/plugins/org.eclipse.justj.openjdk.hotspot.jre.full.linux.x86_64_17.0.1.v20211116-1657/jre/bin/java
557fc5a20000-557fc5a21000 r--p 00001000 103:04 808978                    /home/juanb/eclipse/plugins/org.eclipse.justj.openjdk.hotspot.jre.full.linux.x86_64_17.0.1.v20211116-1657/jre/bin/java
557fc5a21000-557fc5a22000 rw-p 00002000 103:04 808978                    /home/juanb/eclipse/plugins/org.eclipse.justj.openjdk.hotspot.jre.full.linux.x86_64_17.0.1.v20211116-1657/jre/bin/java
557fc65d4000-557fc65f5000 rw-p 00000000 00:00 0                          [heap]
7fc544000000-7fc544021000 rw-p 00000000 00:00 0 
7fc544021000-7fc548000000 ---p 00000000 00:00 0 
7fc548000000-7fc548021000 rw-p 00000000 00:00 0 
7fc548021000-7fc54c000000 ---p 00000000 00:00 0 
7fc54c000000-7fc54c021000 rw-p 00000000 00:00 0 
7fc54c021000-7fc550000000 ---p 00000000 00:00 0 
7fc550000000-7fc550021000 rw-p 00000000 00:00 0 
7fc550021000-7fc554000000 ---p 00000000 00:00 0 
7fc554000000-7fc554021000 rw-p 00000000 00:00 0 
7fc554021000-7fc558000000 ---p 00000000 00:00 0 
7fc558000000-7fc55807c000 rw-p 00000000 00:00 0 
7fc55807c000-7fc55c000000 ---p 00000000 00:00 0 
7fc55c000000-7fc55c286000 rw-p 00000000 00:00 0 
7fc55c286000-7fc560000000 ---p 00000000 00:00 0 
7fc560000000-7fc560021000 rw-p 00000000 00:00 0 
7fc560021000-7fc564000000 ---p 00000000 00:00 0 
7fc564000000-7fc564021000 rw-p 00000000 00:00 0 
7fc564021000-7fc568000000 ---p 00000000 00:00 0 
7fc568000000-7fc56837a000 rw-p 00000000 00:00 0 
7fc56837a000-7fc56c000000 ---p 00000000 00:00 0 
7fc56c000000-7fc56c021000 rw-p 00000000 00:00 0 
7fc56c021000-7fc570000000 ---p 00000000 00:00 0 
7fc570000000-7fc570021000 rw-p 00000000 00:00 0 
7fc570021000-7fc574000000 ---p 00000000 00:00 0 
7fc574000000-7fc574021000 rw-p 00000000 00:00 0 
7fc574021000-7fc578000000 ---p 00000000 00:00 0 
7fc578000000-7fc578021000 rw-p 00000000 00:00 0 
7fc578021000-7fc57c000000 ---p 00000000 00:00 0 
7fc57c000000-7fc57c021000 rw-p 00000000 00:00 0 
7fc57c021000-7fc580000000 ---p 00000000 00:00 0 
7fc581404000-7fc5817ee000 rw-p 00000000 00:00 0 
7fc5817ee000-7fc5817fb000 r-xp 00000000 103:04 1371440                   /home/juanb/eclipse/plugins/org.eclipse.justj.openjdk.hotspot.jre.full.linux.x86_64_17.0.1.v20211116-1657/jre/lib/libverify.so
7fc5817fb000-7fc5819fa000 ---p 0000d000 103:04 1371440                   /home/juanb/eclipse/plugins/org.eclipse.justj.openjdk.hotspot.jre.full.linux.x86_64_17.0.1.v20211116-1657/jre/lib/libverify.so
7fc5819fa000-7fc5819fc000 r--p 0000c000 103:04 1371440                   /home/juanb/eclipse/plugins/org.eclipse.justj.openjdk.hotspot.jre.full.linux.x86_64_17.0.1.v20211116-1657/jre/lib/libverify.so
7fc5819fc000-7fc5819fd000 rw-p 0000e000 103:04 1371440                   /home/juanb/eclipse/plugins/org.eclipse.justj.openjdk.hotspot.jre.full.linux.x86_64_17.0.1.v20211116-1657/jre/lib/libverify.so
7fc5819fd000-7fc5819fe000 ---p 00000000 00:00 0 
7fc5819fe000-7fc581aff000 rw-p 00000000 00:00 0 
7fc581aff000-7fc581b03000 ---p 00000000 00:00 0 
7fc581b03000-7fc581c70000 rw-p 00000000 00:00 0 
7fc581c70000-7fc581d00000 ---p 00000000 00:00 0 
7fc581d00000-7fc581d50000 rw-p 00000000 00:00 0 
7fc581d50000-7fc582400000 ---p 00000000 00:00 0 
7fc58245c000-7fc582471000 r-xp 00000000 103:04 1371447                   /home/juanb/eclipse/plugins/org.eclipse.justj.openjdk.hotspot.jre.full.linux.x86_64_17.0.1.v20211116-1657/jre/lib/libnet.so
7fc582471000-7fc582670000 ---p 00015000 103:04 1371447                   /home/juanb/eclipse/plugins/org.eclipse.justj.openjdk.hotspot.jre.full.linux.x86_64_17.0.1.v20211116-1657/jre/lib/libnet.so
7fc582670000-7fc582671000 r--p 00014000 103:04 1371447                   /home/juanb/eclipse/plugins/org.eclipse.justj.openjdk.hotspot.jre.full.linux.x86_64_17.0.1.v20211116-1657/jre/lib/libnet.so
7fc582671000-7fc582672000 rw-p 00015000 103:04 1371447                   /home/juanb/eclipse/plugins/org.eclipse.justj.openjdk.hotspot.jre.full.linux.x86_64_17.0.1.v20211116-1657/jre/lib/libnet.so
7fc582672000-7fc582684000 r-xp 00000000 103:04 1371441                   /home/juanb/eclipse/plugins/org.eclipse.justj.openjdk.hotspot.jre.full.linux.x86_64_17.0.1.v20211116-1657/jre/lib/libnio.so
7fc582684000-7fc582883000 ---p 00012000 103:04 1371441                   /home/juanb/eclipse/plugins/org.eclipse.justj.openjdk.hotspot.jre.full.linux.x86_64_17.0.1.v20211116-1657/jre/lib/libnio.so
7fc582883000-7fc582884000 r--p 00011000 103:04 1371441                   /home/juanb/eclipse/plugins/org.eclipse.justj.openjdk.hotspot.jre.full.linux.x86_64_17.0.1.v20211116-1657/jre/lib/libnio.so
7fc582884000-7fc582885000 rw-p 00012000 103:04 1371441                   /home/juanb/eclipse/plugins/org.eclipse.justj.openjdk.hotspot.jre.full.linux.x86_64_17.0.1.v20211116-1657/jre/lib/libnio.so
7fc582885000-7fc582889000 ---p 00000000 00:00 0 
7fc582889000-7fc582986000 rw-p 00000000 00:00 0 
7fc582986000-7fc58298a000 ---p 00000000 00:00 0 
7fc58298a000-7fc582a87000 rw-p 00000000 00:00 0 
7fc582a87000-7fc582a8b000 ---p 00000000 00:00 0 
7fc582a8b000-7fc582b88000 rw-p 00000000 00:00 0 
7fc582b88000-7fc582b8d000 r-xp 00000000 103:04 1371471                   /home/juanb/eclipse/plugins/org.eclipse.justj.openjdk.hotspot.jre.full.linux.x86_64_17.0.1.v20211116-1657/jre/lib/libdt_socket.so
7fc582b8d000-7fc582d8c000 ---p 00005000 103:04 1371471                   /home/juanb/eclipse/plugins/org.eclipse.justj.openjdk.hotspot.jre.full.linux.x86_64_17.0.1.v20211116-1657/jre/lib/libdt_socket.so
7fc582d8c000-7fc582d8d000 r--p 00004000 103:04 1371471                   /home/juanb/eclipse/plugins/org.eclipse.justj.openjdk.hotspot.jre.full.linux.x86_64_17.0.1.v20211116-1657/jre/lib/libdt_socket.so
7fc582d8d000-7fc582d8e000 rw-p 00005000 103:04 1371471                   /home/juanb/eclipse/plugins/org.eclipse.justj.openjdk.hotspot.jre.full.linux.x86_64_17.0.1.v20211116-1657/jre/lib/libdt_socket.so
7fc582d8e000-7fc582d92000 ---p 00000000 00:00 0 
7fc582d92000-7fc582e8f000 rw-p 00000000 00:00 0 
7fc582e8f000-7fc583400000 r--p 00000000 103:04 1835010                   /usr/lib/locale/locale-archive
7fc583400000-7fc583900000 rw-p 00000000 00:00 0 
7fc583900000-7fc583920000 rw-p 00000000 00:00 0 
7fc583920000-7fc583940000 rw-p 00000000 00:00 0 
7fc583940000-7fc583980000 rw-p 00000000 00:00 0 
7fc583980000-7fc583c00000 rw-p 00000000 00:00 0 
7fc583cfd000-7fc583d01000 ---p 00000000 00:00 0 
7fc583d01000-7fc583dfe000 rw-p 00000000 00:00 0 
7fc583dfe000-7fc583e02000 ---p 00000000 00:00 0 
7fc583e02000-7fc583eff000 rw-p 00000000 00:00 0 
7fc583eff000-7fc583f03000 ---p 00000000 00:00 0 
7fc583f03000-7fc584000000 rw-p 00000000 00:00 0 
7fc584000000-7fc584021000 rw-p 00000000 00:00 0 
7fc584021000-7fc588000000 ---p 00000000 00:00 0 
7fc588000000-7fc588021000 rw-p 00000000 00:00 0 
7fc588021000-7fc58c000000 ---p 00000000 00:00 0 
7fc58c000000-7fc58c021000 rw-p 00000000 00:00 0 
7fc58c021000-7fc590000000 ---p 00000000 00:00 0 
7fc590000000-7fc590021000 rw-p 00000000 00:00 0 
7fc590021000-7fc594000000 ---p 00000000 00:00 0 
7fc594000000-7fc594021000 rw-p 00000000 00:00 0 
7fc594021000-7fc598000000 ---p 00000000 00:00 0 
7fc598075000-7fc598079000 ---p 00000000 00:00 0 
7fc598079000-7fc598176000 rw-p 00000000 00:00 0 
7fc598176000-7fc59817a000 ---p 00000000 00:00 0 
7fc59817a000-7fc598277000 rw-p 00000000 00:00 0 
7fc598277000-7fc59827b000 ---p 00000000 00:00 0 
7fc59827b000-7fc598378000 rw-p 00000000 00:00 0 
7fc598378000-7fc59837c000 ---p 00000000 00:00 0 
7fc59837c000-7fc598479000 rw-p 00000000 00:00 0 
7fc598479000-7fc59847d000 ---p 00000000 00:00 0 
7fc59847d000-7fc59857a000 rw-p 00000000 00:00 0 
7fc59857a000-7fc59857b000 ---p 00000000 00:00 0 
7fc59857b000-7fc59867c000 rw-p 00000000 00:00 0 
7fc59867c000-7fc598683000 r-xp 00000000 103:04 1371436                   /home/juanb/eclipse/plugins/org.eclipse.justj.openjdk.hotspot.jre.full.linux.x86_64_17.0.1.v20211116-1657/jre/lib/libzip.so
7fc598683000-7fc598883000 ---p 00007000 103:04 1371436                   /home/juanb/eclipse/plugins/org.eclipse.justj.openjdk.hotspot.jre.full.linux.x86_64_17.0.1.v20211116-1657/jre/lib/libzip.so
7fc598883000-7fc598884000 r--p 00007000 103:04 1371436                   /home/juanb/eclipse/plugins/org.eclipse.justj.openjdk.hotspot.jre.full.linux.x86_64_17.0.1.v20211116-1657/jre/lib/libzip.so
7fc598884000-7fc598885000 rw-p 00008000 103:04 1371436                   /home/juanb/eclipse/plugins/org.eclipse.justj.openjdk.hotspot.jre.full.linux.x86_64_17.0.1.v20211116-1657/jre/lib/libzip.so
7fc598885000-7fc5989a2000 rw-p 00000000 00:00 0 
7fc5989a2000-7fc5989a3000 ---p 00000000 00:00 0 
7fc5989a3000-7fc598aa4000 rw-p 00000000 00:00 0 
7fc598aa4000-7fc598aa5000 ---p 00000000 00:00 0 
7fc598aa5000-7fc59b3ae000 rw-p 00000000 00:00 0 
7fc59b3ae000-7fc59b3af000 ---p 00000000 00:00 0 
7fc59b3af000-7fc59b4b0000 rw-p 00000000 00:00 0 
7fc59b4b0000-7fc59b4b1000 ---p 00000000 00:00 0 
7fc59b4b1000-7fc59b5b2000 rw-p 00000000 00:00 0 
7fc59b5b2000-7fc59b5b3000 ---p 00000000 00:00 0 
7fc59b5b3000-7fc59ba9c000 rw-p 00000000 00:00 0 
7fc59ba9c000-7fc59f4dc000 ---p 00000000 00:00 0 
7fc59f4dc000-7fc59f8c4000 rw-p 00000000 00:00 0 
7fc59f8c4000-7fc5a3304000 ---p 00000000 00:00 0 
7fc5a3304000-7fc5a3381000 rw-p 00000000 00:00 0 
7fc5a3381000-7fc5a3ac9000 ---p 00000000 00:00 0 
7fc5a3ac9000-7fc5a3b46000 rw-p 00000000 00:00 0 
7fc5a3b46000-7fc5a428e000 ---p 00000000 00:00 0 
7fc5a428e000-7fc5a430b000 rw-p 00000000 00:00 0 
7fc5a430b000-7fc5a4a53000 ---p 00000000 00:00 0 
7fc5a4a53000-7fc5a5260000 rw-p 00000000 00:00 0 
7fc5a5260000-7fc5a5346000 ---p 00000000 00:00 0 
7fc5a5346000-7fc5a55b6000 rwxp 00000000 00:00 0 
7fc5a55b6000-7fc5a58d8000 ---p 00000000 00:00 0 
7fc5a58d8000-7fc5a5b48000 rwxp 00000000 00:00 0 
7fc5a5b48000-7fc5ace0f000 ---p 00000000 00:00 0 
7fc5ace0f000-7fc5ad07f000 rwxp 00000000 00:00 0 
7fc5ad07f000-7fc5b4346000 ---p 00000000 00:00 0 
7fc5b4346000-7fc5b4350000 r-xp 00000000 103:04 1371461                   /home/juanb/eclipse/plugins/org.eclipse.justj.openjdk.hotspot.jre.full.linux.x86_64_17.0.1.v20211116-1657/jre/lib/libinstrument.so
7fc5b4350000-7fc5b454f000 ---p 0000a000 103:04 1371461                   /home/juanb/eclipse/plugins/org.eclipse.justj.openjdk.hotspot.jre.full.linux.x86_64_17.0.1.v20211116-1657/jre/lib/libinstrument.so
7fc5b454f000-7fc5b4550000 r--p 00009000 103:04 1371461                   /home/juanb/eclipse/plugins/org.eclipse.justj.openjdk.hotspot.jre.full.linux.x86_64_17.0.1.v20211116-1657/jre/lib/libinstrument.so
7fc5b4550000-7fc5b4551000 rw-p 0000a000 103:04 1371461                   /home/juanb/eclipse/plugins/org.eclipse.justj.openjdk.hotspot.jre.full.linux.x86_64_17.0.1.v20211116-1657/jre/lib/libinstrument.so
7fc5b4551000-7fc5b4575000 r-xp 00000000 103:04 1371448                   /home/juanb/eclipse/plugins/org.eclipse.justj.openjdk.hotspot.jre.full.linux.x86_64_17.0.1.v20211116-1657/jre/lib/libjava.so
7fc5b4575000-7fc5b4775000 ---p 00024000 103:04 1371448                   /home/juanb/eclipse/plugins/org.eclipse.justj.openjdk.hotspot.jre.full.linux.x86_64_17.0.1.v20211116-1657/jre/lib/libjava.so
7fc5b4775000-7fc5b4776000 r--p 00024000 103:04 1371448                   /home/juanb/eclipse/plugins/org.eclipse.justj.openjdk.hotspot.jre.full.linux.x86_64_17.0.1.v20211116-1657/jre/lib/libjava.so
7fc5b4776000-7fc5b4777000 rw-p 00025000 103:04 1371448                   /home/juanb/eclipse/plugins/org.eclipse.justj.openjdk.hotspot.jre.full.linux.x86_64_17.0.1.v20211116-1657/jre/lib/libjava.so
7fc5b4777000-7fc5b4778000 rw-p 00000000 00:00 0 
7fc5b4778000-7fc5b47b7000 r-xp 00000000 103:04 1371472                   /home/juanb/eclipse/plugins/org.eclipse.justj.openjdk.hotspot.jre.full.linux.x86_64_17.0.1.v20211116-1657/jre/lib/libjdwp.so
7fc5b47b7000-7fc5b49b6000 ---p 0003f000 103:04 1371472                   /home/juanb/eclipse/plugins/org.eclipse.justj.openjdk.hotspot.jre.full.linux.x86_64_17.0.1.v20211116-1657/jre/lib/libjdwp.so
7fc5b49b6000-7fc5b49b7000 r--p 0003e000 103:04 1371472                   /home/juanb/eclipse/plugins/org.eclipse.justj.openjdk.hotspot.jre.full.linux.x86_64_17.0.1.v20211116-1657/jre/lib/libjdwp.so
7fc5b49b7000-7fc5b49b8000 rw-p 0003f000 103:04 1371472                   /home/juanb/eclipse/plugins/org.eclipse.justj.openjdk.hotspot.jre.full.linux.x86_64_17.0.1.v20211116-1657/jre/lib/libjdwp.so
7fc5b49b8000-7fc5b49b9000 rw-p 00000000 00:00 0 
7fc5b49b9000-7fc5b8000000 r--s 00000000 103:04 1371435                   /home/juanb/eclipse/plugins/org.eclipse.justj.openjdk.hotspot.jre.full.linux.x86_64_17.0.1.v20211116-1657/jre/lib/modules
7fc5b8000000-7fc5b84ff000 rw-p 00000000 00:00 0 
7fc5b84ff000-7fc5bc000000 ---p 00000000 00:00 0 
7fc5bc022000-7fc5bc029000 r--s 00000000 103:04 1705149                   /usr/lib/x86_64-linux-gnu/gconv/gconv-modules.cache
7fc5bc029000-7fc5bc0af000 rw-p 00000000 00:00 0 
7fc5bc0af000-7fc5bc195000 ---p 00000000 00:00 0 
7fc5bc195000-7fc5bc19a000 rw-p 00000000 00:00 0 
7fc5bc19a000-7fc5bc1a1000 ---p 00000000 00:00 0 
7fc5bc1a1000-7fc5bc1bc000 r-xp 00000000 103:04 1371437                   /home/juanb/eclipse/plugins/org.eclipse.justj.openjdk.hotspot.jre.full.linux.x86_64_17.0.1.v20211116-1657/jre/lib/libjimage.so
7fc5bc1bc000-7fc5bc3bb000 ---p 0001b000 103:04 1371437                   /home/juanb/eclipse/plugins/org.eclipse.justj.openjdk.hotspot.jre.full.linux.x86_64_17.0.1.v20211116-1657/jre/lib/libjimage.so
7fc5bc3bb000-7fc5bc3bd000 r--p 0001a000 103:04 1371437                   /home/juanb/eclipse/plugins/org.eclipse.justj.openjdk.hotspot.jre.full.linux.x86_64_17.0.1.v20211116-1657/jre/lib/libjimage.so
7fc5bc3bd000-7fc5bc3be000 rw-p 0001c000 103:04 1371437                   /home/juanb/eclipse/plugins/org.eclipse.justj.openjdk.hotspot.jre.full.linux.x86_64_17.0.1.v20211116-1657/jre/lib/libjimage.so
7fc5bc3be000-7fc5bc3c2000 ---p 00000000 00:00 0 
7fc5bc3c2000-7fc5bc4bf000 rw-p 00000000 00:00 0 
7fc5bc4bf000-7fc5bc4cc000 r--p 00000000 103:04 1350639                   /usr/lib/x86_64-linux-gnu/libm-2.31.so
7fc5bc4cc000-7fc5bc573000 r-xp 0000d000 103:04 1350639                   /usr/lib/x86_64-linux-gnu/libm-2.31.so
7fc5bc573000-7fc5bc60c000 r--p 000b4000 103:04 1350639                   /usr/lib/x86_64-linux-gnu/libm-2.31.so
7fc5bc60c000-7fc5bc60d000 r--p 0014c000 103:04 1350639                   /usr/lib/x86_64-linux-gnu/libm-2.31.so
7fc5bc60d000-7fc5bc60e000 rw-p 0014d000 103:04 1350639                   /usr/lib/x86_64-linux-gnu/libm-2.31.so
7fc5bc60e000-7fc5bc610000 r--p 00000000 103:04 1350661                   /usr/lib/x86_64-linux-gnu/librt-2.31.so
7fc5bc610000-7fc5bc614000 r-xp 00002000 103:04 1350661                   /usr/lib/x86_64-linux-gnu/librt-2.31.so
7fc5bc614000-7fc5bc616000 r--p 00006000 103:04 1350661                   /usr/lib/x86_64-linux-gnu/librt-2.31.so
7fc5bc616000-7fc5bc617000 r--p 00007000 103:04 1350661                   /usr/lib/x86_64-linux-gnu/librt-2.31.so
7fc5bc617000-7fc5bc618000 rw-p 00008000 103:04 1350661                   /usr/lib/x86_64-linux-gnu/librt-2.31.so
7fc5bc618000-7fc5bd8f7000 r-xp 00000000 103:04 1371427                   /home/juanb/eclipse/plugins/org.eclipse.justj.openjdk.hotspot.jre.full.linux.x86_64_17.0.1.v20211116-1657/jre/lib/server/libjvm.so
7fc5bd8f7000-7fc5bdaf6000 ---p 012df000 103:04 1371427                   /home/juanb/eclipse/plugins/org.eclipse.justj.openjdk.hotspot.jre.full.linux.x86_64_17.0.1.v20211116-1657/jre/lib/server/libjvm.so
7fc5bdaf6000-7fc5bdbaf000 r--p 012de000 103:04 1371427                   /home/juanb/eclipse/plugins/org.eclipse.justj.openjdk.hotspot.jre.full.linux.x86_64_17.0.1.v20211116-1657/jre/lib/server/libjvm.so
7fc5bdbaf000-7fc5bdbe3000 rw-p 01397000 103:04 1371427                   /home/juanb/eclipse/plugins/org.eclipse.justj.openjdk.hotspot.jre.full.linux.x86_64_17.0.1.v20211116-1657/jre/lib/server/libjvm.so
7fc5bdbe3000-7fc5bdc3f000 rw-p 00000000 00:00 0 
7fc5bdc3f000-7fc5bdc61000 r--p 00000000 103:04 1350635                   /usr/lib/x86_64-linux-gnu/libc-2.31.so
7fc5bdc61000-7fc5bddd9000 r-xp 00022000 103:04 1350635                   /usr/lib/x86_64-linux-gnu/libc-2.31.so
7fc5bddd9000-7fc5bde27000 r--p 0019a000 103:04 1350635                   /usr/lib/x86_64-linux-gnu/libc-2.31.so
7fc5bde27000-7fc5bde2b000 r--p 001e7000 103:04 1350635                   /usr/lib/x86_64-linux-gnu/libc-2.31.so
7fc5bde2b000-7fc5bde2d000 rw-p 001eb000 103:04 1350635                   /usr/lib/x86_64-linux-gnu/libc-2.31.so
7fc5bde2d000-7fc5bde31000 rw-p 00000000 00:00 0 
7fc5bde31000-7fc5bde32000 r--p 00000000 103:04 1350637                   /usr/lib/x86_64-linux-gnu/libdl-2.31.so
7fc5bde32000-7fc5bde34000 r-xp 00001000 103:04 1350637                   /usr/lib/x86_64-linux-gnu/libdl-2.31.so
7fc5bde34000-7fc5bde35000 r--p 00003000 103:04 1350637                   /usr/lib/x86_64-linux-gnu/libdl-2.31.so
7fc5bde35000-7fc5bde36000 r--p 00003000 103:04 1350637                   /usr/lib/x86_64-linux-gnu/libdl-2.31.so
7fc5bde36000-7fc5bde37000 rw-p 00004000 103:04 1350637                   /usr/lib/x86_64-linux-gnu/libdl-2.31.so
7fc5bde37000-7fc5bde3d000 r--p 00000000 103:04 1350659                   /usr/lib/x86_64-linux-gnu/libpthread-2.31.so
7fc5bde3d000-7fc5bde4e000 r-xp 00006000 103:04 1350659                   /usr/lib/x86_64-linux-gnu/libpthread-2.31.so
7fc5bde4e000-7fc5bde54000 r--p 00017000 103:04 1350659                   /usr/lib/x86_64-linux-gnu/libpthread-2.31.so
7fc5bde54000-7fc5bde55000 r--p 0001c000 103:04 1350659                   /usr/lib/x86_64-linux-gnu/libpthread-2.31.so
7fc5bde55000-7fc5bde56000 rw-p 0001d000 103:04 1350659                   /usr/lib/x86_64-linux-gnu/libpthread-2.31.so
7fc5bde56000-7fc5bde5a000 rw-p 00000000 00:00 0 
7fc5bde5a000-7fc5bde69000 r-xp 00000000 103:04 1371444                   /home/juanb/eclipse/plugins/org.eclipse.justj.openjdk.hotspot.jre.full.linux.x86_64_17.0.1.v20211116-1657/jre/lib/libjli.so
7fc5bde69000-7fc5be069000 ---p 0000f000 103:04 1371444                   /home/juanb/eclipse/plugins/org.eclipse.justj.openjdk.hotspot.jre.full.linux.x86_64_17.0.1.v20211116-1657/jre/lib/libjli.so
7fc5be069000-7fc5be06a000 r--p 0000f000 103:04 1371444                   /home/juanb/eclipse/plugins/org.eclipse.justj.openjdk.hotspot.jre.full.linux.x86_64_17.0.1.v20211116-1657/jre/lib/libjli.so
7fc5be06a000-7fc5be06b000 rw-p 00010000 103:04 1371444                   /home/juanb/eclipse/plugins/org.eclipse.justj.openjdk.hotspot.jre.full.linux.x86_64_17.0.1.v20211116-1657/jre/lib/libjli.so
7fc5be06b000-7fc5be06d000 r--p 00000000 103:04 1314318                   /usr/lib/x86_64-linux-gnu/libz.so.1.2.11
7fc5be06d000-7fc5be07e000 r-xp 00002000 103:04 1314318                   /usr/lib/x86_64-linux-gnu/libz.so.1.2.11
7fc5be07e000-7fc5be084000 r--p 00013000 103:04 1314318                   /usr/lib/x86_64-linux-gnu/libz.so.1.2.11
7fc5be084000-7fc5be085000 ---p 00019000 103:04 1314318                   /usr/lib/x86_64-linux-gnu/libz.so.1.2.11
7fc5be085000-7fc5be086000 r--p 00019000 103:04 1314318                   /usr/lib/x86_64-linux-gnu/libz.so.1.2.11
7fc5be086000-7fc5be087000 rw-p 0001a000 103:04 1314318                   /usr/lib/x86_64-linux-gnu/libz.so.1.2.11
7fc5be088000-7fc5be090000 rw-s 00000000 103:04 553959                    /tmp/hsperfdata_juanb/1187532
7fc5be090000-7fc5be093000 r--p 00000000 103:04 1350651                   /usr/lib/x86_64-linux-gnu/libnss_files-2.31.so
7fc5be093000-7fc5be09a000 r-xp 00003000 103:04 1350651                   /usr/lib/x86_64-linux-gnu/libnss_files-2.31.so
7fc5be09a000-7fc5be09c000 r--p 0000a000 103:04 1350651                   /usr/lib/x86_64-linux-gnu/libnss_files-2.31.so
7fc5be09c000-7fc5be09d000 r--p 0000b000 103:04 1350651                   /usr/lib/x86_64-linux-gnu/libnss_files-2.31.so
7fc5be09d000-7fc5be09e000 rw-p 0000c000 103:04 1350651                   /usr/lib/x86_64-linux-gnu/libnss_files-2.31.so
7fc5be09e000-7fc5be0a4000 rw-p 00000000 00:00 0 
7fc5be0a4000-7fc5be0a5000 ---p 00000000 00:00 0 
7fc5be0a5000-7fc5be0a6000 r--p 00000000 00:00 0 
7fc5be0a6000-7fc5be0a8000 rw-p 00000000 00:00 0 
7fc5be0a8000-7fc5be0a9000 r--p 00000000 103:04 1350627                   /usr/lib/x86_64-linux-gnu/ld-2.31.so
7fc5be0a9000-7fc5be0cc000 r-xp 00001000 103:04 1350627                   /usr/lib/x86_64-linux-gnu/ld-2.31.so
7fc5be0cc000-7fc5be0d4000 r--p 00024000 103:04 1350627                   /usr/lib/x86_64-linux-gnu/ld-2.31.so
7fc5be0d4000-7fc5be0d5000 ---p 00000000 00:00 0 
7fc5be0d5000-7fc5be0d6000 r--p 0002c000 103:04 1350627                   /usr/lib/x86_64-linux-gnu/ld-2.31.so
7fc5be0d6000-7fc5be0d7000 rw-p 0002d000 103:04 1350627                   /usr/lib/x86_64-linux-gnu/ld-2.31.so
7fc5be0d7000-7fc5be0d8000 rw-p 00000000 00:00 0 
7fffe403c000-7fffe405d000 rw-p 00000000 00:00 0                          [stack]
7fffe4141000-7fffe4144000 r--p 00000000 00:00 0                          [vvar]
7fffe4144000-7fffe4145000 r-xp 00000000 00:00 0                          [vdso]
ffffffffff600000-ffffffffff601000 --xp 00000000 00:00 0                  [vsyscall]


VM Arguments:
jvm_args: -XX:+ShowCodeDetailsInExceptionMessages -agentlib:jdwp=transport=dt_socket,suspend=y,address=localhost:33285 -javaagent:/home/juanb/eclipse/configuration/org.eclipse.osgi/413/0/.cp/lib/javaagent-shaded.jar -Dfile.encoding=UTF-8 
java_command: br.ufs.dcomp.AIproject.ScheduleCSPDemo
java_class_path (initial): /home/juanb/eclipse-workspace/ProjetoIA/target/classes:/home/juanb/eclipse-workspace/ProjetoIA/lib/aima-core.jar:/home/juanb/.m2/repository/com/github/dpaukov/combinatoricslib3/3.3.0/combinatoricslib3-3.3.0.jar
Launcher Type: SUN_STANDARD

[Global flags]
     intx CICompilerCount                          = 4                                         {product} {ergonomic}
     uint ConcGCThreads                            = 2                                         {product} {ergonomic}
     uint G1ConcRefinementThreads                  = 8                                         {product} {ergonomic}
   size_t G1HeapRegionSize                         = 2097152                                   {product} {ergonomic}
    uintx GCDrainStackTargetSize                   = 64                                        {product} {ergonomic}
   size_t InitialHeapSize                          = 262144000                                 {product} {ergonomic}
   size_t MarkStackSize                            = 4194304                                   {product} {ergonomic}
   size_t MaxHeapSize                              = 4171235328                                {product} {ergonomic}
   size_t MaxNewSize                               = 2501902336                                {product} {ergonomic}
   size_t MinHeapDeltaBytes                        = 2097152                                   {product} {ergonomic}
   size_t MinHeapSize                              = 8388608                                   {product} {ergonomic}
    uintx NonNMethodCodeHeapSize                   = 5839372                                {pd product} {ergonomic}
    uintx NonProfiledCodeHeapSize                  = 122909434                              {pd product} {ergonomic}
    uintx ProfiledCodeHeapSize                     = 122909434                              {pd product} {ergonomic}
    uintx ReservedCodeCacheSize                    = 251658240                              {pd product} {ergonomic}
     bool SegmentedCodeCache                       = true                                      {product} {ergonomic}
     bool ShowCodeDetailsInExceptionMessages       = true                                   {manageable} {command line}
   size_t SoftMaxHeapSize                          = 4171235328                             {manageable} {ergonomic}
     bool UseCompressedClassPointers               = true                           {product lp64_product} {ergonomic}
     bool UseCompressedOops                        = true                           {product lp64_product} {ergonomic}
     bool UseG1GC                                  = true                                      {product} {ergonomic}

Logging:
Log output configuration:
 #0: stdout all=warning uptime,level,tags
 #1: stderr all=off uptime,level,tags

Environment Variables:
PATH=/home/juanb/.local/bin:/usr/local/sbin:/usr/local/bin:/usr/sbin:/usr/bin:/sbin:/bin:/usr/games:/usr/local/games:/snap/bin
SHELL=/bin/bash
DISPLAY=:0
LANG=en_US.UTF-8

Signal Handlers:
   SIGSEGV: crash_handler in libjvm.so, mask=11100100010111111101111111111110, flags=SA_RESTART|SA_SIGINFO
    SIGBUS: crash_handler in libjvm.so, mask=11100100010111111101111111111110, flags=SA_RESTART|SA_SIGINFO
    SIGFPE: crash_handler in libjvm.so, mask=11100100010111111101111111111110, flags=SA_RESTART|SA_SIGINFO
   SIGPIPE: javaSignalHandler in libjvm.so, mask=11100100010111111101111111111110, flags=SA_RESTART|SA_SIGINFO
   SIGXFSZ: javaSignalHandler in libjvm.so, mask=11100100010111111101111111111110, flags=SA_RESTART|SA_SIGINFO
    SIGILL: crash_handler in libjvm.so, mask=11100100010111111101111111111110, flags=SA_RESTART|SA_SIGINFO
   SIGUSR2: SR_handler in libjvm.so, mask=00100000000000000000000000000000, flags=SA_RESTART|SA_SIGINFO
    SIGHUP: UserHandler in libjvm.so, mask=11100100010111111101111111111110, flags=SA_RESTART|SA_SIGINFO
    SIGINT: UserHandler in libjvm.so, mask=11100100010111111101111111111110, flags=SA_RESTART|SA_SIGINFO
   SIGTERM: UserHandler in libjvm.so, mask=11100100010111111101111111111110, flags=SA_RESTART|SA_SIGINFO
   SIGQUIT: UserHandler in libjvm.so, mask=11100100010111111101111111111110, flags=SA_RESTART|SA_SIGINFO
   SIGTRAP: crash_handler in libjvm.so, mask=11100100010111111101111111111110, flags=SA_RESTART|SA_SIGINFO


---------------  S Y S T E M  ---------------

OS:
DISTRIB_ID=LinuxMint
DISTRIB_RELEASE=20.3
DISTRIB_CODENAME=una
DISTRIB_DESCRIPTION="Linux Mint 20.3 Una"
uname: Linux 5.4.0-110-generic #124-Ubuntu SMP Thu Apr 14 19:46:19 UTC 2022 x86_64
OS uptime: 3 days 19:03 hours
libc: glibc 2.31 NPTL 2.31 
rlimit (soft/hard): STACK 8192k/infinity , CORE 0k/infinity , NPROC 63256/63256 , NOFILE 1048576/1048576 , AS infinity/infinity , CPU infinity/infinity , DATA infinity/infinity , FSIZE infinity/infinity , MEMLOCK 65536k/65536k
load average: 1,97 1,97 1,66

/proc/meminfo:
MemTotal:       16287184 kB
MemFree:          179592 kB
MemAvailable:    2178104 kB
Buffers:          923632 kB
Cached:          1622240 kB
SwapCached:        22816 kB
Active:         12275116 kB
Inactive:        2833432 kB
Active(anon):   11390204 kB
Inactive(anon):  1746092 kB
Active(file):     884912 kB
Inactive(file):  1087340 kB
Unevictable:      131896 kB
Mlocked:             272 kB
SwapTotal:        711380 kB
SwapFree:              0 kB
Dirty:              2360 kB
Writeback:             0 kB
AnonPages:      12671916 kB
Mapped:           723412 kB
Shmem:            575432 kB
KReclaimable:     367368 kB
Slab:             622424 kB
SReclaimable:     367368 kB
SUnreclaim:       255056 kB
KernelStack:       37456 kB
PageTables:       107656 kB
NFS_Unstable:          0 kB
Bounce:                0 kB
WritebackTmp:          0 kB
CommitLimit:     8854972 kB
Committed_AS:   31607564 kB
VmallocTotal:   34359738367 kB
VmallocUsed:       57612 kB
VmallocChunk:          0 kB
Percpu:             8768 kB
HardwareCorrupted:     0 kB
AnonHugePages:         0 kB
ShmemHugePages:        0 kB
ShmemPmdMapped:        0 kB
FileHugePages:         0 kB
FilePmdMapped:         0 kB
CmaTotal:              0 kB
CmaFree:               0 kB
HugePages_Total:       0
HugePages_Free:        0
HugePages_Rsvd:        0
HugePages_Surp:        0
Hugepagesize:       2048 kB
Hugetlb:               0 kB
DirectMap4k:     1508872 kB
DirectMap2M:    15163392 kB
DirectMap1G:           0 kB

/sys/kernel/mm/transparent_hugepage/enabled: always [madvise] never
/sys/kernel/mm/transparent_hugepage/defrag (defrag/compaction efforts parameter): always defer defer+madvise [madvise] never

Process Memory:
Virtual Size: 7099568K (peak: 7099568K)
Resident Set Size: 63836K (peak: 63836K) (anon: 35164K, file: 28672K, shmem: 0K)
Swapped out: 0K
C-Heap outstanding allocations: 5716K

/proc/sys/kernel/threads-max (system-wide limit on the number of threads): 126512
/proc/sys/vm/max_map_count (maximum number of memory map areas a process may have): 65530
/proc/sys/kernel/pid_max (system-wide limit on number of process identifiers): 4194304

container (cgroup) information:
container_type: cgroupv1
cpu_cpuset_cpus: 0-7
cpu_memory_nodes: 0
active_processor_count: 8
cpu_quota: no quota
cpu_period: 100000
cpu_shares: no shares
memory_limit_in_bytes: unlimited
memory_and_swap_limit_in_bytes: not supported
memory_soft_limit_in_bytes: unlimited
memory_usage_in_bytes: 12726063104
memory_max_usage_in_bytes: 14175858688

Steal ticks since vm start: 0
Steal ticks percentage since vm start:  0,000

CPU: total 8 (initial active 8) (4 cores per cpu, 2 threads per core) family 6 model 142 stepping 10 microcode 0xec, cx8, cmov, fxsr, ht, mmx, 3dnowpref, sse, sse2, sse3, ssse3, sse4.1, sse4.2, popcnt, lzcnt, tsc, tscinvbit, avx, avx2, aes, erms, clmul, bmi1, bmi2, adx, fma, vzeroupper, clflush, clflushopt
CPU Model and flags from /proc/cpuinfo:
model name	: Intel(R) Core(TM) i5-8250U CPU @ 1.60GHz
flags		: fpu vme de pse tsc msr pae mce cx8 apic sep mtrr pge mca cmov pat pse36 clflush dts acpi mmx fxsr sse sse2 ss ht tm pbe syscall nx pdpe1gb rdtscp lm constant_tsc art arch_perfmon pebs bts rep_good nopl xtopology nonstop_tsc cpuid aperfmperf pni pclmulqdq dtes64 monitor ds_cpl vmx est tm2 ssse3 sdbg fma cx16 xtpr pdcm pcid sse4_1 sse4_2 x2apic movbe popcnt tsc_deadline_timer aes xsave avx f16c rdrand lahf_lm abm 3dnowprefetch cpuid_fault epb invpcid_single pti ssbd ibrs ibpb stibp tpr_shadow vnmi flexpriority ept vpid ept_ad fsgsbase tsc_adjust bmi1 avx2 smep bmi2 erms invpcid mpx rdseed adx smap clflushopt intel_pt xsaveopt xsavec xgetbv1 xsaves dtherm ida arat pln pts hwp hwp_notify hwp_act_window hwp_epp md_clear flush_l1d arch_capabilities

Online cpus: 0-7
Offline cpus: 
BIOS frequency limitation: <Not Available>
Frequency switch latency (ns): 0
Available cpu frequencies: <Not Available>
Current governor: powersave
Core performance/turbo boost: <Not Available>

Memory: 4k page, physical 16287184k(179592k free), swap 711380k(0k free)
Page Sizes: 4k

vm_info: OpenJDK 64-Bit Server VM (17.0.1+12) for linux-amd64 JRE (17.0.1+12), built on Oct 20 2021 12:00:24 by "" with gcc 7.5.0

END.
