#
# A fatal error has been detected by the Java Runtime Environment:
#
#  SIGSEGV (0xb) at pc=0x00007fc9b18f5139, pid=215626, tid=215651
#
# JRE version: OpenJDK Runtime Environment Temurin-17.0.1+12 (17.0.1+12) (build 17.0.1+12)
# Java VM: OpenJDK 64-Bit Server VM Temurin-17.0.1+12 (17.0.1+12, mixed mode, tiered, compressed oops, compressed class ptrs, g1 gc, linux-amd64)
# Problematic frame:
# V  [libjvm.so+0xe9c139]  Symbol::as_C_string() const+0x9
#
# Core dump will be written. Default location: Core dumps may be processed with "/lib/systemd/systemd-coredump %P %u %g %s %t 9223372036854775808 %h" (or dumping to /home/juanb/eclipse-workspace/ProjetoIA/core.215626)
#
# If you would like to submit a bug report, please visit:
#   https://github.com/adoptium/adoptium-support/issues
#

---------------  S U M M A R Y ------------

Command Line: -XX:+ShowCodeDetailsInExceptionMessages -agentlib:jdwp=transport=dt_socket,suspend=y,address=localhost:34749 -javaagent:/home/juanb/eclipse/configuration/org.eclipse.osgi/413/0/.cp/lib/javaagent-shaded.jar -Dfile.encoding=UTF-8 br.ufs.dcomp.AIproject.ScheduleCSPDemo

Host: Intel(R) Core(TM) i5-8250U CPU @ 1.60GHz, 8 cores, 15G, Linux Mint 20.3 Una
Time: Wed May 18 20:01:31 2022 -03 elapsed time: 13.682961 seconds (0d 0h 0m 13s)

---------------  T H R E A D  ---------------

Current thread (0x00007fc9ac2dd370):  JavaThread "JDWP Transport Listener: dt_socket" daemon [_thread_in_vm, id=215651, stack(0x00007fc976e7f000,0x00007fc976f80000)]

Stack: [0x00007fc976e7f000,0x00007fc976f80000],  sp=0x00007fc976f7e940,  free space=1022k
Native frames: (J=compiled Java code, j=interpreted, Vv=VM code, C=native code)
V  [libjvm.so+0xe9c139]  Symbol::as_C_string() const+0x9
V  [libjvm.so+0xa1c9a4]  JvmtiEnv::GetClassSignature(oopDesc*, char**, char**)+0x114
V  [libjvm.so+0x9d2189]  jvmti_GetClassSignature+0x1d9
C  [libjdwp.so+0x2c2df]  classSignature+0x3f
C  [libjdwp.so+0xc896]  allClasses1.isra.3.part.4+0x166
C  [libjdwp.so+0xd883]  allClassesWithGeneric+0x23
C  [libjdwp.so+0x12ec5]  debugLoop_run+0x1f5
C  [libjdwp.so+0x26123]  attachThread+0x33
V  [libjvm.so+0xa38ec5]  JvmtiAgentThread::start_function_wrapper(JavaThread*, JavaThread*)+0x85
V  [libjvm.so+0xefe6f0]  JavaThread::thread_main_inner()+0x180
V  [libjvm.so+0xf01b62]  Thread::call_run()+0xe2
V  [libjvm.so+0xc3ccd1]  thread_native_entry(Thread*)+0xe1


siginfo: si_signo: 11 (SIGSEGV), si_code: 1 (SEGV_MAPERR), si_addr: 0x00000000004c000a

Register to memory mapping:

RAX=0x000000000000004b is an unknown value
RBX=0x00007fc954029d00 points into unknown readable memory: 0x0000000000000000 | 00 00 00 00 00 00 00 00
RCX=0x00007fc976049390 is pointing into metadata
RDX=0x0000000000000008 is an unknown value
RSP=0x00007fc976f7e940 is pointing into the stack for thread: 0x00007fc9ac2dd370
RBP=0x00007fc976f7e950 is pointing into the stack for thread: 0x00007fc9ac2dd370
RSI=0x0 is NULL
RDI=0x00000000004c0006 is an unknown value
R8 =0x00007fc93c002c80 points into unknown readable memory: 0x2f7366752f72624c | 4c 62 72 2f 75 66 73 2f
R9 =0x003b505343656c75 is an unknown value
R10=0x0000000000000026 is an unknown value
R11=0x00007fc954029d10 points into unknown readable memory: 0x642f7366752f7262 | 62 72 2f 75 66 73 2f 64
R12=0x0000000800106008 is a pointer to class: 
br.ufs.dcomp.AIproject.csp.ScheduleCSP {0x0000000800106008}
 - instance size:     4
 - klass size:        78
 - access:            public synchronized 
 - state:             fully_initialized
 - name:              'br/ufs/dcomp/AIproject/csp/ScheduleCSP'
 - super:             'aima/core/search/csp/CSP'
 - sub:               
 - arrays:            NULL
 - methods:           Array<T>(0x00007fc9760487f8)
 - method ordering:   Array<T>(0x00007fc976048c00)
 - default_methods:   Array<T>(0x0000000000000000)
 - local interfaces:  Array<T>(0x00007fc98c400058)
 - trans. interfaces: Array<T>(0x00007fc9760438b0)
 - constants:         constant pool [120] {0x00007fc976049390} for 'br/ufs/dcomp/AIproject/csp/ScheduleCSP' cache=0x00007fc9760497f0
 - class loader data:  loader data: 0x00007fc9ac29db50 for instance a 'jdk/internal/loader/ClassLoaders$AppClassLoader'{0x0000000716e55af0}
 - source file:       'ScheduleCSP.java'
 - source debug extension:       SMAP
ScheduleCSP.java
Java
*S jdt
*F
1 ScheduleCSP.java
2 file:/home/juanb/eclipse-workspace/ProjetoIA/target/classes/
*L
*E

 - class annotations:       Array<T>(0x0000000000000000)
 - class type annotations:  Array<T>(0x0000000000000000)
 - field annotations:       Array<T>(0x0000000000000000)
 - field type annotations:  Array<T>(0x0000000000000000)
 - generic signature: '
[error occurred during error reporting (printing register info), id 0xb, SIGSEGV (0xb) at pc=0x00007fc9b18f6888]

Registers:
RAX=0x000000000000004b, RBX=0x00007fc954029d00, RCX=0x00007fc976049390, RDX=0x0000000000000008
RSP=0x00007fc976f7e940, RBP=0x00007fc976f7e950, RSI=0x0000000000000000, RDI=0x00000000004c0006
R8 =0x00007fc93c002c80, R9 =0x003b505343656c75, R10=0x0000000000000026, R11=0x00007fc954029d10
R12=0x0000000800106008, R13=0x00007fc976f7eac8, R14=0x0000000800106008, R15=0x00007fc9ac2dd1b0
RIP=0x00007fc9b18f5139, EFLAGS=0x0000000000010246, CSGSFS=0x002b000000000033, ERR=0x0000000000000004
  TRAPNO=0x000000000000000e

Top of Stack: (sp=0x00007fc976f7e940)
0x00007fc976f7e940:   00007fc954029d00 0000000800106008
0x00007fc976f7e950:   00007fc976f7e9c0 00007fc9b14759a4
0x00007fc976f7e960:   00007fc954029d40 00000000000003d8
0x00007fc976f7e970:   00007fc9ac016420 00007fc95402a0e8 

Instructions: (pc=0x00007fc9b18f5139)
0x00007fc9b18f5039:   41 0f 11 04 09 48 83 c1 10 41 39 fb 77 e9 89 d9
0x00007fc9b18f5049:   83 e1 f0 01 ca 39 cb 48 63 d2 74 13 0f 1f 00 41
0x00007fc9b18f5059:   0f b6 0c 10 88 0c 10 48 83 c2 01 39 d6 7f f0 48
0x00007fc9b18f5069:   63 f6 5b c6 04 30 00 5d c3 66 0f 1f 44 00 00 ba
0x00007fc9b18f5079:   02 00 00 00 eb 91 90 ba 05 00 00 00 eb 89 ba 0d
0x00007fc9b18f5089:   00 00 00 eb 82 66 90 31 d2 48 63 d2 0f 1f 00 41
0x00007fc9b18f5099:   0f b6 0c 10 88 0c 10 48 83 c2 01 39 d6 7f f0 e9
0x00007fc9b18f50a9:   44 ff ff ff 0f 1f 00 ba 03 00 00 00 e9 56 ff ff
0x00007fc9b18f50b9:   ff 66 0f 1f 44 00 00 ba 04 00 00 00 e9 46 ff ff
0x00007fc9b18f50c9:   ff 66 0f 1f 44 00 00 ba 06 00 00 00 e9 36 ff ff
0x00007fc9b18f50d9:   ff 31 d2 e9 2f ff ff ff ba 07 00 00 00 e9 25 ff
0x00007fc9b18f50e9:   ff ff ba 08 00 00 00 e9 1b ff ff ff ba 09 00 00
0x00007fc9b18f50f9:   00 e9 11 ff ff ff ba 0a 00 00 00 e9 07 ff ff ff
0x00007fc9b18f5109:   ba 0b 00 00 00 e9 fd fe ff ff ba 0c 00 00 00 e9
0x00007fc9b18f5119:   f3 fe ff ff ba 0e 00 00 00 e9 e9 fe ff ff 90 0f
0x00007fc9b18f5129:   1f 84 00 00 00 00 00 55 31 f6 48 89 e5 41 54 53
0x00007fc9b18f5139:   44 0f b7 67 04 48 89 fb 41 8d 7c 24 01 48 63 ff
0x00007fc9b18f5149:   e8 a2 8d e4 ff 0f b7 73 04 44 39 e6 49 0f 4f f4
0x00007fc9b18f5159:   85 f6 0f 84 8f 01 00 00 48 8d 50 10 4c 8d 43 06
0x00007fc9b18f5169:   49 39 d0 48 8d 53 16 0f 93 c1 48 39 d0 0f 93 c2
0x00007fc9b18f5179:   08 d1 0f 84 8f 01 00 00 83 fe 14 0f 86 86 01 00
0x00007fc9b18f5189:   00 4c 89 c1 8d 7e ff 48 f7 d9 83 e1 0f 8d 51 0f
0x00007fc9b18f5199:   39 d7 0f 82 af 01 00 00 85 c9 0f 84 eb 01 00 00
0x00007fc9b18f51a9:   0f b6 53 06 83 f9 01 88 10 0f 84 48 01 00 00 0f
0x00007fc9b18f51b9:   b6 53 07 83 f9 02 88 50 01 0f 84 78 01 00 00 0f
0x00007fc9b18f51c9:   b6 53 08 83 f9 03 88 50 02 0f 84 80 01 00 00 0f
0x00007fc9b18f51d9:   b6 53 09 83 f9 04 88 50 03 0f 84 80 01 00 00 0f
0x00007fc9b18f51e9:   b6 53 0a 83 f9 05 88 50 04 0f 84 88 01 00 00 0f
0x00007fc9b18f51f9:   b6 53 0b 83 f9 06 88 50 05 0f 84 82 01 00 00 0f
0x00007fc9b18f5209:   b6 53 0c 83 f9 07 88 50 06 0f 84 5a 01 00 00 0f
0x00007fc9b18f5219:   b6 53 0d 83 f9 08 88 50 07 0f 84 73 01 00 00 0f
0x00007fc9b18f5229:   b6 53 0e 83 f9 09 88 50 08 0f 84 6d 01 00 00 0f 


Stack slot to memory mapping:
stack at sp + 0 slots: 0x00007fc954029d00 points into unknown readable memory: 0x0000000000000000 | 00 00 00 00 00 00 00 00
stack at sp + 1 slots: 0x0000000800106008 is a pointer to class: 
br.ufs.dcomp.AIproject.csp.ScheduleCSP {0x0000000800106008}
 - instance size:     4
 - klass size:        78
 - access:            public synchronized 
 - state:             fully_initialized
 - name:              'br/ufs/dcomp/AIproject/csp/ScheduleCSP'
 - super:             'aima/core/search/csp/CSP'
 - sub:               
 - arrays:            NULL
 - methods:           Array<T>(0x00007fc9760487f8)
 - method ordering:   Array<T>(0x00007fc976048c00)
 - default_methods:   Array<T>(0x0000000000000000)
 - local interfaces:  Array<T>(0x00007fc98c400058)
 - trans. interfaces: Array<T>(0x00007fc9760438b0)
 - constants:         constant pool [120] {0x00007fc976049390} for 'br/ufs/dcomp/AIproject/csp/ScheduleCSP' cache=0x00007fc9760497f0
 - class loader data:  loader data: 0x00007fc9ac29db50 for instance a 'jdk/internal/loader/ClassLoaders$AppClassLoader'{0x0000000716e55af0}
 - source file:       'ScheduleCSP.java'
 - source debug extension:       SMAP
ScheduleCSP.java
Java
*S jdt
*F
1 ScheduleCSP.java
2 file:/home/juanb/eclipse-workspace/ProjetoIA/target/classes/
*L
*E

 - class annotations:       Array<T>(0x0000000000000000)
 - class type annotations:  Array<T>(0x0000000000000000)
 - field annotations:       Array<T>(0x0000000000000000)
 - field type annotations:  Array<T>(0x0000000000000000)
 - generic signature: '
[error occurred during error reporting (inspecting top of stack), id 0xb, SIGSEGV (0xb) at pc=0x00007fc9b18f6888]


---------------  P R O C E S S  ---------------

Threads class SMR info:
_java_thread_list=0x00007fc9ac3edd80, length=14, elements={
0x00007fc9ac0262d0, 0x00007fc9ac1d3250, 0x00007fc9ac1d48a0, 0x00007fc9ac1fa8e0,
0x00007fc9ac1fbc90, 0x00007fc9ac1fd0a0, 0x00007fc9ac1fe720, 0x00007fc9ac1ffc00,
0x00007fc9ac201070, 0x00007fc9ac293010, 0x00007fc9ac2dd370, 0x00007fc9ac2f09e0,
0x00007fc944000fb0, 0x00007fc9ac3ecf70
}

Java Threads: ( => current thread )
  0x00007fc9ac0262d0 JavaThread "main" [_thread_blocked, id=215631, stack(0x00007fc9b07ff000,0x00007fc9b0900000)]
  0x00007fc9ac1d3250 JavaThread "Reference Handler" daemon [_thread_blocked, id=215640, stack(0x00007fc977eff000,0x00007fc978000000)]
  0x00007fc9ac1d48a0 JavaThread "Finalizer" daemon [_thread_blocked, id=215641, stack(0x00007fc977dfe000,0x00007fc977eff000)]
  0x00007fc9ac1fa8e0 JavaThread "Signal Dispatcher" daemon [_thread_blocked, id=215642, stack(0x00007fc97778c000,0x00007fc97788d000)]
  0x00007fc9ac1fbc90 JavaThread "Service Thread" daemon [_thread_blocked, id=215643, stack(0x00007fc97768b000,0x00007fc97778c000)]
  0x00007fc9ac1fd0a0 JavaThread "Monitor Deflation Thread" daemon [_thread_blocked, id=215644, stack(0x00007fc97758a000,0x00007fc97768b000)]
  0x00007fc9ac1fe720 JavaThread "C2 CompilerThread0" daemon [_thread_blocked, id=215645, stack(0x00007fc977489000,0x00007fc97758a000)]
  0x00007fc9ac1ffc00 JavaThread "C1 CompilerThread0" daemon [_thread_blocked, id=215646, stack(0x00007fc977388000,0x00007fc977489000)]
  0x00007fc9ac201070 JavaThread "Sweeper thread" daemon [_thread_blocked, id=215647, stack(0x00007fc977287000,0x00007fc977388000)]
  0x00007fc9ac293010 JavaThread "Common-Cleaner" daemon [_thread_blocked, id=215648, stack(0x00007fc977186000,0x00007fc977287000)]
=>0x00007fc9ac2dd370 JavaThread "JDWP Transport Listener: dt_socket" daemon [_thread_in_vm, id=215651, stack(0x00007fc976e7f000,0x00007fc976f80000)]
  0x00007fc9ac2f09e0 JavaThread "JDWP Event Helper Thread" daemon [_thread_blocked, id=215653, stack(0x00007fc976d7e000,0x00007fc976e7f000)]
  0x00007fc944000fb0 JavaThread "JDWP Command Reader" daemon [_thread_in_native, id=215655, stack(0x00007fc976c7d000,0x00007fc976d7e000)]
  0x00007fc9ac3ecf70 JavaThread "Notification Thread" daemon [_thread_blocked, id=215658, stack(0x00007fc975eff000,0x00007fc976000000)]

Other Threads:
  0x00007fc9ac1839b0 VMThread "VM Thread" [stack: 0x00007fc98c0f7000,0x00007fc98c1f7000] [id=215639]
  0x00007fc9ac21ed10 WatcherThread [stack: 0x00007fc975dff000,0x00007fc975eff000] [id=215659]
  0x00007fc9ac075400 GCTaskThread "GC Thread#0" [stack: 0x00007fc98fa1c000,0x00007fc98fb1c000] [id=215634]
  0x00007fc9ac086290 ConcurrentGCThread "G1 Main Marker" [stack: 0x00007fc98f91a000,0x00007fc98fa1a000] [id=215635]
  0x00007fc9ac0871f0 ConcurrentGCThread "G1 Conc#0" [stack: 0x00007fc98f818000,0x00007fc98f918000] [id=215636]
  0x00007fc9ac13be20 ConcurrentGCThread "G1 Refine#0" [stack: 0x00007fc98cf0e000,0x00007fc98d00e000] [id=215637]
  0x00007fc9ac13cd10 ConcurrentGCThread "G1 Service" [stack: 0x00007fc98ce0c000,0x00007fc98cf0c000] [id=215638]

Threads with active compile tasks:

VM state: not at safepoint (normal execution)

VM Mutex/Monitor currently owned by a thread: None

Heap address: 0x0000000707600000, size: 3978 MB, Compressed Oops mode: Zero based, Oop shift amount: 3

CDS archive(s) not mapped
Compressed class space mapped at: 0x0000000800000000-0x0000000840000000, reserved size: 1073741824
Narrow klass base: 0x0000000800000000, Narrow klass shift: 0, Narrow klass range: 0x40000000

GC Precious Log:
 CPUs: 8 total, 8 available
 Memory: 15905M
 Large Page Support: Disabled
 NUMA Support: Disabled
 Compressed Oops: Enabled (Zero based)
 Heap Region Size: 2M
 Heap Min Capacity: 8M
 Heap Initial Capacity: 250M
 Heap Max Capacity: 3978M
 Pre-touch: Disabled
 Parallel Workers: 8
 Concurrent Workers: 2
 Concurrent Refinement Workers: 8
 Periodic GC: Disabled

Heap:
 garbage-first heap   total 256000K, used 4096K [0x0000000707600000, 0x0000000800000000)
  region size 2048K, 3 young (6144K), 0 survivors (0K)
 Metaspace       used 9379K, committed 9536K, reserved 1064960K
  class space    used 820K, committed 896K, reserved 1048576K

Heap Regions: E=young(eden), S=young(survivor), O=old, HS=humongous(starts), HC=humongous(continues), CS=collection set, F=free, OA=open archive, CA=closed archive, TAMS=top-at-mark-start (previous, next)
|   0|0x0000000707600000, 0x0000000707600000, 0x0000000707800000|  0%| F|  |TAMS 0x0000000707600000, 0x0000000707600000| Untracked 
|   1|0x0000000707800000, 0x0000000707800000, 0x0000000707a00000|  0%| F|  |TAMS 0x0000000707800000, 0x0000000707800000| Untracked 
|   2|0x0000000707a00000, 0x0000000707a00000, 0x0000000707c00000|  0%| F|  |TAMS 0x0000000707a00000, 0x0000000707a00000| Untracked 
|   3|0x0000000707c00000, 0x0000000707c00000, 0x0000000707e00000|  0%| F|  |TAMS 0x0000000707c00000, 0x0000000707c00000| Untracked 
|   4|0x0000000707e00000, 0x0000000707e00000, 0x0000000708000000|  0%| F|  |TAMS 0x0000000707e00000, 0x0000000707e00000| Untracked 
|   5|0x0000000708000000, 0x0000000708000000, 0x0000000708200000|  0%| F|  |TAMS 0x0000000708000000, 0x0000000708000000| Untracked 
|   6|0x0000000708200000, 0x0000000708200000, 0x0000000708400000|  0%| F|  |TAMS 0x0000000708200000, 0x0000000708200000| Untracked 
|   7|0x0000000708400000, 0x0000000708400000, 0x0000000708600000|  0%| F|  |TAMS 0x0000000708400000, 0x0000000708400000| Untracked 
|   8|0x0000000708600000, 0x0000000708600000, 0x0000000708800000|  0%| F|  |TAMS 0x0000000708600000, 0x0000000708600000| Untracked 
|   9|0x0000000708800000, 0x0000000708800000, 0x0000000708a00000|  0%| F|  |TAMS 0x0000000708800000, 0x0000000708800000| Untracked 
|  10|0x0000000708a00000, 0x0000000708a00000, 0x0000000708c00000|  0%| F|  |TAMS 0x0000000708a00000, 0x0000000708a00000| Untracked 
|  11|0x0000000708c00000, 0x0000000708c00000, 0x0000000708e00000|  0%| F|  |TAMS 0x0000000708c00000, 0x0000000708c00000| Untracked 
|  12|0x0000000708e00000, 0x0000000708e00000, 0x0000000709000000|  0%| F|  |TAMS 0x0000000708e00000, 0x0000000708e00000| Untracked 
|  13|0x0000000709000000, 0x0000000709000000, 0x0000000709200000|  0%| F|  |TAMS 0x0000000709000000, 0x0000000709000000| Untracked 
|  14|0x0000000709200000, 0x0000000709200000, 0x0000000709400000|  0%| F|  |TAMS 0x0000000709200000, 0x0000000709200000| Untracked 
|  15|0x0000000709400000, 0x0000000709400000, 0x0000000709600000|  0%| F|  |TAMS 0x0000000709400000, 0x0000000709400000| Untracked 
|  16|0x0000000709600000, 0x0000000709600000, 0x0000000709800000|  0%| F|  |TAMS 0x0000000709600000, 0x0000000709600000| Untracked 
|  17|0x0000000709800000, 0x0000000709800000, 0x0000000709a00000|  0%| F|  |TAMS 0x0000000709800000, 0x0000000709800000| Untracked 
|  18|0x0000000709a00000, 0x0000000709a00000, 0x0000000709c00000|  0%| F|  |TAMS 0x0000000709a00000, 0x0000000709a00000| Untracked 
|  19|0x0000000709c00000, 0x0000000709c00000, 0x0000000709e00000|  0%| F|  |TAMS 0x0000000709c00000, 0x0000000709c00000| Untracked 
|  20|0x0000000709e00000, 0x0000000709e00000, 0x000000070a000000|  0%| F|  |TAMS 0x0000000709e00000, 0x0000000709e00000| Untracked 
|  21|0x000000070a000000, 0x000000070a000000, 0x000000070a200000|  0%| F|  |TAMS 0x000000070a000000, 0x000000070a000000| Untracked 
|  22|0x000000070a200000, 0x000000070a200000, 0x000000070a400000|  0%| F|  |TAMS 0x000000070a200000, 0x000000070a200000| Untracked 
|  23|0x000000070a400000, 0x000000070a400000, 0x000000070a600000|  0%| F|  |TAMS 0x000000070a400000, 0x000000070a400000| Untracked 
|  24|0x000000070a600000, 0x000000070a600000, 0x000000070a800000|  0%| F|  |TAMS 0x000000070a600000, 0x000000070a600000| Untracked 
|  25|0x000000070a800000, 0x000000070a800000, 0x000000070aa00000|  0%| F|  |TAMS 0x000000070a800000, 0x000000070a800000| Untracked 
|  26|0x000000070aa00000, 0x000000070aa00000, 0x000000070ac00000|  0%| F|  |TAMS 0x000000070aa00000, 0x000000070aa00000| Untracked 
|  27|0x000000070ac00000, 0x000000070ac00000, 0x000000070ae00000|  0%| F|  |TAMS 0x000000070ac00000, 0x000000070ac00000| Untracked 
|  28|0x000000070ae00000, 0x000000070ae00000, 0x000000070b000000|  0%| F|  |TAMS 0x000000070ae00000, 0x000000070ae00000| Untracked 
|  29|0x000000070b000000, 0x000000070b000000, 0x000000070b200000|  0%| F|  |TAMS 0x000000070b000000, 0x000000070b000000| Untracked 
|  30|0x000000070b200000, 0x000000070b200000, 0x000000070b400000|  0%| F|  |TAMS 0x000000070b200000, 0x000000070b200000| Untracked 
|  31|0x000000070b400000, 0x000000070b400000, 0x000000070b600000|  0%| F|  |TAMS 0x000000070b400000, 0x000000070b400000| Untracked 
|  32|0x000000070b600000, 0x000000070b600000, 0x000000070b800000|  0%| F|  |TAMS 0x000000070b600000, 0x000000070b600000| Untracked 
|  33|0x000000070b800000, 0x000000070b800000, 0x000000070ba00000|  0%| F|  |TAMS 0x000000070b800000, 0x000000070b800000| Untracked 
|  34|0x000000070ba00000, 0x000000070ba00000, 0x000000070bc00000|  0%| F|  |TAMS 0x000000070ba00000, 0x000000070ba00000| Untracked 
|  35|0x000000070bc00000, 0x000000070bc00000, 0x000000070be00000|  0%| F|  |TAMS 0x000000070bc00000, 0x000000070bc00000| Untracked 
|  36|0x000000070be00000, 0x000000070be00000, 0x000000070c000000|  0%| F|  |TAMS 0x000000070be00000, 0x000000070be00000| Untracked 
|  37|0x000000070c000000, 0x000000070c000000, 0x000000070c200000|  0%| F|  |TAMS 0x000000070c000000, 0x000000070c000000| Untracked 
|  38|0x000000070c200000, 0x000000070c200000, 0x000000070c400000|  0%| F|  |TAMS 0x000000070c200000, 0x000000070c200000| Untracked 
|  39|0x000000070c400000, 0x000000070c400000, 0x000000070c600000|  0%| F|  |TAMS 0x000000070c400000, 0x000000070c400000| Untracked 
|  40|0x000000070c600000, 0x000000070c600000, 0x000000070c800000|  0%| F|  |TAMS 0x000000070c600000, 0x000000070c600000| Untracked 
|  41|0x000000070c800000, 0x000000070c800000, 0x000000070ca00000|  0%| F|  |TAMS 0x000000070c800000, 0x000000070c800000| Untracked 
|  42|0x000000070ca00000, 0x000000070ca00000, 0x000000070cc00000|  0%| F|  |TAMS 0x000000070ca00000, 0x000000070ca00000| Untracked 
|  43|0x000000070cc00000, 0x000000070cc00000, 0x000000070ce00000|  0%| F|  |TAMS 0x000000070cc00000, 0x000000070cc00000| Untracked 
|  44|0x000000070ce00000, 0x000000070ce00000, 0x000000070d000000|  0%| F|  |TAMS 0x000000070ce00000, 0x000000070ce00000| Untracked 
|  45|0x000000070d000000, 0x000000070d000000, 0x000000070d200000|  0%| F|  |TAMS 0x000000070d000000, 0x000000070d000000| Untracked 
|  46|0x000000070d200000, 0x000000070d200000, 0x000000070d400000|  0%| F|  |TAMS 0x000000070d200000, 0x000000070d200000| Untracked 
|  47|0x000000070d400000, 0x000000070d400000, 0x000000070d600000|  0%| F|  |TAMS 0x000000070d400000, 0x000000070d400000| Untracked 
|  48|0x000000070d600000, 0x000000070d600000, 0x000000070d800000|  0%| F|  |TAMS 0x000000070d600000, 0x000000070d600000| Untracked 
|  49|0x000000070d800000, 0x000000070d800000, 0x000000070da00000|  0%| F|  |TAMS 0x000000070d800000, 0x000000070d800000| Untracked 
|  50|0x000000070da00000, 0x000000070da00000, 0x000000070dc00000|  0%| F|  |TAMS 0x000000070da00000, 0x000000070da00000| Untracked 
|  51|0x000000070dc00000, 0x000000070dc00000, 0x000000070de00000|  0%| F|  |TAMS 0x000000070dc00000, 0x000000070dc00000| Untracked 
|  52|0x000000070de00000, 0x000000070de00000, 0x000000070e000000|  0%| F|  |TAMS 0x000000070de00000, 0x000000070de00000| Untracked 
|  53|0x000000070e000000, 0x000000070e000000, 0x000000070e200000|  0%| F|  |TAMS 0x000000070e000000, 0x000000070e000000| Untracked 
|  54|0x000000070e200000, 0x000000070e200000, 0x000000070e400000|  0%| F|  |TAMS 0x000000070e200000, 0x000000070e200000| Untracked 
|  55|0x000000070e400000, 0x000000070e400000, 0x000000070e600000|  0%| F|  |TAMS 0x000000070e400000, 0x000000070e400000| Untracked 
|  56|0x000000070e600000, 0x000000070e600000, 0x000000070e800000|  0%| F|  |TAMS 0x000000070e600000, 0x000000070e600000| Untracked 
|  57|0x000000070e800000, 0x000000070e800000, 0x000000070ea00000|  0%| F|  |TAMS 0x000000070e800000, 0x000000070e800000| Untracked 
|  58|0x000000070ea00000, 0x000000070ea00000, 0x000000070ec00000|  0%| F|  |TAMS 0x000000070ea00000, 0x000000070ea00000| Untracked 
|  59|0x000000070ec00000, 0x000000070ec00000, 0x000000070ee00000|  0%| F|  |TAMS 0x000000070ec00000, 0x000000070ec00000| Untracked 
|  60|0x000000070ee00000, 0x000000070ee00000, 0x000000070f000000|  0%| F|  |TAMS 0x000000070ee00000, 0x000000070ee00000| Untracked 
|  61|0x000000070f000000, 0x000000070f000000, 0x000000070f200000|  0%| F|  |TAMS 0x000000070f000000, 0x000000070f000000| Untracked 
|  62|0x000000070f200000, 0x000000070f200000, 0x000000070f400000|  0%| F|  |TAMS 0x000000070f200000, 0x000000070f200000| Untracked 
|  63|0x000000070f400000, 0x000000070f400000, 0x000000070f600000|  0%| F|  |TAMS 0x000000070f400000, 0x000000070f400000| Untracked 
|  64|0x000000070f600000, 0x000000070f600000, 0x000000070f800000|  0%| F|  |TAMS 0x000000070f600000, 0x000000070f600000| Untracked 
|  65|0x000000070f800000, 0x000000070f800000, 0x000000070fa00000|  0%| F|  |TAMS 0x000000070f800000, 0x000000070f800000| Untracked 
|  66|0x000000070fa00000, 0x000000070fa00000, 0x000000070fc00000|  0%| F|  |TAMS 0x000000070fa00000, 0x000000070fa00000| Untracked 
|  67|0x000000070fc00000, 0x000000070fc00000, 0x000000070fe00000|  0%| F|  |TAMS 0x000000070fc00000, 0x000000070fc00000| Untracked 
|  68|0x000000070fe00000, 0x000000070fe00000, 0x0000000710000000|  0%| F|  |TAMS 0x000000070fe00000, 0x000000070fe00000| Untracked 
|  69|0x0000000710000000, 0x0000000710000000, 0x0000000710200000|  0%| F|  |TAMS 0x0000000710000000, 0x0000000710000000| Untracked 
|  70|0x0000000710200000, 0x0000000710200000, 0x0000000710400000|  0%| F|  |TAMS 0x0000000710200000, 0x0000000710200000| Untracked 
|  71|0x0000000710400000, 0x0000000710400000, 0x0000000710600000|  0%| F|  |TAMS 0x0000000710400000, 0x0000000710400000| Untracked 
|  72|0x0000000710600000, 0x0000000710600000, 0x0000000710800000|  0%| F|  |TAMS 0x0000000710600000, 0x0000000710600000| Untracked 
|  73|0x0000000710800000, 0x0000000710800000, 0x0000000710a00000|  0%| F|  |TAMS 0x0000000710800000, 0x0000000710800000| Untracked 
|  74|0x0000000710a00000, 0x0000000710a00000, 0x0000000710c00000|  0%| F|  |TAMS 0x0000000710a00000, 0x0000000710a00000| Untracked 
|  75|0x0000000710c00000, 0x0000000710c00000, 0x0000000710e00000|  0%| F|  |TAMS 0x0000000710c00000, 0x0000000710c00000| Untracked 
|  76|0x0000000710e00000, 0x0000000710e00000, 0x0000000711000000|  0%| F|  |TAMS 0x0000000710e00000, 0x0000000710e00000| Untracked 
|  77|0x0000000711000000, 0x0000000711000000, 0x0000000711200000|  0%| F|  |TAMS 0x0000000711000000, 0x0000000711000000| Untracked 
|  78|0x0000000711200000, 0x0000000711200000, 0x0000000711400000|  0%| F|  |TAMS 0x0000000711200000, 0x0000000711200000| Untracked 
|  79|0x0000000711400000, 0x0000000711400000, 0x0000000711600000|  0%| F|  |TAMS 0x0000000711400000, 0x0000000711400000| Untracked 
|  80|0x0000000711600000, 0x0000000711600000, 0x0000000711800000|  0%| F|  |TAMS 0x0000000711600000, 0x0000000711600000| Untracked 
|  81|0x0000000711800000, 0x0000000711800000, 0x0000000711a00000|  0%| F|  |TAMS 0x0000000711800000, 0x0000000711800000| Untracked 
|  82|0x0000000711a00000, 0x0000000711a00000, 0x0000000711c00000|  0%| F|  |TAMS 0x0000000711a00000, 0x0000000711a00000| Untracked 
|  83|0x0000000711c00000, 0x0000000711c00000, 0x0000000711e00000|  0%| F|  |TAMS 0x0000000711c00000, 0x0000000711c00000| Untracked 
|  84|0x0000000711e00000, 0x0000000711e00000, 0x0000000712000000|  0%| F|  |TAMS 0x0000000711e00000, 0x0000000711e00000| Untracked 
|  85|0x0000000712000000, 0x0000000712000000, 0x0000000712200000|  0%| F|  |TAMS 0x0000000712000000, 0x0000000712000000| Untracked 
|  86|0x0000000712200000, 0x0000000712200000, 0x0000000712400000|  0%| F|  |TAMS 0x0000000712200000, 0x0000000712200000| Untracked 
|  87|0x0000000712400000, 0x0000000712400000, 0x0000000712600000|  0%| F|  |TAMS 0x0000000712400000, 0x0000000712400000| Untracked 
|  88|0x0000000712600000, 0x0000000712600000, 0x0000000712800000|  0%| F|  |TAMS 0x0000000712600000, 0x0000000712600000| Untracked 
|  89|0x0000000712800000, 0x0000000712800000, 0x0000000712a00000|  0%| F|  |TAMS 0x0000000712800000, 0x0000000712800000| Untracked 
|  90|0x0000000712a00000, 0x0000000712a00000, 0x0000000712c00000|  0%| F|  |TAMS 0x0000000712a00000, 0x0000000712a00000| Untracked 
|  91|0x0000000712c00000, 0x0000000712c00000, 0x0000000712e00000|  0%| F|  |TAMS 0x0000000712c00000, 0x0000000712c00000| Untracked 
|  92|0x0000000712e00000, 0x0000000712e00000, 0x0000000713000000|  0%| F|  |TAMS 0x0000000712e00000, 0x0000000712e00000| Untracked 
|  93|0x0000000713000000, 0x0000000713000000, 0x0000000713200000|  0%| F|  |TAMS 0x0000000713000000, 0x0000000713000000| Untracked 
|  94|0x0000000713200000, 0x0000000713200000, 0x0000000713400000|  0%| F|  |TAMS 0x0000000713200000, 0x0000000713200000| Untracked 
|  95|0x0000000713400000, 0x0000000713400000, 0x0000000713600000|  0%| F|  |TAMS 0x0000000713400000, 0x0000000713400000| Untracked 
|  96|0x0000000713600000, 0x0000000713600000, 0x0000000713800000|  0%| F|  |TAMS 0x0000000713600000, 0x0000000713600000| Untracked 
|  97|0x0000000713800000, 0x0000000713800000, 0x0000000713a00000|  0%| F|  |TAMS 0x0000000713800000, 0x0000000713800000| Untracked 
|  98|0x0000000713a00000, 0x0000000713a00000, 0x0000000713c00000|  0%| F|  |TAMS 0x0000000713a00000, 0x0000000713a00000| Untracked 
|  99|0x0000000713c00000, 0x0000000713c00000, 0x0000000713e00000|  0%| F|  |TAMS 0x0000000713c00000, 0x0000000713c00000| Untracked 
| 100|0x0000000713e00000, 0x0000000713e00000, 0x0000000714000000|  0%| F|  |TAMS 0x0000000713e00000, 0x0000000713e00000| Untracked 
| 101|0x0000000714000000, 0x0000000714000000, 0x0000000714200000|  0%| F|  |TAMS 0x0000000714000000, 0x0000000714000000| Untracked 
| 102|0x0000000714200000, 0x0000000714200000, 0x0000000714400000|  0%| F|  |TAMS 0x0000000714200000, 0x0000000714200000| Untracked 
| 103|0x0000000714400000, 0x0000000714400000, 0x0000000714600000|  0%| F|  |TAMS 0x0000000714400000, 0x0000000714400000| Untracked 
| 104|0x0000000714600000, 0x0000000714600000, 0x0000000714800000|  0%| F|  |TAMS 0x0000000714600000, 0x0000000714600000| Untracked 
| 105|0x0000000714800000, 0x0000000714800000, 0x0000000714a00000|  0%| F|  |TAMS 0x0000000714800000, 0x0000000714800000| Untracked 
| 106|0x0000000714a00000, 0x0000000714a00000, 0x0000000714c00000|  0%| F|  |TAMS 0x0000000714a00000, 0x0000000714a00000| Untracked 
| 107|0x0000000714c00000, 0x0000000714c00000, 0x0000000714e00000|  0%| F|  |TAMS 0x0000000714c00000, 0x0000000714c00000| Untracked 
| 108|0x0000000714e00000, 0x0000000714e00000, 0x0000000715000000|  0%| F|  |TAMS 0x0000000714e00000, 0x0000000714e00000| Untracked 
| 109|0x0000000715000000, 0x0000000715000000, 0x0000000715200000|  0%| F|  |TAMS 0x0000000715000000, 0x0000000715000000| Untracked 
| 110|0x0000000715200000, 0x0000000715200000, 0x0000000715400000|  0%| F|  |TAMS 0x0000000715200000, 0x0000000715200000| Untracked 
| 111|0x0000000715400000, 0x0000000715400000, 0x0000000715600000|  0%| F|  |TAMS 0x0000000715400000, 0x0000000715400000| Untracked 
| 112|0x0000000715600000, 0x0000000715600000, 0x0000000715800000|  0%| F|  |TAMS 0x0000000715600000, 0x0000000715600000| Untracked 
| 113|0x0000000715800000, 0x0000000715800000, 0x0000000715a00000|  0%| F|  |TAMS 0x0000000715800000, 0x0000000715800000| Untracked 
| 114|0x0000000715a00000, 0x0000000715a00000, 0x0000000715c00000|  0%| F|  |TAMS 0x0000000715a00000, 0x0000000715a00000| Untracked 
| 115|0x0000000715c00000, 0x0000000715c00000, 0x0000000715e00000|  0%| F|  |TAMS 0x0000000715c00000, 0x0000000715c00000| Untracked 
| 116|0x0000000715e00000, 0x0000000715e00000, 0x0000000716000000|  0%| F|  |TAMS 0x0000000715e00000, 0x0000000715e00000| Untracked 
| 117|0x0000000716000000, 0x0000000716000000, 0x0000000716200000|  0%| F|  |TAMS 0x0000000716000000, 0x0000000716000000| Untracked 
| 118|0x0000000716200000, 0x0000000716200000, 0x0000000716400000|  0%| F|  |TAMS 0x0000000716200000, 0x0000000716200000| Untracked 
| 119|0x0000000716400000, 0x0000000716400000, 0x0000000716600000|  0%| F|  |TAMS 0x0000000716400000, 0x0000000716400000| Untracked 
| 120|0x0000000716600000, 0x0000000716600000, 0x0000000716800000|  0%| F|  |TAMS 0x0000000716600000, 0x0000000716600000| Untracked 
| 121|0x0000000716800000, 0x0000000716800000, 0x0000000716a00000|  0%| F|  |TAMS 0x0000000716800000, 0x0000000716800000| Untracked 
| 122|0x0000000716a00000, 0x0000000716c00000, 0x0000000716c00000|100%| E|  |TAMS 0x0000000716a00000, 0x0000000716a00000| Complete 
| 123|0x0000000716c00000, 0x0000000716e00000, 0x0000000716e00000|100%| E|CS|TAMS 0x0000000716c00000, 0x0000000716c00000| Complete 
| 124|0x0000000716e00000, 0x0000000717000000, 0x0000000717000000|100%| E|CS|TAMS 0x0000000716e00000, 0x0000000716e00000| Complete 

Card table byte_map: [0x00007fc997f31000,0x00007fc9986f6000] _byte_map_base: 0x00007fc9946f6000

Marking Bits (Prev, Next): (CMBitMap*) 0x00007fc9ac075e80, (CMBitMap*) 0x00007fc9ac075ec0
 Prev Bits: [0x00007fc993944000, 0x00007fc99776c000)
 Next Bits: [0x00007fc98fb1c000, 0x00007fc993944000)

Polling page: 0x00007fc9b24e5000

Metaspace:

Usage:
  Non-class:      8,36 MB used.
      Class:    820,17 KB used.
       Both:      9,16 MB used.

Virtual space:
  Non-class space:       16,00 MB reserved,       8,44 MB ( 53%) committed,  2 nodes.
      Class space:        1,00 GB reserved,     896,00 KB ( <1%) committed,  1 nodes.
             Both:        1,02 GB reserved,       9,31 MB ( <1%) committed. 

Chunk freelists:
   Non-Class:  2,70 MB
       Class:  2,97 MB
        Both:  5,67 MB

MaxMetaspaceSize: unlimited
CompressedClassSpaceSize: 1,00 GB
Initial GC threshold: 21,00 MB
Current GC threshold: 21,00 MB
CDS: off
MetaspaceReclaimPolicy: balanced
 - commit_granule_bytes: 65536.
 - commit_granule_words: 8192.
 - virtual_space_node_default_size: 1048576.
 - enlarge_chunks_in_place: 1.
 - new_chunks_are_fully_committed: 0.
 - uncommit_free_chunks: 1.
 - use_allocation_guard: 0.
 - handle_deallocations: 1.


Internal statistics:

num_allocs_failed_limit: 0.
num_arena_births: 8.
num_arena_deaths: 0.
num_vsnodes_births: 3.
num_vsnodes_deaths: 0.
num_space_committed: 149.
num_space_uncommitted: 0.
num_chunks_returned_to_freelist: 0.
num_chunks_taken_from_freelist: 48.
num_chunk_merges: 0.
num_chunk_splits: 21.
num_chunks_enlarged: 16.
num_purges: 0.
num_inconsistent_stats: 0.

CodeHeap 'non-profiled nmethods': size=120028Kb used=128Kb max_used=128Kb free=119899Kb
 bounds [0x00007fc9a1277000, 0x00007fc9a14e7000, 0x00007fc9a87ae000]
CodeHeap 'profiled nmethods': size=120028Kb used=641Kb max_used=641Kb free=119386Kb
 bounds [0x00007fc999d40000, 0x00007fc999fb0000, 0x00007fc9a1277000]
CodeHeap 'non-nmethods': size=5704Kb used=1177Kb max_used=1195Kb free=4526Kb
 bounds [0x00007fc9997ae000, 0x00007fc999a1e000, 0x00007fc999d40000]
 total_blobs=828 nmethods=421 adapters=321
 compilation: enabled
              stopped_count=0, restarted_count=0
 full_count=0

Compilation events (20 events):
Event: 0,513 Thread 0x00007fc9ac1ffc00 nmethod 416 0x00007fc999ddea10 code [0x00007fc999ddec40, 0x00007fc999ddf250]
Event: 0,513 Thread 0x00007fc9ac1fe720 nmethod 405 0x00007fc9a1295810 code [0x00007fc9a12959a0, 0x00007fc9a1295a98]
Event: 0,513 Thread 0x00007fc9ac1ffc00  415       3       java.lang.invoke.MethodType::equals (56 bytes)
Event: 0,513 Thread 0x00007fc9ac1fe720  373       4       java.lang.invoke.VarHandleByteArrayAsInts$ArrayHandle::index (12 bytes)
Event: 0,513 Thread 0x00007fc9ac1ffc00 nmethod 415 0x00007fc999ddf590 code [0x00007fc999ddf7c0, 0x00007fc999de0390]
Event: 0,513 Thread 0x00007fc9ac1ffc00  417       1       java.net.URL::getPath (5 bytes)
Event: 0,513 Thread 0x00007fc9ac1ffc00 nmethod 417 0x00007fc9a1295b90 code [0x00007fc9a1295d20, 0x00007fc9a1295df0]
Event: 0,514 Thread 0x00007fc9ac1ffc00  420       1       java.lang.Integer::intValue (5 bytes)
Event: 0,514 Thread 0x00007fc9ac1fe720 nmethod 373 0x00007fc9a1295e90 code [0x00007fc9a1296020, 0x00007fc9a12960d8]
Event: 0,514 Thread 0x00007fc9ac1fe720  360       4       java.lang.invoke.VarHandleByteArrayAsInts$ArrayHandle::get (36 bytes)
Event: 0,514 Thread 0x00007fc9ac1ffc00 nmethod 420 0x00007fc9a1296190 code [0x00007fc9a1296320, 0x00007fc9a12963f0]
Event: 0,514 Thread 0x00007fc9ac1ffc00  418       1       java.net.URL::getAuthority (5 bytes)
Event: 0,514 Thread 0x00007fc9ac1ffc00 nmethod 418 0x00007fc9a1296490 code [0x00007fc9a1296620, 0x00007fc9a12966f0]
Event: 0,514 Thread 0x00007fc9ac1ffc00  419       1       java.net.URL::getQuery (5 bytes)
Event: 0,514 Thread 0x00007fc9ac1ffc00 nmethod 419 0x00007fc9a1296790 code [0x00007fc9a1296920, 0x00007fc9a12969f0]
Event: 0,514 Thread 0x00007fc9ac1fe720 nmethod 360 0x00007fc9a1296a90 code [0x00007fc9a1296c20, 0x00007fc9a1296d78]
Event: 13,642 Thread 0x00007fc9ac1fe720  421       4       java.lang.AbstractStringBuilder::ensureCapacityInternal (39 bytes)
Event: 13,642 Thread 0x00007fc9ac1ffc00  422       1       org.eclipse.jdt.launching.internal.org.objectweb.asm.SymbolTable::getMajorVersion (5 bytes)
Event: 13,642 Thread 0x00007fc9ac1ffc00 nmethod 422 0x00007fc9a1296f10 code [0x00007fc9a12970a0, 0x00007fc9a1297170]
Event: 13,649 Thread 0x00007fc9ac1fe720 


GC Heap History (0 events):
No events

Deoptimization events (20 events):
Event: 0,493 Thread 0x00007fc9ac0262d0 DEOPT PACKING pc=0x00007fc999dbbc7c sp=0x00007fc9b08fa400
Event: 0,493 Thread 0x00007fc9ac0262d0 DEOPT UNPACKING pc=0x00007fc99980082f sp=0x00007fc9b08f9888 mode 0
Event: 0,494 Thread 0x00007fc9ac0262d0 DEOPT PACKING pc=0x00007fc999dbbc7c sp=0x00007fc9b08fb6f0
Event: 0,494 Thread 0x00007fc9ac0262d0 DEOPT UNPACKING pc=0x00007fc99980082f sp=0x00007fc9b08fab78 mode 0
Event: 0,494 Thread 0x00007fc9ac0262d0 DEOPT PACKING pc=0x00007fc999dbbc7c sp=0x00007fc9b08fb6f0
Event: 0,494 Thread 0x00007fc9ac0262d0 DEOPT UNPACKING pc=0x00007fc99980082f sp=0x00007fc9b08fab78 mode 0
Event: 0,496 Thread 0x00007fc9ac0262d0 DEOPT PACKING pc=0x00007fc999dbbc7c sp=0x00007fc9b08fb620
Event: 0,496 Thread 0x00007fc9ac0262d0 DEOPT UNPACKING pc=0x00007fc99980082f sp=0x00007fc9b08faaa8 mode 0
Event: 0,497 Thread 0x00007fc9ac0262d0 DEOPT PACKING pc=0x00007fc999dbbc7c sp=0x00007fc9b08fb580
Event: 0,497 Thread 0x00007fc9ac0262d0 DEOPT UNPACKING pc=0x00007fc99980082f sp=0x00007fc9b08faa08 mode 0
Event: 0,500 Thread 0x00007fc9ac0262d0 DEOPT PACKING pc=0x00007fc999dbbc7c sp=0x00007fc9b08fb6e0
Event: 0,500 Thread 0x00007fc9ac0262d0 DEOPT UNPACKING pc=0x00007fc99980082f sp=0x00007fc9b08fab68 mode 0
Event: 0,501 Thread 0x00007fc9ac0262d0 DEOPT PACKING pc=0x00007fc999dbbc7c sp=0x00007fc9b08fa000
Event: 0,501 Thread 0x00007fc9ac0262d0 DEOPT UNPACKING pc=0x00007fc99980082f sp=0x00007fc9b08f9488 mode 0
Event: 0,501 Thread 0x00007fc9ac0262d0 DEOPT PACKING pc=0x00007fc999dbbc7c sp=0x00007fc9b08fa000
Event: 0,501 Thread 0x00007fc9ac0262d0 DEOPT UNPACKING pc=0x00007fc99980082f sp=0x00007fc9b08f9488 mode 0
Event: 0,502 Thread 0x00007fc9ac0262d0 DEOPT PACKING pc=0x00007fc999dbbc7c sp=0x00007fc9b08fa000
Event: 0,502 Thread 0x00007fc9ac0262d0 DEOPT UNPACKING pc=0x00007fc99980082f sp=0x00007fc9b08f9488 mode 0
Event: 0,502 Thread 0x00007fc9ac0262d0 DEOPT PACKING pc=0x00007fc999dbbc7c sp=0x00007fc9b08fa000
Event: 0,502 Thread 0x00007fc9ac0262d0 DEOPT UNPACKING pc=0x00007fc99980082f sp=0x00007fc9b08f9488 mode 0

Classes unloaded (0 events):
No events

Classes redefined (1 events):
Event: 13,643 Thread 0x00007fc9ac1839b0 redefined class name=br.ufs.dcomp.AIproject.csp.ScheduleCSP, count=1

Internal exceptions (0 events):
No events

VM Operations (20 events):
Event: 1,162 Executing VM operation: get/set locals
Event: 1,162 Executing VM operation: get/set locals done
Event: 1,163 Executing VM operation: get/set locals
Event: 1,163 Executing VM operation: get/set locals done
Event: 1,163 Executing VM operation: get/set locals
Event: 1,163 Executing VM operation: get/set locals done
Event: 1,182 Executing VM operation: get/set locals
Event: 1,182 Executing VM operation: get/set locals done
Event: 1,183 Executing VM operation: get/set locals
Event: 1,183 Executing VM operation: get/set locals done
Event: 1,185 Executing VM operation: get/set locals
Event: 1,185 Executing VM operation: get/set locals done
Event: 1,216 Executing VM operation: get/set locals
Event: 1,216 Executing VM operation: get/set locals done
Event: 13,637 Executing VM operation: ChangeSingleStep
Event: 13,637 Executing VM operation: ChangeSingleStep done
Event: 13,637 Executing VM operation: ChangeSingleStep
Event: 13,637 Executing VM operation: ChangeSingleStep done
Event: 13,643 Executing VM operation: RedefineClasses
Event: 13,645 Executing VM operation: RedefineClasses done

Events (20 events):
Event: 0,485 loading class jdk/internal/reflect/UTF8
Event: 0,485 loading class jdk/internal/reflect/UTF8 done
Event: 0,486 loading class jdk/internal/reflect/Label
Event: 0,486 loading class jdk/internal/reflect/Label done
Event: 0,486 loading class jdk/internal/reflect/Label$PatchInfo
Event: 0,486 loading class jdk/internal/reflect/Label$PatchInfo done
Event: 0,486 loading class jdk/internal/reflect/MethodAccessorGenerator$1
Event: 0,486 loading class jdk/internal/reflect/MethodAccessorGenerator$1 done
Event: 0,486 loading class jdk/internal/reflect/ClassDefiner
Event: 0,486 loading class jdk/internal/reflect/ClassDefiner done
Event: 0,486 loading class jdk/internal/reflect/ClassDefiner$1
Event: 0,486 loading class jdk/internal/reflect/ClassDefiner$1 done
Event: 0,486 loading class java/lang/Class$1
Event: 0,487 loading class java/lang/Class$1 done
Event: 0,487 loading class jdk/internal/reflect/BootstrapConstructorAccessorImpl
Event: 0,487 loading class jdk/internal/reflect/BootstrapConstructorAccessorImpl done
Event: 0,503 loading class java/lang/IllegalStateException
Event: 0,503 loading class java/lang/IllegalStateException done
Event: 0,509 loading class java/lang/CloneNotSupportedException
Event: 0,509 loading class java/lang/CloneNotSupportedException done


Dynamic libraries:
707600000-717000000 rw-p 00000000 00:00 0 
717000000-800000000 ---p 00000000 00:00 0 
800000000-800020000 rw-p 00000000 00:00 0 
800020000-800040000 rw-p 00000000 00:00 0 
800040000-8000d0000 rw-p 00000000 00:00 0 
8000d0000-800100000 ---p 00000000 00:00 0 
800100000-800110000 rw-p 00000000 00:00 0 
800110000-840000000 ---p 00000000 00:00 0 
55afa8d30000-55afa8d31000 r-xp 00000000 103:04 808978                    /home/juanb/eclipse/plugins/org.eclipse.justj.openjdk.hotspot.jre.full.linux.x86_64_17.0.1.v20211116-1657/jre/bin/java
55afa8f31000-55afa8f32000 r--p 00001000 103:04 808978                    /home/juanb/eclipse/plugins/org.eclipse.justj.openjdk.hotspot.jre.full.linux.x86_64_17.0.1.v20211116-1657/jre/bin/java
55afa8f32000-55afa8f33000 rw-p 00002000 103:04 808978                    /home/juanb/eclipse/plugins/org.eclipse.justj.openjdk.hotspot.jre.full.linux.x86_64_17.0.1.v20211116-1657/jre/bin/java
55afa9339000-55afa935a000 rw-p 00000000 00:00 0                          [heap]
7fc934000000-7fc934021000 rw-p 00000000 00:00 0 
7fc934021000-7fc938000000 ---p 00000000 00:00 0 
7fc93c000000-7fc93c021000 rw-p 00000000 00:00 0 
7fc93c021000-7fc940000000 ---p 00000000 00:00 0 
7fc940000000-7fc940021000 rw-p 00000000 00:00 0 
7fc940021000-7fc944000000 ---p 00000000 00:00 0 
7fc944000000-7fc944027000 rw-p 00000000 00:00 0 
7fc944027000-7fc948000000 ---p 00000000 00:00 0 
7fc948000000-7fc948021000 rw-p 00000000 00:00 0 
7fc948021000-7fc94c000000 ---p 00000000 00:00 0 
7fc94c000000-7fc94c021000 rw-p 00000000 00:00 0 
7fc94c021000-7fc950000000 ---p 00000000 00:00 0 
7fc950000000-7fc950021000 rw-p 00000000 00:00 0 
7fc950021000-7fc954000000 ---p 00000000 00:00 0 
7fc954000000-7fc95437c000 rw-p 00000000 00:00 0 
7fc95437c000-7fc958000000 ---p 00000000 00:00 0 
7fc958000000-7fc958235000 rw-p 00000000 00:00 0 
7fc958235000-7fc95c000000 ---p 00000000 00:00 0 
7fc95c000000-7fc95c021000 rw-p 00000000 00:00 0 
7fc95c021000-7fc960000000 ---p 00000000 00:00 0 
7fc960000000-7fc960021000 rw-p 00000000 00:00 0 
7fc960021000-7fc964000000 ---p 00000000 00:00 0 
7fc964000000-7fc964021000 rw-p 00000000 00:00 0 
7fc964021000-7fc968000000 ---p 00000000 00:00 0 
7fc968000000-7fc968021000 rw-p 00000000 00:00 0 
7fc968021000-7fc96c000000 ---p 00000000 00:00 0 
7fc96c000000-7fc96c021000 rw-p 00000000 00:00 0 
7fc96c021000-7fc970000000 ---p 00000000 00:00 0 
7fc970000000-7fc970021000 rw-p 00000000 00:00 0 
7fc970021000-7fc974000000 ---p 00000000 00:00 0 
7fc975804000-7fc975bee000 rw-p 00000000 00:00 0 
7fc975bee000-7fc975bfb000 r-xp 00000000 103:04 1371440                   /home/juanb/eclipse/plugins/org.eclipse.justj.openjdk.hotspot.jre.full.linux.x86_64_17.0.1.v20211116-1657/jre/lib/libverify.so
7fc975bfb000-7fc975dfa000 ---p 0000d000 103:04 1371440                   /home/juanb/eclipse/plugins/org.eclipse.justj.openjdk.hotspot.jre.full.linux.x86_64_17.0.1.v20211116-1657/jre/lib/libverify.so
7fc975dfa000-7fc975dfc000 r--p 0000c000 103:04 1371440                   /home/juanb/eclipse/plugins/org.eclipse.justj.openjdk.hotspot.jre.full.linux.x86_64_17.0.1.v20211116-1657/jre/lib/libverify.so
7fc975dfc000-7fc975dfd000 rw-p 0000e000 103:04 1371440                   /home/juanb/eclipse/plugins/org.eclipse.justj.openjdk.hotspot.jre.full.linux.x86_64_17.0.1.v20211116-1657/jre/lib/libverify.so
7fc975dfd000-7fc975dfe000 ---p 00000000 00:00 0 
7fc975dfe000-7fc975eff000 rw-p 00000000 00:00 0 
7fc975eff000-7fc975f03000 ---p 00000000 00:00 0 
7fc975f03000-7fc976050000 rw-p 00000000 00:00 0 
7fc976050000-7fc976100000 ---p 00000000 00:00 0 
7fc976100000-7fc976120000 rw-p 00000000 00:00 0 
7fc976120000-7fc976800000 ---p 00000000 00:00 0 
7fc976854000-7fc976869000 r-xp 00000000 103:04 1371447                   /home/juanb/eclipse/plugins/org.eclipse.justj.openjdk.hotspot.jre.full.linux.x86_64_17.0.1.v20211116-1657/jre/lib/libnet.so
7fc976869000-7fc976a68000 ---p 00015000 103:04 1371447                   /home/juanb/eclipse/plugins/org.eclipse.justj.openjdk.hotspot.jre.full.linux.x86_64_17.0.1.v20211116-1657/jre/lib/libnet.so
7fc976a68000-7fc976a69000 r--p 00014000 103:04 1371447                   /home/juanb/eclipse/plugins/org.eclipse.justj.openjdk.hotspot.jre.full.linux.x86_64_17.0.1.v20211116-1657/jre/lib/libnet.so
7fc976a69000-7fc976a6a000 rw-p 00015000 103:04 1371447                   /home/juanb/eclipse/plugins/org.eclipse.justj.openjdk.hotspot.jre.full.linux.x86_64_17.0.1.v20211116-1657/jre/lib/libnet.so
7fc976a6a000-7fc976a7c000 r-xp 00000000 103:04 1371441                   /home/juanb/eclipse/plugins/org.eclipse.justj.openjdk.hotspot.jre.full.linux.x86_64_17.0.1.v20211116-1657/jre/lib/libnio.so
7fc976a7c000-7fc976c7b000 ---p 00012000 103:04 1371441                   /home/juanb/eclipse/plugins/org.eclipse.justj.openjdk.hotspot.jre.full.linux.x86_64_17.0.1.v20211116-1657/jre/lib/libnio.so
7fc976c7b000-7fc976c7c000 r--p 00011000 103:04 1371441                   /home/juanb/eclipse/plugins/org.eclipse.justj.openjdk.hotspot.jre.full.linux.x86_64_17.0.1.v20211116-1657/jre/lib/libnio.so
7fc976c7c000-7fc976c7d000 rw-p 00012000 103:04 1371441                   /home/juanb/eclipse/plugins/org.eclipse.justj.openjdk.hotspot.jre.full.linux.x86_64_17.0.1.v20211116-1657/jre/lib/libnio.so
7fc976c7d000-7fc976c81000 ---p 00000000 00:00 0 
7fc976c81000-7fc976d7e000 rw-p 00000000 00:00 0 
7fc976d7e000-7fc976d82000 ---p 00000000 00:00 0 
7fc976d82000-7fc976e7f000 rw-p 00000000 00:00 0 
7fc976e7f000-7fc976e83000 ---p 00000000 00:00 0 
7fc976e83000-7fc976f80000 rw-p 00000000 00:00 0 
7fc976f80000-7fc976f85000 r-xp 00000000 103:04 1371471                   /home/juanb/eclipse/plugins/org.eclipse.justj.openjdk.hotspot.jre.full.linux.x86_64_17.0.1.v20211116-1657/jre/lib/libdt_socket.so
7fc976f85000-7fc977184000 ---p 00005000 103:04 1371471                   /home/juanb/eclipse/plugins/org.eclipse.justj.openjdk.hotspot.jre.full.linux.x86_64_17.0.1.v20211116-1657/jre/lib/libdt_socket.so
7fc977184000-7fc977185000 r--p 00004000 103:04 1371471                   /home/juanb/eclipse/plugins/org.eclipse.justj.openjdk.hotspot.jre.full.linux.x86_64_17.0.1.v20211116-1657/jre/lib/libdt_socket.so
7fc977185000-7fc977186000 rw-p 00005000 103:04 1371471                   /home/juanb/eclipse/plugins/org.eclipse.justj.openjdk.hotspot.jre.full.linux.x86_64_17.0.1.v20211116-1657/jre/lib/libdt_socket.so
7fc977186000-7fc97718a000 ---p 00000000 00:00 0 
7fc97718a000-7fc977287000 rw-p 00000000 00:00 0 
7fc977287000-7fc97728b000 ---p 00000000 00:00 0 
7fc97728b000-7fc977388000 rw-p 00000000 00:00 0 
7fc977388000-7fc97738c000 ---p 00000000 00:00 0 
7fc97738c000-7fc977489000 rw-p 00000000 00:00 0 
7fc977489000-7fc97748d000 ---p 00000000 00:00 0 
7fc97748d000-7fc97758a000 rw-p 00000000 00:00 0 
7fc97758a000-7fc97758e000 ---p 00000000 00:00 0 
7fc97758e000-7fc97768b000 rw-p 00000000 00:00 0 
7fc97768b000-7fc97768f000 ---p 00000000 00:00 0 
7fc97768f000-7fc97778c000 rw-p 00000000 00:00 0 
7fc97778c000-7fc977790000 ---p 00000000 00:00 0 
7fc977790000-7fc97788d000 rw-p 00000000 00:00 0 
7fc97788d000-7fc977dfe000 r--p 00000000 103:04 1835010                   /usr/lib/locale/locale-archive
7fc977dfe000-7fc977e02000 ---p 00000000 00:00 0 
7fc977e02000-7fc977eff000 rw-p 00000000 00:00 0 
7fc977eff000-7fc977f03000 ---p 00000000 00:00 0 
7fc977f03000-7fc978000000 rw-p 00000000 00:00 0 
7fc978000000-7fc978021000 rw-p 00000000 00:00 0 
7fc978021000-7fc97c000000 ---p 00000000 00:00 0 
7fc97c000000-7fc97c021000 rw-p 00000000 00:00 0 
7fc97c021000-7fc980000000 ---p 00000000 00:00 0 
7fc980000000-7fc980021000 rw-p 00000000 00:00 0 
7fc980021000-7fc984000000 ---p 00000000 00:00 0 
7fc984000000-7fc984021000 rw-p 00000000 00:00 0 
7fc984021000-7fc988000000 ---p 00000000 00:00 0 
7fc988000000-7fc988021000 rw-p 00000000 00:00 0 
7fc988021000-7fc98c000000 ---p 00000000 00:00 0 
7fc98c0f5000-7fc98c0f6000 ---p 00000000 00:00 0 
7fc98c0f6000-7fc98c1f7000 rw-p 00000000 00:00 0 
7fc98c1f7000-7fc98c1fe000 r-xp 00000000 103:04 1371436                   /home/juanb/eclipse/plugins/org.eclipse.justj.openjdk.hotspot.jre.full.linux.x86_64_17.0.1.v20211116-1657/jre/lib/libzip.so
7fc98c1fe000-7fc98c3fe000 ---p 00007000 103:04 1371436                   /home/juanb/eclipse/plugins/org.eclipse.justj.openjdk.hotspot.jre.full.linux.x86_64_17.0.1.v20211116-1657/jre/lib/libzip.so
7fc98c3fe000-7fc98c3ff000 r--p 00007000 103:04 1371436                   /home/juanb/eclipse/plugins/org.eclipse.justj.openjdk.hotspot.jre.full.linux.x86_64_17.0.1.v20211116-1657/jre/lib/libzip.so
7fc98c3ff000-7fc98c400000 rw-p 00008000 103:04 1371436                   /home/juanb/eclipse/plugins/org.eclipse.justj.openjdk.hotspot.jre.full.linux.x86_64_17.0.1.v20211116-1657/jre/lib/libzip.so
7fc98c400000-7fc98c900000 rw-p 00000000 00:00 0 
7fc98c900000-7fc98c920000 rw-p 00000000 00:00 0 
7fc98c920000-7fc98c940000 rw-p 00000000 00:00 0 
7fc98c940000-7fc98c980000 rw-p 00000000 00:00 0 
7fc98c980000-7fc98cc00000 rw-p 00000000 00:00 0 
7fc98cce6000-7fc98cced000 r--s 00000000 103:04 1705149                   /usr/lib/x86_64-linux-gnu/gconv/gconv-modules.cache
7fc98cced000-7fc98ce0a000 rw-p 00000000 00:00 0 
7fc98ce0a000-7fc98ce0b000 ---p 00000000 00:00 0 
7fc98ce0b000-7fc98cf0c000 rw-p 00000000 00:00 0 
7fc98cf0c000-7fc98cf0d000 ---p 00000000 00:00 0 
7fc98cf0d000-7fc98f816000 rw-p 00000000 00:00 0 
7fc98f816000-7fc98f817000 ---p 00000000 00:00 0 
7fc98f817000-7fc98f918000 rw-p 00000000 00:00 0 
7fc98f918000-7fc98f919000 ---p 00000000 00:00 0 
7fc98f919000-7fc98fa1a000 rw-p 00000000 00:00 0 
7fc98fa1a000-7fc98fa1b000 ---p 00000000 00:00 0 
7fc98fa1b000-7fc98ff04000 rw-p 00000000 00:00 0 
7fc98ff04000-7fc993944000 ---p 00000000 00:00 0 
7fc993944000-7fc993d2c000 rw-p 00000000 00:00 0 
7fc993d2c000-7fc99776c000 ---p 00000000 00:00 0 
7fc99776c000-7fc9977e9000 rw-p 00000000 00:00 0 
7fc9977e9000-7fc997f31000 ---p 00000000 00:00 0 
7fc997f31000-7fc997fae000 rw-p 00000000 00:00 0 
7fc997fae000-7fc9986f6000 ---p 00000000 00:00 0 
7fc9986f6000-7fc998773000 rw-p 00000000 00:00 0 
7fc998773000-7fc998ebb000 ---p 00000000 00:00 0 
7fc998ebb000-7fc9996c8000 rw-p 00000000 00:00 0 
7fc9996c8000-7fc9997ae000 ---p 00000000 00:00 0 
7fc9997ae000-7fc999a1e000 rwxp 00000000 00:00 0 
7fc999a1e000-7fc999d40000 ---p 00000000 00:00 0 
7fc999d40000-7fc999fb0000 rwxp 00000000 00:00 0 
7fc999fb0000-7fc9a1277000 ---p 00000000 00:00 0 
7fc9a1277000-7fc9a14e7000 rwxp 00000000 00:00 0 
7fc9a14e7000-7fc9a87ae000 ---p 00000000 00:00 0 
7fc9a87ae000-7fc9a87b8000 r-xp 00000000 103:04 1371461                   /home/juanb/eclipse/plugins/org.eclipse.justj.openjdk.hotspot.jre.full.linux.x86_64_17.0.1.v20211116-1657/jre/lib/libinstrument.so
7fc9a87b8000-7fc9a89b7000 ---p 0000a000 103:04 1371461                   /home/juanb/eclipse/plugins/org.eclipse.justj.openjdk.hotspot.jre.full.linux.x86_64_17.0.1.v20211116-1657/jre/lib/libinstrument.so
7fc9a89b7000-7fc9a89b8000 r--p 00009000 103:04 1371461                   /home/juanb/eclipse/plugins/org.eclipse.justj.openjdk.hotspot.jre.full.linux.x86_64_17.0.1.v20211116-1657/jre/lib/libinstrument.so
7fc9a89b8000-7fc9a89b9000 rw-p 0000a000 103:04 1371461                   /home/juanb/eclipse/plugins/org.eclipse.justj.openjdk.hotspot.jre.full.linux.x86_64_17.0.1.v20211116-1657/jre/lib/libinstrument.so
7fc9a89b9000-7fc9ac000000 r--s 00000000 103:04 1371435                   /home/juanb/eclipse/plugins/org.eclipse.justj.openjdk.hotspot.jre.full.linux.x86_64_17.0.1.v20211116-1657/jre/lib/modules
7fc9ac000000-7fc9ac4d5000 rw-p 00000000 00:00 0 
7fc9ac4d5000-7fc9b0000000 ---p 00000000 00:00 0 
7fc9b0002000-7fc9b0088000 rw-p 00000000 00:00 0 
7fc9b0088000-7fc9b016e000 ---p 00000000 00:00 0 
7fc9b016e000-7fc9b0173000 rw-p 00000000 00:00 0 
7fc9b0173000-7fc9b017a000 ---p 00000000 00:00 0 
7fc9b017a000-7fc9b019e000 r-xp 00000000 103:04 1371448                   /home/juanb/eclipse/plugins/org.eclipse.justj.openjdk.hotspot.jre.full.linux.x86_64_17.0.1.v20211116-1657/jre/lib/libjava.so
7fc9b019e000-7fc9b039e000 ---p 00024000 103:04 1371448                   /home/juanb/eclipse/plugins/org.eclipse.justj.openjdk.hotspot.jre.full.linux.x86_64_17.0.1.v20211116-1657/jre/lib/libjava.so
7fc9b039e000-7fc9b039f000 r--p 00024000 103:04 1371448                   /home/juanb/eclipse/plugins/org.eclipse.justj.openjdk.hotspot.jre.full.linux.x86_64_17.0.1.v20211116-1657/jre/lib/libjava.so
7fc9b039f000-7fc9b03a0000 rw-p 00025000 103:04 1371448                   /home/juanb/eclipse/plugins/org.eclipse.justj.openjdk.hotspot.jre.full.linux.x86_64_17.0.1.v20211116-1657/jre/lib/libjava.so
7fc9b03a0000-7fc9b03a1000 rw-p 00000000 00:00 0 
7fc9b03a1000-7fc9b03e0000 r-xp 00000000 103:04 1371472                   /home/juanb/eclipse/plugins/org.eclipse.justj.openjdk.hotspot.jre.full.linux.x86_64_17.0.1.v20211116-1657/jre/lib/libjdwp.so
7fc9b03e0000-7fc9b05df000 ---p 0003f000 103:04 1371472                   /home/juanb/eclipse/plugins/org.eclipse.justj.openjdk.hotspot.jre.full.linux.x86_64_17.0.1.v20211116-1657/jre/lib/libjdwp.so
7fc9b05df000-7fc9b05e0000 r--p 0003e000 103:04 1371472                   /home/juanb/eclipse/plugins/org.eclipse.justj.openjdk.hotspot.jre.full.linux.x86_64_17.0.1.v20211116-1657/jre/lib/libjdwp.so
7fc9b05e0000-7fc9b05e1000 rw-p 0003f000 103:04 1371472                   /home/juanb/eclipse/plugins/org.eclipse.justj.openjdk.hotspot.jre.full.linux.x86_64_17.0.1.v20211116-1657/jre/lib/libjdwp.so
7fc9b05e1000-7fc9b05e2000 rw-p 00000000 00:00 0 
7fc9b05e2000-7fc9b05fd000 r-xp 00000000 103:04 1371437                   /home/juanb/eclipse/plugins/org.eclipse.justj.openjdk.hotspot.jre.full.linux.x86_64_17.0.1.v20211116-1657/jre/lib/libjimage.so
7fc9b05fd000-7fc9b07fc000 ---p 0001b000 103:04 1371437                   /home/juanb/eclipse/plugins/org.eclipse.justj.openjdk.hotspot.jre.full.linux.x86_64_17.0.1.v20211116-1657/jre/lib/libjimage.so
7fc9b07fc000-7fc9b07fe000 r--p 0001a000 103:04 1371437                   /home/juanb/eclipse/plugins/org.eclipse.justj.openjdk.hotspot.jre.full.linux.x86_64_17.0.1.v20211116-1657/jre/lib/libjimage.so
7fc9b07fe000-7fc9b07ff000 rw-p 0001c000 103:04 1371437                   /home/juanb/eclipse/plugins/org.eclipse.justj.openjdk.hotspot.jre.full.linux.x86_64_17.0.1.v20211116-1657/jre/lib/libjimage.so
7fc9b07ff000-7fc9b0803000 ---p 00000000 00:00 0 
7fc9b0803000-7fc9b0900000 rw-p 00000000 00:00 0 
7fc9b0900000-7fc9b090d000 r--p 00000000 103:04 1350639                   /usr/lib/x86_64-linux-gnu/libm-2.31.so
7fc9b090d000-7fc9b09b4000 r-xp 0000d000 103:04 1350639                   /usr/lib/x86_64-linux-gnu/libm-2.31.so
7fc9b09b4000-7fc9b0a4d000 r--p 000b4000 103:04 1350639                   /usr/lib/x86_64-linux-gnu/libm-2.31.so
7fc9b0a4d000-7fc9b0a4e000 r--p 0014c000 103:04 1350639                   /usr/lib/x86_64-linux-gnu/libm-2.31.so
7fc9b0a4e000-7fc9b0a4f000 rw-p 0014d000 103:04 1350639                   /usr/lib/x86_64-linux-gnu/libm-2.31.so
7fc9b0a4f000-7fc9b0a51000 r--p 00000000 103:04 1350661                   /usr/lib/x86_64-linux-gnu/librt-2.31.so
7fc9b0a51000-7fc9b0a55000 r-xp 00002000 103:04 1350661                   /usr/lib/x86_64-linux-gnu/librt-2.31.so
7fc9b0a55000-7fc9b0a57000 r--p 00006000 103:04 1350661                   /usr/lib/x86_64-linux-gnu/librt-2.31.so
7fc9b0a57000-7fc9b0a58000 r--p 00007000 103:04 1350661                   /usr/lib/x86_64-linux-gnu/librt-2.31.so
7fc9b0a58000-7fc9b0a59000 rw-p 00008000 103:04 1350661                   /usr/lib/x86_64-linux-gnu/librt-2.31.so
7fc9b0a59000-7fc9b1d38000 r-xp 00000000 103:04 1371427                   /home/juanb/eclipse/plugins/org.eclipse.justj.openjdk.hotspot.jre.full.linux.x86_64_17.0.1.v20211116-1657/jre/lib/server/libjvm.so
7fc9b1d38000-7fc9b1f37000 ---p 012df000 103:04 1371427                   /home/juanb/eclipse/plugins/org.eclipse.justj.openjdk.hotspot.jre.full.linux.x86_64_17.0.1.v20211116-1657/jre/lib/server/libjvm.so
7fc9b1f37000-7fc9b1ff0000 r--p 012de000 103:04 1371427                   /home/juanb/eclipse/plugins/org.eclipse.justj.openjdk.hotspot.jre.full.linux.x86_64_17.0.1.v20211116-1657/jre/lib/server/libjvm.so
7fc9b1ff0000-7fc9b2024000 rw-p 01397000 103:04 1371427                   /home/juanb/eclipse/plugins/org.eclipse.justj.openjdk.hotspot.jre.full.linux.x86_64_17.0.1.v20211116-1657/jre/lib/server/libjvm.so
7fc9b2024000-7fc9b2080000 rw-p 00000000 00:00 0 
7fc9b2080000-7fc9b20a2000 r--p 00000000 103:04 1350635                   /usr/lib/x86_64-linux-gnu/libc-2.31.so
7fc9b20a2000-7fc9b221a000 r-xp 00022000 103:04 1350635                   /usr/lib/x86_64-linux-gnu/libc-2.31.so
7fc9b221a000-7fc9b2268000 r--p 0019a000 103:04 1350635                   /usr/lib/x86_64-linux-gnu/libc-2.31.so
7fc9b2268000-7fc9b226c000 r--p 001e7000 103:04 1350635                   /usr/lib/x86_64-linux-gnu/libc-2.31.so
7fc9b226c000-7fc9b226e000 rw-p 001eb000 103:04 1350635                   /usr/lib/x86_64-linux-gnu/libc-2.31.so
7fc9b226e000-7fc9b2272000 rw-p 00000000 00:00 0 
7fc9b2272000-7fc9b2273000 r--p 00000000 103:04 1350637                   /usr/lib/x86_64-linux-gnu/libdl-2.31.so
7fc9b2273000-7fc9b2275000 r-xp 00001000 103:04 1350637                   /usr/lib/x86_64-linux-gnu/libdl-2.31.so
7fc9b2275000-7fc9b2276000 r--p 00003000 103:04 1350637                   /usr/lib/x86_64-linux-gnu/libdl-2.31.so
7fc9b2276000-7fc9b2277000 r--p 00003000 103:04 1350637                   /usr/lib/x86_64-linux-gnu/libdl-2.31.so
7fc9b2277000-7fc9b2278000 rw-p 00004000 103:04 1350637                   /usr/lib/x86_64-linux-gnu/libdl-2.31.so
7fc9b2278000-7fc9b227e000 r--p 00000000 103:04 1350659                   /usr/lib/x86_64-linux-gnu/libpthread-2.31.so
7fc9b227e000-7fc9b228f000 r-xp 00006000 103:04 1350659                   /usr/lib/x86_64-linux-gnu/libpthread-2.31.so
7fc9b228f000-7fc9b2295000 r--p 00017000 103:04 1350659                   /usr/lib/x86_64-linux-gnu/libpthread-2.31.so
7fc9b2295000-7fc9b2296000 r--p 0001c000 103:04 1350659                   /usr/lib/x86_64-linux-gnu/libpthread-2.31.so
7fc9b2296000-7fc9b2297000 rw-p 0001d000 103:04 1350659                   /usr/lib/x86_64-linux-gnu/libpthread-2.31.so
7fc9b2297000-7fc9b229b000 rw-p 00000000 00:00 0 
7fc9b229b000-7fc9b22aa000 r-xp 00000000 103:04 1371444                   /home/juanb/eclipse/plugins/org.eclipse.justj.openjdk.hotspot.jre.full.linux.x86_64_17.0.1.v20211116-1657/jre/lib/libjli.so
7fc9b22aa000-7fc9b24aa000 ---p 0000f000 103:04 1371444                   /home/juanb/eclipse/plugins/org.eclipse.justj.openjdk.hotspot.jre.full.linux.x86_64_17.0.1.v20211116-1657/jre/lib/libjli.so
7fc9b24aa000-7fc9b24ab000 r--p 0000f000 103:04 1371444                   /home/juanb/eclipse/plugins/org.eclipse.justj.openjdk.hotspot.jre.full.linux.x86_64_17.0.1.v20211116-1657/jre/lib/libjli.so
7fc9b24ab000-7fc9b24ac000 rw-p 00010000 103:04 1371444                   /home/juanb/eclipse/plugins/org.eclipse.justj.openjdk.hotspot.jre.full.linux.x86_64_17.0.1.v20211116-1657/jre/lib/libjli.so
7fc9b24ac000-7fc9b24ae000 r--p 00000000 103:04 1314318                   /usr/lib/x86_64-linux-gnu/libz.so.1.2.11
7fc9b24ae000-7fc9b24bf000 r-xp 00002000 103:04 1314318                   /usr/lib/x86_64-linux-gnu/libz.so.1.2.11
7fc9b24bf000-7fc9b24c5000 r--p 00013000 103:04 1314318                   /usr/lib/x86_64-linux-gnu/libz.so.1.2.11
7fc9b24c5000-7fc9b24c6000 ---p 00019000 103:04 1314318                   /usr/lib/x86_64-linux-gnu/libz.so.1.2.11
7fc9b24c6000-7fc9b24c7000 r--p 00019000 103:04 1314318                   /usr/lib/x86_64-linux-gnu/libz.so.1.2.11
7fc9b24c7000-7fc9b24c8000 rw-p 0001a000 103:04 1314318                   /usr/lib/x86_64-linux-gnu/libz.so.1.2.11
7fc9b24c9000-7fc9b24d1000 rw-s 00000000 103:04 580351                    /tmp/hsperfdata_juanb/215626
7fc9b24d1000-7fc9b24d4000 r--p 00000000 103:04 1350651                   /usr/lib/x86_64-linux-gnu/libnss_files-2.31.so
7fc9b24d4000-7fc9b24db000 r-xp 00003000 103:04 1350651                   /usr/lib/x86_64-linux-gnu/libnss_files-2.31.so
7fc9b24db000-7fc9b24dd000 r--p 0000a000 103:04 1350651                   /usr/lib/x86_64-linux-gnu/libnss_files-2.31.so
7fc9b24dd000-7fc9b24de000 r--p 0000b000 103:04 1350651                   /usr/lib/x86_64-linux-gnu/libnss_files-2.31.so
7fc9b24de000-7fc9b24df000 rw-p 0000c000 103:04 1350651                   /usr/lib/x86_64-linux-gnu/libnss_files-2.31.so
7fc9b24df000-7fc9b24e5000 rw-p 00000000 00:00 0 
7fc9b24e5000-7fc9b24e6000 ---p 00000000 00:00 0 
7fc9b24e6000-7fc9b24e7000 r--p 00000000 00:00 0 
7fc9b24e7000-7fc9b24e9000 rw-p 00000000 00:00 0 
7fc9b24e9000-7fc9b24ea000 r--p 00000000 103:04 1350627                   /usr/lib/x86_64-linux-gnu/ld-2.31.so
7fc9b24ea000-7fc9b250d000 r-xp 00001000 103:04 1350627                   /usr/lib/x86_64-linux-gnu/ld-2.31.so
7fc9b250d000-7fc9b2515000 r--p 00024000 103:04 1350627                   /usr/lib/x86_64-linux-gnu/ld-2.31.so
7fc9b2515000-7fc9b2516000 ---p 00000000 00:00 0 
7fc9b2516000-7fc9b2517000 r--p 0002c000 103:04 1350627                   /usr/lib/x86_64-linux-gnu/ld-2.31.so
7fc9b2517000-7fc9b2518000 rw-p 0002d000 103:04 1350627                   /usr/lib/x86_64-linux-gnu/ld-2.31.so
7fc9b2518000-7fc9b2519000 rw-p 00000000 00:00 0 
7ffe2e39b000-7ffe2e3bc000 rw-p 00000000 00:00 0                          [stack]
7ffe2e3bf000-7ffe2e3c2000 r--p 00000000 00:00 0                          [vvar]
7ffe2e3c2000-7ffe2e3c3000 r-xp 00000000 00:00 0                          [vdso]
ffffffffff600000-ffffffffff601000 --xp 00000000 00:00 0                  [vsyscall]


VM Arguments:
jvm_args: -XX:+ShowCodeDetailsInExceptionMessages -agentlib:jdwp=transport=dt_socket,suspend=y,address=localhost:34749 -javaagent:/home/juanb/eclipse/configuration/org.eclipse.osgi/413/0/.cp/lib/javaagent-shaded.jar -Dfile.encoding=UTF-8 
java_command: br.ufs.dcomp.AIproject.ScheduleCSPDemo
java_class_path (initial): /home/juanb/eclipse-workspace/ProjetoIA/target/classes:/home/juanb/eclipse-workspace/ProjetoIA/lib/aima-core.jar
Launcher Type: SUN_STANDARD

[Global flags]
     intx CICompilerCount                          = 4                                         {product} {ergonomic}
     uint ConcGCThreads                            = 2                                         {product} {ergonomic}
     uint G1ConcRefinementThreads                  = 8                                         {product} {ergonomic}
   size_t G1HeapRegionSize                         = 2097152                                   {product} {ergonomic}
    uintx GCDrainStackTargetSize                   = 64                                        {product} {ergonomic}
   size_t InitialHeapSize                          = 262144000                                 {product} {ergonomic}
   size_t MarkStackSize                            = 4194304                                   {product} {ergonomic}
   size_t MaxHeapSize                              = 4171235328                                {product} {ergonomic}
   size_t MaxNewSize                               = 2501902336                                {product} {ergonomic}
   size_t MinHeapDeltaBytes                        = 2097152                                   {product} {ergonomic}
   size_t MinHeapSize                              = 8388608                                   {product} {ergonomic}
    uintx NonNMethodCodeHeapSize                   = 5839372                                {pd product} {ergonomic}
    uintx NonProfiledCodeHeapSize                  = 122909434                              {pd product} {ergonomic}
    uintx ProfiledCodeHeapSize                     = 122909434                              {pd product} {ergonomic}
    uintx ReservedCodeCacheSize                    = 251658240                              {pd product} {ergonomic}
     bool SegmentedCodeCache                       = true                                      {product} {ergonomic}
     bool ShowCodeDetailsInExceptionMessages       = true                                   {manageable} {command line}
   size_t SoftMaxHeapSize                          = 4171235328                             {manageable} {ergonomic}
     bool UseCompressedClassPointers               = true                           {product lp64_product} {ergonomic}
     bool UseCompressedOops                        = true                           {product lp64_product} {ergonomic}
     bool UseG1GC                                  = true                                      {product} {ergonomic}

Logging:
Log output configuration:
 #0: stdout all=warning uptime,level,tags
 #1: stderr all=off uptime,level,tags

Environment Variables:
PATH=/home/juanb/.local/bin:/usr/local/sbin:/usr/local/bin:/usr/sbin:/usr/bin:/sbin:/bin:/usr/games:/usr/local/games:/snap/bin
SHELL=/bin/bash
DISPLAY=:0
LANG=en_US.UTF-8

Signal Handlers:
   SIGSEGV: crash_handler in libjvm.so, mask=11100100010111111101111111111110, flags=SA_RESTART|SA_SIGINFO
    SIGBUS: crash_handler in libjvm.so, mask=11100100010111111101111111111110, flags=SA_RESTART|SA_SIGINFO
    SIGFPE: crash_handler in libjvm.so, mask=11100100010111111101111111111110, flags=SA_RESTART|SA_SIGINFO
   SIGPIPE: javaSignalHandler in libjvm.so, mask=11100100010111111101111111111110, flags=SA_RESTART|SA_SIGINFO
   SIGXFSZ: javaSignalHandler in libjvm.so, mask=11100100010111111101111111111110, flags=SA_RESTART|SA_SIGINFO
    SIGILL: crash_handler in libjvm.so, mask=11100100010111111101111111111110, flags=SA_RESTART|SA_SIGINFO
   SIGUSR2: SR_handler in libjvm.so, mask=00100000000000000000000000000000, flags=SA_RESTART|SA_SIGINFO
    SIGHUP: UserHandler in libjvm.so, mask=11100100010111111101111111111110, flags=SA_RESTART|SA_SIGINFO
    SIGINT: UserHandler in libjvm.so, mask=11100100010111111101111111111110, flags=SA_RESTART|SA_SIGINFO
   SIGTERM: UserHandler in libjvm.so, mask=11100100010111111101111111111110, flags=SA_RESTART|SA_SIGINFO
   SIGQUIT: UserHandler in libjvm.so, mask=11100100010111111101111111111110, flags=SA_RESTART|SA_SIGINFO
   SIGTRAP: crash_handler in libjvm.so, mask=11100100010111111101111111111110, flags=SA_RESTART|SA_SIGINFO


---------------  S Y S T E M  ---------------

OS:
DISTRIB_ID=LinuxMint
DISTRIB_RELEASE=20.3
DISTRIB_CODENAME=una
DISTRIB_DESCRIPTION="Linux Mint 20.3 Una"
uname: Linux 5.4.0-110-generic #124-Ubuntu SMP Thu Apr 14 19:46:19 UTC 2022 x86_64
OS uptime: 1 days 6:23 hours
libc: glibc 2.31 NPTL 2.31 
rlimit (soft/hard): STACK 8192k/infinity , CORE 0k/infinity , NPROC 63256/63256 , NOFILE 1048576/1048576 , AS infinity/infinity , CPU infinity/infinity , DATA infinity/infinity , FSIZE infinity/infinity , MEMLOCK 65536k/65536k
load average: 2,64 2,77 2,72

/proc/meminfo:
MemTotal:       16287184 kB
MemFree:          757960 kB
MemAvailable:    3737880 kB
Buffers:          693564 kB
Cached:          2718816 kB
SwapCached:         7148 kB
Active:         12299000 kB
Inactive:        2324988 kB
Active(anon):   10307440 kB
Inactive(anon):  1336760 kB
Active(file):    1991560 kB
Inactive(file):   988228 kB
Unevictable:      115728 kB
Mlocked:             144 kB
SwapTotal:        711380 kB
SwapFree:         518160 kB
Dirty:              2096 kB
Writeback:             0 kB
AnonPages:      11324228 kB
Mapped:          1057576 kB
Shmem:            433652 kB
KReclaimable:     341240 kB
Slab:             574208 kB
SReclaimable:     341240 kB
SUnreclaim:       232968 kB
KernelStack:       34272 kB
PageTables:        84808 kB
NFS_Unstable:          0 kB
Bounce:                0 kB
WritebackTmp:          0 kB
CommitLimit:     8854972 kB
Committed_AS:   24867076 kB
VmallocTotal:   34359738367 kB
VmallocUsed:       53952 kB
VmallocChunk:          0 kB
Percpu:             7232 kB
HardwareCorrupted:     0 kB
AnonHugePages:         0 kB
ShmemHugePages:        0 kB
ShmemPmdMapped:        0 kB
FileHugePages:         0 kB
FilePmdMapped:         0 kB
CmaTotal:              0 kB
CmaFree:               0 kB
HugePages_Total:       0
HugePages_Free:        0
HugePages_Rsvd:        0
HugePages_Surp:        0
Hugepagesize:       2048 kB
Hugetlb:               0 kB
DirectMap4k:      658952 kB
DirectMap2M:    16013312 kB
DirectMap1G:           0 kB

/sys/kernel/mm/transparent_hugepage/enabled: always [madvise] never
/sys/kernel/mm/transparent_hugepage/defrag (defrag/compaction efforts parameter): always defer defer+madvise [madvise] never

Process Memory:
Virtual Size: 7099568K (peak: 7158988K)
Resident Set Size: 61644K (peak: 61644K) (anon: 33504K, file: 28140K, shmem: 0K)
Swapped out: 0K
C-Heap outstanding allocations: 5982K

/proc/sys/kernel/threads-max (system-wide limit on the number of threads): 126512
/proc/sys/vm/max_map_count (maximum number of memory map areas a process may have): 65530
/proc/sys/kernel/pid_max (system-wide limit on number of process identifiers): 4194304

container (cgroup) information:
container_type: cgroupv1
cpu_cpuset_cpus: 0-7
cpu_memory_nodes: 0
active_processor_count: 8
cpu_quota: no quota
cpu_period: 100000
cpu_shares: no shares
memory_limit_in_bytes: unlimited
memory_and_swap_limit_in_bytes: not supported
memory_soft_limit_in_bytes: unlimited
memory_usage_in_bytes: 12520964096
memory_max_usage_in_bytes: 13761695744

Steal ticks since vm start: 0
Steal ticks percentage since vm start:  0,000

CPU: total 8 (initial active 8) (4 cores per cpu, 2 threads per core) family 6 model 142 stepping 10 microcode 0xec, cx8, cmov, fxsr, ht, mmx, 3dnowpref, sse, sse2, sse3, ssse3, sse4.1, sse4.2, popcnt, lzcnt, tsc, tscinvbit, avx, avx2, aes, erms, clmul, bmi1, bmi2, adx, fma, vzeroupper, clflush, clflushopt
CPU Model and flags from /proc/cpuinfo:
model name	: Intel(R) Core(TM) i5-8250U CPU @ 1.60GHz
flags		: fpu vme de pse tsc msr pae mce cx8 apic sep mtrr pge mca cmov pat pse36 clflush dts acpi mmx fxsr sse sse2 ss ht tm pbe syscall nx pdpe1gb rdtscp lm constant_tsc art arch_perfmon pebs bts rep_good nopl xtopology nonstop_tsc cpuid aperfmperf pni pclmulqdq dtes64 monitor ds_cpl vmx est tm2 ssse3 sdbg fma cx16 xtpr pdcm pcid sse4_1 sse4_2 x2apic movbe popcnt tsc_deadline_timer aes xsave avx f16c rdrand lahf_lm abm 3dnowprefetch cpuid_fault epb invpcid_single pti ssbd ibrs ibpb stibp tpr_shadow vnmi flexpriority ept vpid ept_ad fsgsbase tsc_adjust bmi1 avx2 smep bmi2 erms invpcid mpx rdseed adx smap clflushopt intel_pt xsaveopt xsavec xgetbv1 xsaves dtherm ida arat pln pts hwp hwp_notify hwp_act_window hwp_epp md_clear flush_l1d arch_capabilities

Online cpus: 0-7
Offline cpus: 
BIOS frequency limitation: <Not Available>
Frequency switch latency (ns): 0
Available cpu frequencies: <Not Available>
Current governor: powersave
Core performance/turbo boost: <Not Available>

Memory: 4k page, physical 16287184k(757960k free), swap 711380k(518160k free)
Page Sizes: 4k

vm_info: OpenJDK 64-Bit Server VM (17.0.1+12) for linux-amd64 JRE (17.0.1+12), built on Oct 20 2021 12:00:24 by "" with gcc 7.5.0

END.
